<?xml version="1.0" encoding="UTF-8" ?>
<testsuite failures="0" time="3.496" errors="2" skipped="0" tests="2" name="NewsDaoTest">
  <properties>
    <property name="idea.version" value="14.1.2"/>
    <property name="java.runtime.name" value="Java(TM) SE Runtime Environment"/>
    <property name="sun.boot.library.path" value="C:\Program Files\Java\jdk1.7.0_79\jre\bin"/>
    <property name="java.vm.version" value="24.79-b02"/>
    <property name="java.vm.vendor" value="Oracle Corporation"/>
    <property name="java.vendor.url" value="http://java.oracle.com/"/>
    <property name="path.separator" value=";"/>
    <property name="guice.disable.misplaced.annotation.check" value="true"/>
    <property name="java.vm.name" value="Java HotSpot(TM) 64-Bit Server VM"/>
    <property name="file.encoding.pkg" value="sun.io"/>
    <property name="idea.launcher.port" value="7532"/>
    <property name="user.script" value=""/>
    <property name="user.country" value="RU"/>
    <property name="sun.java.launcher" value="SUN_STANDARD"/>
    <property name="sun.os.patch.level" value=""/>
    <property name="java.vm.specification.name" value="Java Virtual Machine Specification"/>
    <property name="user.dir" value="D:\JavaProjects\newspaperSpring"/>
    <property name="java.runtime.version" value="1.7.0_79-b15"/>
    <property name="java.awt.graphicsenv" value="sun.awt.Win32GraphicsEnvironment"/>
    <property name="java.endorsed.dirs" value="C:\Program Files\Java\jdk1.7.0_79\jre\lib\endorsed"/>
    <property name="os.arch" value="amd64"/>
    <property name="java.io.tmpdir" value="C:\Users\PRUDNI~1\AppData\Local\Temp\"/>
    <property name="line.separator" value="
"/>
    <property name="java.vm.specification.vendor" value="Oracle Corporation"/>
    <property name="user.variant" value=""/>
    <property name="os.name" value="Windows 7"/>
    <property name="classworlds.conf" value="C:\Program Files (x86)\JetBrains\IntelliJ IDEA 14.1.2\plugins\maven\lib\maven3\bin\m2.conf"/>
    <property name="sun.jnu.encoding" value="Cp1252"/>
    <property name="java.library.path" value="C:\Program Files\Java\jdk1.7.0_79\bin;C:\Windows\Sun\Java\bin;C:\Windows\system32;C:\Windows;C:\oraclexe\app\oracle\product\11.2.0\server\bin;C:\Program Files (x86)\Intel\iCLS Client\;C:\Program Files\Intel\iCLS Client\;C:\Windows\system32;C:\Windows;C:\Windows\System32\Wbem;C:\Windows\System32\WindowsPowerShell\v1.0\;C:\Program Files\Intel\Intel(R) Management Engine Components\DAL;C:\Program Files\Intel\Intel(R) Management Engine Components\IPT;C:\Program Files (x86)\Intel\Intel(R) Management Engine Components\DAL;C:\Program Files (x86)\Intel\Intel(R) Management Engine Components\IPT;C:\Program Files (x86)\Skype\Phone\;c:\Program Files\Java\jdk1.7.0_79\bin\;c:\Program Files\apache-maven-3.0.5\bin\;C:\Program Files (x86)\Git\cmd;."/>
    <property name="java.specification.name" value="Java Platform API Specification"/>
    <property name="java.class.version" value="51.0"/>
    <property name="sun.management.compiler" value="HotSpot 64-Bit Tiered Compilers"/>
    <property name="os.version" value="6.1"/>
    <property name="user.home" value="C:\Users\prudnikov"/>
    <property name="user.timezone" value="Europe/Minsk"/>
    <property name="java.awt.printerjob" value="sun.awt.windows.WPrinterJob"/>
    <property name="java.specification.version" value="1.7"/>
    <property name="idea.launcher.bin.path" value="C:\Program Files (x86)\JetBrains\IntelliJ IDEA 14.1.2\bin"/>
    <property name="file.encoding" value="windows-1252"/>
    <property name="user.name" value="prudnikov"/>
    <property name="java.class.path" value="C:\Program Files (x86)\JetBrains\IntelliJ IDEA 14.1.2\plugins\maven\lib\maven3\boot\plexus-classworlds-2.4.jar;C:\Program Files (x86)\JetBrains\IntelliJ IDEA 14.1.2\lib\idea_rt.jar"/>
    <property name="java.vm.specification.version" value="1.7"/>
    <property name="sun.arch.data.model" value="64"/>
    <property name="java.home" value="C:\Program Files\Java\jdk1.7.0_79\jre"/>
    <property name="sun.java.command" value="com.intellij.rt.execution.application.AppMain org.codehaus.classworlds.Launcher -Didea.version=14.1.2 install"/>
    <property name="java.specification.vendor" value="Oracle Corporation"/>
    <property name="user.language" value="ru"/>
    <property name="awt.toolkit" value="sun.awt.windows.WToolkit"/>
    <property name="java.vm.info" value="mixed mode"/>
    <property name="java.version" value="1.7.0_79"/>
    <property name="java.ext.dirs" value="C:\Program Files\Java\jdk1.7.0_79\jre\lib\ext;C:\Windows\Sun\Java\lib\ext"/>
    <property name="sun.boot.class.path" value="C:\Program Files\Java\jdk1.7.0_79\jre\lib\resources.jar;C:\Program Files\Java\jdk1.7.0_79\jre\lib\rt.jar;C:\Program Files\Java\jdk1.7.0_79\jre\lib\sunrsasign.jar;C:\Program Files\Java\jdk1.7.0_79\jre\lib\jsse.jar;C:\Program Files\Java\jdk1.7.0_79\jre\lib\jce.jar;C:\Program Files\Java\jdk1.7.0_79\jre\lib\charsets.jar;C:\Program Files\Java\jdk1.7.0_79\jre\lib\jfr.jar;C:\Program Files\Java\jdk1.7.0_79\jre\classes"/>
    <property name="java.vendor" value="Oracle Corporation"/>
    <property name="maven.home" value="C:\Program Files (x86)\JetBrains\IntelliJ IDEA 14.1.2\plugins\maven\lib\maven3"/>
    <property name="file.separator" value="\"/>
    <property name="java.vendor.url.bug" value="http://bugreport.sun.com/bugreport/"/>
    <property name="sun.cpu.endian" value="little"/>
    <property name="sun.io.unicode.encoding" value="UnicodeLittle"/>
    <property name="sun.desktop" value="windows"/>
    <property name="sun.cpu.isalist" value="amd64"/>
  </properties>
  <testcase time="0.112" classname="NewsDaoTest" name="saveOrUpdateAndGetNews">
    <error message="Could not open Hibernate Session for transaction; nested exception is org.hibernate.exception.GenericJDBCException: Could not open connection" type="org.springframework.transaction.CannotCreateTransactionException">org.springframework.transaction.CannotCreateTransactionException: Could not open Hibernate Session for transaction; nested exception is org.hibernate.exception.GenericJDBCException: Could not open connection
	at org.springframework.orm.hibernate4.HibernateTransactionManager.doBegin(HibernateTransactionManager.java:544)
	at org.springframework.transaction.support.AbstractPlatformTransactionManager.getTransaction(AbstractPlatformTransactionManager.java:373)
	at org.springframework.test.context.transaction.TransactionContext.startTransaction(TransactionContext.java:98)
	at org.springframework.test.context.transaction.TransactionalTestExecutionListener.beforeTestMethod(TransactionalTestExecutionListener.java:200)
	at org.springframework.test.context.TestContextManager.beforeTestMethod(TestContextManager.java:249)
	at org.springframework.test.context.junit4.statements.RunBeforeTestMethodCallbacks.evaluate(RunBeforeTestMethodCallbacks.java:72)
	at org.springframework.test.context.junit4.statements.RunAfterTestMethodCallbacks.evaluate(RunAfterTestMethodCallbacks.java:82)
	at org.springframework.test.context.junit4.statements.SpringRepeat.evaluate(SpringRepeat.java:73)
	at org.junit.runners.ParentRunner.runLeaf(ParentRunner.java:263)
	at org.springframework.test.context.junit4.SpringJUnit4ClassRunner.runChild(SpringJUnit4ClassRunner.java:224)
	at org.springframework.test.context.junit4.SpringJUnit4ClassRunner.runChild(SpringJUnit4ClassRunner.java:83)
	at org.junit.runners.ParentRunner$3.run(ParentRunner.java:231)
	at org.junit.runners.ParentRunner$1.schedule(ParentRunner.java:60)
	at org.junit.runners.ParentRunner.runChildren(ParentRunner.java:229)
	at org.junit.runners.ParentRunner.access$000(ParentRunner.java:50)
	at org.junit.runners.ParentRunner$2.evaluate(ParentRunner.java:222)
	at org.springframework.test.context.junit4.statements.RunBeforeTestClassCallbacks.evaluate(RunBeforeTestClassCallbacks.java:61)
	at org.springframework.test.context.junit4.statements.RunAfterTestClassCallbacks.evaluate(RunAfterTestClassCallbacks.java:68)
	at org.junit.runners.ParentRunner.run(ParentRunner.java:300)
	at org.springframework.test.context.junit4.SpringJUnit4ClassRunner.run(SpringJUnit4ClassRunner.java:163)
	at org.apache.maven.surefire.junit4.JUnit4TestSet.execute(JUnit4TestSet.java:53)
	at org.apache.maven.surefire.junit4.JUnit4Provider.executeTestSet(JUnit4Provider.java:123)
	at org.apache.maven.surefire.junit4.JUnit4Provider.invoke(JUnit4Provider.java:104)
	at sun.reflect.NativeMethodAccessorImpl.invoke0(Native Method)
	at sun.reflect.NativeMethodAccessorImpl.invoke(NativeMethodAccessorImpl.java:57)
	at sun.reflect.DelegatingMethodAccessorImpl.invoke(DelegatingMethodAccessorImpl.java:43)
	at java.lang.reflect.Method.invoke(Method.java:606)
	at org.apache.maven.surefire.util.ReflectionUtils.invokeMethodWithArray(ReflectionUtils.java:164)
	at org.apache.maven.surefire.booter.ProviderFactory$ProviderProxy.invoke(ProviderFactory.java:110)
	at org.apache.maven.surefire.booter.SurefireStarter.invokeProvider(SurefireStarter.java:175)
	at org.apache.maven.surefire.booter.SurefireStarter.runSuitesInProcessWhenForked(SurefireStarter.java:107)
	at org.apache.maven.surefire.booter.ForkedBooter.main(ForkedBooter.java:68)
Caused by: org.hibernate.exception.GenericJDBCException: Could not open connection
	at org.hibernate.exception.internal.StandardSQLExceptionConverter.convert(StandardSQLExceptionConverter.java:54)
	at org.hibernate.engine.jdbc.spi.SqlExceptionHelper.convert(SqlExceptionHelper.java:126)
	at org.hibernate.engine.jdbc.spi.SqlExceptionHelper.convert(SqlExceptionHelper.java:112)
	at org.hibernate.engine.jdbc.internal.LogicalConnectionImpl.obtainConnection(LogicalConnectionImpl.java:235)
	at org.hibernate.engine.jdbc.internal.LogicalConnectionImpl.getConnection(LogicalConnectionImpl.java:171)
	at org.hibernate.internal.SessionImpl.connection(SessionImpl.java:450)
	at org.springframework.orm.hibernate4.HibernateTransactionManager.doBegin(HibernateTransactionManager.java:450)
	... 31 more
Caused by: org.apache.commons.dbcp.SQLNestedException: Cannot create PoolableConnectionFactory (Unknown database &apos;newspaperhibtest&apos;)
	at org.apache.commons.dbcp.BasicDataSource.createPoolableConnectionFactory(BasicDataSource.java:1549)
	at org.apache.commons.dbcp.BasicDataSource.createDataSource(BasicDataSource.java:1388)
	at org.apache.commons.dbcp.BasicDataSource.getConnection(BasicDataSource.java:1044)
	at org.hibernate.engine.jdbc.connections.internal.DatasourceConnectionProviderImpl.getConnection(DatasourceConnectionProviderImpl.java:139)
	at org.hibernate.internal.AbstractSessionImpl$NonContextualJdbcConnectionAccess.obtainConnection(AbstractSessionImpl.java:380)
	at org.hibernate.engine.jdbc.internal.LogicalConnectionImpl.obtainConnection(LogicalConnectionImpl.java:228)
	... 34 more
Caused by: com.mysql.jdbc.exceptions.jdbc4.MySQLSyntaxErrorException: Unknown database &apos;newspaperhibtest&apos;
	at sun.reflect.NativeConstructorAccessorImpl.newInstance0(Native Method)
	at sun.reflect.NativeConstructorAccessorImpl.newInstance(NativeConstructorAccessorImpl.java:57)
	at sun.reflect.DelegatingConstructorAccessorImpl.newInstance(DelegatingConstructorAccessorImpl.java:45)
	at java.lang.reflect.Constructor.newInstance(Constructor.java:526)
	at com.mysql.jdbc.Util.handleNewInstance(Util.java:389)
	at com.mysql.jdbc.Util.getInstance(Util.java:372)
	at com.mysql.jdbc.SQLError.createSQLException(SQLError.java:980)
	at com.mysql.jdbc.MysqlIO.checkErrorPacket(MysqlIO.java:3835)
	at com.mysql.jdbc.MysqlIO.checkErrorPacket(MysqlIO.java:3771)
	at com.mysql.jdbc.MysqlIO.checkErrorPacket(MysqlIO.java:870)
	at com.mysql.jdbc.MysqlIO.proceedHandshakeWithPluggableAuthentication(MysqlIO.java:1659)
	at com.mysql.jdbc.MysqlIO.doHandshake(MysqlIO.java:1206)
	at com.mysql.jdbc.ConnectionImpl.coreConnect(ConnectionImpl.java:2239)
	at com.mysql.jdbc.ConnectionImpl.connectOneTryOnly(ConnectionImpl.java:2270)
	at com.mysql.jdbc.ConnectionImpl.createNewIO(ConnectionImpl.java:2069)
	at com.mysql.jdbc.ConnectionImpl.&lt;init&gt;(ConnectionImpl.java:794)
	at com.mysql.jdbc.JDBC4Connection.&lt;init&gt;(JDBC4Connection.java:44)
	at sun.reflect.NativeConstructorAccessorImpl.newInstance0(Native Method)
	at sun.reflect.NativeConstructorAccessorImpl.newInstance(NativeConstructorAccessorImpl.java:57)
	at sun.reflect.DelegatingConstructorAccessorImpl.newInstance(DelegatingConstructorAccessorImpl.java:45)
	at java.lang.reflect.Constructor.newInstance(Constructor.java:526)
	at com.mysql.jdbc.Util.handleNewInstance(Util.java:389)
	at com.mysql.jdbc.ConnectionImpl.getInstance(ConnectionImpl.java:399)
	at com.mysql.jdbc.NonRegisteringDriver.connect(NonRegisteringDriver.java:325)
	at org.apache.commons.dbcp.DriverConnectionFactory.createConnection(DriverConnectionFactory.java:38)
	at org.apache.commons.dbcp.PoolableConnectionFactory.makeObject(PoolableConnectionFactory.java:582)
	at org.apache.commons.dbcp.BasicDataSource.validateConnectionFactory(BasicDataSource.java:1556)
	at org.apache.commons.dbcp.BasicDataSource.createPoolableConnectionFactory(BasicDataSource.java:1545)
	... 39 more
</error>
    <system-err>org.springframework.test.context.junit4.SpringJUnit4ClassRunner 2015-06-20 15:55:04,058 DEBUG - SpringJUnit4ClassRunner constructor called with [class NewsDaoTest].
org.springframework.test.context.BootstrapUtils 2015-06-20 15:55:04,089 DEBUG - Instantiating TestContextBootstrapper from class [org.springframework.test.context.support.DefaultTestContextBootstrapper]
org.springframework.test.context.support.ContextLoaderUtils 2015-06-20 15:55:04,107 TRACE - Retrieved @ContextConfiguration attributes [{name=, value=[/entities-hib-test.xml], classes=[], loader=interface org.springframework.test.context.ContextLoader, locations=[], initializers=[], inheritLocations=true, inheritInitializers=true}] for declaring class [NewsDaoTest].
org.springframework.test.context.support.ContextLoaderUtils 2015-06-20 15:55:04,112 TRACE - Resolved context configuration attributes: [ContextConfigurationAttributes@5562fb33 declaringClass = &apos;NewsDaoTest&apos;, classes = &apos;{}&apos;, locations = &apos;{/entities-hib-test.xml}&apos;, inheritLocations = true, initializers = &apos;{}&apos;, inheritInitializers = true, name = [null], contextLoaderClass = &apos;org.springframework.test.context.ContextLoader&apos;]
org.springframework.test.context.support.AbstractTestContextBootstrapper 2015-06-20 15:55:04,114 TRACE - Resolving ContextLoader for context configuration attributes [ContextConfigurationAttributes@5562fb33 declaringClass = &apos;NewsDaoTest&apos;, classes = &apos;{}&apos;, locations = &apos;{/entities-hib-test.xml}&apos;, inheritLocations = true, initializers = &apos;{}&apos;, inheritInitializers = true, name = [null], contextLoaderClass = &apos;org.springframework.test.context.ContextLoader&apos;]
org.springframework.test.context.support.AbstractTestContextBootstrapper 2015-06-20 15:55:04,116 TRACE - Using ContextLoader class [org.springframework.test.context.support.DelegatingSmartContextLoader] for test class [NewsDaoTest]
org.springframework.test.context.support.AbstractTestContextBootstrapper 2015-06-20 15:55:04,126 TRACE - Processing locations and classes for context configuration attributes [ContextConfigurationAttributes@5562fb33 declaringClass = &apos;NewsDaoTest&apos;, classes = &apos;{}&apos;, locations = &apos;{/entities-hib-test.xml}&apos;, inheritLocations = true, initializers = &apos;{}&apos;, inheritInitializers = true, name = [null], contextLoaderClass = &apos;org.springframework.test.context.ContextLoader&apos;]
org.springframework.test.context.support.AbstractDelegatingSmartContextLoader 2015-06-20 15:55:04,127 DEBUG - Delegating to GenericXmlContextLoader to process context configuration [ContextConfigurationAttributes@5562fb33 declaringClass = &apos;NewsDaoTest&apos;, classes = &apos;{}&apos;, locations = &apos;{/entities-hib-test.xml}&apos;, inheritLocations = true, initializers = &apos;{}&apos;, inheritInitializers = true, name = [null], contextLoaderClass = &apos;org.springframework.test.context.ContextLoader&apos;].
org.springframework.test.context.support.ApplicationContextInitializerUtils 2015-06-20 15:55:04,128 TRACE - Processing context initializers for context configuration attributes [ContextConfigurationAttributes@5562fb33 declaringClass = &apos;NewsDaoTest&apos;, classes = &apos;{}&apos;, locations = &apos;{classpath:/entities-hib-test.xml}&apos;, inheritLocations = true, initializers = &apos;{}&apos;, inheritInitializers = true, name = [null], contextLoaderClass = &apos;org.springframework.test.context.ContextLoader&apos;]
org.springframework.test.context.support.ActiveProfilesUtils 2015-06-20 15:55:04,130 DEBUG - Could not find an &apos;annotation declaring class&apos; for annotation type [org.springframework.test.context.ActiveProfiles] and class [NewsDaoTest]
org.springframework.test.context.support.AbstractTestContextBootstrapper 2015-06-20 15:55:04,138 DEBUG - @TestExecutionListeners is not present for class [NewsDaoTest]: using defaults.
org.springframework.test.context.support.AbstractTestContextBootstrapper 2015-06-20 15:55:04,146 INFO  - Loaded default TestExecutionListener class names from location [META-INF/spring.factories]: [org.springframework.test.context.web.ServletTestExecutionListener, org.springframework.test.context.support.DependencyInjectionTestExecutionListener, org.springframework.test.context.support.DirtiesContextTestExecutionListener, org.springframework.test.context.transaction.TransactionalTestExecutionListener, org.springframework.test.context.jdbc.SqlScriptsTestExecutionListener]
org.springframework.test.context.support.AbstractTestContextBootstrapper 2015-06-20 15:55:04,207 INFO  - Using TestExecutionListeners: [org.springframework.test.context.web.ServletTestExecutionListener@29d0eefb, org.springframework.test.context.support.DependencyInjectionTestExecutionListener@53f9b62f, org.springframework.test.context.support.DirtiesContextTestExecutionListener@2f27f2bb, org.springframework.test.context.transaction.TransactionalTestExecutionListener@67b0eb2c, org.springframework.test.context.jdbc.SqlScriptsTestExecutionListener@101fcae3]
org.springframework.test.context.TestContextManager 2015-06-20 15:55:04,208 TRACE - Registering TestExecutionListener: org.springframework.test.context.web.ServletTestExecutionListener@29d0eefb
org.springframework.test.context.TestContextManager 2015-06-20 15:55:04,208 TRACE - Registering TestExecutionListener: org.springframework.test.context.support.DependencyInjectionTestExecutionListener@53f9b62f
org.springframework.test.context.TestContextManager 2015-06-20 15:55:04,208 TRACE - Registering TestExecutionListener: org.springframework.test.context.support.DirtiesContextTestExecutionListener@2f27f2bb
org.springframework.test.context.TestContextManager 2015-06-20 15:55:04,210 TRACE - Registering TestExecutionListener: org.springframework.test.context.transaction.TransactionalTestExecutionListener@67b0eb2c
org.springframework.test.context.TestContextManager 2015-06-20 15:55:04,210 TRACE - Registering TestExecutionListener: org.springframework.test.context.jdbc.SqlScriptsTestExecutionListener@101fcae3
org.springframework.test.annotation.ProfileValueUtils 2015-06-20 15:55:04,212 DEBUG - Retrieved @ProfileValueSourceConfiguration [null] for test class [NewsDaoTest]
org.springframework.test.annotation.ProfileValueUtils 2015-06-20 15:55:04,213 DEBUG - Retrieved ProfileValueSource type [class org.springframework.test.annotation.SystemProfileValueSource] for class [NewsDaoTest]
org.springframework.test.annotation.ProfileValueUtils 2015-06-20 15:55:04,213 DEBUG - Retrieved @ProfileValueSourceConfiguration [null] for test class [NewsDaoTest]
org.springframework.test.annotation.ProfileValueUtils 2015-06-20 15:55:04,214 DEBUG - Retrieved ProfileValueSource type [class org.springframework.test.annotation.SystemProfileValueSource] for class [NewsDaoTest]
org.springframework.test.context.TestContextManager 2015-06-20 15:55:04,216 TRACE - beforeTestClass(): class [NewsDaoTest]
org.springframework.test.annotation.ProfileValueUtils 2015-06-20 15:55:04,217 DEBUG - Retrieved @ProfileValueSourceConfiguration [null] for test class [NewsDaoTest]
org.springframework.test.annotation.ProfileValueUtils 2015-06-20 15:55:04,217 DEBUG - Retrieved ProfileValueSource type [class org.springframework.test.annotation.SystemProfileValueSource] for class [NewsDaoTest]
org.springframework.test.context.TestContextManager 2015-06-20 15:55:04,219 TRACE - prepareTestInstance(): instance [NewsDaoTest@6d0e6c33]
org.springframework.test.context.support.DependencyInjectionTestExecutionListener 2015-06-20 15:55:04,220 DEBUG - Performing dependency injection for test context [[DefaultTestContext@584ffe5e testClass = NewsDaoTest, testInstance = NewsDaoTest@6d0e6c33, testMethod = [null], testException = [null], mergedContextConfiguration = [MergedContextConfiguration@6bc4fa9d testClass = NewsDaoTest, locations = &apos;{classpath:/entities-hib-test.xml}&apos;, classes = &apos;{}&apos;, contextInitializerClasses = &apos;[]&apos;, activeProfiles = &apos;{}&apos;, propertySourceLocations = &apos;{}&apos;, propertySourceProperties = &apos;{}&apos;, contextLoader = &apos;org.springframework.test.context.support.DelegatingSmartContextLoader&apos;, parent = [null]]]].
org.springframework.test.context.support.AbstractDelegatingSmartContextLoader 2015-06-20 15:55:04,221 DEBUG - Delegating to GenericXmlContextLoader to load context from [MergedContextConfiguration@6bc4fa9d testClass = NewsDaoTest, locations = &apos;{classpath:/entities-hib-test.xml}&apos;, classes = &apos;{}&apos;, contextInitializerClasses = &apos;[]&apos;, activeProfiles = &apos;{}&apos;, propertySourceLocations = &apos;{}&apos;, propertySourceProperties = &apos;{}&apos;, contextLoader = &apos;org.springframework.test.context.support.DelegatingSmartContextLoader&apos;, parent = [null]].
org.springframework.test.context.support.AbstractGenericContextLoader 2015-06-20 15:55:04,221 DEBUG - Loading ApplicationContext for merged context configuration [[MergedContextConfiguration@6bc4fa9d testClass = NewsDaoTest, locations = &apos;{classpath:/entities-hib-test.xml}&apos;, classes = &apos;{}&apos;, contextInitializerClasses = &apos;[]&apos;, activeProfiles = &apos;{}&apos;, propertySourceLocations = &apos;{}&apos;, propertySourceProperties = &apos;{}&apos;, contextLoader = &apos;org.springframework.test.context.support.DelegatingSmartContextLoader&apos;, parent = [null]]].
org.springframework.core.env.MutablePropertySources 2015-06-20 15:55:04,318 DEBUG - Adding [systemProperties] PropertySource with lowest search precedence
org.springframework.core.env.MutablePropertySources 2015-06-20 15:55:04,321 DEBUG - Adding [systemEnvironment] PropertySource with lowest search precedence
org.springframework.core.env.AbstractEnvironment 2015-06-20 15:55:04,321 DEBUG - Initialized StandardEnvironment with PropertySources [systemProperties,systemEnvironment]
org.springframework.beans.factory.xml.XmlBeanDefinitionReader 2015-06-20 15:55:04,333 INFO  - Loading XML bean definitions from class path resource [entities-hib-test.xml]
org.springframework.beans.factory.xml.DefaultDocumentLoader 2015-06-20 15:55:04,352 DEBUG - Using JAXP provider [com.sun.org.apache.xerces.internal.jaxp.DocumentBuilderFactoryImpl]
org.springframework.beans.factory.xml.PluggableSchemaResolver 2015-06-20 15:55:04,390 TRACE - Trying to resolve XML entity with public id [null] and system id [http://www.springframework.org/schema/beans/spring-beans-3.0.xsd]
org.springframework.beans.factory.xml.PluggableSchemaResolver 2015-06-20 15:55:04,392 DEBUG - Loading schema mappings from [META-INF/spring.schemas]
org.springframework.beans.factory.xml.PluggableSchemaResolver 2015-06-20 15:55:04,397 DEBUG - Loaded schema mappings: {http://www.springframework.org/schema/tx/spring-tx-2.5.xsd=org/springframework/transaction/config/spring-tx-2.5.xsd, http://www.springframework.org/schema/aop/spring-aop-4.1.xsd=org/springframework/aop/config/spring-aop-4.1.xsd, http://www.springframework.org/schema/context/spring-context-3.1.xsd=org/springframework/context/config/spring-context-3.1.xsd, http://www.springframework.org/schema/jdbc/spring-jdbc-4.1.xsd=org/springframework/jdbc/config/spring-jdbc-4.1.xsd, http://www.springframework.org/schema/util/spring-util-3.0.xsd=org/springframework/beans/factory/xml/spring-util-3.0.xsd, http://www.springframework.org/schema/mvc/spring-mvc-4.1.xsd=org/springframework/web/servlet/config/spring-mvc-4.1.xsd, http://www.springframework.org/schema/security/spring-security-3.0.3.xsd=org/springframework/security/config/spring-security-3.0.3.xsd, http://www.springframework.org/schema/security/spring-security-2.0.1.xsd=org/springframework/security/config/spring-security-2.0.1.xsd, http://www.springframework.org/schema/aop/spring-aop-3.2.xsd=org/springframework/aop/config/spring-aop-3.2.xsd, http://www.springframework.org/schema/tool/spring-tool.xsd=org/springframework/beans/factory/xml/spring-tool-4.1.xsd, http://www.springframework.org/schema/lang/spring-lang-4.1.xsd=org/springframework/scripting/config/spring-lang-4.1.xsd, http://www.springframework.org/schema/context/spring-context-4.0.xsd=org/springframework/context/config/spring-context-4.0.xsd, http://www.springframework.org/schema/mvc/spring-mvc-3.2.xsd=org/springframework/web/servlet/config/spring-mvc-3.2.xsd, http://www.springframework.org/schema/tool/spring-tool-4.1.xsd=org/springframework/beans/factory/xml/spring-tool-4.1.xsd, http://www.springframework.org/schema/lang/spring-lang-3.2.xsd=org/springframework/scripting/config/spring-lang-3.2.xsd, http://www.springframework.org/schema/cache/spring-cache-3.2.xsd=org/springframework/cache/config/spring-cache-3.2.xsd, http://www.springframework.org/schema/jee/spring-jee-4.1.xsd=org/springframework/ejb/config/spring-jee-4.1.xsd, http://www.springframework.org/schema/jdbc/spring-jdbc-3.1.xsd=org/springframework/jdbc/config/spring-jdbc-3.1.xsd, http://www.springframework.org/schema/util/spring-util-2.0.xsd=org/springframework/beans/factory/xml/spring-util-2.0.xsd, http://www.springframework.org/schema/tool/spring-tool-3.2.xsd=org/springframework/beans/factory/xml/spring-tool-3.2.xsd, http://www.springframework.org/schema/context/spring-context.xsd=org/springframework/context/config/spring-context-4.1.xsd, http://www.springframework.org/schema/cache/spring-cache-4.1.xsd=org/springframework/cache/config/spring-cache-4.1.xsd, http://www.springframework.org/schema/aop/spring-aop-4.0.xsd=org/springframework/aop/config/spring-aop-4.0.xsd, http://www.springframework.org/schema/security/spring-security-2.0.xsd=org/springframework/security/config/spring-security-2.0.xsd, http://www.springframework.org/schema/jee/spring-jee-3.2.xsd=org/springframework/ejb/config/spring-jee-3.2.xsd, http://www.springframework.org/schema/context/spring-context-3.0.xsd=org/springframework/context/config/spring-context-3.0.xsd, http://www.springframework.org/schema/jdbc/spring-jdbc-4.0.xsd=org/springframework/jdbc/config/spring-jdbc-4.0.xsd, http://www.springframework.org/schema/util/spring-util-2.5.xsd=org/springframework/beans/factory/xml/spring-util-2.5.xsd, http://www.springframework.org/schema/mvc/spring-mvc-4.0.xsd=org/springframework/web/servlet/config/spring-mvc-4.0.xsd, http://www.springframework.org/schema/beans/spring-beans-3.2.xsd=org/springframework/beans/factory/xml/spring-beans-3.2.xsd, http://www.springframework.org/schema/aop/spring-aop-3.1.xsd=org/springframework/aop/config/spring-aop-3.1.xsd, http://www.springframework.org/schema/lang/spring-lang-4.0.xsd=org/springframework/scripting/config/spring-lang-4.0.xsd, http://www.springframework.org/schema/mvc/spring-mvc.xsd=org/springframework/web/servlet/config/spring-mvc-4.1.xsd, http://www.springframework.org/schema/mvc/spring-mvc-3.1.xsd=org/springframework/web/servlet/config/spring-mvc-3.1.xsd, http://www.springframework.org/schema/beans/spring-beans-4.1.xsd=org/springframework/beans/factory/xml/spring-beans-4.1.xsd, http://www.springframework.org/schema/tool/spring-tool-4.0.xsd=org/springframework/beans/factory/xml/spring-tool-4.0.xsd, http://www.springframework.org/schema/tx/spring-tx-3.2.xsd=org/springframework/transaction/config/spring-tx-3.2.xsd, http://www.springframework.org/schema/lang/spring-lang-3.1.xsd=org/springframework/scripting/config/spring-lang-3.1.xsd, http://www.springframework.org/schema/cache/spring-cache-3.1.xsd=org/springframework/cache/config/spring-cache-3.1.xsd, http://www.springframework.org/schema/jee/spring-jee-4.0.xsd=org/springframework/ejb/config/spring-jee-4.0.xsd, http://www.springframework.org/schema/jdbc/spring-jdbc-3.0.xsd=org/springframework/jdbc/config/spring-jdbc-3.0.xsd, http://www.springframework.org/schema/task/spring-task-4.1.xsd=org/springframework/scheduling/config/spring-task-4.1.xsd, http://www.springframework.org/schema/jdbc/spring-jdbc.xsd=org/springframework/jdbc/config/spring-jdbc-4.1.xsd, http://www.springframework.org/schema/tool/spring-tool-3.1.xsd=org/springframework/beans/factory/xml/spring-tool-3.1.xsd, http://www.springframework.org/schema/tx/spring-tx-4.1.xsd=org/springframework/transaction/config/spring-tx-4.1.xsd, http://www.springframework.org/schema/cache/spring-cache-4.0.xsd=org/springframework/cache/config/spring-cache-4.0.xsd, http://www.springframework.org/schema/jee/spring-jee-3.1.xsd=org/springframework/ejb/config/spring-jee-3.1.xsd, http://www.springframework.org/schema/task/spring-task-3.2.xsd=org/springframework/scheduling/config/spring-task-3.2.xsd, http://www.springframework.org/schema/beans/spring-beans-3.1.xsd=org/springframework/beans/factory/xml/spring-beans-3.1.xsd, http://www.springframework.org/schema/util/spring-util.xsd=org/springframework/beans/factory/xml/spring-util-4.1.xsd, http://www.springframework.org/schema/aop/spring-aop-3.0.xsd=org/springframework/aop/config/spring-aop-3.0.xsd, http://www.springframework.org/schema/mvc/spring-mvc-3.0.xsd=org/springframework/web/servlet/config/spring-mvc-3.0.xsd, http://www.springframework.org/schema/beans/spring-beans-4.0.xsd=org/springframework/beans/factory/xml/spring-beans-4.0.xsd, http://www.springframework.org/schema/beans/spring-beans.xsd=org/springframework/beans/factory/xml/spring-beans-4.1.xsd, http://www.springframework.org/schema/security/spring-security-2.0.4.xsd=org/springframework/security/config/spring-security-2.0.4.xsd, http://www.springframework.org/schema/tx/spring-tx-3.1.xsd=org/springframework/transaction/config/spring-tx-3.1.xsd, http://www.springframework.org/schema/lang/spring-lang-3.0.xsd=org/springframework/scripting/config/spring-lang-3.0.xsd, http://www.springframework.org/schema/context/spring-context-2.5.xsd=org/springframework/context/config/spring-context-2.5.xsd, http://www.springframework.org/schema/task/spring-task-4.0.xsd=org/springframework/scheduling/config/spring-task-4.0.xsd, http://www.springframework.org/schema/tool/spring-tool-3.0.xsd=org/springframework/beans/factory/xml/spring-tool-3.0.xsd, http://www.springframework.org/schema/tx/spring-tx-4.0.xsd=org/springframework/transaction/config/spring-tx-4.0.xsd, http://www.springframework.org/schema/aop/spring-aop-2.0.xsd=org/springframework/aop/config/spring-aop-2.0.xsd, http://www.springframework.org/schema/security/spring-security-3.2.xsd=org/springframework/security/config/spring-security-3.2.xsd, http://www.springframework.org/schema/jee/spring-jee-3.0.xsd=org/springframework/ejb/config/spring-jee-3.0.xsd, http://www.springframework.org/schema/util/spring-util-4.1.xsd=org/springframework/beans/factory/xml/spring-util-4.1.xsd, http://www.springframework.org/schema/task/spring-task-3.1.xsd=org/springframework/scheduling/config/spring-task-3.1.xsd, http://www.springframework.org/schema/beans/spring-beans-3.0.xsd=org/springframework/beans/factory/xml/spring-beans-3.0.xsd, http://www.springframework.org/schema/jee/spring-jee.xsd=org/springframework/ejb/config/spring-jee-4.1.xsd, http://www.springframework.org/schema/aop/spring-aop-2.5.xsd=org/springframework/aop/config/spring-aop-2.5.xsd, http://www.springframework.org/schema/lang/spring-lang-2.0.xsd=org/springframework/scripting/config/spring-lang-2.0.xsd, http://www.springframework.org/schema/util/spring-util-3.2.xsd=org/springframework/beans/factory/xml/spring-util-3.2.xsd, http://www.springframework.org/schema/task/spring-task.xsd=org/springframework/scheduling/config/spring-task-4.1.xsd, http://www.springframework.org/schema/tool/spring-tool-2.0.xsd=org/springframework/beans/factory/xml/spring-tool-2.0.xsd, http://www.springframework.org/schema/tx/spring-tx-3.0.xsd=org/springframework/transaction/config/spring-tx-3.0.xsd, http://www.springframework.org/schema/lang/spring-lang-2.5.xsd=org/springframework/scripting/config/spring-lang-2.5.xsd, http://www.springframework.org/schema/jee/spring-jee-2.0.xsd=org/springframework/ejb/config/spring-jee-2.0.xsd, http://www.springframework.org/schema/tool/spring-tool-2.5.xsd=org/springframework/beans/factory/xml/spring-tool-2.5.xsd, http://www.springframework.org/schema/security/spring-security-3.1.xsd=org/springframework/security/config/spring-security-3.1.xsd, http://www.springframework.org/schema/jee/spring-jee-2.5.xsd=org/springframework/ejb/config/spring-jee-2.5.xsd, http://www.springframework.org/schema/util/spring-util-4.0.xsd=org/springframework/beans/factory/xml/spring-util-4.0.xsd, http://www.springframework.org/schema/task/spring-task-3.0.xsd=org/springframework/scheduling/config/spring-task-3.0.xsd, http://www.springframework.org/schema/lang/spring-lang.xsd=org/springframework/scripting/config/spring-lang-4.1.xsd, http://www.springframework.org/schema/context/spring-context-3.2.xsd=org/springframework/context/config/spring-context-3.2.xsd, http://www.springframework.org/schema/util/spring-util-3.1.xsd=org/springframework/beans/factory/xml/spring-util-3.1.xsd, http://www.springframework.org/schema/beans/spring-beans-2.0.xsd=org/springframework/beans/factory/xml/spring-beans-2.0.xsd, http://www.springframework.org/schema/cache/spring-cache.xsd=org/springframework/cache/config/spring-cache-4.1.xsd, http://www.springframework.org/schema/tx/spring-tx.xsd=org/springframework/transaction/config/spring-tx-4.1.xsd, http://www.springframework.org/schema/security/spring-security-2.0.2.xsd=org/springframework/security/config/spring-security-2.0.2.xsd, http://www.springframework.org/schema/context/spring-context-4.1.xsd=org/springframework/context/config/spring-context-4.1.xsd, http://www.springframework.org/schema/beans/spring-beans-2.5.xsd=org/springframework/beans/factory/xml/spring-beans-2.5.xsd, http://www.springframework.org/schema/security/spring-security.xsd=org/springframework/security/config/spring-security-3.2.xsd, http://www.springframework.org/schema/tx/spring-tx-2.0.xsd=org/springframework/transaction/config/spring-tx-2.0.xsd, http://www.springframework.org/schema/security/spring-security-3.0.xsd=org/springframework/security/config/spring-security-3.0.xsd, http://www.springframework.org/schema/jdbc/spring-jdbc-3.2.xsd=org/springframework/jdbc/config/spring-jdbc-3.2.xsd, http://www.springframework.org/schema/aop/spring-aop.xsd=org/springframework/aop/config/spring-aop-4.1.xsd}
org.springframework.beans.factory.xml.PluggableSchemaResolver 2015-06-20 15:55:04,416 DEBUG - Found XML schema [http://www.springframework.org/schema/beans/spring-beans-3.0.xsd] in classpath: org/springframework/beans/factory/xml/spring-beans-3.0.xsd
org.springframework.beans.factory.xml.PluggableSchemaResolver 2015-06-20 15:55:04,488 TRACE - Trying to resolve XML entity with public id [null] and system id [http://www.springframework.org/schema/context/spring-context-3.0.xsd]
org.springframework.beans.factory.xml.PluggableSchemaResolver 2015-06-20 15:55:04,489 DEBUG - Found XML schema [http://www.springframework.org/schema/context/spring-context-3.0.xsd] in classpath: org/springframework/context/config/spring-context-3.0.xsd
org.springframework.beans.factory.xml.PluggableSchemaResolver 2015-06-20 15:55:04,500 TRACE - Trying to resolve XML entity with public id [null] and system id [http://www.springframework.org/schema/tool/spring-tool-3.0.xsd]
org.springframework.beans.factory.xml.PluggableSchemaResolver 2015-06-20 15:55:04,502 DEBUG - Found XML schema [http://www.springframework.org/schema/tool/spring-tool-3.0.xsd] in classpath: org/springframework/beans/factory/xml/spring-tool-3.0.xsd
org.springframework.beans.factory.xml.PluggableSchemaResolver 2015-06-20 15:55:04,513 TRACE - Trying to resolve XML entity with public id [null] and system id [http://www.springframework.org/schema/tx/spring-tx.xsd]
org.springframework.beans.factory.xml.PluggableSchemaResolver 2015-06-20 15:55:04,514 DEBUG - Found XML schema [http://www.springframework.org/schema/tx/spring-tx.xsd] in classpath: org/springframework/transaction/config/spring-tx-4.1.xsd
org.springframework.beans.factory.xml.DefaultBeanDefinitionDocumentReader 2015-06-20 15:55:04,522 DEBUG - Loading bean definitions
org.springframework.beans.factory.xml.DefaultNamespaceHandlerResolver 2015-06-20 15:55:04,533 DEBUG - Loaded NamespaceHandler mappings: {http://www.springframework.org/schema/p=org.springframework.beans.factory.xml.SimplePropertyNamespaceHandler, http://www.springframework.org/schema/mvc=org.springframework.web.servlet.config.MvcNamespaceHandler, http://www.springframework.org/schema/util=org.springframework.beans.factory.xml.UtilNamespaceHandler, http://www.springframework.org/schema/jee=org.springframework.ejb.config.JeeNamespaceHandler, http://www.springframework.org/schema/aop=org.springframework.aop.config.AopNamespaceHandler, http://www.springframework.org/schema/jdbc=org.springframework.jdbc.config.JdbcNamespaceHandler, http://www.springframework.org/schema/cache=org.springframework.cache.config.CacheNamespaceHandler, http://www.springframework.org/schema/c=org.springframework.beans.factory.xml.SimpleConstructorNamespaceHandler, http://www.springframework.org/schema/security=org.springframework.security.config.SecurityNamespaceHandler, http://www.springframework.org/schema/tx=org.springframework.transaction.config.TxNamespaceHandler, http://www.springframework.org/schema/task=org.springframework.scheduling.config.TaskNamespaceHandler, http://www.springframework.org/schema/lang=org.springframework.scripting.config.LangNamespaceHandler, http://www.springframework.org/schema/context=org.springframework.context.config.ContextNamespaceHandler}
org.springframework.beans.factory.support.AbstractBeanDefinitionReader 2015-06-20 15:55:04,579 DEBUG - Loaded 13 bean definitions from location pattern [classpath:/entities-hib-test.xml]
org.springframework.context.support.AbstractApplicationContext 2015-06-20 15:55:04,582 INFO  - Refreshing org.springframework.context.support.GenericApplicationContext@130ce7fb: startup date [Sat Jun 20 15:55:04 MSK 2015]; root of context hierarchy
org.springframework.context.support.AbstractApplicationContext 2015-06-20 15:55:04,582 DEBUG - Bean factory for org.springframework.context.support.GenericApplicationContext@130ce7fb: org.springframework.beans.factory.support.DefaultListableBeanFactory@b20dae: defining beans [org.springframework.context.annotation.internalConfigurationAnnotationProcessor,org.springframework.context.annotation.internalAutowiredAnnotationProcessor,org.springframework.context.annotation.internalRequiredAnnotationProcessor,org.springframework.context.annotation.internalCommonAnnotationProcessor,org.springframework.context.annotation.internalPersistenceAnnotationProcessor,dataSource,sessionFactory,newsDao,transactionManager,org.springframework.aop.config.internalAutoProxyCreator,org.springframework.transaction.annotation.AnnotationTransactionAttributeSource#0,org.springframework.transaction.interceptor.TransactionInterceptor#0,org.springframework.transaction.config.internalTransactionAdvisor]; root of factory hierarchy
org.springframework.beans.factory.support.DefaultSingletonBeanRegistry 2015-06-20 15:55:04,601 DEBUG - Creating shared instance of singleton bean &apos;org.springframework.context.annotation.internalConfigurationAnnotationProcessor&apos;
org.springframework.beans.factory.support.AbstractAutowireCapableBeanFactory 2015-06-20 15:55:04,602 DEBUG - Creating instance of bean &apos;org.springframework.context.annotation.internalConfigurationAnnotationProcessor&apos;
org.springframework.beans.factory.support.AbstractAutowireCapableBeanFactory 2015-06-20 15:55:04,621 DEBUG - Eagerly caching bean &apos;org.springframework.context.annotation.internalConfigurationAnnotationProcessor&apos; to allow for resolving potential circular references
org.springframework.beans.factory.support.AbstractAutowireCapableBeanFactory 2015-06-20 15:55:04,624 DEBUG - Finished creating instance of bean &apos;org.springframework.context.annotation.internalConfigurationAnnotationProcessor&apos;
org.springframework.beans.factory.support.DefaultSingletonBeanRegistry 2015-06-20 15:55:04,711 DEBUG - Creating shared instance of singleton bean &apos;org.springframework.context.annotation.internalAutowiredAnnotationProcessor&apos;
org.springframework.beans.factory.support.AbstractAutowireCapableBeanFactory 2015-06-20 15:55:04,712 DEBUG - Creating instance of bean &apos;org.springframework.context.annotation.internalAutowiredAnnotationProcessor&apos;
org.springframework.beans.factory.annotation.AutowiredAnnotationBeanPostProcessor 2015-06-20 15:55:04,712 INFO  - JSR-330 &apos;javax.inject.Inject&apos; annotation found and supported for autowiring
org.springframework.beans.factory.support.AbstractAutowireCapableBeanFactory 2015-06-20 15:55:04,713 DEBUG - Eagerly caching bean &apos;org.springframework.context.annotation.internalAutowiredAnnotationProcessor&apos; to allow for resolving potential circular references
org.springframework.beans.factory.support.AbstractAutowireCapableBeanFactory 2015-06-20 15:55:04,714 DEBUG - Finished creating instance of bean &apos;org.springframework.context.annotation.internalAutowiredAnnotationProcessor&apos;
org.springframework.beans.factory.support.DefaultSingletonBeanRegistry 2015-06-20 15:55:04,715 DEBUG - Creating shared instance of singleton bean &apos;org.springframework.context.annotation.internalRequiredAnnotationProcessor&apos;
org.springframework.beans.factory.support.AbstractAutowireCapableBeanFactory 2015-06-20 15:55:04,715 DEBUG - Creating instance of bean &apos;org.springframework.context.annotation.internalRequiredAnnotationProcessor&apos;
org.springframework.beans.factory.support.AbstractAutowireCapableBeanFactory 2015-06-20 15:55:04,717 DEBUG - Eagerly caching bean &apos;org.springframework.context.annotation.internalRequiredAnnotationProcessor&apos; to allow for resolving potential circular references
org.springframework.beans.factory.support.AbstractAutowireCapableBeanFactory 2015-06-20 15:55:04,717 DEBUG - Finished creating instance of bean &apos;org.springframework.context.annotation.internalRequiredAnnotationProcessor&apos;
org.springframework.beans.factory.support.DefaultSingletonBeanRegistry 2015-06-20 15:55:04,718 DEBUG - Creating shared instance of singleton bean &apos;org.springframework.context.annotation.internalCommonAnnotationProcessor&apos;
org.springframework.beans.factory.support.AbstractAutowireCapableBeanFactory 2015-06-20 15:55:04,718 DEBUG - Creating instance of bean &apos;org.springframework.context.annotation.internalCommonAnnotationProcessor&apos;
org.springframework.beans.factory.support.AbstractAutowireCapableBeanFactory 2015-06-20 15:55:04,728 DEBUG - Eagerly caching bean &apos;org.springframework.context.annotation.internalCommonAnnotationProcessor&apos; to allow for resolving potential circular references
org.springframework.beans.factory.support.AbstractAutowireCapableBeanFactory 2015-06-20 15:55:04,729 DEBUG - Finished creating instance of bean &apos;org.springframework.context.annotation.internalCommonAnnotationProcessor&apos;
org.springframework.beans.factory.support.DefaultSingletonBeanRegistry 2015-06-20 15:55:04,730 DEBUG - Creating shared instance of singleton bean &apos;org.springframework.context.annotation.internalPersistenceAnnotationProcessor&apos;
org.springframework.beans.factory.support.AbstractAutowireCapableBeanFactory 2015-06-20 15:55:04,730 DEBUG - Creating instance of bean &apos;org.springframework.context.annotation.internalPersistenceAnnotationProcessor&apos;
org.springframework.beans.factory.support.AbstractAutowireCapableBeanFactory 2015-06-20 15:55:04,734 DEBUG - Eagerly caching bean &apos;org.springframework.context.annotation.internalPersistenceAnnotationProcessor&apos; to allow for resolving potential circular references
org.springframework.beans.factory.support.AbstractAutowireCapableBeanFactory 2015-06-20 15:55:04,735 DEBUG - Finished creating instance of bean &apos;org.springframework.context.annotation.internalPersistenceAnnotationProcessor&apos;
org.springframework.beans.factory.support.DefaultSingletonBeanRegistry 2015-06-20 15:55:04,736 DEBUG - Creating shared instance of singleton bean &apos;org.springframework.context.annotation.ConfigurationClassPostProcessor.importAwareProcessor&apos;
org.springframework.beans.factory.support.AbstractAutowireCapableBeanFactory 2015-06-20 15:55:04,736 DEBUG - Creating instance of bean &apos;org.springframework.context.annotation.ConfigurationClassPostProcessor.importAwareProcessor&apos;
org.springframework.beans.factory.support.AbstractAutowireCapableBeanFactory 2015-06-20 15:55:04,737 DEBUG - Eagerly caching bean &apos;org.springframework.context.annotation.ConfigurationClassPostProcessor.importAwareProcessor&apos; to allow for resolving potential circular references
org.springframework.beans.factory.support.AbstractAutowireCapableBeanFactory 2015-06-20 15:55:04,737 DEBUG - Finished creating instance of bean &apos;org.springframework.context.annotation.ConfigurationClassPostProcessor.importAwareProcessor&apos;
org.springframework.beans.factory.support.DefaultSingletonBeanRegistry 2015-06-20 15:55:04,738 DEBUG - Creating shared instance of singleton bean &apos;org.springframework.context.annotation.ConfigurationClassPostProcessor.enhancedConfigurationProcessor&apos;
org.springframework.beans.factory.support.AbstractAutowireCapableBeanFactory 2015-06-20 15:55:04,738 DEBUG - Creating instance of bean &apos;org.springframework.context.annotation.ConfigurationClassPostProcessor.enhancedConfigurationProcessor&apos;
org.springframework.beans.factory.support.AbstractAutowireCapableBeanFactory 2015-06-20 15:55:04,739 DEBUG - Eagerly caching bean &apos;org.springframework.context.annotation.ConfigurationClassPostProcessor.enhancedConfigurationProcessor&apos; to allow for resolving potential circular references
org.springframework.beans.factory.support.AbstractAutowireCapableBeanFactory 2015-06-20 15:55:04,739 DEBUG - Finished creating instance of bean &apos;org.springframework.context.annotation.ConfigurationClassPostProcessor.enhancedConfigurationProcessor&apos;
org.springframework.beans.factory.support.DefaultSingletonBeanRegistry 2015-06-20 15:55:04,740 DEBUG - Creating shared instance of singleton bean &apos;org.springframework.aop.config.internalAutoProxyCreator&apos;
org.springframework.beans.factory.support.AbstractAutowireCapableBeanFactory 2015-06-20 15:55:04,740 DEBUG - Creating instance of bean &apos;org.springframework.aop.config.internalAutoProxyCreator&apos;
org.springframework.beans.factory.support.AbstractAutowireCapableBeanFactory 2015-06-20 15:55:04,752 DEBUG - Eagerly caching bean &apos;org.springframework.aop.config.internalAutoProxyCreator&apos; to allow for resolving potential circular references
org.springframework.core.io.support.SpringFactoriesLoader 2015-06-20 15:55:04,755 TRACE - Loaded [org.springframework.beans.BeanInfoFactory] names: [org.springframework.beans.ExtendedBeanInfoFactory]
org.springframework.beans.CachedIntrospectionResults 2015-06-20 15:55:04,757 TRACE - Getting BeanInfo for class [org.springframework.aop.framework.autoproxy.InfrastructureAdvisorAutoProxyCreator]
org.springframework.beans.CachedIntrospectionResults 2015-06-20 15:55:04,770 TRACE - Caching PropertyDescriptors for class [org.springframework.aop.framework.autoproxy.InfrastructureAdvisorAutoProxyCreator]
org.springframework.beans.CachedIntrospectionResults 2015-06-20 15:55:04,771 TRACE - Found bean property &apos;advisorAdapterRegistry&apos; of type [org.springframework.aop.framework.adapter.AdvisorAdapterRegistry]
org.springframework.beans.CachedIntrospectionResults 2015-06-20 15:55:04,775 TRACE - Found bean property &apos;applyCommonInterceptorsFirst&apos; of type [boolean]
org.springframework.beans.CachedIntrospectionResults 2015-06-20 15:55:04,776 TRACE - Found bean property &apos;beanClassLoader&apos; of type [java.lang.ClassLoader]
org.springframework.beans.CachedIntrospectionResults 2015-06-20 15:55:04,776 TRACE - Found bean property &apos;beanFactory&apos; of type [org.springframework.beans.factory.BeanFactory]
org.springframework.beans.CachedIntrospectionResults 2015-06-20 15:55:04,777 TRACE - Found bean property &apos;class&apos; of type [java.lang.Class]
org.springframework.beans.CachedIntrospectionResults 2015-06-20 15:55:04,778 TRACE - Found bean property &apos;customTargetSourceCreators&apos; of type [[Lorg.springframework.aop.framework.autoproxy.TargetSourceCreator;]
org.springframework.beans.CachedIntrospectionResults 2015-06-20 15:55:04,778 TRACE - Found bean property &apos;exposeProxy&apos; of type [boolean]
org.springframework.beans.CachedIntrospectionResults 2015-06-20 15:55:04,779 TRACE - Found bean property &apos;frozen&apos; of type [boolean]
org.springframework.beans.CachedIntrospectionResults 2015-06-20 15:55:04,779 TRACE - Found bean property &apos;interceptorNames&apos; of type [[Ljava.lang.String;]
org.springframework.beans.CachedIntrospectionResults 2015-06-20 15:55:04,780 TRACE - Found bean property &apos;opaque&apos; of type [boolean]
org.springframework.beans.CachedIntrospectionResults 2015-06-20 15:55:04,781 TRACE - Found bean property &apos;optimize&apos; of type [boolean]
org.springframework.beans.CachedIntrospectionResults 2015-06-20 15:55:04,781 TRACE - Found bean property &apos;order&apos; of type [int]
org.springframework.beans.CachedIntrospectionResults 2015-06-20 15:55:04,782 TRACE - Found bean property &apos;proxyClassLoader&apos; of type [java.lang.ClassLoader]
org.springframework.beans.CachedIntrospectionResults 2015-06-20 15:55:04,782 TRACE - Found bean property &apos;proxyTargetClass&apos; of type [boolean]
org.springframework.beans.factory.support.AbstractAutowireCapableBeanFactory 2015-06-20 15:55:04,789 DEBUG - Finished creating instance of bean &apos;org.springframework.aop.config.internalAutoProxyCreator&apos;
org.springframework.context.support.AbstractApplicationContext 2015-06-20 15:55:04,792 DEBUG - Unable to locate MessageSource with name &apos;messageSource&apos;: using default [org.springframework.context.support.DelegatingMessageSource@24be0cc7]
org.springframework.context.support.AbstractApplicationContext 2015-06-20 15:55:04,794 DEBUG - Unable to locate ApplicationEventMulticaster with name &apos;applicationEventMulticaster&apos;: using default [org.springframework.context.event.SimpleApplicationEventMulticaster@6b973602]
org.springframework.beans.factory.support.DefaultListableBeanFactory 2015-06-20 15:55:04,804 DEBUG - Pre-instantiating singletons in org.springframework.beans.factory.support.DefaultListableBeanFactory@b20dae: defining beans [org.springframework.context.annotation.internalConfigurationAnnotationProcessor,org.springframework.context.annotation.internalAutowiredAnnotationProcessor,org.springframework.context.annotation.internalRequiredAnnotationProcessor,org.springframework.context.annotation.internalCommonAnnotationProcessor,org.springframework.context.annotation.internalPersistenceAnnotationProcessor,dataSource,sessionFactory,newsDao,transactionManager,org.springframework.aop.config.internalAutoProxyCreator,org.springframework.transaction.annotation.AnnotationTransactionAttributeSource#0,org.springframework.transaction.interceptor.TransactionInterceptor#0,org.springframework.transaction.config.internalTransactionAdvisor,org.springframework.context.annotation.ConfigurationClassPostProcessor.importAwareProcessor,org.springframework.context.annotation.ConfigurationClassPostProcessor.enhancedConfigurationProcessor]; root of factory hierarchy
org.springframework.beans.factory.support.AbstractBeanFactory 2015-06-20 15:55:04,804 DEBUG - Returning cached instance of singleton bean &apos;org.springframework.context.annotation.internalConfigurationAnnotationProcessor&apos;
org.springframework.beans.factory.support.AbstractBeanFactory 2015-06-20 15:55:04,805 DEBUG - Returning cached instance of singleton bean &apos;org.springframework.context.annotation.internalAutowiredAnnotationProcessor&apos;
org.springframework.beans.factory.support.AbstractBeanFactory 2015-06-20 15:55:04,805 DEBUG - Returning cached instance of singleton bean &apos;org.springframework.context.annotation.internalRequiredAnnotationProcessor&apos;
org.springframework.beans.factory.support.AbstractBeanFactory 2015-06-20 15:55:04,805 DEBUG - Returning cached instance of singleton bean &apos;org.springframework.context.annotation.internalCommonAnnotationProcessor&apos;
org.springframework.beans.factory.support.AbstractBeanFactory 2015-06-20 15:55:04,806 DEBUG - Returning cached instance of singleton bean &apos;org.springframework.context.annotation.internalPersistenceAnnotationProcessor&apos;
org.springframework.beans.factory.support.DefaultSingletonBeanRegistry 2015-06-20 15:55:04,806 DEBUG - Creating shared instance of singleton bean &apos;dataSource&apos;
org.springframework.beans.factory.support.AbstractAutowireCapableBeanFactory 2015-06-20 15:55:04,806 DEBUG - Creating instance of bean &apos;dataSource&apos;
org.springframework.beans.factory.support.AbstractAutowireCapableBeanFactory 2015-06-20 15:55:04,821 DEBUG - Eagerly caching bean &apos;dataSource&apos; to allow for resolving potential circular references
org.springframework.beans.CachedIntrospectionResults 2015-06-20 15:55:04,821 TRACE - Getting BeanInfo for class [org.apache.commons.dbcp.BasicDataSource]
org.springframework.beans.CachedIntrospectionResults 2015-06-20 15:55:04,826 TRACE - Caching PropertyDescriptors for class [org.apache.commons.dbcp.BasicDataSource]
org.springframework.beans.CachedIntrospectionResults 2015-06-20 15:55:04,827 TRACE - Found bean property &apos;accessToUnderlyingConnectionAllowed&apos; of type [boolean]
org.springframework.beans.CachedIntrospectionResults 2015-06-20 15:55:04,827 TRACE - Found bean property &apos;class&apos; of type [java.lang.Class]
org.springframework.beans.CachedIntrospectionResults 2015-06-20 15:55:04,827 TRACE - Found bean property &apos;closed&apos; of type [boolean]
org.springframework.beans.CachedIntrospectionResults 2015-06-20 15:55:04,828 TRACE - Found bean property &apos;connection&apos; of type [java.sql.Connection]
org.springframework.beans.CachedIntrospectionResults 2015-06-20 15:55:04,828 TRACE - Found bean property &apos;connectionInitSqls&apos; of type [java.util.Collection]
org.springframework.beans.CachedIntrospectionResults 2015-06-20 15:55:04,828 TRACE - Found bean property &apos;connectionProperties&apos; of type [java.lang.String]
org.springframework.beans.CachedIntrospectionResults 2015-06-20 15:55:04,829 TRACE - Found bean property &apos;defaultAutoCommit&apos; of type [boolean]
org.springframework.beans.CachedIntrospectionResults 2015-06-20 15:55:04,829 TRACE - Found bean property &apos;defaultCatalog&apos; of type [java.lang.String]
org.springframework.beans.CachedIntrospectionResults 2015-06-20 15:55:04,829 TRACE - Found bean property &apos;defaultReadOnly&apos; of type [boolean]
org.springframework.beans.CachedIntrospectionResults 2015-06-20 15:55:04,829 TRACE - Found bean property &apos;defaultTransactionIsolation&apos; of type [int]
org.springframework.beans.CachedIntrospectionResults 2015-06-20 15:55:04,830 TRACE - Found bean property &apos;driverClassLoader&apos; of type [java.lang.ClassLoader]
org.springframework.beans.CachedIntrospectionResults 2015-06-20 15:55:04,830 TRACE - Found bean property &apos;driverClassName&apos; of type [java.lang.String]
org.springframework.beans.CachedIntrospectionResults 2015-06-20 15:55:04,830 TRACE - Found bean property &apos;initialSize&apos; of type [int]
org.springframework.beans.CachedIntrospectionResults 2015-06-20 15:55:04,830 TRACE - Found bean property &apos;logAbandoned&apos; of type [boolean]
org.springframework.beans.CachedIntrospectionResults 2015-06-20 15:55:04,831 TRACE - Found bean property &apos;logWriter&apos; of type [java.io.PrintWriter]
org.springframework.beans.CachedIntrospectionResults 2015-06-20 15:55:04,831 TRACE - Found bean property &apos;loginTimeout&apos; of type [int]
org.springframework.beans.CachedIntrospectionResults 2015-06-20 15:55:04,831 TRACE - Found bean property &apos;maxActive&apos; of type [int]
org.springframework.beans.CachedIntrospectionResults 2015-06-20 15:55:04,831 TRACE - Found bean property &apos;maxIdle&apos; of type [int]
org.springframework.beans.CachedIntrospectionResults 2015-06-20 15:55:04,832 TRACE - Found bean property &apos;maxOpenPreparedStatements&apos; of type [int]
org.springframework.beans.CachedIntrospectionResults 2015-06-20 15:55:04,832 TRACE - Found bean property &apos;maxWait&apos; of type [long]
org.springframework.beans.CachedIntrospectionResults 2015-06-20 15:55:04,833 TRACE - Found bean property &apos;minEvictableIdleTimeMillis&apos; of type [long]
org.springframework.beans.CachedIntrospectionResults 2015-06-20 15:55:04,833 TRACE - Found bean property &apos;minIdle&apos; of type [int]
org.springframework.beans.CachedIntrospectionResults 2015-06-20 15:55:04,833 TRACE - Found bean property &apos;numActive&apos; of type [int]
org.springframework.beans.CachedIntrospectionResults 2015-06-20 15:55:04,834 TRACE - Found bean property &apos;numIdle&apos; of type [int]
org.springframework.beans.CachedIntrospectionResults 2015-06-20 15:55:04,835 TRACE - Found bean property &apos;numTestsPerEvictionRun&apos; of type [int]
org.springframework.beans.CachedIntrospectionResults 2015-06-20 15:55:04,835 TRACE - Found bean property &apos;password&apos; of type [java.lang.String]
org.springframework.beans.CachedIntrospectionResults 2015-06-20 15:55:04,836 TRACE - Found bean property &apos;poolPreparedStatements&apos; of type [boolean]
org.springframework.beans.CachedIntrospectionResults 2015-06-20 15:55:04,836 TRACE - Found bean property &apos;removeAbandoned&apos; of type [boolean]
org.springframework.beans.CachedIntrospectionResults 2015-06-20 15:55:04,837 TRACE - Found bean property &apos;removeAbandonedTimeout&apos; of type [int]
org.springframework.beans.CachedIntrospectionResults 2015-06-20 15:55:04,837 TRACE - Found bean property &apos;testOnBorrow&apos; of type [boolean]
org.springframework.beans.CachedIntrospectionResults 2015-06-20 15:55:04,837 TRACE - Found bean property &apos;testOnReturn&apos; of type [boolean]
org.springframework.beans.CachedIntrospectionResults 2015-06-20 15:55:04,838 TRACE - Found bean property &apos;testWhileIdle&apos; of type [boolean]
org.springframework.beans.CachedIntrospectionResults 2015-06-20 15:55:04,838 TRACE - Found bean property &apos;timeBetweenEvictionRunsMillis&apos; of type [long]
org.springframework.beans.CachedIntrospectionResults 2015-06-20 15:55:04,839 TRACE - Found bean property &apos;url&apos; of type [java.lang.String]
org.springframework.beans.CachedIntrospectionResults 2015-06-20 15:55:04,839 TRACE - Found bean property &apos;username&apos; of type [java.lang.String]
org.springframework.beans.CachedIntrospectionResults 2015-06-20 15:55:04,839 TRACE - Found bean property &apos;validationQuery&apos; of type [java.lang.String]
org.springframework.beans.CachedIntrospectionResults 2015-06-20 15:55:04,839 TRACE - Found bean property &apos;validationQueryTimeout&apos; of type [int]
org.springframework.beans.factory.support.DefaultSingletonBeanRegistry 2015-06-20 15:55:04,852 DEBUG - Creating shared instance of singleton bean &apos;org.springframework.transaction.config.internalTransactionAdvisor&apos;
org.springframework.beans.factory.support.AbstractAutowireCapableBeanFactory 2015-06-20 15:55:04,852 DEBUG - Creating instance of bean &apos;org.springframework.transaction.config.internalTransactionAdvisor&apos;
org.springframework.aop.framework.autoproxy.AbstractAutoProxyCreator 2015-06-20 15:55:04,853 TRACE - Did not attempt to auto-proxy infrastructure class [org.springframework.transaction.interceptor.BeanFactoryTransactionAttributeSourceAdvisor]
org.springframework.beans.factory.support.AbstractAutowireCapableBeanFactory 2015-06-20 15:55:04,854 DEBUG - Eagerly caching bean &apos;org.springframework.transaction.config.internalTransactionAdvisor&apos; to allow for resolving potential circular references
org.springframework.beans.CachedIntrospectionResults 2015-06-20 15:55:04,855 TRACE - Getting BeanInfo for class [org.springframework.transaction.interceptor.BeanFactoryTransactionAttributeSourceAdvisor]
org.springframework.beans.CachedIntrospectionResults 2015-06-20 15:55:04,859 TRACE - Caching PropertyDescriptors for class [org.springframework.transaction.interceptor.BeanFactoryTransactionAttributeSourceAdvisor]
org.springframework.beans.CachedIntrospectionResults 2015-06-20 15:55:04,860 TRACE - Found bean property &apos;advice&apos; of type [org.aopalliance.aop.Advice]
org.springframework.beans.CachedIntrospectionResults 2015-06-20 15:55:04,860 TRACE - Found bean property &apos;adviceBeanName&apos; of type [java.lang.String]
org.springframework.beans.CachedIntrospectionResults 2015-06-20 15:55:04,861 TRACE - Found bean property &apos;beanFactory&apos; of type [org.springframework.beans.factory.BeanFactory]
org.springframework.beans.CachedIntrospectionResults 2015-06-20 15:55:04,861 TRACE - Found bean property &apos;class&apos; of type [java.lang.Class]
org.springframework.beans.CachedIntrospectionResults 2015-06-20 15:55:04,862 TRACE - Found bean property &apos;classFilter&apos; of type [org.springframework.aop.ClassFilter]
org.springframework.beans.CachedIntrospectionResults 2015-06-20 15:55:04,862 TRACE - Found bean property &apos;order&apos; of type [int]
org.springframework.beans.CachedIntrospectionResults 2015-06-20 15:55:04,863 TRACE - Found bean property &apos;perInstance&apos; of type [boolean]
org.springframework.beans.CachedIntrospectionResults 2015-06-20 15:55:04,864 TRACE - Found bean property &apos;pointcut&apos; of type [org.springframework.aop.Pointcut]
org.springframework.beans.CachedIntrospectionResults 2015-06-20 15:55:04,864 TRACE - Found bean property &apos;transactionAttributeSource&apos; of type [org.springframework.transaction.interceptor.TransactionAttributeSource]
org.springframework.beans.factory.support.DefaultSingletonBeanRegistry 2015-06-20 15:55:04,865 DEBUG - Creating shared instance of singleton bean &apos;org.springframework.transaction.annotation.AnnotationTransactionAttributeSource#0&apos;
org.springframework.beans.factory.support.AbstractAutowireCapableBeanFactory 2015-06-20 15:55:04,865 DEBUG - Creating instance of bean &apos;org.springframework.transaction.annotation.AnnotationTransactionAttributeSource#0&apos;
org.springframework.beans.factory.support.AbstractAutowireCapableBeanFactory 2015-06-20 15:55:04,866 DEBUG - Eagerly caching bean &apos;org.springframework.transaction.annotation.AnnotationTransactionAttributeSource#0&apos; to allow for resolving potential circular references
org.springframework.beans.CachedIntrospectionResults 2015-06-20 15:55:04,867 TRACE - Getting BeanInfo for class [org.springframework.transaction.annotation.AnnotationTransactionAttributeSource]
org.springframework.beans.CachedIntrospectionResults 2015-06-20 15:55:04,869 TRACE - Caching PropertyDescriptors for class [org.springframework.transaction.annotation.AnnotationTransactionAttributeSource]
org.springframework.beans.CachedIntrospectionResults 2015-06-20 15:55:04,870 TRACE - Found bean property &apos;class&apos; of type [java.lang.Class]
org.springframework.aop.framework.autoproxy.BeanFactoryAdvisorRetrievalHelper 2015-06-20 15:55:04,872 DEBUG - Skipping currently created advisor &apos;org.springframework.transaction.config.internalTransactionAdvisor&apos;
org.springframework.beans.factory.support.AbstractAutowireCapableBeanFactory 2015-06-20 15:55:04,875 DEBUG - Finished creating instance of bean &apos;org.springframework.transaction.annotation.AnnotationTransactionAttributeSource#0&apos;
org.springframework.beans.factory.support.AbstractAutowireCapableBeanFactory 2015-06-20 15:55:04,876 DEBUG - Finished creating instance of bean &apos;org.springframework.transaction.config.internalTransactionAdvisor&apos;
org.springframework.beans.factory.support.AbstractAutowireCapableBeanFactory 2015-06-20 15:55:04,881 DEBUG - Finished creating instance of bean &apos;dataSource&apos;
org.springframework.beans.factory.support.DefaultSingletonBeanRegistry 2015-06-20 15:55:04,882 DEBUG - Creating shared instance of singleton bean &apos;sessionFactory&apos;
org.springframework.beans.factory.support.AbstractAutowireCapableBeanFactory 2015-06-20 15:55:04,883 DEBUG - Creating instance of bean &apos;sessionFactory&apos;
org.springframework.beans.factory.support.AbstractAutowireCapableBeanFactory 2015-06-20 15:55:04,892 DEBUG - Eagerly caching bean &apos;sessionFactory&apos; to allow for resolving potential circular references
org.springframework.beans.CachedIntrospectionResults 2015-06-20 15:55:04,893 TRACE - Getting BeanInfo for class [org.springframework.orm.hibernate4.LocalSessionFactoryBean]
org.springframework.beans.CachedIntrospectionResults 2015-06-20 15:55:04,900 TRACE - Caching PropertyDescriptors for class [org.springframework.orm.hibernate4.LocalSessionFactoryBean]
org.springframework.beans.CachedIntrospectionResults 2015-06-20 15:55:04,900 TRACE - Found bean property &apos;annotatedClasses&apos; of type [[Ljava.lang.Class;]
org.springframework.beans.CachedIntrospectionResults 2015-06-20 15:55:04,902 TRACE - Found bean property &apos;annotatedPackages&apos; of type [[Ljava.lang.String;]
org.springframework.beans.CachedIntrospectionResults 2015-06-20 15:55:04,903 TRACE - Found bean property &apos;cacheRegionFactory&apos; of type [org.hibernate.cache.spi.RegionFactory]
org.springframework.beans.CachedIntrospectionResults 2015-06-20 15:55:04,903 TRACE - Found bean property &apos;cacheableMappingLocations&apos; of type [[Lorg.springframework.core.io.Resource;]
org.springframework.beans.CachedIntrospectionResults 2015-06-20 15:55:04,903 TRACE - Found bean property &apos;class&apos; of type [java.lang.Class]
org.springframework.beans.CachedIntrospectionResults 2015-06-20 15:55:04,904 TRACE - Found bean property &apos;configLocation&apos; of type [org.springframework.core.io.Resource]
org.springframework.beans.CachedIntrospectionResults 2015-06-20 15:55:04,905 TRACE - Found bean property &apos;configLocations&apos; of type [[Lorg.springframework.core.io.Resource;]
org.springframework.beans.CachedIntrospectionResults 2015-06-20 15:55:04,905 TRACE - Found bean property &apos;configuration&apos; of type [org.hibernate.cfg.Configuration]
org.springframework.beans.CachedIntrospectionResults 2015-06-20 15:55:04,905 TRACE - Found bean property &apos;currentTenantIdentifierResolver&apos; of type [java.lang.Object]
org.springframework.beans.CachedIntrospectionResults 2015-06-20 15:55:04,906 TRACE - Found bean property &apos;dataSource&apos; of type [javax.sql.DataSource]
org.springframework.beans.CachedIntrospectionResults 2015-06-20 15:55:04,907 TRACE - Found bean property &apos;entityInterceptor&apos; of type [org.hibernate.Interceptor]
org.springframework.beans.CachedIntrospectionResults 2015-06-20 15:55:04,908 TRACE - Found bean property &apos;entityTypeFilters&apos; of type [[Lorg.springframework.core.type.filter.TypeFilter;]
org.springframework.beans.CachedIntrospectionResults 2015-06-20 15:55:04,908 TRACE - Found bean property &apos;hibernateProperties&apos; of type [java.util.Properties]
org.springframework.beans.CachedIntrospectionResults 2015-06-20 15:55:04,909 TRACE - Found bean property &apos;jtaTransactionManager&apos; of type [java.lang.Object]
org.springframework.beans.CachedIntrospectionResults 2015-06-20 15:55:04,909 TRACE - Found bean property &apos;mappingDirectoryLocations&apos; of type [[Lorg.springframework.core.io.Resource;]
org.springframework.beans.CachedIntrospectionResults 2015-06-20 15:55:04,909 TRACE - Found bean property &apos;mappingJarLocations&apos; of type [[Lorg.springframework.core.io.Resource;]
org.springframework.beans.CachedIntrospectionResults 2015-06-20 15:55:04,910 TRACE - Found bean property &apos;mappingLocations&apos; of type [[Lorg.springframework.core.io.Resource;]
org.springframework.beans.CachedIntrospectionResults 2015-06-20 15:55:04,910 TRACE - Found bean property &apos;mappingResources&apos; of type [[Ljava.lang.String;]
org.springframework.beans.CachedIntrospectionResults 2015-06-20 15:55:04,911 TRACE - Found bean property &apos;multiTenantConnectionProvider&apos; of type [java.lang.Object]
org.springframework.beans.CachedIntrospectionResults 2015-06-20 15:55:04,911 TRACE - Found bean property &apos;namingStrategy&apos; of type [org.hibernate.cfg.NamingStrategy]
org.springframework.beans.CachedIntrospectionResults 2015-06-20 15:55:04,912 TRACE - Found bean property &apos;object&apos; of type [org.hibernate.SessionFactory]
org.springframework.beans.CachedIntrospectionResults 2015-06-20 15:55:04,913 TRACE - Found bean property &apos;objectType&apos; of type [java.lang.Class]
org.springframework.beans.CachedIntrospectionResults 2015-06-20 15:55:04,913 TRACE - Found bean property &apos;packagesToScan&apos; of type [[Ljava.lang.String;]
org.springframework.beans.CachedIntrospectionResults 2015-06-20 15:55:04,914 TRACE - Found bean property &apos;resourceLoader&apos; of type [org.springframework.core.io.ResourceLoader]
org.springframework.beans.CachedIntrospectionResults 2015-06-20 15:55:04,914 TRACE - Found bean property &apos;singleton&apos; of type [boolean]
org.springframework.beans.factory.support.AbstractBeanFactory 2015-06-20 15:55:04,915 DEBUG - Returning cached instance of singleton bean &apos;dataSource&apos;
org.springframework.beans.TypeConverterDelegate 2015-06-20 15:55:04,917 TRACE - Converting String to [class java.lang.Class] using property editor [org.springframework.beans.propertyeditors.ClassEditor@5f8551ae]
org.springframework.beans.TypeConverterDelegate 2015-06-20 15:55:04,919 TRACE - Converting String to [class java.lang.Class] using property editor [org.springframework.beans.propertyeditors.ClassEditor@5f8551ae]
org.springframework.beans.TypeConverterDelegate 2015-06-20 15:55:04,920 TRACE - Converting String to [class java.lang.Class] using property editor [org.springframework.beans.propertyeditors.ClassEditor@5f8551ae]
org.springframework.beans.TypeConverterDelegate 2015-06-20 15:55:04,921 TRACE - Converting String to [class java.lang.Class] using property editor [org.springframework.beans.propertyeditors.ClassEditor@5f8551ae]
org.springframework.beans.TypeConverterDelegate 2015-06-20 15:55:04,922 TRACE - Converting String to [class java.lang.Class] using property editor [org.springframework.beans.propertyeditors.ClassEditor@5f8551ae]
org.springframework.beans.factory.support.AbstractAutowireCapableBeanFactory 2015-06-20 15:55:04,931 DEBUG - Invoking afterPropertiesSet() on bean with name &apos;sessionFactory&apos;
org.hibernate.cfg.Configuration 2015-06-20 15:55:04,977 DEBUG - Logging Provider: org.jboss.logging.Log4jLoggerProvider
org.hibernate.type.BasicTypeRegistry 2015-06-20 15:55:04,998 DEBUG - Adding type registration boolean -&gt; org.hibernate.type.BooleanType@163f95ba
org.hibernate.type.BasicTypeRegistry 2015-06-20 15:55:04,999 DEBUG - Adding type registration boolean -&gt; org.hibernate.type.BooleanType@163f95ba
org.hibernate.type.BasicTypeRegistry 2015-06-20 15:55:04,999 DEBUG - Adding type registration java.lang.Boolean -&gt; org.hibernate.type.BooleanType@163f95ba
org.hibernate.type.BasicTypeRegistry 2015-06-20 15:55:05,000 DEBUG - Adding type registration numeric_boolean -&gt; org.hibernate.type.NumericBooleanType@1e5bcb22
org.hibernate.type.BasicTypeRegistry 2015-06-20 15:55:05,002 DEBUG - Adding type registration true_false -&gt; org.hibernate.type.TrueFalseType@485ff368
org.hibernate.type.BasicTypeRegistry 2015-06-20 15:55:05,003 DEBUG - Adding type registration yes_no -&gt; org.hibernate.type.YesNoType@648596b2
org.hibernate.type.BasicTypeRegistry 2015-06-20 15:55:05,005 DEBUG - Adding type registration byte -&gt; org.hibernate.type.ByteType@19a3f495
org.hibernate.type.BasicTypeRegistry 2015-06-20 15:55:05,005 DEBUG - Adding type registration byte -&gt; org.hibernate.type.ByteType@19a3f495
org.hibernate.type.BasicTypeRegistry 2015-06-20 15:55:05,005 DEBUG - Adding type registration java.lang.Byte -&gt; org.hibernate.type.ByteType@19a3f495
org.hibernate.type.BasicTypeRegistry 2015-06-20 15:55:05,006 DEBUG - Adding type registration character -&gt; org.hibernate.type.CharacterType@ff10957
org.hibernate.type.BasicTypeRegistry 2015-06-20 15:55:05,007 DEBUG - Adding type registration char -&gt; org.hibernate.type.CharacterType@ff10957
org.hibernate.type.BasicTypeRegistry 2015-06-20 15:55:05,007 DEBUG - Adding type registration java.lang.Character -&gt; org.hibernate.type.CharacterType@ff10957
org.hibernate.type.BasicTypeRegistry 2015-06-20 15:55:05,009 DEBUG - Adding type registration short -&gt; org.hibernate.type.ShortType@596f1c9b
org.hibernate.type.BasicTypeRegistry 2015-06-20 15:55:05,009 DEBUG - Adding type registration short -&gt; org.hibernate.type.ShortType@596f1c9b
org.hibernate.type.BasicTypeRegistry 2015-06-20 15:55:05,010 DEBUG - Adding type registration java.lang.Short -&gt; org.hibernate.type.ShortType@596f1c9b
org.hibernate.type.BasicTypeRegistry 2015-06-20 15:55:05,011 DEBUG - Adding type registration integer -&gt; org.hibernate.type.IntegerType@298e6523
org.hibernate.type.BasicTypeRegistry 2015-06-20 15:55:05,011 DEBUG - Adding type registration int -&gt; org.hibernate.type.IntegerType@298e6523
org.hibernate.type.BasicTypeRegistry 2015-06-20 15:55:05,012 DEBUG - Adding type registration java.lang.Integer -&gt; org.hibernate.type.IntegerType@298e6523
org.hibernate.type.BasicTypeRegistry 2015-06-20 15:55:05,013 DEBUG - Adding type registration long -&gt; org.hibernate.type.LongType@3cb4a836
org.hibernate.type.BasicTypeRegistry 2015-06-20 15:55:05,014 DEBUG - Adding type registration long -&gt; org.hibernate.type.LongType@3cb4a836
org.hibernate.type.BasicTypeRegistry 2015-06-20 15:55:05,014 DEBUG - Adding type registration java.lang.Long -&gt; org.hibernate.type.LongType@3cb4a836
org.hibernate.type.BasicTypeRegistry 2015-06-20 15:55:05,016 DEBUG - Adding type registration float -&gt; org.hibernate.type.FloatType@6cfe9c23
org.hibernate.type.BasicTypeRegistry 2015-06-20 15:55:05,016 DEBUG - Adding type registration float -&gt; org.hibernate.type.FloatType@6cfe9c23
org.hibernate.type.BasicTypeRegistry 2015-06-20 15:55:05,016 DEBUG - Adding type registration java.lang.Float -&gt; org.hibernate.type.FloatType@6cfe9c23
org.hibernate.type.BasicTypeRegistry 2015-06-20 15:55:05,018 DEBUG - Adding type registration double -&gt; org.hibernate.type.DoubleType@10bc5c9
org.hibernate.type.BasicTypeRegistry 2015-06-20 15:55:05,018 DEBUG - Adding type registration double -&gt; org.hibernate.type.DoubleType@10bc5c9
org.hibernate.type.BasicTypeRegistry 2015-06-20 15:55:05,019 DEBUG - Adding type registration java.lang.Double -&gt; org.hibernate.type.DoubleType@10bc5c9
org.hibernate.type.BasicTypeRegistry 2015-06-20 15:55:05,021 DEBUG - Adding type registration big_decimal -&gt; org.hibernate.type.BigDecimalType@2c1e29ca
org.hibernate.type.BasicTypeRegistry 2015-06-20 15:55:05,021 DEBUG - Adding type registration java.math.BigDecimal -&gt; org.hibernate.type.BigDecimalType@2c1e29ca
org.hibernate.type.BasicTypeRegistry 2015-06-20 15:55:05,023 DEBUG - Adding type registration big_integer -&gt; org.hibernate.type.BigIntegerType@74107a99
org.hibernate.type.BasicTypeRegistry 2015-06-20 15:55:05,023 DEBUG - Adding type registration java.math.BigInteger -&gt; org.hibernate.type.BigIntegerType@74107a99
org.hibernate.type.BasicTypeRegistry 2015-06-20 15:55:05,024 DEBUG - Adding type registration string -&gt; org.hibernate.type.StringType@4613d832
org.hibernate.type.BasicTypeRegistry 2015-06-20 15:55:05,025 DEBUG - Adding type registration java.lang.String -&gt; org.hibernate.type.StringType@4613d832
org.hibernate.type.BasicTypeRegistry 2015-06-20 15:55:05,026 DEBUG - Adding type registration nstring -&gt; org.hibernate.type.StringNVarcharType@307322f4
org.hibernate.type.BasicTypeRegistry 2015-06-20 15:55:05,027 DEBUG - Adding type registration ncharacter -&gt; org.hibernate.type.CharacterNCharType@5cc67308
org.hibernate.type.BasicTypeRegistry 2015-06-20 15:55:05,028 DEBUG - Adding type registration url -&gt; org.hibernate.type.UrlType@48f98163
org.hibernate.type.BasicTypeRegistry 2015-06-20 15:55:05,028 DEBUG - Adding type registration java.net.URL -&gt; org.hibernate.type.UrlType@48f98163
org.hibernate.type.BasicTypeRegistry 2015-06-20 15:55:05,030 DEBUG - Adding type registration date -&gt; org.hibernate.type.DateType@511464c
org.hibernate.type.BasicTypeRegistry 2015-06-20 15:55:05,031 DEBUG - Adding type registration java.sql.Date -&gt; org.hibernate.type.DateType@511464c
org.hibernate.type.BasicTypeRegistry 2015-06-20 15:55:05,033 DEBUG - Adding type registration time -&gt; org.hibernate.type.TimeType@75357365
org.hibernate.type.BasicTypeRegistry 2015-06-20 15:55:05,033 DEBUG - Adding type registration java.sql.Time -&gt; org.hibernate.type.TimeType@75357365
org.hibernate.type.BasicTypeRegistry 2015-06-20 15:55:05,035 DEBUG - Adding type registration timestamp -&gt; org.hibernate.type.TimestampType@4086649f
org.hibernate.type.BasicTypeRegistry 2015-06-20 15:55:05,036 DEBUG - Adding type registration java.sql.Timestamp -&gt; org.hibernate.type.TimestampType@4086649f
org.hibernate.type.BasicTypeRegistry 2015-06-20 15:55:05,036 DEBUG - Adding type registration java.util.Date -&gt; org.hibernate.type.TimestampType@4086649f
org.hibernate.type.BasicTypeRegistry 2015-06-20 15:55:05,038 DEBUG - Adding type registration dbtimestamp -&gt; org.hibernate.type.DbTimestampType@1caa78ab
org.hibernate.type.BasicTypeRegistry 2015-06-20 15:55:05,040 DEBUG - Adding type registration calendar -&gt; org.hibernate.type.CalendarType@1f317315
org.hibernate.type.BasicTypeRegistry 2015-06-20 15:55:05,040 DEBUG - Adding type registration java.util.Calendar -&gt; org.hibernate.type.CalendarType@1f317315
org.hibernate.type.BasicTypeRegistry 2015-06-20 15:55:05,041 DEBUG - Adding type registration java.util.GregorianCalendar -&gt; org.hibernate.type.CalendarType@1f317315
org.hibernate.type.BasicTypeRegistry 2015-06-20 15:55:05,042 DEBUG - Adding type registration calendar_date -&gt; org.hibernate.type.CalendarDateType@1da9647b
org.hibernate.type.BasicTypeRegistry 2015-06-20 15:55:05,044 DEBUG - Adding type registration locale -&gt; org.hibernate.type.LocaleType@5b59af1b
org.hibernate.type.BasicTypeRegistry 2015-06-20 15:55:05,044 DEBUG - Adding type registration java.util.Locale -&gt; org.hibernate.type.LocaleType@5b59af1b
org.hibernate.type.BasicTypeRegistry 2015-06-20 15:55:05,046 DEBUG - Adding type registration currency -&gt; org.hibernate.type.CurrencyType@35b282cb
org.hibernate.type.BasicTypeRegistry 2015-06-20 15:55:05,046 DEBUG - Adding type registration java.util.Currency -&gt; org.hibernate.type.CurrencyType@35b282cb
org.hibernate.type.BasicTypeRegistry 2015-06-20 15:55:05,048 DEBUG - Adding type registration timezone -&gt; org.hibernate.type.TimeZoneType@36ab82ff
org.hibernate.type.BasicTypeRegistry 2015-06-20 15:55:05,048 DEBUG - Adding type registration java.util.TimeZone -&gt; org.hibernate.type.TimeZoneType@36ab82ff
org.hibernate.type.BasicTypeRegistry 2015-06-20 15:55:05,050 DEBUG - Adding type registration class -&gt; org.hibernate.type.ClassType@42de8a96
org.hibernate.type.BasicTypeRegistry 2015-06-20 15:55:05,051 DEBUG - Adding type registration java.lang.Class -&gt; org.hibernate.type.ClassType@42de8a96
org.hibernate.type.BasicTypeRegistry 2015-06-20 15:55:05,054 DEBUG - Adding type registration uuid-binary -&gt; org.hibernate.type.UUIDBinaryType@969f4cd
org.hibernate.type.BasicTypeRegistry 2015-06-20 15:55:05,054 DEBUG - Adding type registration java.util.UUID -&gt; org.hibernate.type.UUIDBinaryType@969f4cd
org.hibernate.type.BasicTypeRegistry 2015-06-20 15:55:05,055 DEBUG - Adding type registration uuid-char -&gt; org.hibernate.type.UUIDCharType@4da2a316
org.hibernate.type.BasicTypeRegistry 2015-06-20 15:55:05,057 DEBUG - Adding type registration pg-uuid -&gt; org.hibernate.type.PostgresUUIDType@7fe9de80
org.hibernate.type.BasicTypeRegistry 2015-06-20 15:55:05,058 DEBUG - Adding type registration binary -&gt; org.hibernate.type.BinaryType@1421f7e4
org.hibernate.type.BasicTypeRegistry 2015-06-20 15:55:05,059 DEBUG - Adding type registration byte[] -&gt; org.hibernate.type.BinaryType@1421f7e4
org.hibernate.type.BasicTypeRegistry 2015-06-20 15:55:05,059 DEBUG - Adding type registration [B -&gt; org.hibernate.type.BinaryType@1421f7e4
org.hibernate.type.BasicTypeRegistry 2015-06-20 15:55:05,061 DEBUG - Adding type registration wrapper-binary -&gt; org.hibernate.type.WrapperBinaryType@676adb67
org.hibernate.type.BasicTypeRegistry 2015-06-20 15:55:05,061 DEBUG - Adding type registration Byte[] -&gt; org.hibernate.type.WrapperBinaryType@676adb67
org.hibernate.type.BasicTypeRegistry 2015-06-20 15:55:05,061 DEBUG - Adding type registration [Ljava.lang.Byte; -&gt; org.hibernate.type.WrapperBinaryType@676adb67
org.hibernate.type.BasicTypeRegistry 2015-06-20 15:55:05,062 DEBUG - Adding type registration image -&gt; org.hibernate.type.ImageType@133a96cd
org.hibernate.type.BasicTypeRegistry 2015-06-20 15:55:05,063 DEBUG - Adding type registration characters -&gt; org.hibernate.type.CharArrayType@d86fc54
org.hibernate.type.BasicTypeRegistry 2015-06-20 15:55:05,064 DEBUG - Adding type registration char[] -&gt; org.hibernate.type.CharArrayType@d86fc54
org.hibernate.type.BasicTypeRegistry 2015-06-20 15:55:05,064 DEBUG - Adding type registration [C -&gt; org.hibernate.type.CharArrayType@d86fc54
org.hibernate.type.BasicTypeRegistry 2015-06-20 15:55:05,065 DEBUG - Adding type registration wrapper-characters -&gt; org.hibernate.type.CharacterArrayType@1b41b392
org.hibernate.type.BasicTypeRegistry 2015-06-20 15:55:05,065 DEBUG - Adding type registration [Ljava.lang.Character; -&gt; org.hibernate.type.CharacterArrayType@1b41b392
org.hibernate.type.BasicTypeRegistry 2015-06-20 15:55:05,066 DEBUG - Adding type registration Character[] -&gt; org.hibernate.type.CharacterArrayType@1b41b392
org.hibernate.type.BasicTypeRegistry 2015-06-20 15:55:05,067 DEBUG - Adding type registration text -&gt; org.hibernate.type.TextType@3a934cf4
org.hibernate.type.BasicTypeRegistry 2015-06-20 15:55:05,069 DEBUG - Adding type registration ntext -&gt; org.hibernate.type.NTextType@5a91f5a1
org.hibernate.type.BasicTypeRegistry 2015-06-20 15:55:05,074 DEBUG - Adding type registration blob -&gt; org.hibernate.type.BlobType@78a8ee09
org.hibernate.type.BasicTypeRegistry 2015-06-20 15:55:05,075 DEBUG - Adding type registration java.sql.Blob -&gt; org.hibernate.type.BlobType@78a8ee09
org.hibernate.type.BasicTypeRegistry 2015-06-20 15:55:05,076 DEBUG - Adding type registration materialized_blob -&gt; org.hibernate.type.MaterializedBlobType@3bf2ebae
org.hibernate.type.BasicTypeRegistry 2015-06-20 15:55:05,081 DEBUG - Adding type registration clob -&gt; org.hibernate.type.ClobType@394943b2
org.hibernate.type.BasicTypeRegistry 2015-06-20 15:55:05,081 DEBUG - Adding type registration java.sql.Clob -&gt; org.hibernate.type.ClobType@394943b2
org.hibernate.type.BasicTypeRegistry 2015-06-20 15:55:05,086 DEBUG - Adding type registration nclob -&gt; org.hibernate.type.NClobType@61b52c64
org.hibernate.type.BasicTypeRegistry 2015-06-20 15:55:05,086 DEBUG - Adding type registration java.sql.NClob -&gt; org.hibernate.type.NClobType@61b52c64
org.hibernate.type.BasicTypeRegistry 2015-06-20 15:55:05,087 DEBUG - Adding type registration materialized_clob -&gt; org.hibernate.type.MaterializedClobType@63ee39cc
org.hibernate.type.BasicTypeRegistry 2015-06-20 15:55:05,088 DEBUG - Adding type registration materialized_nclob -&gt; org.hibernate.type.MaterializedNClobType@7f938cc2
org.hibernate.type.BasicTypeRegistry 2015-06-20 15:55:05,089 DEBUG - Adding type registration serializable -&gt; org.hibernate.type.SerializableType@4b9ba20
org.hibernate.type.BasicTypeRegistry 2015-06-20 15:55:05,093 DEBUG - Adding type registration object -&gt; org.hibernate.type.ObjectType@588abfb1
org.hibernate.type.BasicTypeRegistry 2015-06-20 15:55:05,093 DEBUG - Adding type registration java.lang.Object -&gt; org.hibernate.type.ObjectType@588abfb1
org.hibernate.type.BasicTypeRegistry 2015-06-20 15:55:05,094 DEBUG - Adding type registration imm_date -&gt; org.hibernate.type.AdaptedImmutableType@33e0df33
org.hibernate.type.BasicTypeRegistry 2015-06-20 15:55:05,095 DEBUG - Adding type registration imm_time -&gt; org.hibernate.type.AdaptedImmutableType@705da7e0
org.hibernate.type.BasicTypeRegistry 2015-06-20 15:55:05,095 DEBUG - Adding type registration imm_timestamp -&gt; org.hibernate.type.AdaptedImmutableType@14b89cc2
org.hibernate.type.BasicTypeRegistry 2015-06-20 15:55:05,096 DEBUG - Adding type registration imm_dbtimestamp -&gt; org.hibernate.type.AdaptedImmutableType@643b8f2e
org.hibernate.type.BasicTypeRegistry 2015-06-20 15:55:05,096 DEBUG - Adding type registration imm_calendar -&gt; org.hibernate.type.AdaptedImmutableType@235486b
org.hibernate.type.BasicTypeRegistry 2015-06-20 15:55:05,096 DEBUG - Adding type registration imm_calendar_date -&gt; org.hibernate.type.AdaptedImmutableType@782569ee
org.hibernate.type.BasicTypeRegistry 2015-06-20 15:55:05,097 DEBUG - Adding type registration imm_binary -&gt; org.hibernate.type.AdaptedImmutableType@604dc5e1
org.hibernate.type.BasicTypeRegistry 2015-06-20 15:55:05,097 DEBUG - Adding type registration imm_serializable -&gt; org.hibernate.type.AdaptedImmutableType@11fa682c
org.hibernate.annotations.common.reflection.java.JavaReflectionManager 2015-06-20 15:55:05,118 INFO  - HCANN000001: Hibernate Commons Annotations {4.0.5.Final}
org.hibernate.Version 2015-06-20 15:55:05,126 INFO  - HHH000412: Hibernate Core {4.3.8.Final}
org.hibernate.cfg.Environment 2015-06-20 15:55:05,129 INFO  - HHH000206: hibernate.properties not found
org.hibernate.cfg.Environment 2015-06-20 15:55:05,131 INFO  - HHH000021: Bytecode provider name : javassist
org.hibernate.id.factory.internal.DefaultIdentifierGeneratorFactory 2015-06-20 15:55:05,147 DEBUG - Registering IdentifierGenerator strategy [uuid2] -&gt; [org.hibernate.id.UUIDGenerator]
org.hibernate.id.factory.internal.DefaultIdentifierGeneratorFactory 2015-06-20 15:55:05,148 DEBUG - Registering IdentifierGenerator strategy [guid] -&gt; [org.hibernate.id.GUIDGenerator]
org.hibernate.id.factory.internal.DefaultIdentifierGeneratorFactory 2015-06-20 15:55:05,148 DEBUG - Registering IdentifierGenerator strategy [uuid] -&gt; [org.hibernate.id.UUIDHexGenerator]
org.hibernate.id.factory.internal.DefaultIdentifierGeneratorFactory 2015-06-20 15:55:05,149 DEBUG - Registering IdentifierGenerator strategy [uuid.hex] -&gt; [org.hibernate.id.UUIDHexGenerator]
org.hibernate.id.factory.internal.DefaultIdentifierGeneratorFactory 2015-06-20 15:55:05,150 DEBUG - Registering IdentifierGenerator strategy [hilo] -&gt; [org.hibernate.id.TableHiLoGenerator]
org.hibernate.id.factory.internal.DefaultIdentifierGeneratorFactory 2015-06-20 15:55:05,151 DEBUG - Registering IdentifierGenerator strategy [assigned] -&gt; [org.hibernate.id.Assigned]
org.hibernate.id.factory.internal.DefaultIdentifierGeneratorFactory 2015-06-20 15:55:05,152 DEBUG - Registering IdentifierGenerator strategy [identity] -&gt; [org.hibernate.id.IdentityGenerator]
org.hibernate.id.factory.internal.DefaultIdentifierGeneratorFactory 2015-06-20 15:55:05,153 DEBUG - Registering IdentifierGenerator strategy [select] -&gt; [org.hibernate.id.SelectGenerator]
org.hibernate.id.factory.internal.DefaultIdentifierGeneratorFactory 2015-06-20 15:55:05,154 DEBUG - Registering IdentifierGenerator strategy [sequence] -&gt; [org.hibernate.id.SequenceGenerator]
org.hibernate.id.factory.internal.DefaultIdentifierGeneratorFactory 2015-06-20 15:55:05,154 DEBUG - Registering IdentifierGenerator strategy [seqhilo] -&gt; [org.hibernate.id.SequenceHiLoGenerator]
org.hibernate.id.factory.internal.DefaultIdentifierGeneratorFactory 2015-06-20 15:55:05,155 DEBUG - Registering IdentifierGenerator strategy [increment] -&gt; [org.hibernate.id.IncrementGenerator]
org.hibernate.id.factory.internal.DefaultIdentifierGeneratorFactory 2015-06-20 15:55:05,156 DEBUG - Registering IdentifierGenerator strategy [foreign] -&gt; [org.hibernate.id.ForeignGenerator]
org.hibernate.id.factory.internal.DefaultIdentifierGeneratorFactory 2015-06-20 15:55:05,156 DEBUG - Registering IdentifierGenerator strategy [sequence-identity] -&gt; [org.hibernate.id.SequenceIdentityGenerator]
org.hibernate.id.factory.internal.DefaultIdentifierGeneratorFactory 2015-06-20 15:55:05,157 DEBUG - Registering IdentifierGenerator strategy [enhanced-sequence] -&gt; [org.hibernate.id.enhanced.SequenceStyleGenerator]
org.hibernate.id.factory.internal.DefaultIdentifierGeneratorFactory 2015-06-20 15:55:05,158 DEBUG - Registering IdentifierGenerator strategy [enhanced-table] -&gt; [org.hibernate.id.enhanced.TableGenerator]
org.hibernate.integrator.internal.IntegratorServiceImpl 2015-06-20 15:55:05,174 DEBUG - Adding Integrator [org.hibernate.cfg.beanvalidation.BeanValidationIntegrator].
org.hibernate.integrator.internal.IntegratorServiceImpl 2015-06-20 15:55:05,177 DEBUG - Adding Integrator [org.hibernate.secure.spi.JaccIntegrator].
org.hibernate.integrator.internal.IntegratorServiceImpl 2015-06-20 15:55:05,178 DEBUG - Adding Integrator [org.hibernate.cache.internal.CollectionCacheInvalidator].
org.hibernate.boot.registry.selector.internal.StrategySelectorImpl 2015-06-20 15:55:05,184 TRACE - Registering named strategy selector [org.hibernate.dialect.Dialect] : [Cache71] -&gt; [org.hibernate.dialect.Cache71Dialect]
org.hibernate.boot.registry.selector.internal.StrategySelectorImpl 2015-06-20 15:55:05,185 TRACE - Registering named strategy selector [org.hibernate.dialect.Dialect] : [CUBRID] -&gt; [org.hibernate.dialect.CUBRIDDialect]
org.hibernate.boot.registry.selector.internal.StrategySelectorImpl 2015-06-20 15:55:05,186 TRACE - Registering named strategy selector [org.hibernate.dialect.Dialect] : [DB2] -&gt; [org.hibernate.dialect.DB2Dialect]
org.hibernate.boot.registry.selector.internal.StrategySelectorImpl 2015-06-20 15:55:05,187 TRACE - Registering named strategy selector [org.hibernate.dialect.Dialect] : [DB2390] -&gt; [org.hibernate.dialect.DB2390Dialect]
org.hibernate.boot.registry.selector.internal.StrategySelectorImpl 2015-06-20 15:55:05,188 TRACE - Registering named strategy selector [org.hibernate.dialect.Dialect] : [DB2400] -&gt; [org.hibernate.dialect.DB2400Dialect]
org.hibernate.boot.registry.selector.internal.StrategySelectorImpl 2015-06-20 15:55:05,189 TRACE - Registering named strategy selector [org.hibernate.dialect.Dialect] : [DerbyTenFive] -&gt; [org.hibernate.dialect.DerbyTenFiveDialect]
org.hibernate.boot.registry.selector.internal.StrategySelectorImpl 2015-06-20 15:55:05,190 TRACE - Registering named strategy selector [org.hibernate.dialect.Dialect] : [DerbyTenSix] -&gt; [org.hibernate.dialect.DerbyTenSixDialect]
org.hibernate.boot.registry.selector.internal.StrategySelectorImpl 2015-06-20 15:55:05,191 TRACE - Registering named strategy selector [org.hibernate.dialect.Dialect] : [DerbyTenSeven] -&gt; [org.hibernate.dialect.DerbyTenSevenDialect]
org.hibernate.boot.registry.selector.internal.StrategySelectorImpl 2015-06-20 15:55:05,193 TRACE - Registering named strategy selector [org.hibernate.dialect.Dialect] : [Firebird] -&gt; [org.hibernate.dialect.FirebirdDialect]
org.hibernate.boot.registry.selector.internal.StrategySelectorImpl 2015-06-20 15:55:05,194 TRACE - Registering named strategy selector [org.hibernate.dialect.Dialect] : [FrontBase] -&gt; [org.hibernate.dialect.FrontBaseDialect]
org.hibernate.boot.registry.selector.internal.StrategySelectorImpl 2015-06-20 15:55:05,195 TRACE - Registering named strategy selector [org.hibernate.dialect.Dialect] : [H2] -&gt; [org.hibernate.dialect.H2Dialect]
org.hibernate.boot.registry.selector.internal.StrategySelectorImpl 2015-06-20 15:55:05,196 TRACE - Registering named strategy selector [org.hibernate.dialect.Dialect] : [HSQL] -&gt; [org.hibernate.dialect.HSQLDialect]
org.hibernate.boot.registry.selector.internal.StrategySelectorImpl 2015-06-20 15:55:05,197 TRACE - Registering named strategy selector [org.hibernate.dialect.Dialect] : [Informix] -&gt; [org.hibernate.dialect.InformixDialect]
org.hibernate.boot.registry.selector.internal.StrategySelectorImpl 2015-06-20 15:55:05,198 TRACE - Registering named strategy selector [org.hibernate.dialect.Dialect] : [Ingres] -&gt; [org.hibernate.dialect.IngresDialect]
org.hibernate.boot.registry.selector.internal.StrategySelectorImpl 2015-06-20 15:55:05,199 TRACE - Registering named strategy selector [org.hibernate.dialect.Dialect] : [Ingres9] -&gt; [org.hibernate.dialect.Ingres9Dialect]
org.hibernate.boot.registry.selector.internal.StrategySelectorImpl 2015-06-20 15:55:05,199 TRACE - Registering named strategy selector [org.hibernate.dialect.Dialect] : [Ingres10] -&gt; [org.hibernate.dialect.Ingres10Dialect]
org.hibernate.boot.registry.selector.internal.StrategySelectorImpl 2015-06-20 15:55:05,200 TRACE - Registering named strategy selector [org.hibernate.dialect.Dialect] : [Interbase] -&gt; [org.hibernate.dialect.InterbaseDialect]
org.hibernate.boot.registry.selector.internal.StrategySelectorImpl 2015-06-20 15:55:05,200 TRACE - Registering named strategy selector [org.hibernate.dialect.Dialect] : [JDataStore] -&gt; [org.hibernate.dialect.JDataStoreDialect]
org.hibernate.boot.registry.selector.internal.StrategySelectorImpl 2015-06-20 15:55:05,201 TRACE - Registering named strategy selector [org.hibernate.dialect.Dialect] : [Mckoi] -&gt; [org.hibernate.dialect.MckoiDialect]
org.hibernate.boot.registry.selector.internal.StrategySelectorImpl 2015-06-20 15:55:05,202 TRACE - Registering named strategy selector [org.hibernate.dialect.Dialect] : [MimerSQL] -&gt; [org.hibernate.dialect.MimerSQLDialect]
org.hibernate.boot.registry.selector.internal.StrategySelectorImpl 2015-06-20 15:55:05,203 TRACE - Registering named strategy selector [org.hibernate.dialect.Dialect] : [MySQL5] -&gt; [org.hibernate.dialect.MySQL5Dialect]
org.hibernate.boot.registry.selector.internal.StrategySelectorImpl 2015-06-20 15:55:05,204 TRACE - Registering named strategy selector [org.hibernate.dialect.Dialect] : [MySQL5InnoDB] -&gt; [org.hibernate.dialect.MySQL5InnoDBDialect]
org.hibernate.boot.registry.selector.internal.StrategySelectorImpl 2015-06-20 15:55:05,204 DEBUG - Registering named strategy selector [org.hibernate.dialect.Dialect] : [MySQL5] -&gt; [org.hibernate.dialect.MySQL5Dialect] (replacing [org.hibernate.dialect.MySQL5Dialect])
org.hibernate.boot.registry.selector.internal.StrategySelectorImpl 2015-06-20 15:55:05,205 DEBUG - Registering named strategy selector [org.hibernate.dialect.Dialect] : [MySQL5InnoDB] -&gt; [org.hibernate.dialect.MySQL5InnoDBDialect] (replacing [org.hibernate.dialect.MySQL5InnoDBDialect])
org.hibernate.boot.registry.selector.internal.StrategySelectorImpl 2015-06-20 15:55:05,206 TRACE - Registering named strategy selector [org.hibernate.dialect.Dialect] : [Oracle8i] -&gt; [org.hibernate.dialect.Oracle8iDialect]
org.hibernate.boot.registry.selector.internal.StrategySelectorImpl 2015-06-20 15:55:05,206 TRACE - Registering named strategy selector [org.hibernate.dialect.Dialect] : [Oracle9i] -&gt; [org.hibernate.dialect.Oracle9iDialect]
org.hibernate.boot.registry.selector.internal.StrategySelectorImpl 2015-06-20 15:55:05,207 TRACE - Registering named strategy selector [org.hibernate.dialect.Dialect] : [Oracle10g] -&gt; [org.hibernate.dialect.Oracle10gDialect]
org.hibernate.boot.registry.selector.internal.StrategySelectorImpl 2015-06-20 15:55:05,208 TRACE - Registering named strategy selector [org.hibernate.dialect.Dialect] : [Pointbase] -&gt; [org.hibernate.dialect.PointbaseDialect]
org.hibernate.boot.registry.selector.internal.StrategySelectorImpl 2015-06-20 15:55:05,219 TRACE - Registering named strategy selector [org.hibernate.dialect.Dialect] : [PostgresPlus] -&gt; [org.hibernate.dialect.PostgresPlusDialect]
org.hibernate.boot.registry.selector.internal.StrategySelectorImpl 2015-06-20 15:55:05,219 TRACE - Registering named strategy selector [org.hibernate.dialect.Dialect] : [PostgreSQL81] -&gt; [org.hibernate.dialect.PostgreSQL81Dialect]
org.hibernate.boot.registry.selector.internal.StrategySelectorImpl 2015-06-20 15:55:05,220 TRACE - Registering named strategy selector [org.hibernate.dialect.Dialect] : [PostgreSQL82] -&gt; [org.hibernate.dialect.PostgreSQL82Dialect]
org.hibernate.boot.registry.selector.internal.StrategySelectorImpl 2015-06-20 15:55:05,221 TRACE - Registering named strategy selector [org.hibernate.dialect.Dialect] : [PostgreSQL9] -&gt; [org.hibernate.dialect.PostgreSQL9Dialect]
org.hibernate.boot.registry.selector.internal.StrategySelectorImpl 2015-06-20 15:55:05,221 TRACE - Registering named strategy selector [org.hibernate.dialect.Dialect] : [Progress] -&gt; [org.hibernate.dialect.ProgressDialect]
org.hibernate.boot.registry.selector.internal.StrategySelectorImpl 2015-06-20 15:55:05,222 TRACE - Registering named strategy selector [org.hibernate.dialect.Dialect] : [SAPDB] -&gt; [org.hibernate.dialect.SAPDBDialect]
org.hibernate.boot.registry.selector.internal.StrategySelectorImpl 2015-06-20 15:55:05,224 TRACE - Registering named strategy selector [org.hibernate.dialect.Dialect] : [SQLServer] -&gt; [org.hibernate.dialect.SQLServerDialect]
org.hibernate.boot.registry.selector.internal.StrategySelectorImpl 2015-06-20 15:55:05,225 TRACE - Registering named strategy selector [org.hibernate.dialect.Dialect] : [SQLServer2005] -&gt; [org.hibernate.dialect.SQLServer2005Dialect]
org.hibernate.boot.registry.selector.internal.StrategySelectorImpl 2015-06-20 15:55:05,225 TRACE - Registering named strategy selector [org.hibernate.dialect.Dialect] : [SQLServer2008] -&gt; [org.hibernate.dialect.SQLServer2008Dialect]
org.hibernate.boot.registry.selector.internal.StrategySelectorImpl 2015-06-20 15:55:05,226 TRACE - Registering named strategy selector [org.hibernate.dialect.Dialect] : [Sybase11] -&gt; [org.hibernate.dialect.Sybase11Dialect]
org.hibernate.boot.registry.selector.internal.StrategySelectorImpl 2015-06-20 15:55:05,227 TRACE - Registering named strategy selector [org.hibernate.dialect.Dialect] : [SybaseAnywhere] -&gt; [org.hibernate.dialect.SybaseAnywhereDialect]
org.hibernate.boot.registry.selector.internal.StrategySelectorImpl 2015-06-20 15:55:05,228 TRACE - Registering named strategy selector [org.hibernate.dialect.Dialect] : [SybaseASE15] -&gt; [org.hibernate.dialect.SybaseASE15Dialect]
org.hibernate.boot.registry.selector.internal.StrategySelectorImpl 2015-06-20 15:55:05,229 TRACE - Registering named strategy selector [org.hibernate.dialect.Dialect] : [SybaseASE157] -&gt; [org.hibernate.dialect.SybaseASE157Dialect]
org.hibernate.boot.registry.selector.internal.StrategySelectorImpl 2015-06-20 15:55:05,230 TRACE - Registering named strategy selector [org.hibernate.dialect.Dialect] : [Teradata] -&gt; [org.hibernate.dialect.TeradataDialect]
org.hibernate.boot.registry.selector.internal.StrategySelectorImpl 2015-06-20 15:55:05,231 TRACE - Registering named strategy selector [org.hibernate.dialect.Dialect] : [TimesTen] -&gt; [org.hibernate.dialect.TimesTenDialect]
org.hibernate.boot.registry.selector.internal.StrategySelectorImpl 2015-06-20 15:55:05,233 TRACE - Registering named strategy selector [org.hibernate.engine.transaction.jta.platform.spi.JtaPlatform] : [Borland] -&gt; [org.hibernate.engine.transaction.jta.platform.internal.BorlandEnterpriseServerJtaPlatform]
org.hibernate.boot.registry.selector.internal.StrategySelectorImpl 2015-06-20 15:55:05,233 TRACE - Registering named strategy selector [org.hibernate.engine.transaction.jta.platform.spi.JtaPlatform] : [org.hibernate.service.jta.platform.internal.BorlandEnterpriseServerJtaPlatform] -&gt; [org.hibernate.engine.transaction.jta.platform.internal.BorlandEnterpriseServerJtaPlatform]
org.hibernate.boot.registry.selector.internal.StrategySelectorImpl 2015-06-20 15:55:05,234 TRACE - Registering named strategy selector [org.hibernate.engine.transaction.jta.platform.spi.JtaPlatform] : [Bitronix] -&gt; [org.hibernate.engine.transaction.jta.platform.internal.BitronixJtaPlatform]
org.hibernate.boot.registry.selector.internal.StrategySelectorImpl 2015-06-20 15:55:05,235 TRACE - Registering named strategy selector [org.hibernate.engine.transaction.jta.platform.spi.JtaPlatform] : [org.hibernate.service.jta.platform.internal.BitronixJtaPlatform] -&gt; [org.hibernate.engine.transaction.jta.platform.internal.BitronixJtaPlatform]
org.hibernate.boot.registry.selector.internal.StrategySelectorImpl 2015-06-20 15:55:05,235 TRACE - Registering named strategy selector [org.hibernate.engine.transaction.jta.platform.spi.JtaPlatform] : [JBossAS] -&gt; [org.hibernate.engine.transaction.jta.platform.internal.JBossAppServerJtaPlatform]
org.hibernate.boot.registry.selector.internal.StrategySelectorImpl 2015-06-20 15:55:05,236 TRACE - Registering named strategy selector [org.hibernate.engine.transaction.jta.platform.spi.JtaPlatform] : [org.hibernate.service.jta.platform.internal.JBossAppServerJtaPlatform] -&gt; [org.hibernate.engine.transaction.jta.platform.internal.JBossAppServerJtaPlatform]
org.hibernate.boot.registry.selector.internal.StrategySelectorImpl 2015-06-20 15:55:05,236 TRACE - Registering named strategy selector [org.hibernate.engine.transaction.jta.platform.spi.JtaPlatform] : [JBossTS] -&gt; [org.hibernate.engine.transaction.jta.platform.internal.JBossStandAloneJtaPlatform]
org.hibernate.boot.registry.selector.internal.StrategySelectorImpl 2015-06-20 15:55:05,237 TRACE - Registering named strategy selector [org.hibernate.engine.transaction.jta.platform.spi.JtaPlatform] : [org.hibernate.service.jta.platform.internal.JBossStandAloneJtaPlatform] -&gt; [org.hibernate.engine.transaction.jta.platform.internal.JBossStandAloneJtaPlatform]
org.hibernate.boot.registry.selector.internal.StrategySelectorImpl 2015-06-20 15:55:05,237 TRACE - Registering named strategy selector [org.hibernate.engine.transaction.jta.platform.spi.JtaPlatform] : [JOnAS] -&gt; [org.hibernate.engine.transaction.jta.platform.internal.JOnASJtaPlatform]
org.hibernate.boot.registry.selector.internal.StrategySelectorImpl 2015-06-20 15:55:05,238 TRACE - Registering named strategy selector [org.hibernate.engine.transaction.jta.platform.spi.JtaPlatform] : [org.hibernate.service.jta.platform.internal.JOnASJtaPlatform] -&gt; [org.hibernate.engine.transaction.jta.platform.internal.JOnASJtaPlatform]
org.hibernate.boot.registry.selector.internal.StrategySelectorImpl 2015-06-20 15:55:05,239 TRACE - Registering named strategy selector [org.hibernate.engine.transaction.jta.platform.spi.JtaPlatform] : [JOTM] -&gt; [org.hibernate.engine.transaction.jta.platform.internal.JOTMJtaPlatform]
org.hibernate.boot.registry.selector.internal.StrategySelectorImpl 2015-06-20 15:55:05,239 TRACE - Registering named strategy selector [org.hibernate.engine.transaction.jta.platform.spi.JtaPlatform] : [org.hibernate.service.jta.platform.internal.JOTMJtaPlatform] -&gt; [org.hibernate.engine.transaction.jta.platform.internal.JOTMJtaPlatform]
org.hibernate.boot.registry.selector.internal.StrategySelectorImpl 2015-06-20 15:55:05,240 TRACE - Registering named strategy selector [org.hibernate.engine.transaction.jta.platform.spi.JtaPlatform] : [JRun4] -&gt; [org.hibernate.engine.transaction.jta.platform.internal.JRun4JtaPlatform]
org.hibernate.boot.registry.selector.internal.StrategySelectorImpl 2015-06-20 15:55:05,241 TRACE - Registering named strategy selector [org.hibernate.engine.transaction.jta.platform.spi.JtaPlatform] : [org.hibernate.service.jta.platform.internal.JRun4JtaPlatform] -&gt; [org.hibernate.engine.transaction.jta.platform.internal.JRun4JtaPlatform]
org.hibernate.boot.registry.selector.internal.StrategySelectorImpl 2015-06-20 15:55:05,241 TRACE - Registering named strategy selector [org.hibernate.engine.transaction.jta.platform.spi.JtaPlatform] : [OC4J] -&gt; [org.hibernate.engine.transaction.jta.platform.internal.OC4JJtaPlatform]
org.hibernate.boot.registry.selector.internal.StrategySelectorImpl 2015-06-20 15:55:05,242 TRACE - Registering named strategy selector [org.hibernate.engine.transaction.jta.platform.spi.JtaPlatform] : [org.hibernate.service.jta.platform.internal.OC4JJtaPlatform] -&gt; [org.hibernate.engine.transaction.jta.platform.internal.OC4JJtaPlatform]
org.hibernate.boot.registry.selector.internal.StrategySelectorImpl 2015-06-20 15:55:05,242 TRACE - Registering named strategy selector [org.hibernate.engine.transaction.jta.platform.spi.JtaPlatform] : [Orion] -&gt; [org.hibernate.engine.transaction.jta.platform.internal.OrionJtaPlatform]
org.hibernate.boot.registry.selector.internal.StrategySelectorImpl 2015-06-20 15:55:05,243 TRACE - Registering named strategy selector [org.hibernate.engine.transaction.jta.platform.spi.JtaPlatform] : [org.hibernate.service.jta.platform.internal.OrionJtaPlatform] -&gt; [org.hibernate.engine.transaction.jta.platform.internal.OrionJtaPlatform]
org.hibernate.boot.registry.selector.internal.StrategySelectorImpl 2015-06-20 15:55:05,244 TRACE - Registering named strategy selector [org.hibernate.engine.transaction.jta.platform.spi.JtaPlatform] : [Resin] -&gt; [org.hibernate.engine.transaction.jta.platform.internal.ResinJtaPlatform]
org.hibernate.boot.registry.selector.internal.StrategySelectorImpl 2015-06-20 15:55:05,244 TRACE - Registering named strategy selector [org.hibernate.engine.transaction.jta.platform.spi.JtaPlatform] : [org.hibernate.service.jta.platform.internal.ResinJtaPlatform] -&gt; [org.hibernate.engine.transaction.jta.platform.internal.ResinJtaPlatform]
org.hibernate.boot.registry.selector.internal.StrategySelectorImpl 2015-06-20 15:55:05,245 TRACE - Registering named strategy selector [org.hibernate.engine.transaction.jta.platform.spi.JtaPlatform] : [SunOne] -&gt; [org.hibernate.engine.transaction.jta.platform.internal.SunOneJtaPlatform]
org.hibernate.boot.registry.selector.internal.StrategySelectorImpl 2015-06-20 15:55:05,246 TRACE - Registering named strategy selector [org.hibernate.engine.transaction.jta.platform.spi.JtaPlatform] : [org.hibernate.service.jta.platform.internal.SunOneJtaPlatform] -&gt; [org.hibernate.engine.transaction.jta.platform.internal.SunOneJtaPlatform]
org.hibernate.boot.registry.selector.internal.StrategySelectorImpl 2015-06-20 15:55:05,247 TRACE - Registering named strategy selector [org.hibernate.engine.transaction.jta.platform.spi.JtaPlatform] : [Weblogic] -&gt; [org.hibernate.engine.transaction.jta.platform.internal.WeblogicJtaPlatform]
org.hibernate.boot.registry.selector.internal.StrategySelectorImpl 2015-06-20 15:55:05,248 TRACE - Registering named strategy selector [org.hibernate.engine.transaction.jta.platform.spi.JtaPlatform] : [org.hibernate.service.jta.platform.internal.WeblogicJtaPlatform] -&gt; [org.hibernate.engine.transaction.jta.platform.internal.WeblogicJtaPlatform]
org.hibernate.boot.registry.selector.internal.StrategySelectorImpl 2015-06-20 15:55:05,249 TRACE - Registering named strategy selector [org.hibernate.engine.transaction.jta.platform.spi.JtaPlatform] : [WebSphere] -&gt; [org.hibernate.engine.transaction.jta.platform.internal.WebSphereJtaPlatform]
org.hibernate.boot.registry.selector.internal.StrategySelectorImpl 2015-06-20 15:55:05,250 TRACE - Registering named strategy selector [org.hibernate.engine.transaction.jta.platform.spi.JtaPlatform] : [org.hibernate.service.jta.platform.internal.WebSphereJtaPlatform] -&gt; [org.hibernate.engine.transaction.jta.platform.internal.WebSphereJtaPlatform]
org.hibernate.boot.registry.selector.internal.StrategySelectorImpl 2015-06-20 15:55:05,251 TRACE - Registering named strategy selector [org.hibernate.engine.transaction.jta.platform.spi.JtaPlatform] : [WebSphereExtended] -&gt; [org.hibernate.engine.transaction.jta.platform.internal.WebSphereExtendedJtaPlatform]
org.hibernate.boot.registry.selector.internal.StrategySelectorImpl 2015-06-20 15:55:05,251 TRACE - Registering named strategy selector [org.hibernate.engine.transaction.jta.platform.spi.JtaPlatform] : [org.hibernate.service.jta.platform.internal.WebSphereExtendedJtaPlatform] -&gt; [org.hibernate.engine.transaction.jta.platform.internal.WebSphereExtendedJtaPlatform]
org.hibernate.boot.registry.selector.internal.StrategySelectorImpl 2015-06-20 15:55:05,253 TRACE - Registering named strategy selector [org.hibernate.engine.transaction.spi.TransactionFactory] : [jdbc] -&gt; [org.hibernate.engine.transaction.internal.jdbc.JdbcTransactionFactory]
org.hibernate.boot.registry.selector.internal.StrategySelectorImpl 2015-06-20 15:55:05,254 TRACE - Registering named strategy selector [org.hibernate.engine.transaction.spi.TransactionFactory] : [org.hibernate.transaction.JDBCTransactionFactory] -&gt; [org.hibernate.engine.transaction.internal.jdbc.JdbcTransactionFactory]
org.hibernate.boot.registry.selector.internal.StrategySelectorImpl 2015-06-20 15:55:05,255 TRACE - Registering named strategy selector [org.hibernate.engine.transaction.spi.TransactionFactory] : [jta] -&gt; [org.hibernate.engine.transaction.internal.jta.JtaTransactionFactory]
org.hibernate.boot.registry.selector.internal.StrategySelectorImpl 2015-06-20 15:55:05,256 TRACE - Registering named strategy selector [org.hibernate.engine.transaction.spi.TransactionFactory] : [org.hibernate.transaction.JTATransactionFactory] -&gt; [org.hibernate.engine.transaction.internal.jta.JtaTransactionFactory]
org.hibernate.boot.registry.selector.internal.StrategySelectorImpl 2015-06-20 15:55:05,257 TRACE - Registering named strategy selector [org.hibernate.engine.transaction.spi.TransactionFactory] : [cmt] -&gt; [org.hibernate.engine.transaction.internal.jta.CMTTransactionFactory]
org.hibernate.boot.registry.selector.internal.StrategySelectorImpl 2015-06-20 15:55:05,257 TRACE - Registering named strategy selector [org.hibernate.engine.transaction.spi.TransactionFactory] : [org.hibernate.transaction.CMTTransactionFactory] -&gt; [org.hibernate.engine.transaction.internal.jta.CMTTransactionFactory]
org.hibernate.boot.registry.selector.internal.StrategySelectorImpl 2015-06-20 15:55:05,258 TRACE - Registering named strategy selector [org.hibernate.hql.spi.MultiTableBulkIdStrategy] : [persistent] -&gt; [org.hibernate.hql.spi.PersistentTableBulkIdStrategy]
org.hibernate.boot.registry.selector.internal.StrategySelectorImpl 2015-06-20 15:55:05,260 TRACE - Registering named strategy selector [org.hibernate.hql.spi.MultiTableBulkIdStrategy] : [temporary] -&gt; [org.hibernate.hql.spi.TemporaryTableBulkIdStrategy]
org.hibernate.boot.registry.selector.internal.StrategySelectorImpl 2015-06-20 15:55:05,261 TRACE - Registering named strategy selector [org.hibernate.event.spi.EntityCopyObserver] : [disallow] -&gt; [org.hibernate.event.internal.EntityCopyNotAllowedObserver]
org.hibernate.boot.registry.selector.internal.StrategySelectorImpl 2015-06-20 15:55:05,262 TRACE - Registering named strategy selector [org.hibernate.event.spi.EntityCopyObserver] : [allow] -&gt; [org.hibernate.event.internal.EntityCopyAllowedObserver]
org.hibernate.boot.registry.selector.internal.StrategySelectorImpl 2015-06-20 15:55:05,263 TRACE - Registering named strategy selector [org.hibernate.event.spi.EntityCopyObserver] : [log] -&gt; [org.hibernate.event.internal.EntityCopyAllowedLoggedObserver]
org.hibernate.boot.registry.selector.internal.StrategySelectorImpl 2015-06-20 15:55:05,267 TRACE - Registering named strategy selector [org.hibernate.cache.spi.RegionFactory] : [ehcache] -&gt; [org.hibernate.cache.ehcache.EhCacheRegionFactory]
org.hibernate.boot.registry.selector.internal.StrategySelectorImpl 2015-06-20 15:55:05,268 TRACE - Registering named strategy selector [org.hibernate.cache.spi.RegionFactory] : [org.hibernate.cache.ehcache.EhCacheRegionFactory] -&gt; [org.hibernate.cache.ehcache.EhCacheRegionFactory]
org.hibernate.boot.registry.selector.internal.StrategySelectorImpl 2015-06-20 15:55:05,268 TRACE - Registering named strategy selector [org.hibernate.cache.spi.RegionFactory] : [EhCacheRegionFactory] -&gt; [org.hibernate.cache.ehcache.EhCacheRegionFactory]
org.hibernate.boot.registry.selector.internal.StrategySelectorImpl 2015-06-20 15:55:05,269 TRACE - Registering named strategy selector [org.hibernate.cache.spi.RegionFactory] : [org.hibernate.cache.EhCacheRegionFactory] -&gt; [org.hibernate.cache.ehcache.EhCacheRegionFactory]
org.hibernate.boot.registry.selector.internal.StrategySelectorImpl 2015-06-20 15:55:05,269 TRACE - Registering named strategy selector [org.hibernate.cache.spi.RegionFactory] : [ehcache-singleton] -&gt; [org.hibernate.cache.ehcache.SingletonEhCacheRegionFactory]
org.hibernate.boot.registry.selector.internal.StrategySelectorImpl 2015-06-20 15:55:05,270 TRACE - Registering named strategy selector [org.hibernate.cache.spi.RegionFactory] : [org.hibernate.cache.ehcache.SingletonEhCacheRegionFactory] -&gt; [org.hibernate.cache.ehcache.SingletonEhCacheRegionFactory]
org.hibernate.boot.registry.selector.internal.StrategySelectorImpl 2015-06-20 15:55:05,270 TRACE - Registering named strategy selector [org.hibernate.cache.spi.RegionFactory] : [SingletonEhCacheRegionFactory] -&gt; [org.hibernate.cache.ehcache.SingletonEhCacheRegionFactory]
org.hibernate.boot.registry.selector.internal.StrategySelectorImpl 2015-06-20 15:55:05,271 TRACE - Registering named strategy selector [org.hibernate.cache.spi.RegionFactory] : [org.hibernate.cache.SingletonEhCacheRegionFactory] -&gt; [org.hibernate.cache.ehcache.SingletonEhCacheRegionFactory]
org.hibernate.service.spi.ServiceBinding 2015-06-20 15:55:05,306 DEBUG - Overriding existing service binding [org.hibernate.secure.spi.JaccService]
org.hibernate.cfg.Configuration 2015-06-20 15:55:05,307 DEBUG - Preparing to build session factory with filters : {}
org.hibernate.service.internal.AbstractServiceRegistryImpl 2015-06-20 15:55:05,308 TRACE - Initializing service [role=org.hibernate.engine.jdbc.spi.JdbcServices]
org.hibernate.service.internal.AbstractServiceRegistryImpl 2015-06-20 15:55:05,316 TRACE - Initializing service [role=org.hibernate.engine.jdbc.connections.spi.ConnectionProvider]
org.hibernate.service.internal.AbstractServiceRegistryImpl 2015-06-20 15:55:05,319 TRACE - Initializing service [role=org.hibernate.engine.jndi.spi.JndiService]
org.hibernate.service.internal.AbstractServiceRegistryImpl 2015-06-20 15:55:05,324 TRACE - Initializing service [role=org.hibernate.engine.jdbc.dialect.spi.DialectFactory]
org.hibernate.service.internal.AbstractServiceRegistryImpl 2015-06-20 15:55:05,325 TRACE - Initializing service [role=org.hibernate.engine.jdbc.dialect.spi.DialectResolver]
org.hibernate.engine.jdbc.internal.JdbcServicesImpl 2015-06-20 15:55:05,537 WARN  - HHH000342: Could not obtain connection to query metadata : Cannot create PoolableConnectionFactory (Unknown database &apos;newspaperhibtest&apos;)
org.hibernate.dialect.Dialect 2015-06-20 15:55:05,546 INFO  - HHH000400: Using dialect: org.hibernate.dialect.MySQLDialect
org.hibernate.engine.jdbc.internal.LobCreatorBuilder 2015-06-20 15:55:05,557 INFO  - HHH000422: Disabling contextual LOB creation as connection was null
org.hibernate.cfg.Configuration 2015-06-20 15:55:05,566 TRACE - Starting secondPassCompile() processing
org.hibernate.cfg.Configuration$MetadataSourceQueue 2015-06-20 15:55:05,591 DEBUG - Processing hbm.xml files
org.hibernate.cfg.Configuration$MetadataSourceQueue 2015-06-20 15:55:05,591 DEBUG - Process annotated classes
org.hibernate.cfg.AnnotationBinder 2015-06-20 15:55:05,595 DEBUG - Binding entity from annotated class: pojos.Permissions
org.hibernate.cfg.Ejb3Column 2015-06-20 15:55:05,618 DEBUG - Binding column: Ejb3DiscriminatorColumn{logicalColumnName&apos;DTYPE&apos;, discriminatorTypeName=&apos;string&apos;}
org.hibernate.cfg.annotations.EntityBinder 2015-06-20 15:55:05,624 DEBUG - Import with entity name Permissions
org.hibernate.cfg.annotations.EntityBinder 2015-06-20 15:55:05,629 DEBUG - Bind entity pojos.Permissions on table Permissions
org.hibernate.cfg.AnnotationBinder 2015-06-20 15:55:05,662 TRACE - Processing annotations of pojos.Permissions.roleId
org.hibernate.cfg.Ejb3Column 2015-06-20 15:55:05,669 DEBUG - Binding column: Ejb3Column{table=org.hibernate.mapping.Table(Permissions), mappingColumn=roleId, insertable=true, updatable=true, unique=false}
org.hibernate.cfg.annotations.PropertyBinder 2015-06-20 15:55:05,674 DEBUG - MetadataSourceProcessor property roleId with lazy=false
org.hibernate.cfg.AbstractPropertyHolder 2015-06-20 15:55:05,676 DEBUG - Attempting to locate auto-apply AttributeConverter for property [pojos.Permissions:roleId]
org.hibernate.cfg.annotations.SimpleValueBinder 2015-06-20 15:55:05,678 DEBUG - building SimpleValue for roleId
org.hibernate.cfg.annotations.PropertyBinder 2015-06-20 15:55:05,679 DEBUG - Building property roleId
org.hibernate.cfg.annotations.PropertyBinder 2015-06-20 15:55:05,683 TRACE - Cascading roleId with null
org.hibernate.cfg.AnnotationBinder 2015-06-20 15:55:05,684 TRACE - Add generic generator with name: gen
org.hibernate.cfg.AnnotationBinder 2015-06-20 15:55:05,687 TRACE - Bind @Id on roleId
org.hibernate.cfg.AnnotationBinder 2015-06-20 15:55:05,688 TRACE - Processing annotations of pojos.Permissions.addNews
org.hibernate.cfg.Ejb3Column 2015-06-20 15:55:05,688 DEBUG - Binding column: Ejb3Column{table=org.hibernate.mapping.Table(Permissions), mappingColumn=addNews, insertable=true, updatable=true, unique=false}
org.hibernate.cfg.annotations.PropertyBinder 2015-06-20 15:55:05,688 DEBUG - MetadataSourceProcessor property addNews with lazy=false
org.hibernate.cfg.AbstractPropertyHolder 2015-06-20 15:55:05,689 DEBUG - Attempting to locate auto-apply AttributeConverter for property [pojos.Permissions:addNews]
org.hibernate.cfg.annotations.SimpleValueBinder 2015-06-20 15:55:05,689 DEBUG - building SimpleValue for addNews
org.hibernate.cfg.annotations.PropertyBinder 2015-06-20 15:55:05,689 DEBUG - Building property addNews
org.hibernate.cfg.annotations.PropertyBinder 2015-06-20 15:55:05,690 TRACE - Cascading addNews with null
org.hibernate.cfg.AnnotationBinder 2015-06-20 15:55:05,690 TRACE - Processing annotations of pojos.Permissions.deleteNews
org.hibernate.cfg.Ejb3Column 2015-06-20 15:55:05,691 DEBUG - Binding column: Ejb3Column{table=org.hibernate.mapping.Table(Permissions), mappingColumn=deleteNews, insertable=true, updatable=true, unique=false}
org.hibernate.cfg.annotations.PropertyBinder 2015-06-20 15:55:05,691 DEBUG - MetadataSourceProcessor property deleteNews with lazy=false
org.hibernate.cfg.AbstractPropertyHolder 2015-06-20 15:55:05,691 DEBUG - Attempting to locate auto-apply AttributeConverter for property [pojos.Permissions:deleteNews]
org.hibernate.cfg.annotations.SimpleValueBinder 2015-06-20 15:55:05,692 DEBUG - building SimpleValue for deleteNews
org.hibernate.cfg.annotations.PropertyBinder 2015-06-20 15:55:05,692 DEBUG - Building property deleteNews
org.hibernate.cfg.annotations.PropertyBinder 2015-06-20 15:55:05,692 TRACE - Cascading deleteNews with null
org.hibernate.cfg.AnnotationBinder 2015-06-20 15:55:05,692 TRACE - Processing annotations of pojos.Permissions.readNews
org.hibernate.cfg.Ejb3Column 2015-06-20 15:55:05,693 DEBUG - Binding column: Ejb3Column{table=org.hibernate.mapping.Table(Permissions), mappingColumn=readNews, insertable=true, updatable=true, unique=false}
org.hibernate.cfg.annotations.PropertyBinder 2015-06-20 15:55:05,693 DEBUG - MetadataSourceProcessor property readNews with lazy=false
org.hibernate.cfg.AbstractPropertyHolder 2015-06-20 15:55:05,694 DEBUG - Attempting to locate auto-apply AttributeConverter for property [pojos.Permissions:readNews]
org.hibernate.cfg.annotations.SimpleValueBinder 2015-06-20 15:55:05,694 DEBUG - building SimpleValue for readNews
org.hibernate.cfg.annotations.PropertyBinder 2015-06-20 15:55:05,694 DEBUG - Building property readNews
org.hibernate.cfg.annotations.PropertyBinder 2015-06-20 15:55:05,694 TRACE - Cascading readNews with null
org.hibernate.cfg.AnnotationBinder 2015-06-20 15:55:05,695 TRACE - Processing annotations of pojos.Permissions.role
org.hibernate.cfg.Ejb3Column 2015-06-20 15:55:05,696 DEBUG - Binding column: Ejb3JoinColumn{logicalColumnName=&apos;role&apos;, referencedColumn=&apos;&apos;, mappedBy=&apos;&apos;}
org.hibernate.cfg.Ejb3Column 2015-06-20 15:55:05,696 DEBUG - Binding column: Ejb3Column{table=org.hibernate.mapping.Table(Permissions), mappingColumn=role, insertable=true, updatable=true, unique=false}
org.hibernate.cfg.AnnotationBinder 2015-06-20 15:55:05,698 TRACE - Fetching role with JOIN
org.hibernate.cfg.annotations.PropertyBinder 2015-06-20 15:55:05,700 DEBUG - Building property role
org.hibernate.cfg.annotations.PropertyBinder 2015-06-20 15:55:05,701 TRACE - Cascading role with none
org.hibernate.cfg.AnnotationBinder 2015-06-20 15:55:05,701 TRACE - Processing annotations of pojos.Permissions.updateNews
org.hibernate.cfg.Ejb3Column 2015-06-20 15:55:05,702 DEBUG - Binding column: Ejb3Column{table=org.hibernate.mapping.Table(Permissions), mappingColumn=updateNews, insertable=true, updatable=true, unique=false}
org.hibernate.cfg.annotations.PropertyBinder 2015-06-20 15:55:05,702 DEBUG - MetadataSourceProcessor property updateNews with lazy=false
org.hibernate.cfg.AbstractPropertyHolder 2015-06-20 15:55:05,703 DEBUG - Attempting to locate auto-apply AttributeConverter for property [pojos.Permissions:updateNews]
org.hibernate.cfg.annotations.SimpleValueBinder 2015-06-20 15:55:05,703 DEBUG - building SimpleValue for updateNews
org.hibernate.cfg.annotations.PropertyBinder 2015-06-20 15:55:05,704 DEBUG - Building property updateNews
org.hibernate.cfg.annotations.PropertyBinder 2015-06-20 15:55:05,704 TRACE - Cascading updateNews with null
org.hibernate.cfg.AnnotationBinder 2015-06-20 15:55:05,707 DEBUG - Binding entity from annotated class: pojos.News
org.hibernate.cfg.Ejb3Column 2015-06-20 15:55:05,707 DEBUG - Binding column: Ejb3DiscriminatorColumn{logicalColumnName&apos;DTYPE&apos;, discriminatorTypeName=&apos;string&apos;}
org.hibernate.cfg.annotations.EntityBinder 2015-06-20 15:55:05,708 DEBUG - Import with entity name News
org.hibernate.cfg.annotations.EntityBinder 2015-06-20 15:55:05,708 DEBUG - Bind entity pojos.News on table News
org.hibernate.cfg.AnnotationBinder 2015-06-20 15:55:05,716 TRACE - Processing annotations of pojos.News.newsId
org.hibernate.cfg.Ejb3Column 2015-06-20 15:55:05,717 DEBUG - Binding column: Ejb3Column{table=org.hibernate.mapping.Table(News), mappingColumn=newsId, insertable=true, updatable=true, unique=false}
org.hibernate.cfg.annotations.PropertyBinder 2015-06-20 15:55:05,717 DEBUG - MetadataSourceProcessor property newsId with lazy=false
org.hibernate.cfg.AbstractPropertyHolder 2015-06-20 15:55:05,718 DEBUG - Attempting to locate auto-apply AttributeConverter for property [pojos.News:newsId]
org.hibernate.cfg.annotations.SimpleValueBinder 2015-06-20 15:55:05,718 DEBUG - building SimpleValue for newsId
org.hibernate.cfg.annotations.PropertyBinder 2015-06-20 15:55:05,718 DEBUG - Building property newsId
org.hibernate.cfg.annotations.PropertyBinder 2015-06-20 15:55:05,719 TRACE - Cascading newsId with null
org.hibernate.cfg.AnnotationBinder 2015-06-20 15:55:05,719 TRACE - Bind @Id on newsId
org.hibernate.cfg.AnnotationBinder 2015-06-20 15:55:05,719 TRACE - Processing annotations of pojos.News.author
org.hibernate.cfg.Ejb3Column 2015-06-20 15:55:05,720 DEBUG - Binding column: Ejb3Column{table=org.hibernate.mapping.Table(News), mappingColumn=author, insertable=true, updatable=true, unique=false}
org.hibernate.cfg.annotations.PropertyBinder 2015-06-20 15:55:05,720 DEBUG - MetadataSourceProcessor property author with lazy=false
org.hibernate.cfg.AbstractPropertyHolder 2015-06-20 15:55:05,720 DEBUG - Attempting to locate auto-apply AttributeConverter for property [pojos.News:author]
org.hibernate.cfg.annotations.SimpleValueBinder 2015-06-20 15:55:05,721 DEBUG - building SimpleValue for author
org.hibernate.cfg.annotations.PropertyBinder 2015-06-20 15:55:05,721 DEBUG - Building property author
org.hibernate.cfg.annotations.PropertyBinder 2015-06-20 15:55:05,721 TRACE - Cascading author with null
org.hibernate.cfg.AnnotationBinder 2015-06-20 15:55:05,722 TRACE - Processing annotations of pojos.News.category
org.hibernate.cfg.Ejb3Column 2015-06-20 15:55:05,722 DEBUG - Binding column: Ejb3JoinColumn{logicalColumnName=&apos;category&apos;, referencedColumn=&apos;&apos;, mappedBy=&apos;&apos;}
org.hibernate.cfg.Ejb3Column 2015-06-20 15:55:05,722 DEBUG - Binding column: Ejb3Column{table=org.hibernate.mapping.Table(News), mappingColumn=category, insertable=true, updatable=true, unique=false}
org.hibernate.cfg.annotations.PropertyBinder 2015-06-20 15:55:05,723 DEBUG - Building property category
org.hibernate.cfg.annotations.PropertyBinder 2015-06-20 15:55:05,723 TRACE - Cascading category with save-update
org.hibernate.cfg.AnnotationBinder 2015-06-20 15:55:05,723 TRACE - Processing annotations of pojos.News.mainText
org.hibernate.cfg.Ejb3Column 2015-06-20 15:55:05,724 DEBUG - Binding column: Ejb3Column{table=org.hibernate.mapping.Table(News), mappingColumn=mainText, insertable=true, updatable=true, unique=false}
org.hibernate.cfg.annotations.PropertyBinder 2015-06-20 15:55:05,724 DEBUG - MetadataSourceProcessor property mainText with lazy=false
org.hibernate.cfg.AbstractPropertyHolder 2015-06-20 15:55:05,724 DEBUG - Attempting to locate auto-apply AttributeConverter for property [pojos.News:mainText]
org.hibernate.cfg.annotations.SimpleValueBinder 2015-06-20 15:55:05,725 DEBUG - building SimpleValue for mainText
org.hibernate.cfg.annotations.PropertyBinder 2015-06-20 15:55:05,725 DEBUG - Building property mainText
org.hibernate.cfg.annotations.PropertyBinder 2015-06-20 15:55:05,726 TRACE - Cascading mainText with null
org.hibernate.cfg.AnnotationBinder 2015-06-20 15:55:05,726 TRACE - Processing annotations of pojos.News.postDay
org.hibernate.cfg.Ejb3Column 2015-06-20 15:55:05,726 DEBUG - Binding column: Ejb3Column{table=org.hibernate.mapping.Table(News), mappingColumn=postDay, insertable=true, updatable=true, unique=false}
org.hibernate.cfg.annotations.PropertyBinder 2015-06-20 15:55:05,727 DEBUG - MetadataSourceProcessor property postDay with lazy=false
org.hibernate.cfg.AbstractPropertyHolder 2015-06-20 15:55:05,727 DEBUG - Attempting to locate auto-apply AttributeConverter for property [pojos.News:postDay]
org.hibernate.cfg.annotations.SimpleValueBinder 2015-06-20 15:55:05,727 DEBUG - building SimpleValue for postDay
org.hibernate.cfg.annotations.PropertyBinder 2015-06-20 15:55:05,728 DEBUG - Building property postDay
org.hibernate.cfg.annotations.PropertyBinder 2015-06-20 15:55:05,728 TRACE - Cascading postDay with null
org.hibernate.cfg.AnnotationBinder 2015-06-20 15:55:05,728 TRACE - Processing annotations of pojos.News.title
org.hibernate.cfg.Ejb3Column 2015-06-20 15:55:05,729 DEBUG - Binding column: Ejb3Column{table=org.hibernate.mapping.Table(News), mappingColumn=title, insertable=true, updatable=true, unique=false}
org.hibernate.cfg.annotations.PropertyBinder 2015-06-20 15:55:05,729 DEBUG - MetadataSourceProcessor property title with lazy=false
org.hibernate.cfg.AbstractPropertyHolder 2015-06-20 15:55:05,729 DEBUG - Attempting to locate auto-apply AttributeConverter for property [pojos.News:title]
org.hibernate.cfg.annotations.SimpleValueBinder 2015-06-20 15:55:05,730 DEBUG - building SimpleValue for title
org.hibernate.cfg.annotations.PropertyBinder 2015-06-20 15:55:05,730 DEBUG - Building property title
org.hibernate.cfg.annotations.PropertyBinder 2015-06-20 15:55:05,730 TRACE - Cascading title with null
org.hibernate.cfg.AnnotationBinder 2015-06-20 15:55:05,731 TRACE - Processing annotations of pojos.News.title4ann
org.hibernate.cfg.Ejb3Column 2015-06-20 15:55:05,731 DEBUG - Binding column: Ejb3Column{table=org.hibernate.mapping.Table(News), mappingColumn=title4ann, insertable=true, updatable=true, unique=false}
org.hibernate.cfg.annotations.PropertyBinder 2015-06-20 15:55:05,732 DEBUG - MetadataSourceProcessor property title4ann with lazy=false
org.hibernate.cfg.AbstractPropertyHolder 2015-06-20 15:55:05,732 DEBUG - Attempting to locate auto-apply AttributeConverter for property [pojos.News:title4ann]
org.hibernate.cfg.annotations.SimpleValueBinder 2015-06-20 15:55:05,732 DEBUG - building SimpleValue for title4ann
org.hibernate.cfg.annotations.PropertyBinder 2015-06-20 15:55:05,732 DEBUG - Building property title4ann
org.hibernate.cfg.annotations.PropertyBinder 2015-06-20 15:55:05,733 TRACE - Cascading title4ann with null
org.hibernate.cfg.AnnotationBinder 2015-06-20 15:55:05,733 TRACE - Processing annotations of pojos.News.user
org.hibernate.cfg.Ejb3Column 2015-06-20 15:55:05,734 DEBUG - Binding column: Ejb3JoinColumn{logicalColumnName=&apos;user&apos;, referencedColumn=&apos;&apos;, mappedBy=&apos;&apos;}
org.hibernate.cfg.Ejb3Column 2015-06-20 15:55:05,734 DEBUG - Binding column: Ejb3Column{table=org.hibernate.mapping.Table(News), mappingColumn=user, insertable=true, updatable=true, unique=false}
org.hibernate.cfg.annotations.PropertyBinder 2015-06-20 15:55:05,735 DEBUG - Building property user
org.hibernate.cfg.annotations.PropertyBinder 2015-06-20 15:55:05,735 TRACE - Cascading user with save-update
org.hibernate.cfg.AnnotationBinder 2015-06-20 15:55:05,736 DEBUG - Binding entity from annotated class: pojos.Roles
org.hibernate.cfg.Ejb3Column 2015-06-20 15:55:05,736 DEBUG - Binding column: Ejb3DiscriminatorColumn{logicalColumnName&apos;DTYPE&apos;, discriminatorTypeName=&apos;string&apos;}
org.hibernate.cfg.annotations.EntityBinder 2015-06-20 15:55:05,736 DEBUG - Import with entity name Roles
org.hibernate.cfg.annotations.EntityBinder 2015-06-20 15:55:05,737 DEBUG - Bind entity pojos.Roles on table Roles
org.hibernate.cfg.AnnotationBinder 2015-06-20 15:55:05,748 TRACE - Processing annotations of pojos.Roles.roleId
org.hibernate.cfg.Ejb3Column 2015-06-20 15:55:05,748 DEBUG - Binding column: Ejb3Column{table=org.hibernate.mapping.Table(Roles), mappingColumn=roleId, insertable=true, updatable=true, unique=false}
org.hibernate.cfg.annotations.PropertyBinder 2015-06-20 15:55:05,749 DEBUG - MetadataSourceProcessor property roleId with lazy=false
org.hibernate.cfg.AbstractPropertyHolder 2015-06-20 15:55:05,749 DEBUG - Attempting to locate auto-apply AttributeConverter for property [pojos.Roles:roleId]
org.hibernate.cfg.annotations.SimpleValueBinder 2015-06-20 15:55:05,750 DEBUG - building SimpleValue for roleId
org.hibernate.cfg.annotations.PropertyBinder 2015-06-20 15:55:05,750 DEBUG - Building property roleId
org.hibernate.cfg.annotations.PropertyBinder 2015-06-20 15:55:05,751 TRACE - Cascading roleId with null
org.hibernate.cfg.AnnotationBinder 2015-06-20 15:55:05,751 TRACE - Bind @Id on roleId
org.hibernate.cfg.AnnotationBinder 2015-06-20 15:55:05,752 TRACE - Processing annotations of pojos.Roles.permission
org.hibernate.cfg.Ejb3Column 2015-06-20 15:55:05,752 DEBUG - Binding column: Ejb3JoinColumn{logicalColumnName=&apos;null&apos;, referencedColumn=&apos;null&apos;, mappedBy=&apos;role&apos;}
org.hibernate.cfg.Ejb3Column 2015-06-20 15:55:05,753 DEBUG - Binding column: Ejb3Column{table=org.hibernate.mapping.Table(Roles), mappingColumn=permission, insertable=true, updatable=true, unique=false}
org.hibernate.cfg.AnnotationBinder 2015-06-20 15:55:05,753 TRACE - Fetching permission with JOIN
org.hibernate.cfg.AnnotationBinder 2015-06-20 15:55:05,756 TRACE - Processing annotations of pojos.Roles.roleType
org.hibernate.cfg.Ejb3Column 2015-06-20 15:55:05,757 DEBUG - Binding column: Ejb3Column{table=org.hibernate.mapping.Table(Roles), mappingColumn=roleType, insertable=true, updatable=true, unique=false}
org.hibernate.cfg.annotations.PropertyBinder 2015-06-20 15:55:05,757 DEBUG - MetadataSourceProcessor property roleType with lazy=false
org.hibernate.cfg.AbstractPropertyHolder 2015-06-20 15:55:05,758 DEBUG - Attempting to locate auto-apply AttributeConverter for property [pojos.Roles:roleType]
org.hibernate.cfg.annotations.SimpleValueBinder 2015-06-20 15:55:05,758 DEBUG - building SimpleValue for roleType
org.hibernate.cfg.annotations.PropertyBinder 2015-06-20 15:55:05,759 DEBUG - Building property roleType
org.hibernate.cfg.annotations.PropertyBinder 2015-06-20 15:55:05,760 TRACE - Cascading roleType with null
org.hibernate.cfg.AnnotationBinder 2015-06-20 15:55:05,760 TRACE - Processing annotations of pojos.Roles.users
org.hibernate.cfg.Ejb3Column 2015-06-20 15:55:05,763 DEBUG - Binding column: Ejb3Column{table=org.hibernate.mapping.Table(Roles), mappingColumn=null, insertable=true, updatable=true, unique=false}
org.hibernate.cfg.Ejb3Column 2015-06-20 15:55:05,779 DEBUG - Binding column: Ejb3Column{table=org.hibernate.mapping.Table(Roles), mappingColumn=element, insertable=true, updatable=true, unique=false}
org.hibernate.cfg.Ejb3Column 2015-06-20 15:55:05,780 DEBUG - Binding column: Ejb3Column{table=org.hibernate.mapping.Table(Roles), mappingColumn=users_KEY, insertable=true, updatable=true, unique=false}
org.hibernate.cfg.Ejb3Column 2015-06-20 15:55:05,781 DEBUG - Binding column: Ejb3JoinColumn{logicalColumnName=&apos;users_KEY&apos;, referencedColumn=&apos;null&apos;, mappedBy=&apos;null&apos;}
org.hibernate.cfg.Ejb3Column 2015-06-20 15:55:05,783 DEBUG - Binding column: Ejb3JoinColumn{logicalColumnName=&apos;roleId&apos;, referencedColumn=&apos;&apos;, mappedBy=&apos;&apos;}
org.hibernate.cfg.Ejb3Column 2015-06-20 15:55:05,784 DEBUG - Binding column: Ejb3JoinColumn{logicalColumnName=&apos;userId&apos;, referencedColumn=&apos;&apos;, mappedBy=&apos;&apos;}
org.hibernate.cfg.annotations.CollectionBinder 2015-06-20 15:55:05,785 DEBUG - Collection role: pojos.Roles.users
org.hibernate.cfg.annotations.PropertyBinder 2015-06-20 15:55:05,789 DEBUG - Building property users
org.hibernate.cfg.annotations.PropertyBinder 2015-06-20 15:55:05,789 TRACE - Cascading users with none
org.hibernate.cfg.AnnotationBinder 2015-06-20 15:55:05,790 DEBUG - Binding entity from annotated class: pojos.Users
org.hibernate.cfg.Ejb3Column 2015-06-20 15:55:05,790 DEBUG - Binding column: Ejb3DiscriminatorColumn{logicalColumnName&apos;DTYPE&apos;, discriminatorTypeName=&apos;string&apos;}
org.hibernate.cfg.annotations.EntityBinder 2015-06-20 15:55:05,791 DEBUG - Import with entity name Users
org.hibernate.cfg.annotations.EntityBinder 2015-06-20 15:55:05,791 DEBUG - Bind entity pojos.Users on table Users
org.hibernate.cfg.AnnotationBinder 2015-06-20 15:55:05,796 TRACE - Processing annotations of pojos.Users.userId
org.hibernate.cfg.Ejb3Column 2015-06-20 15:55:05,796 DEBUG - Binding column: Ejb3Column{table=org.hibernate.mapping.Table(Users), mappingColumn=userId, insertable=true, updatable=true, unique=false}
org.hibernate.cfg.annotations.PropertyBinder 2015-06-20 15:55:05,797 DEBUG - MetadataSourceProcessor property userId with lazy=false
org.hibernate.cfg.AbstractPropertyHolder 2015-06-20 15:55:05,797 DEBUG - Attempting to locate auto-apply AttributeConverter for property [pojos.Users:userId]
org.hibernate.cfg.annotations.SimpleValueBinder 2015-06-20 15:55:05,798 DEBUG - building SimpleValue for userId
org.hibernate.cfg.annotations.PropertyBinder 2015-06-20 15:55:05,798 DEBUG - Building property userId
org.hibernate.cfg.annotations.PropertyBinder 2015-06-20 15:55:05,798 TRACE - Cascading userId with null
org.hibernate.cfg.AnnotationBinder 2015-06-20 15:55:05,799 TRACE - Bind @Id on userId
org.hibernate.cfg.AnnotationBinder 2015-06-20 15:55:05,799 TRACE - Processing annotations of pojos.Users.email
org.hibernate.cfg.Ejb3Column 2015-06-20 15:55:05,799 DEBUG - Binding column: Ejb3Column{table=org.hibernate.mapping.Table(Users), mappingColumn=email, insertable=true, updatable=true, unique=false}
org.hibernate.cfg.annotations.PropertyBinder 2015-06-20 15:55:05,800 DEBUG - MetadataSourceProcessor property email with lazy=false
org.hibernate.cfg.AbstractPropertyHolder 2015-06-20 15:55:05,800 DEBUG - Attempting to locate auto-apply AttributeConverter for property [pojos.Users:email]
org.hibernate.cfg.annotations.SimpleValueBinder 2015-06-20 15:55:05,801 DEBUG - building SimpleValue for email
org.hibernate.cfg.annotations.PropertyBinder 2015-06-20 15:55:05,801 DEBUG - Building property email
org.hibernate.cfg.annotations.PropertyBinder 2015-06-20 15:55:05,801 TRACE - Cascading email with null
org.hibernate.cfg.AnnotationBinder 2015-06-20 15:55:05,802 TRACE - Processing annotations of pojos.Users.name
org.hibernate.cfg.Ejb3Column 2015-06-20 15:55:05,802 DEBUG - Binding column: Ejb3Column{table=org.hibernate.mapping.Table(Users), mappingColumn=name, insertable=true, updatable=true, unique=false}
org.hibernate.cfg.annotations.PropertyBinder 2015-06-20 15:55:05,802 DEBUG - MetadataSourceProcessor property name with lazy=false
org.hibernate.cfg.AbstractPropertyHolder 2015-06-20 15:55:05,803 DEBUG - Attempting to locate auto-apply AttributeConverter for property [pojos.Users:name]
org.hibernate.cfg.annotations.SimpleValueBinder 2015-06-20 15:55:05,803 DEBUG - building SimpleValue for name
org.hibernate.cfg.annotations.PropertyBinder 2015-06-20 15:55:05,803 DEBUG - Building property name
org.hibernate.cfg.annotations.PropertyBinder 2015-06-20 15:55:05,804 TRACE - Cascading name with null
org.hibernate.cfg.AnnotationBinder 2015-06-20 15:55:05,804 TRACE - Processing annotations of pojos.Users.news
org.hibernate.cfg.Ejb3Column 2015-06-20 15:55:05,804 DEBUG - Binding column: Ejb3JoinColumn{logicalColumnName=&apos;null&apos;, referencedColumn=&apos;null&apos;, mappedBy=&apos;user&apos;}
org.hibernate.cfg.Ejb3Column 2015-06-20 15:55:05,805 DEBUG - Binding column: Ejb3Column{table=org.hibernate.mapping.Table(Users), mappingColumn=news, insertable=true, updatable=true, unique=false}
org.hibernate.cfg.Ejb3Column 2015-06-20 15:55:05,805 DEBUG - Binding column: Ejb3Column{table=org.hibernate.mapping.Table(Users), mappingColumn=null, insertable=true, updatable=true, unique=false}
org.hibernate.cfg.Ejb3Column 2015-06-20 15:55:05,805 DEBUG - Binding column: Ejb3Column{table=org.hibernate.mapping.Table(Users), mappingColumn=element, insertable=true, updatable=true, unique=false}
org.hibernate.cfg.Ejb3Column 2015-06-20 15:55:05,806 DEBUG - Binding column: Ejb3Column{table=org.hibernate.mapping.Table(Users), mappingColumn=news_KEY, insertable=true, updatable=true, unique=false}
org.hibernate.cfg.Ejb3Column 2015-06-20 15:55:05,806 DEBUG - Binding column: Ejb3JoinColumn{logicalColumnName=&apos;news_KEY&apos;, referencedColumn=&apos;null&apos;, mappedBy=&apos;null&apos;}
org.hibernate.cfg.Ejb3Column 2015-06-20 15:55:05,807 DEBUG - Binding column: Ejb3JoinColumn{logicalColumnName=&apos;null&apos;, referencedColumn=&apos;null&apos;, mappedBy=&apos;user&apos;}
org.hibernate.cfg.Ejb3Column 2015-06-20 15:55:05,807 DEBUG - Binding column: Ejb3JoinColumn{logicalColumnName=&apos;null&apos;, referencedColumn=&apos;null&apos;, mappedBy=&apos;user&apos;}
org.hibernate.cfg.annotations.CollectionBinder 2015-06-20 15:55:05,809 DEBUG - Collection role: pojos.Users.news
org.hibernate.cfg.annotations.PropertyBinder 2015-06-20 15:55:05,809 DEBUG - Building property news
org.hibernate.cfg.annotations.PropertyBinder 2015-06-20 15:55:05,810 TRACE - Cascading news with none
org.hibernate.cfg.AnnotationBinder 2015-06-20 15:55:05,811 TRACE - Processing annotations of pojos.Users.pass
org.hibernate.cfg.Ejb3Column 2015-06-20 15:55:05,811 DEBUG - Binding column: Ejb3Column{table=org.hibernate.mapping.Table(Users), mappingColumn=pass, insertable=true, updatable=true, unique=false}
org.hibernate.cfg.annotations.PropertyBinder 2015-06-20 15:55:05,812 DEBUG - MetadataSourceProcessor property pass with lazy=false
org.hibernate.cfg.AbstractPropertyHolder 2015-06-20 15:55:05,813 DEBUG - Attempting to locate auto-apply AttributeConverter for property [pojos.Users:pass]
org.hibernate.cfg.annotations.SimpleValueBinder 2015-06-20 15:55:05,813 DEBUG - building SimpleValue for pass
org.hibernate.cfg.annotations.PropertyBinder 2015-06-20 15:55:05,814 DEBUG - Building property pass
org.hibernate.cfg.annotations.PropertyBinder 2015-06-20 15:55:05,815 TRACE - Cascading pass with null
org.hibernate.cfg.AnnotationBinder 2015-06-20 15:55:05,815 TRACE - Processing annotations of pojos.Users.roles
org.hibernate.cfg.Ejb3Column 2015-06-20 15:55:05,816 DEBUG - Binding column: Ejb3Column{table=org.hibernate.mapping.Table(Users), mappingColumn=null, insertable=true, updatable=true, unique=false}
org.hibernate.cfg.Ejb3Column 2015-06-20 15:55:05,817 DEBUG - Binding column: Ejb3Column{table=org.hibernate.mapping.Table(Users), mappingColumn=element, insertable=true, updatable=true, unique=false}
org.hibernate.cfg.Ejb3Column 2015-06-20 15:55:05,817 DEBUG - Binding column: Ejb3Column{table=org.hibernate.mapping.Table(Users), mappingColumn=roles_KEY, insertable=true, updatable=true, unique=false}
org.hibernate.cfg.Ejb3Column 2015-06-20 15:55:05,817 DEBUG - Binding column: Ejb3JoinColumn{logicalColumnName=&apos;roles_KEY&apos;, referencedColumn=&apos;null&apos;, mappedBy=&apos;null&apos;}
org.hibernate.cfg.Ejb3Column 2015-06-20 15:55:05,818 DEBUG - Binding column: Ejb3JoinColumn{logicalColumnName=&apos;null&apos;, referencedColumn=&apos;null&apos;, mappedBy=&apos;users&apos;}
org.hibernate.cfg.Ejb3Column 2015-06-20 15:55:05,818 DEBUG - Binding column: Ejb3JoinColumn{logicalColumnName=&apos;null&apos;, referencedColumn=&apos;null&apos;, mappedBy=&apos;users&apos;}
org.hibernate.cfg.annotations.CollectionBinder 2015-06-20 15:55:05,819 DEBUG - Collection role: pojos.Users.roles
org.hibernate.cfg.annotations.PropertyBinder 2015-06-20 15:55:05,820 DEBUG - Building property roles
org.hibernate.cfg.annotations.PropertyBinder 2015-06-20 15:55:05,820 TRACE - Cascading roles with save-update
org.hibernate.cfg.AnnotationBinder 2015-06-20 15:55:05,820 TRACE - Processing annotations of pojos.Users.surname
org.hibernate.cfg.Ejb3Column 2015-06-20 15:55:05,821 DEBUG - Binding column: Ejb3Column{table=org.hibernate.mapping.Table(Users), mappingColumn=surname, insertable=true, updatable=true, unique=false}
org.hibernate.cfg.annotations.PropertyBinder 2015-06-20 15:55:05,821 DEBUG - MetadataSourceProcessor property surname with lazy=false
org.hibernate.cfg.AbstractPropertyHolder 2015-06-20 15:55:05,822 DEBUG - Attempting to locate auto-apply AttributeConverter for property [pojos.Users:surname]
org.hibernate.cfg.annotations.SimpleValueBinder 2015-06-20 15:55:05,822 DEBUG - building SimpleValue for surname
org.hibernate.cfg.annotations.PropertyBinder 2015-06-20 15:55:05,822 DEBUG - Building property surname
org.hibernate.cfg.annotations.PropertyBinder 2015-06-20 15:55:05,823 TRACE - Cascading surname with null
org.hibernate.cfg.AnnotationBinder 2015-06-20 15:55:05,823 DEBUG - Binding entity from annotated class: pojos.Category
org.hibernate.cfg.Ejb3Column 2015-06-20 15:55:05,824 DEBUG - Binding column: Ejb3DiscriminatorColumn{logicalColumnName&apos;DTYPE&apos;, discriminatorTypeName=&apos;string&apos;}
org.hibernate.cfg.annotations.EntityBinder 2015-06-20 15:55:05,825 DEBUG - Import with entity name Category
org.hibernate.cfg.annotations.EntityBinder 2015-06-20 15:55:05,825 DEBUG - Bind entity pojos.Category on table Category
org.hibernate.cfg.AnnotationBinder 2015-06-20 15:55:05,826 TRACE - Processing annotations of pojos.Category.categoryId
org.hibernate.cfg.Ejb3Column 2015-06-20 15:55:05,827 DEBUG - Binding column: Ejb3Column{table=org.hibernate.mapping.Table(Category), mappingColumn=categoryId, insertable=true, updatable=true, unique=false}
org.hibernate.cfg.annotations.PropertyBinder 2015-06-20 15:55:05,827 DEBUG - MetadataSourceProcessor property categoryId with lazy=false
org.hibernate.cfg.AbstractPropertyHolder 2015-06-20 15:55:05,828 DEBUG - Attempting to locate auto-apply AttributeConverter for property [pojos.Category:categoryId]
org.hibernate.cfg.annotations.SimpleValueBinder 2015-06-20 15:55:05,828 DEBUG - building SimpleValue for categoryId
org.hibernate.cfg.annotations.PropertyBinder 2015-06-20 15:55:05,828 DEBUG - Building property categoryId
org.hibernate.cfg.annotations.PropertyBinder 2015-06-20 15:55:05,828 TRACE - Cascading categoryId with null
org.hibernate.cfg.AnnotationBinder 2015-06-20 15:55:05,829 TRACE - Bind @Id on categoryId
org.hibernate.cfg.AnnotationBinder 2015-06-20 15:55:05,829 TRACE - Processing annotations of pojos.Category.categoryName
org.hibernate.cfg.Ejb3Column 2015-06-20 15:55:05,829 DEBUG - Binding column: Ejb3Column{table=org.hibernate.mapping.Table(Category), mappingColumn=categoryName, insertable=true, updatable=true, unique=false}
org.hibernate.cfg.annotations.PropertyBinder 2015-06-20 15:55:05,830 DEBUG - MetadataSourceProcessor property categoryName with lazy=false
org.hibernate.cfg.AbstractPropertyHolder 2015-06-20 15:55:05,830 DEBUG - Attempting to locate auto-apply AttributeConverter for property [pojos.Category:categoryName]
org.hibernate.cfg.annotations.SimpleValueBinder 2015-06-20 15:55:05,831 DEBUG - building SimpleValue for categoryName
org.hibernate.cfg.annotations.PropertyBinder 2015-06-20 15:55:05,832 DEBUG - Building property categoryName
org.hibernate.cfg.annotations.PropertyBinder 2015-06-20 15:55:05,833 TRACE - Cascading categoryName with null
org.hibernate.cfg.AnnotationBinder 2015-06-20 15:55:05,833 TRACE - Processing annotations of pojos.Category.news
org.hibernate.cfg.Ejb3Column 2015-06-20 15:55:05,834 DEBUG - Binding column: Ejb3JoinColumn{logicalColumnName=&apos;null&apos;, referencedColumn=&apos;null&apos;, mappedBy=&apos;category&apos;}
org.hibernate.cfg.Ejb3Column 2015-06-20 15:55:05,834 DEBUG - Binding column: Ejb3Column{table=org.hibernate.mapping.Table(Category), mappingColumn=news, insertable=true, updatable=true, unique=false}
org.hibernate.cfg.Ejb3Column 2015-06-20 15:55:05,835 DEBUG - Binding column: Ejb3Column{table=org.hibernate.mapping.Table(Category), mappingColumn=null, insertable=true, updatable=true, unique=false}
org.hibernate.cfg.Ejb3Column 2015-06-20 15:55:05,836 DEBUG - Binding column: Ejb3Column{table=org.hibernate.mapping.Table(Category), mappingColumn=element, insertable=true, updatable=true, unique=false}
org.hibernate.cfg.Ejb3Column 2015-06-20 15:55:05,837 DEBUG - Binding column: Ejb3Column{table=org.hibernate.mapping.Table(Category), mappingColumn=news_KEY, insertable=true, updatable=true, unique=false}
org.hibernate.cfg.Ejb3Column 2015-06-20 15:55:05,837 DEBUG - Binding column: Ejb3JoinColumn{logicalColumnName=&apos;news_KEY&apos;, referencedColumn=&apos;null&apos;, mappedBy=&apos;null&apos;}
org.hibernate.cfg.Ejb3Column 2015-06-20 15:55:05,838 DEBUG - Binding column: Ejb3JoinColumn{logicalColumnName=&apos;null&apos;, referencedColumn=&apos;null&apos;, mappedBy=&apos;category&apos;}
org.hibernate.cfg.Ejb3Column 2015-06-20 15:55:05,838 DEBUG - Binding column: Ejb3JoinColumn{logicalColumnName=&apos;null&apos;, referencedColumn=&apos;null&apos;, mappedBy=&apos;category&apos;}
org.hibernate.cfg.annotations.CollectionBinder 2015-06-20 15:55:05,838 DEBUG - Collection role: pojos.Category.news
org.hibernate.cfg.annotations.PropertyBinder 2015-06-20 15:55:05,839 DEBUG - Building property news
org.hibernate.cfg.annotations.PropertyBinder 2015-06-20 15:55:05,839 TRACE - Cascading news with none
org.hibernate.cfg.annotations.SimpleValueBinder 2015-06-20 15:55:05,840 DEBUG - Starting fillSimpleValue for roleId
org.hibernate.cfg.annotations.SimpleValueBinder 2015-06-20 15:55:05,840 DEBUG - Starting fillSimpleValue for addNews
org.hibernate.cfg.annotations.SimpleValueBinder 2015-06-20 15:55:05,841 DEBUG - Starting fillSimpleValue for deleteNews
org.hibernate.cfg.annotations.SimpleValueBinder 2015-06-20 15:55:05,841 DEBUG - Starting fillSimpleValue for readNews
org.hibernate.cfg.annotations.SimpleValueBinder 2015-06-20 15:55:05,841 DEBUG - Starting fillSimpleValue for updateNews
org.hibernate.cfg.annotations.SimpleValueBinder 2015-06-20 15:55:05,841 DEBUG - Starting fillSimpleValue for newsId
org.hibernate.cfg.annotations.SimpleValueBinder 2015-06-20 15:55:05,842 DEBUG - Starting fillSimpleValue for author
org.hibernate.cfg.annotations.SimpleValueBinder 2015-06-20 15:55:05,842 DEBUG - Starting fillSimpleValue for mainText
org.hibernate.cfg.annotations.SimpleValueBinder 2015-06-20 15:55:05,842 DEBUG - Starting fillSimpleValue for postDay
org.hibernate.cfg.annotations.SimpleValueBinder 2015-06-20 15:55:05,843 DEBUG - Starting fillSimpleValue for title
org.hibernate.cfg.annotations.SimpleValueBinder 2015-06-20 15:55:05,843 DEBUG - Starting fillSimpleValue for title4ann
org.hibernate.cfg.annotations.SimpleValueBinder 2015-06-20 15:55:05,844 DEBUG - Starting fillSimpleValue for roleId
org.hibernate.cfg.annotations.SimpleValueBinder 2015-06-20 15:55:05,844 DEBUG - Starting fillSimpleValue for roleType
org.hibernate.cfg.annotations.SimpleValueBinder 2015-06-20 15:55:05,844 DEBUG - Starting fillSimpleValue for userId
org.hibernate.cfg.annotations.SimpleValueBinder 2015-06-20 15:55:05,845 DEBUG - Starting fillSimpleValue for email
org.hibernate.cfg.annotations.SimpleValueBinder 2015-06-20 15:55:05,845 DEBUG - Starting fillSimpleValue for name
org.hibernate.cfg.annotations.SimpleValueBinder 2015-06-20 15:55:05,845 DEBUG - Starting fillSimpleValue for pass
org.hibernate.cfg.annotations.SimpleValueBinder 2015-06-20 15:55:05,845 DEBUG - Starting fillSimpleValue for surname
org.hibernate.cfg.annotations.SimpleValueBinder 2015-06-20 15:55:05,846 DEBUG - Starting fillSimpleValue for categoryId
org.hibernate.cfg.annotations.SimpleValueBinder 2015-06-20 15:55:05,846 DEBUG - Starting fillSimpleValue for categoryName
org.hibernate.cfg.Configuration 2015-06-20 15:55:05,847 DEBUG - Processing fk mappings (*ToOne and JoinedSubclass)
org.hibernate.cfg.Configuration 2015-06-20 15:55:05,861 DEBUG - Processing extends queue
org.hibernate.cfg.Configuration 2015-06-20 15:55:05,861 DEBUG - Processing extends queue
org.hibernate.cfg.Configuration 2015-06-20 15:55:05,861 DEBUG - Processing collection mappings
org.hibernate.cfg.CollectionSecondPass 2015-06-20 15:55:05,862 DEBUG - Second pass for collection: pojos.Roles.users
org.hibernate.cfg.annotations.CollectionBinder 2015-06-20 15:55:05,862 DEBUG - Binding as ManyToMany: pojos.Roles.users
org.hibernate.cfg.CollectionSecondPass 2015-06-20 15:55:05,867 DEBUG - Mapped collection key: roleId, element: userId
org.hibernate.cfg.annotations.PropertyBinder 2015-06-20 15:55:05,869 DEBUG - Building property permission
org.hibernate.cfg.annotations.PropertyBinder 2015-06-20 15:55:05,870 TRACE - Cascading permission with save-update
org.hibernate.cfg.CollectionSecondPass 2015-06-20 15:55:05,872 DEBUG - Second pass for collection: pojos.Users.news
org.hibernate.cfg.annotations.CollectionBinder 2015-06-20 15:55:05,873 DEBUG - Binding a OneToMany: pojos.Users.news through a foreign key
org.hibernate.cfg.annotations.CollectionBinder 2015-06-20 15:55:05,873 DEBUG - Mapping collection: pojos.Users.news -&gt; News
org.hibernate.cfg.annotations.TableBinder 2015-06-20 15:55:05,874 DEBUG - Retrieving property pojos.News.user
org.hibernate.cfg.CollectionSecondPass 2015-06-20 15:55:05,874 DEBUG - Mapped collection key: user, one-to-many: pojos.News
org.hibernate.cfg.CollectionSecondPass 2015-06-20 15:55:05,874 DEBUG - Second pass for collection: pojos.Users.roles
org.hibernate.cfg.annotations.CollectionBinder 2015-06-20 15:55:05,874 DEBUG - Binding as ManyToMany: pojos.Users.roles
org.hibernate.cfg.annotations.TableBinder 2015-06-20 15:55:05,875 DEBUG - Retrieving property pojos.Roles.users
org.hibernate.cfg.CollectionSecondPass 2015-06-20 15:55:05,875 DEBUG - Mapped collection key: userId, element: roleId
org.hibernate.cfg.CollectionSecondPass 2015-06-20 15:55:05,875 DEBUG - Second pass for collection: pojos.Category.news
org.hibernate.cfg.annotations.CollectionBinder 2015-06-20 15:55:05,876 DEBUG - Binding a OneToMany: pojos.Category.news through a foreign key
org.hibernate.cfg.annotations.CollectionBinder 2015-06-20 15:55:05,876 DEBUG - Mapping collection: pojos.Category.news -&gt; News
org.hibernate.cfg.annotations.TableBinder 2015-06-20 15:55:05,876 DEBUG - Retrieving property pojos.News.category
org.hibernate.cfg.CollectionSecondPass 2015-06-20 15:55:05,876 DEBUG - Mapped collection key: category, one-to-many: pojos.News
org.hibernate.cfg.Configuration 2015-06-20 15:55:05,877 DEBUG - Processing native query and ResultSetMapping mappings
org.hibernate.cfg.Configuration 2015-06-20 15:55:05,877 DEBUG - Processing association property references
org.hibernate.cfg.Configuration 2015-06-20 15:55:05,877 DEBUG - Creating tables&apos; unique integer identifiers
org.hibernate.cfg.Configuration 2015-06-20 15:55:05,877 DEBUG - Processing foreign key constraints
org.hibernate.cfg.Configuration 2015-06-20 15:55:05,878 DEBUG - Resolving reference to class: pojos.Category
org.hibernate.cfg.Configuration 2015-06-20 15:55:05,878 DEBUG - Resolving reference to class: pojos.Users
org.hibernate.cfg.Configuration 2015-06-20 15:55:05,878 DEBUG - Resolving reference to class: pojos.Roles
org.hibernate.cfg.Configuration 2015-06-20 15:55:05,879 DEBUG - Resolving reference to class: pojos.Users
org.hibernate.cfg.Configuration 2015-06-20 15:55:05,879 DEBUG - Resolving reference to class: pojos.Roles
org.hibernate.service.internal.AbstractServiceRegistryImpl 2015-06-20 15:55:05,882 TRACE - Initializing service [role=org.hibernate.engine.transaction.jta.platform.spi.JtaPlatform]
org.hibernate.engine.transaction.jta.platform.internal.JtaPlatformInitiator 2015-06-20 15:55:05,883 DEBUG - No JtaPlatform was specified, checking resolver
org.hibernate.service.internal.AbstractServiceRegistryImpl 2015-06-20 15:55:05,883 TRACE - Initializing service [role=org.hibernate.engine.transaction.jta.platform.spi.JtaPlatformResolver]
org.hibernate.engine.transaction.jta.platform.internal.JtaPlatformResolverInitiator 2015-06-20 15:55:05,884 DEBUG - No JtaPlatformResolver was specified, using default [org.hibernate.engine.transaction.jta.platform.internal.StandardJtaPlatformResolver]
org.hibernate.engine.transaction.jta.platform.internal.StandardJtaPlatformResolver 2015-06-20 15:55:05,888 DEBUG - Could not resolve JtaPlatform, using default [org.hibernate.engine.transaction.jta.platform.internal.NoJtaPlatform]
org.hibernate.cfg.SettingsFactory 2015-06-20 15:55:05,891 DEBUG - Automatic flush during beforeCompletion(): disabled
org.hibernate.cfg.SettingsFactory 2015-06-20 15:55:05,892 DEBUG - Automatic session close at end of transaction: disabled
org.hibernate.cfg.SettingsFactory 2015-06-20 15:55:05,892 DEBUG - Scrollable result sets: disabled
org.hibernate.cfg.SettingsFactory 2015-06-20 15:55:05,893 DEBUG - Wrap result sets: disabled
org.hibernate.cfg.SettingsFactory 2015-06-20 15:55:05,893 DEBUG - JDBC3 getGeneratedKeys(): disabled
org.hibernate.cfg.SettingsFactory 2015-06-20 15:55:05,894 DEBUG - multi-tenancy strategy : NONE
org.hibernate.cfg.SettingsFactory 2015-06-20 15:55:05,894 DEBUG - Connection release mode: auto
org.hibernate.service.internal.AbstractServiceRegistryImpl 2015-06-20 15:55:05,895 TRACE - Initializing service [role=org.hibernate.engine.transaction.spi.TransactionFactory]
org.hibernate.engine.transaction.internal.TransactionFactoryInitiator 2015-06-20 15:55:05,895 INFO  - HHH000399: Using default transaction strategy (direct JDBC transactions)
org.hibernate.loader.BatchFetchStyle 2015-06-20 15:55:05,899 TRACE - Interpreting BatchFetchStyle from setting : null
org.hibernate.cfg.SettingsFactory 2015-06-20 15:55:05,900 DEBUG - Using BatchFetchStyle : LEGACY
org.hibernate.cfg.SettingsFactory 2015-06-20 15:55:05,900 DEBUG - Maximum outer join fetch depth: 2
org.hibernate.cfg.SettingsFactory 2015-06-20 15:55:05,901 DEBUG - Default batch fetch size: 1
org.hibernate.cfg.SettingsFactory 2015-06-20 15:55:05,901 DEBUG - Generate SQL with comments: disabled
org.hibernate.cfg.SettingsFactory 2015-06-20 15:55:05,902 DEBUG - Order SQL updates by primary key: disabled
org.hibernate.cfg.SettingsFactory 2015-06-20 15:55:05,902 DEBUG - Order SQL inserts for batching: disabled
org.hibernate.cfg.SettingsFactory 2015-06-20 15:55:05,903 DEBUG - Default null ordering: none
org.hibernate.cfg.SettingsFactory 2015-06-20 15:55:05,904 DEBUG - Query translator: org.hibernate.hql.internal.ast.ASTQueryTranslatorFactory
org.hibernate.hql.internal.ast.ASTQueryTranslatorFactory 2015-06-20 15:55:05,906 INFO  - HHH000397: Using ASTQueryTranslatorFactory
org.hibernate.cfg.SettingsFactory 2015-06-20 15:55:05,907 DEBUG - Query language substitutions: {}
org.hibernate.cfg.SettingsFactory 2015-06-20 15:55:05,907 DEBUG - JPA-QL strict compliance: disabled
org.hibernate.cfg.SettingsFactory 2015-06-20 15:55:05,907 DEBUG - Second-level cache: disabled
org.hibernate.cfg.SettingsFactory 2015-06-20 15:55:05,908 DEBUG - Query cache: disabled
org.hibernate.service.internal.AbstractServiceRegistryImpl 2015-06-20 15:55:05,908 TRACE - Initializing service [role=org.hibernate.cache.spi.RegionFactory]
org.hibernate.cache.internal.RegionFactoryInitiator 2015-06-20 15:55:05,909 DEBUG - Cache region factory : org.hibernate.cache.internal.NoCachingRegionFactory
org.hibernate.cfg.SettingsFactory 2015-06-20 15:55:05,912 DEBUG - Optimize cache for minimal puts: disabled
org.hibernate.cfg.SettingsFactory 2015-06-20 15:55:05,913 DEBUG - Structured second-level cache entries: disabled
org.hibernate.cfg.SettingsFactory 2015-06-20 15:55:05,913 DEBUG - Second-level cache direct-reference entries: disabled
org.hibernate.cfg.SettingsFactory 2015-06-20 15:55:05,913 DEBUG - Automatic eviction of collection cache: disabled
org.hibernate.cfg.SettingsFactory 2015-06-20 15:55:05,914 DEBUG - Statistics: disabled
org.hibernate.cfg.SettingsFactory 2015-06-20 15:55:05,914 DEBUG - Deleted entity synthetic identifier rollback: disabled
org.hibernate.cfg.SettingsFactory 2015-06-20 15:55:05,914 DEBUG - Default entity-mode: pojo
org.hibernate.cfg.SettingsFactory 2015-06-20 15:55:05,915 DEBUG - Named query checking : enabled
org.hibernate.cfg.SettingsFactory 2015-06-20 15:55:05,915 DEBUG - Check Nullability in Core (should be disabled when Bean Validation is on): enabled
org.hibernate.cfg.SettingsFactory 2015-06-20 15:55:05,916 DEBUG - Allow initialization of lazy state outside session : : disabled
org.hibernate.cfg.SettingsFactory 2015-06-20 15:55:05,916 DEBUG - JTA Track by Thread: enabled
org.hibernate.internal.SessionFactoryImpl 2015-06-20 15:55:05,926 DEBUG - Building session factory
org.hibernate.service.internal.AbstractServiceRegistryImpl 2015-06-20 15:55:05,927 TRACE - Initializing service [role=org.hibernate.service.spi.SessionFactoryServiceRegistryFactory]
org.hibernate.service.internal.AbstractServiceRegistryImpl 2015-06-20 15:55:05,934 TRACE - Initializing service [role=org.hibernate.engine.spi.CacheImplementor]
org.hibernate.type.TypeFactory$TypeScopeImpl 2015-06-20 15:55:05,938 TRACE - Scoping types to session factory org.hibernate.internal.SessionFactoryImpl@21b23fa7
org.hibernate.internal.SessionFactoryImpl 2015-06-20 15:55:05,940 DEBUG - Session factory constructed with filter configurations : {}
org.hibernate.internal.SessionFactoryImpl 2015-06-20 15:55:05,940 DEBUG - Instantiating session factory with properties: {idea.version=14.1.2, java.runtime.name=Java(TM) SE Runtime Environment, sun.boot.library.path=C:\Program Files\Java\jdk1.7.0_79\jre\bin, java.vm.version=24.79-b02, java.vm.vendor=Oracle Corporation, java.vendor.url=http://java.oracle.com/, path.separator=;, java.vm.name=Java HotSpot(TM) 64-Bit Server VM, file.encoding.pkg=sun.io, user.script=, user.country=RU, sun.java.launcher=SUN_STANDARD, sun.os.patch.level=, java.vm.specification.name=Java Virtual Machine Specification, user.dir=D:\JavaProjects\newspaperSpring\dao, java.runtime.version=1.7.0_79-b15, java.awt.graphicsenv=sun.awt.Win32GraphicsEnvironment, basedir=D:\JavaProjects\newspaperSpring\dao, hibernate.current_session_context_class=org.springframework.orm.hibernate4.SpringSessionContext, java.endorsed.dirs=C:\Program Files\Java\jdk1.7.0_79\jre\lib\endorsed, os.arch=amd64, surefire.real.class.path=D:\JavaProjects\newspaperSpring\dao\target\surefire\surefirebooter3612854689069956748.jar, java.io.tmpdir=C:\Users\PRUDNI~1\AppData\Local\Temp\, line.separator=
, java.vm.specification.vendor=Oracle Corporation, user.variant=, os.name=Windows 7, hibernate.cache.use_second_level_cache=false, sun.jnu.encoding=Cp1252, java.library.path=C:\Program Files\Java\jdk1.7.0_79\jre\bin;C:\Windows\Sun\Java\bin;C:\Windows\system32;C:\Windows;C:\oraclexe\app\oracle\product\11.2.0\server\bin;C:\Program Files (x86)\Intel\iCLS Client\;C:\Program Files\Intel\iCLS Client\;C:\Windows\system32;C:\Windows;C:\Windows\System32\Wbem;C:\Windows\System32\WindowsPowerShell\v1.0\;C:\Program Files\Intel\Intel(R) Management Engine Components\DAL;C:\Program Files\Intel\Intel(R) Management Engine Components\IPT;C:\Program Files (x86)\Intel\Intel(R) Management Engine Components\DAL;C:\Program Files (x86)\Intel\Intel(R) Management Engine Components\IPT;C:\Program Files (x86)\Skype\Phone\;c:\Program Files\Java\jdk1.7.0_79\bin\;c:\Program Files\apache-maven-3.0.5\bin\;C:\Program Files (x86)\Git\cmd;., hibernate.connection.datasource=org.apache.commons.dbcp.BasicDataSource@6b7ee3d4, surefire.test.class.path=D:\JavaProjects\newspaperSpring\dao\target\test-classes;D:\JavaProjects\newspaperSpring\dao\target\classes;C:\Users\prudnikov\.m2\repository\cglib\cglib\3.1\cglib-3.1.jar;C:\Users\prudnikov\.m2\repository\org\ow2\asm\asm\4.2\asm-4.2.jar;C:\Users\prudnikov\.m2\repository\javax\annotation\jsr250-api\1.0\jsr250-api-1.0.jar;C:\Users\prudnikov\.m2\repository\org\slf4j\slf4j-log4j12\1.7.12\slf4j-log4j12-1.7.12.jar;C:\Users\prudnikov\.m2\repository\org\slf4j\slf4j-api\1.7.12\slf4j-api-1.7.12.jar;C:\Users\prudnikov\.m2\repository\javax\javaee-web-api\7.0\javaee-web-api-7.0.jar;C:\Users\prudnikov\.m2\repository\org\hibernate\hibernate-core\4.3.8.Final\hibernate-core-4.3.8.Final.jar;C:\Users\prudnikov\.m2\repository\org\jboss\logging\jboss-logging\3.1.3.GA\jboss-logging-3.1.3.GA.jar;C:\Users\prudnikov\.m2\repository\org\jboss\logging\jboss-logging-annotations\1.2.0.Beta1\jboss-logging-annotations-1.2.0.Beta1.jar;C:\Users\prudnikov\.m2\repository\org\jboss\spec\javax\transaction\jboss-transaction-api_1.2_spec\1.0.0.Final\jboss-transaction-api_1.2_spec-1.0.0.Final.jar;C:\Users\prudnikov\.m2\repository\dom4j\dom4j\1.6.1\dom4j-1.6.1.jar;C:\Users\prudnikov\.m2\repository\xml-apis\xml-apis\1.0.b2\xml-apis-1.0.b2.jar;C:\Users\prudnikov\.m2\repository\org\hibernate\common\hibernate-commons-annotations\4.0.5.Final\hibernate-commons-annotations-4.0.5.Final.jar;C:\Users\prudnikov\.m2\repository\org\hibernate\javax\persistence\hibernate-jpa-2.1-api\1.0.0.Final\hibernate-jpa-2.1-api-1.0.0.Final.jar;C:\Users\prudnikov\.m2\repository\org\javassist\javassist\3.18.1-GA\javassist-3.18.1-GA.jar;C:\Users\prudnikov\.m2\repository\antlr\antlr\2.7.7\antlr-2.7.7.jar;C:\Users\prudnikov\.m2\repository\org\jboss\jandex\1.1.0.Final\jandex-1.1.0.Final.jar;C:\Users\prudnikov\.m2\repository\org\hibernate\hibernate-entitymanager\4.3.8.Final\hibernate-entitymanager-4.3.8.Final.jar;C:\Users\prudnikov\.m2\repository\org\hibernate\hibernate-ehcache\4.3.8.Final\hibernate-ehcache-4.3.8.Final.jar;C:\Users\prudnikov\.m2\repository\net\sf\ehcache\ehcache-core\2.4.3\ehcache-core-2.4.3.jar;C:\Users\prudnikov\.m2\repository\org\springframework\spring-test\4.1.6.RELEASE\spring-test-4.1.6.RELEASE.jar;C:\Users\prudnikov\.m2\repository\org\springframework\spring-core\4.1.6.RELEASE\spring-core-4.1.6.RELEASE.jar;C:\Users\prudnikov\.m2\repository\commons-logging\commons-logging\1.2\commons-logging-1.2.jar;C:\Users\prudnikov\.m2\repository\org\springframework\spring-context\4.1.6.RELEASE\spring-context-4.1.6.RELEASE.jar;C:\Users\prudnikov\.m2\repository\org\springframework\spring-expression\4.1.6.RELEASE\spring-expression-4.1.6.RELEASE.jar;C:\Users\prudnikov\.m2\repository\org\springframework\spring-orm\4.1.6.RELEASE\spring-orm-4.1.6.RELEASE.jar;C:\Users\prudnikov\.m2\repository\org\springframework\spring-jdbc\4.1.6.RELEASE\spring-jdbc-4.1.6.RELEASE.jar;C:\Users\prudnikov\.m2\repository\org\springframework\spring-beans\4.1.6.RELEASE\spring-beans-4.1.6.RELEASE.jar;C:\Users\prudnikov\.m2\repository\org\springframework\spring-web\4.1.6.RELEASE\spring-web-4.1.6.RELEASE.jar;C:\Users\prudnikov\.m2\repository\org\springframework\spring-webmvc\4.1.6.RELEASE\spring-webmvc-4.1.6.RELEASE.jar;C:\Users\prudnikov\.m2\repository\org\springframework\spring-tx\4.1.6.RELEASE\spring-tx-4.1.6.RELEASE.jar;C:\Users\prudnikov\.m2\repository\org\springframework\spring-aop\4.1.6.RELEASE\spring-aop-4.1.6.RELEASE.jar;C:\Users\prudnikov\.m2\repository\aopalliance\aopalliance\1.0\aopalliance-1.0.jar;C:\Users\prudnikov\.m2\repository\org\springframework\security\spring-security-config\3.2.7.RELEASE\spring-security-config-3.2.7.RELEASE.jar;C:\Users\prudnikov\.m2\repository\org\springframework\security\spring-security-core\3.2.7.RELEASE\spring-security-core-3.2.7.RELEASE.jar;C:\Users\prudnikov\.m2\repository\org\springframework\security\spring-security-web\3.2.7.RELEASE\spring-security-web-3.2.7.RELEASE.jar;C:\Users\prudnikov\.m2\repository\org\springframework\security\spring-security-taglibs\3.2.7.RELEASE\spring-security-taglibs-3.2.7.RELEASE.jar;C:\Users\prudnikov\.m2\repository\org\springframework\security\spring-security-acl\3.2.7.RELEASE\spring-security-acl-3.2.7.RELEASE.jar;C:\Users\prudnikov\.m2\repository\log4j\log4j\1.2.17\log4j-1.2.17.jar;C:\Users\prudnikov\.m2\repository\junit\junit\4.10\junit-4.10.jar;C:\Users\prudnikov\.m2\repository\org\hamcrest\hamcrest-core\1.1\hamcrest-core-1.1.jar;C:\Users\prudnikov\.m2\repository\commons-dbcp\commons-dbcp\1.4\commons-dbcp-1.4.jar;C:\Users\prudnikov\.m2\repository\commons-pool\commons-pool\1.5.4\commons-pool-1.5.4.jar;C:\Users\prudnikov\.m2\repository\commons-lang\commons-lang\2.6\commons-lang-2.6.jar;C:\Users\prudnikov\.m2\repository\mysql\mysql-connector-java\5.1.35\mysql-connector-java-5.1.35.jar;C:\Users\prudnikov\.m2\repository\org\apache\tiles\tiles-jsp\3.0.5\tiles-jsp-3.0.5.jar;C:\Users\prudnikov\.m2\repository\org\apache\tiles\tiles-request-jsp\1.0.6\tiles-request-jsp-1.0.6.jar;C:\Users\prudnikov\.m2\repository\org\apache\tiles\tiles-request-api\1.0.6\tiles-request-api-1.0.6.jar;C:\Users\prudnikov\.m2\repository\org\apache\tiles\tiles-servlet\3.0.5\tiles-servlet-3.0.5.jar;C:\Users\prudnikov\.m2\repository\org\apache\tiles\tiles-core\3.0.5\tiles-core-3.0.5.jar;C:\Users\prudnikov\.m2\repository\commons-digester\commons-digester\2.0\commons-digester-2.0.jar;C:\Users\prudnikov\.m2\repository\commons-beanutils\commons-beanutils\1.8.0\commons-beanutils-1.8.0.jar;C:\Users\prudnikov\.m2\repository\org\slf4j\jcl-over-slf4j\1.7.6\jcl-over-slf4j-1.7.6.jar;C:\Users\prudnikov\.m2\repository\org\apache\tiles\tiles-request-servlet\1.0.6\tiles-request-servlet-1.0.6.jar;C:\Users\prudnikov\.m2\repository\org\apache\tiles\tiles-template\3.0.5\tiles-template-3.0.5.jar;C:\Users\prudnikov\.m2\repository\org\apache\tiles\tiles-api\3.0.5\tiles-api-3.0.5.jar;C:\Users\prudnikov\.m2\repository\org\apache\tiles\tiles-autotag-core-runtime\1.1.0\tiles-autotag-core-runtime-1.1.0.jar;C:\Users\prudnikov\.m2\repository\org\apache\tiles\tiles-el\3.0.5\tiles-el-3.0.5.jar;C:\Users\prudnikov\.m2\repository\jstl\jstl\1.2\jstl-1.2.jar;C:\Users\prudnikov\.m2\repository\org\aspectj\aspectjweaver\1.8.4\aspectjweaver-1.8.4.jar;C:\Users\prudnikov\.m2\repository\org\aspectj\aspectjrt\1.8.4\aspectjrt-1.8.4.jar;, debug=true, java.specification.name=Java Platform API Specification, java.class.version=51.0, sun.management.compiler=HotSpot 64-Bit Tiered Compilers, os.version=6.1, user.home=C:\Users\prudnikov, user.timezone=Europe/Minsk, java.awt.printerjob=sun.awt.windows.WPrinterJob, java.specification.version=1.7, file.encoding=Cp1252, user.name=prudnikov, java.class.path=D:\JavaProjects\newspaperSpring\dao\target\test-classes;D:\JavaProjects\newspaperSpring\dao\target\classes;C:\Users\prudnikov\.m2\repository\cglib\cglib\3.1\cglib-3.1.jar;C:\Users\prudnikov\.m2\repository\org\ow2\asm\asm\4.2\asm-4.2.jar;C:\Users\prudnikov\.m2\repository\javax\annotation\jsr250-api\1.0\jsr250-api-1.0.jar;C:\Users\prudnikov\.m2\repository\org\slf4j\slf4j-log4j12\1.7.12\slf4j-log4j12-1.7.12.jar;C:\Users\prudnikov\.m2\repository\org\slf4j\slf4j-api\1.7.12\slf4j-api-1.7.12.jar;C:\Users\prudnikov\.m2\repository\javax\javaee-web-api\7.0\javaee-web-api-7.0.jar;C:\Users\prudnikov\.m2\repository\org\hibernate\hibernate-core\4.3.8.Final\hibernate-core-4.3.8.Final.jar;C:\Users\prudnikov\.m2\repository\org\jboss\logging\jboss-logging\3.1.3.GA\jboss-logging-3.1.3.GA.jar;C:\Users\prudnikov\.m2\repository\org\jboss\logging\jboss-logging-annotations\1.2.0.Beta1\jboss-logging-annotations-1.2.0.Beta1.jar;C:\Users\prudnikov\.m2\repository\org\jboss\spec\javax\transaction\jboss-transaction-api_1.2_spec\1.0.0.Final\jboss-transaction-api_1.2_spec-1.0.0.Final.jar;C:\Users\prudnikov\.m2\repository\dom4j\dom4j\1.6.1\dom4j-1.6.1.jar;C:\Users\prudnikov\.m2\repository\xml-apis\xml-apis\1.0.b2\xml-apis-1.0.b2.jar;C:\Users\prudnikov\.m2\repository\org\hibernate\common\hibernate-commons-annotations\4.0.5.Final\hibernate-commons-annotations-4.0.5.Final.jar;C:\Users\prudnikov\.m2\repository\org\hibernate\javax\persistence\hibernate-jpa-2.1-api\1.0.0.Final\hibernate-jpa-2.1-api-1.0.0.Final.jar;C:\Users\prudnikov\.m2\repository\org\javassist\javassist\3.18.1-GA\javassist-3.18.1-GA.jar;C:\Users\prudnikov\.m2\repository\antlr\antlr\2.7.7\antlr-2.7.7.jar;C:\Users\prudnikov\.m2\repository\org\jboss\jandex\1.1.0.Final\jandex-1.1.0.Final.jar;C:\Users\prudnikov\.m2\repository\org\hibernate\hibernate-entitymanager\4.3.8.Final\hibernate-entitymanager-4.3.8.Final.jar;C:\Users\prudnikov\.m2\repository\org\hibernate\hibernate-ehcache\4.3.8.Final\hibernate-ehcache-4.3.8.Final.jar;C:\Users\prudnikov\.m2\repository\net\sf\ehcache\ehcache-core\2.4.3\ehcache-core-2.4.3.jar;C:\Users\prudnikov\.m2\repository\org\springframework\spring-test\4.1.6.RELEASE\spring-test-4.1.6.RELEASE.jar;C:\Users\prudnikov\.m2\repository\org\springframework\spring-core\4.1.6.RELEASE\spring-core-4.1.6.RELEASE.jar;C:\Users\prudnikov\.m2\repository\commons-logging\commons-logging\1.2\commons-logging-1.2.jar;C:\Users\prudnikov\.m2\repository\org\springframework\spring-context\4.1.6.RELEASE\spring-context-4.1.6.RELEASE.jar;C:\Users\prudnikov\.m2\repository\org\springframework\spring-expression\4.1.6.RELEASE\spring-expression-4.1.6.RELEASE.jar;C:\Users\prudnikov\.m2\repository\org\springframework\spring-orm\4.1.6.RELEASE\spring-orm-4.1.6.RELEASE.jar;C:\Users\prudnikov\.m2\repository\org\springframework\spring-jdbc\4.1.6.RELEASE\spring-jdbc-4.1.6.RELEASE.jar;C:\Users\prudnikov\.m2\repository\org\springframework\spring-beans\4.1.6.RELEASE\spring-beans-4.1.6.RELEASE.jar;C:\Users\prudnikov\.m2\repository\org\springframework\spring-web\4.1.6.RELEASE\spring-web-4.1.6.RELEASE.jar;C:\Users\prudnikov\.m2\repository\org\springframework\spring-webmvc\4.1.6.RELEASE\spring-webmvc-4.1.6.RELEASE.jar;C:\Users\prudnikov\.m2\repository\org\springframework\spring-tx\4.1.6.RELEASE\spring-tx-4.1.6.RELEASE.jar;C:\Users\prudnikov\.m2\repository\org\springframework\spring-aop\4.1.6.RELEASE\spring-aop-4.1.6.RELEASE.jar;C:\Users\prudnikov\.m2\repository\aopalliance\aopalliance\1.0\aopalliance-1.0.jar;C:\Users\prudnikov\.m2\repository\org\springframework\security\spring-security-config\3.2.7.RELEASE\spring-security-config-3.2.7.RELEASE.jar;C:\Users\prudnikov\.m2\repository\org\springframework\security\spring-security-core\3.2.7.RELEASE\spring-security-core-3.2.7.RELEASE.jar;C:\Users\prudnikov\.m2\repository\org\springframework\security\spring-security-web\3.2.7.RELEASE\spring-security-web-3.2.7.RELEASE.jar;C:\Users\prudnikov\.m2\repository\org\springframework\security\spring-security-taglibs\3.2.7.RELEASE\spring-security-taglibs-3.2.7.RELEASE.jar;C:\Users\prudnikov\.m2\repository\org\springframework\security\spring-security-acl\3.2.7.RELEASE\spring-security-acl-3.2.7.RELEASE.jar;C:\Users\prudnikov\.m2\repository\log4j\log4j\1.2.17\log4j-1.2.17.jar;C:\Users\prudnikov\.m2\repository\junit\junit\4.10\junit-4.10.jar;C:\Users\prudnikov\.m2\repository\org\hamcrest\hamcrest-core\1.1\hamcrest-core-1.1.jar;C:\Users\prudnikov\.m2\repository\commons-dbcp\commons-dbcp\1.4\commons-dbcp-1.4.jar;C:\Users\prudnikov\.m2\repository\commons-pool\commons-pool\1.5.4\commons-pool-1.5.4.jar;C:\Users\prudnikov\.m2\repository\commons-lang\commons-lang\2.6\commons-lang-2.6.jar;C:\Users\prudnikov\.m2\repository\mysql\mysql-connector-java\5.1.35\mysql-connector-java-5.1.35.jar;C:\Users\prudnikov\.m2\repository\org\apache\tiles\tiles-jsp\3.0.5\tiles-jsp-3.0.5.jar;C:\Users\prudnikov\.m2\repository\org\apache\tiles\tiles-request-jsp\1.0.6\tiles-request-jsp-1.0.6.jar;C:\Users\prudnikov\.m2\repository\org\apache\tiles\tiles-request-api\1.0.6\tiles-request-api-1.0.6.jar;C:\Users\prudnikov\.m2\repository\org\apache\tiles\tiles-servlet\3.0.5\tiles-servlet-3.0.5.jar;C:\Users\prudnikov\.m2\repository\org\apache\tiles\tiles-core\3.0.5\tiles-core-3.0.5.jar;C:\Users\prudnikov\.m2\repository\commons-digester\commons-digester\2.0\commons-digester-2.0.jar;C:\Users\prudnikov\.m2\repository\commons-beanutils\commons-beanutils\1.8.0\commons-beanutils-1.8.0.jar;C:\Users\prudnikov\.m2\repository\org\slf4j\jcl-over-slf4j\1.7.6\jcl-over-slf4j-1.7.6.jar;C:\Users\prudnikov\.m2\repository\org\apache\tiles\tiles-request-servlet\1.0.6\tiles-request-servlet-1.0.6.jar;C:\Users\prudnikov\.m2\repository\org\apache\tiles\tiles-template\3.0.5\tiles-template-3.0.5.jar;C:\Users\prudnikov\.m2\repository\org\apache\tiles\tiles-api\3.0.5\tiles-api-3.0.5.jar;C:\Users\prudnikov\.m2\repository\org\apache\tiles\tiles-autotag-core-runtime\1.1.0\tiles-autotag-core-runtime-1.1.0.jar;C:\Users\prudnikov\.m2\repository\org\apache\tiles\tiles-el\3.0.5\tiles-el-3.0.5.jar;C:\Users\prudnikov\.m2\repository\jstl\jstl\1.2\jstl-1.2.jar;C:\Users\prudnikov\.m2\repository\org\aspectj\aspectjweaver\1.8.4\aspectjweaver-1.8.4.jar;C:\Users\prudnikov\.m2\repository\org\aspectj\aspectjrt\1.8.4\aspectjrt-1.8.4.jar;, hibernate.bytecode.use_reflection_optimizer=false, hibernate.show_sql=true, hibernate.classLoader.application=sun.misc.Launcher$AppClassLoader@78214f6b, java.vm.specification.version=1.7, sun.arch.data.model=64, java.home=C:\Program Files\Java\jdk1.7.0_79\jre, sun.java.command=D:\JavaProjects\newspaperSpring\dao\target\surefire\surefirebooter3612854689069956748.jar D:\JavaProjects\newspaperSpring\dao\target\surefire\surefire6499367857971775049tmp D:\JavaProjects\newspaperSpring\dao\target\surefire\surefire5037884313218833747tmp, hibernate.dialect=org.hibernate.dialect.MySQLDialect, java.specification.vendor=Oracle Corporation, user.language=ru, awt.toolkit=sun.awt.windows.WToolkit, java.vm.info=mixed mode, java.version=1.7.0_79, java.ext.dirs=C:\Program Files\Java\jdk1.7.0_79\jre\lib\ext;C:\Windows\Sun\Java\lib\ext, sun.boot.class.path=C:\Program Files\Java\jdk1.7.0_79\jre\lib\resources.jar;C:\Program Files\Java\jdk1.7.0_79\jre\lib\rt.jar;C:\Program Files\Java\jdk1.7.0_79\jre\lib\sunrsasign.jar;C:\Program Files\Java\jdk1.7.0_79\jre\lib\jsse.jar;C:\Program Files\Java\jdk1.7.0_79\jre\lib\jce.jar;C:\Program Files\Java\jdk1.7.0_79\jre\lib\charsets.jar;C:\Program Files\Java\jdk1.7.0_79\jre\lib\jfr.jar;C:\Program Files\Java\jdk1.7.0_79\jre\classes, java.vendor=Oracle Corporation, localRepository=C:\Users\prudnikov\.m2\repository, file.separator=\, hibernate.cache.region.factory_class=org.hibernate.cache.ehcache.SingletonEhCacheRegionFactory, java.vendor.url.bug=http://bugreport.sun.com/bugreport/, hibernate.hbm2ddl.auto=validate, sun.cpu.endian=little, sun.io.unicode.encoding=UnicodeLittle, sun.desktop=windows, sun.cpu.isalist=amd64}
org.hibernate.service.internal.AbstractServiceRegistryImpl 2015-06-20 15:55:05,950 TRACE - Initializing service [role=org.hibernate.engine.query.spi.NativeQueryInterpreter]
org.hibernate.cfg.beanvalidation.TypeSafeActivator 2015-06-20 15:55:05,960 DEBUG - Unable to acquire Bean Validation ValidatorFactory, skipping activation
org.hibernate.secure.spi.JaccIntegrator 2015-06-20 15:55:05,961 DEBUG - Skipping JACC integration as it was not enabled
org.hibernate.id.factory.internal.DefaultIdentifierGeneratorFactory 2015-06-20 15:55:05,962 DEBUG - Setting dialect [org.hibernate.dialect.MySQLDialect]
org.hibernate.id.factory.internal.DefaultIdentifierGeneratorFactory 2015-06-20 15:55:05,962 DEBUG - Setting dialect [org.hibernate.dialect.MySQLDialect]
org.hibernate.id.factory.internal.DefaultIdentifierGeneratorFactory 2015-06-20 15:55:05,963 DEBUG - Setting dialect [org.hibernate.dialect.MySQLDialect]
org.hibernate.id.factory.internal.DefaultIdentifierGeneratorFactory 2015-06-20 15:55:05,964 DEBUG - Setting dialect [org.hibernate.dialect.MySQLDialect]
org.hibernate.id.factory.internal.DefaultIdentifierGeneratorFactory 2015-06-20 15:55:05,964 DEBUG - Setting dialect [org.hibernate.dialect.MySQLDialect]
org.hibernate.service.internal.AbstractServiceRegistryImpl 2015-06-20 15:55:05,964 TRACE - Initializing service [role=org.hibernate.persister.spi.PersisterFactory]
org.hibernate.service.internal.AbstractServiceRegistryImpl 2015-06-20 15:55:05,972 TRACE - Initializing service [role=org.hibernate.persister.spi.PersisterClassResolver]
org.hibernate.persister.entity.AbstractPropertyMapping 2015-06-20 15:55:06,108 TRACE - Skipping duplicate registration of path [categoryName], existing type = [org.hibernate.type.StringType@4613d832], incoming type = [org.hibernate.type.StringType@4613d832]
org.hibernate.persister.entity.AbstractPropertyMapping 2015-06-20 15:55:06,109 TRACE - Skipping duplicate registration of path [news], existing type = [org.hibernate.type.SetType(pojos.Category.news)], incoming type = [org.hibernate.type.SetType(pojos.Category.news)]
org.hibernate.persister.entity.AbstractPropertyMapping 2015-06-20 15:55:06,114 TRACE - Skipping duplicate registration of path [role.id], existing type = [org.hibernate.type.IntegerType@298e6523], incoming type = [org.hibernate.type.IntegerType@298e6523]
org.hibernate.persister.entity.AbstractPropertyMapping 2015-06-20 15:55:06,115 TRACE - Skipping duplicate registration of path [role.roleId], existing type = [org.hibernate.type.IntegerType@298e6523], incoming type = [org.hibernate.type.IntegerType@298e6523]
org.hibernate.persister.entity.AbstractPropertyMapping 2015-06-20 15:55:06,115 TRACE - Skipping duplicate registration of path [addNews], existing type = [org.hibernate.type.BooleanType@163f95ba], incoming type = [org.hibernate.type.BooleanType@163f95ba]
org.hibernate.persister.entity.AbstractPropertyMapping 2015-06-20 15:55:06,115 TRACE - Skipping duplicate registration of path [deleteNews], existing type = [org.hibernate.type.BooleanType@163f95ba], incoming type = [org.hibernate.type.BooleanType@163f95ba]
org.hibernate.persister.entity.AbstractPropertyMapping 2015-06-20 15:55:06,116 TRACE - Skipping duplicate registration of path [readNews], existing type = [org.hibernate.type.BooleanType@163f95ba], incoming type = [org.hibernate.type.BooleanType@163f95ba]
org.hibernate.persister.entity.AbstractPropertyMapping 2015-06-20 15:55:06,116 TRACE - Skipping duplicate registration of path [role], existing type = [org.hibernate.type.ManyToOneType(pojos.Roles)], incoming type = [org.hibernate.type.ManyToOneType(pojos.Roles)]
org.hibernate.persister.entity.AbstractPropertyMapping 2015-06-20 15:55:06,116 TRACE - Skipping duplicate registration of path [role.id], existing type = [org.hibernate.type.IntegerType@298e6523], incoming type = [org.hibernate.type.IntegerType@298e6523]
org.hibernate.persister.entity.AbstractPropertyMapping 2015-06-20 15:55:06,117 TRACE - Skipping duplicate registration of path [role.id], existing type = [org.hibernate.type.IntegerType@298e6523], incoming type = [org.hibernate.type.IntegerType@298e6523]
org.hibernate.persister.entity.AbstractPropertyMapping 2015-06-20 15:55:06,117 TRACE - Skipping duplicate registration of path [role.roleId], existing type = [org.hibernate.type.IntegerType@298e6523], incoming type = [org.hibernate.type.IntegerType@298e6523]
org.hibernate.persister.entity.AbstractPropertyMapping 2015-06-20 15:55:06,117 TRACE - Skipping duplicate registration of path [role.roleId], existing type = [org.hibernate.type.IntegerType@298e6523], incoming type = [org.hibernate.type.IntegerType@298e6523]
org.hibernate.persister.entity.AbstractPropertyMapping 2015-06-20 15:55:06,117 TRACE - Skipping duplicate registration of path [updateNews], existing type = [org.hibernate.type.BooleanType@163f95ba], incoming type = [org.hibernate.type.BooleanType@163f95ba]
org.hibernate.persister.entity.AbstractPropertyMapping 2015-06-20 15:55:06,123 TRACE - Skipping duplicate registration of path [email], existing type = [org.hibernate.type.StringType@4613d832], incoming type = [org.hibernate.type.StringType@4613d832]
org.hibernate.persister.entity.AbstractPropertyMapping 2015-06-20 15:55:06,123 TRACE - Skipping duplicate registration of path [name], existing type = [org.hibernate.type.StringType@4613d832], incoming type = [org.hibernate.type.StringType@4613d832]
org.hibernate.persister.entity.AbstractPropertyMapping 2015-06-20 15:55:06,125 TRACE - Skipping duplicate registration of path [news], existing type = [org.hibernate.type.SetType(pojos.Users.news)], incoming type = [org.hibernate.type.SetType(pojos.Users.news)]
org.hibernate.persister.entity.AbstractPropertyMapping 2015-06-20 15:55:06,125 TRACE - Skipping duplicate registration of path [pass], existing type = [org.hibernate.type.StringType@4613d832], incoming type = [org.hibernate.type.StringType@4613d832]
org.hibernate.persister.entity.AbstractPropertyMapping 2015-06-20 15:55:06,125 TRACE - Skipping duplicate registration of path [roles], existing type = [org.hibernate.type.SetType(pojos.Users.roles)], incoming type = [org.hibernate.type.SetType(pojos.Users.roles)]
org.hibernate.persister.entity.AbstractPropertyMapping 2015-06-20 15:55:06,125 TRACE - Skipping duplicate registration of path [surname], existing type = [org.hibernate.type.StringType@4613d832], incoming type = [org.hibernate.type.StringType@4613d832]
org.hibernate.persister.entity.AbstractPropertyMapping 2015-06-20 15:55:06,129 TRACE - Skipping duplicate registration of path [permission.role], existing type = [org.hibernate.type.IntegerType@298e6523], incoming type = [org.hibernate.type.IntegerType@298e6523]
org.hibernate.persister.entity.AbstractPropertyMapping 2015-06-20 15:55:06,129 TRACE - Skipping duplicate registration of path [roleType], existing type = [org.hibernate.type.StringType@4613d832], incoming type = [org.hibernate.type.StringType@4613d832]
org.hibernate.persister.entity.AbstractPropertyMapping 2015-06-20 15:55:06,130 TRACE - Skipping duplicate registration of path [users], existing type = [org.hibernate.type.SetType(pojos.Roles.users)], incoming type = [org.hibernate.type.SetType(pojos.Roles.users)]
org.hibernate.persister.entity.AbstractPropertyMapping 2015-06-20 15:55:06,130 TRACE - Skipping duplicate registration of path [permission], existing type = [org.hibernate.type.OneToOneType(pojos.Permissions)], incoming type = [org.hibernate.type.OneToOneType(pojos.Permissions)]
org.hibernate.persister.entity.AbstractPropertyMapping 2015-06-20 15:55:06,130 TRACE - Skipping duplicate registration of path [permission.role], existing type = [org.hibernate.type.IntegerType@298e6523], incoming type = [org.hibernate.type.IntegerType@298e6523]
org.hibernate.persister.entity.AbstractPropertyMapping 2015-06-20 15:55:06,130 TRACE - Skipping duplicate registration of path [permission.role], existing type = [org.hibernate.type.IntegerType@298e6523], incoming type = [org.hibernate.type.IntegerType@298e6523]
org.hibernate.persister.entity.AbstractPropertyMapping 2015-06-20 15:55:06,135 TRACE - Skipping duplicate registration of path [category.id], existing type = [org.hibernate.type.IntegerType@298e6523], incoming type = [org.hibernate.type.IntegerType@298e6523]
org.hibernate.persister.entity.AbstractPropertyMapping 2015-06-20 15:55:06,136 TRACE - Skipping duplicate registration of path [category.categoryId], existing type = [org.hibernate.type.IntegerType@298e6523], incoming type = [org.hibernate.type.IntegerType@298e6523]
org.hibernate.persister.entity.AbstractPropertyMapping 2015-06-20 15:55:06,136 TRACE - Skipping duplicate registration of path [user.id], existing type = [org.hibernate.type.IntegerType@298e6523], incoming type = [org.hibernate.type.IntegerType@298e6523]
org.hibernate.persister.entity.AbstractPropertyMapping 2015-06-20 15:55:06,136 TRACE - Skipping duplicate registration of path [user.userId], existing type = [org.hibernate.type.IntegerType@298e6523], incoming type = [org.hibernate.type.IntegerType@298e6523]
org.hibernate.persister.entity.AbstractPropertyMapping 2015-06-20 15:55:06,137 TRACE - Skipping duplicate registration of path [author], existing type = [org.hibernate.type.StringType@4613d832], incoming type = [org.hibernate.type.StringType@4613d832]
org.hibernate.persister.entity.AbstractPropertyMapping 2015-06-20 15:55:06,137 TRACE - Skipping duplicate registration of path [category], existing type = [org.hibernate.type.ManyToOneType(pojos.Category)], incoming type = [org.hibernate.type.ManyToOneType(pojos.Category)]
org.hibernate.persister.entity.AbstractPropertyMapping 2015-06-20 15:55:06,137 TRACE - Skipping duplicate registration of path [category.id], existing type = [org.hibernate.type.IntegerType@298e6523], incoming type = [org.hibernate.type.IntegerType@298e6523]
org.hibernate.persister.entity.AbstractPropertyMapping 2015-06-20 15:55:06,138 TRACE - Skipping duplicate registration of path [category.id], existing type = [org.hibernate.type.IntegerType@298e6523], incoming type = [org.hibernate.type.IntegerType@298e6523]
org.hibernate.persister.entity.AbstractPropertyMapping 2015-06-20 15:55:06,138 TRACE - Skipping duplicate registration of path [category.categoryId], existing type = [org.hibernate.type.IntegerType@298e6523], incoming type = [org.hibernate.type.IntegerType@298e6523]
org.hibernate.persister.entity.AbstractPropertyMapping 2015-06-20 15:55:06,138 TRACE - Skipping duplicate registration of path [category.categoryId], existing type = [org.hibernate.type.IntegerType@298e6523], incoming type = [org.hibernate.type.IntegerType@298e6523]
org.hibernate.persister.entity.AbstractPropertyMapping 2015-06-20 15:55:06,138 TRACE - Skipping duplicate registration of path [mainText], existing type = [org.hibernate.type.TextType@3a934cf4], incoming type = [org.hibernate.type.TextType@3a934cf4]
org.hibernate.persister.entity.AbstractPropertyMapping 2015-06-20 15:55:06,139 TRACE - Skipping duplicate registration of path [postDay], existing type = [org.hibernate.type.StringType@4613d832], incoming type = [org.hibernate.type.StringType@4613d832]
org.hibernate.persister.entity.AbstractPropertyMapping 2015-06-20 15:55:06,139 TRACE - Skipping duplicate registration of path [title], existing type = [org.hibernate.type.StringType@4613d832], incoming type = [org.hibernate.type.StringType@4613d832]
org.hibernate.persister.entity.AbstractPropertyMapping 2015-06-20 15:55:06,139 TRACE - Skipping duplicate registration of path [title4ann], existing type = [org.hibernate.type.StringType@4613d832], incoming type = [org.hibernate.type.StringType@4613d832]
org.hibernate.persister.entity.AbstractPropertyMapping 2015-06-20 15:55:06,139 TRACE - Skipping duplicate registration of path [user], existing type = [org.hibernate.type.ManyToOneType(pojos.Users)], incoming type = [org.hibernate.type.ManyToOneType(pojos.Users)]
org.hibernate.persister.entity.AbstractPropertyMapping 2015-06-20 15:55:06,140 TRACE - Skipping duplicate registration of path [user.id], existing type = [org.hibernate.type.IntegerType@298e6523], incoming type = [org.hibernate.type.IntegerType@298e6523]
org.hibernate.persister.entity.AbstractPropertyMapping 2015-06-20 15:55:06,140 TRACE - Skipping duplicate registration of path [user.id], existing type = [org.hibernate.type.IntegerType@298e6523], incoming type = [org.hibernate.type.IntegerType@298e6523]
org.hibernate.persister.entity.AbstractPropertyMapping 2015-06-20 15:55:06,140 TRACE - Skipping duplicate registration of path [user.userId], existing type = [org.hibernate.type.IntegerType@298e6523], incoming type = [org.hibernate.type.IntegerType@298e6523]
org.hibernate.persister.entity.AbstractPropertyMapping 2015-06-20 15:55:06,140 TRACE - Skipping duplicate registration of path [user.userId], existing type = [org.hibernate.type.IntegerType@298e6523], incoming type = [org.hibernate.type.IntegerType@298e6523]
org.hibernate.persister.collection.AbstractCollectionPersister 2015-06-20 15:55:06,150 DEBUG - Static SQL for collection: pojos.Users.roles
org.hibernate.persister.collection.AbstractCollectionPersister 2015-06-20 15:55:06,150 DEBUG -  Row insert: insert into T_Roles_Users (userId, roleId) values (?, ?)
org.hibernate.persister.collection.AbstractCollectionPersister 2015-06-20 15:55:06,150 DEBUG -  Row update: update T_Roles_Users set roleId=? where userId=? and roleId=?
org.hibernate.persister.collection.AbstractCollectionPersister 2015-06-20 15:55:06,151 DEBUG -  Row delete: delete from T_Roles_Users where userId=? and roleId=?
org.hibernate.persister.collection.AbstractCollectionPersister 2015-06-20 15:55:06,151 DEBUG -  One-shot delete: delete from T_Roles_Users where userId=?
org.hibernate.persister.collection.AbstractCollectionPersister 2015-06-20 15:55:06,152 DEBUG - Static SQL for collection: pojos.Roles.users
org.hibernate.persister.collection.AbstractCollectionPersister 2015-06-20 15:55:06,152 DEBUG -  Row insert: insert into T_Roles_Users (roleId, userId) values (?, ?)
org.hibernate.persister.collection.AbstractCollectionPersister 2015-06-20 15:55:06,152 DEBUG -  Row update: update T_Roles_Users set userId=? where roleId=? and userId=?
org.hibernate.persister.collection.AbstractCollectionPersister 2015-06-20 15:55:06,152 DEBUG -  Row delete: delete from T_Roles_Users where roleId=? and userId=?
org.hibernate.persister.collection.AbstractCollectionPersister 2015-06-20 15:55:06,153 DEBUG -  One-shot delete: delete from T_Roles_Users where roleId=?
org.hibernate.persister.collection.AbstractCollectionPersister 2015-06-20 15:55:06,154 DEBUG - Static SQL for collection: pojos.Category.news
org.hibernate.persister.collection.AbstractCollectionPersister 2015-06-20 15:55:06,155 DEBUG -  Row insert: update News set category=? where newsId=?
org.hibernate.persister.collection.AbstractCollectionPersister 2015-06-20 15:55:06,155 DEBUG -  Row update: update News set  where newsId=?
org.hibernate.persister.collection.AbstractCollectionPersister 2015-06-20 15:55:06,155 DEBUG -  Row delete: update News set category=null where category=? and newsId=?
org.hibernate.persister.collection.AbstractCollectionPersister 2015-06-20 15:55:06,155 DEBUG -  One-shot delete: update News set category=null where category=?
org.hibernate.persister.collection.AbstractCollectionPersister 2015-06-20 15:55:06,156 DEBUG - Static SQL for collection: pojos.Users.news
org.hibernate.persister.collection.AbstractCollectionPersister 2015-06-20 15:55:06,156 DEBUG -  Row insert: update News set user=? where newsId=?
org.hibernate.persister.collection.AbstractCollectionPersister 2015-06-20 15:55:06,156 DEBUG -  Row update: update News set  where newsId=?
org.hibernate.persister.collection.AbstractCollectionPersister 2015-06-20 15:55:06,157 DEBUG -  Row delete: update News set user=null where user=? and newsId=?
org.hibernate.persister.collection.AbstractCollectionPersister 2015-06-20 15:55:06,157 DEBUG -  One-shot delete: update News set user=null where user=?
org.hibernate.persister.entity.AbstractEntityPersister 2015-06-20 15:55:06,176 DEBUG - Static SQL for entity: pojos.Category
org.hibernate.persister.entity.AbstractEntityPersister 2015-06-20 15:55:06,177 DEBUG -  Version select: select categoryId from Category where categoryId =?
org.hibernate.persister.entity.AbstractEntityPersister 2015-06-20 15:55:06,177 DEBUG -  Snapshot select: select category_.categoryId, category_.categoryName as category2_0_ from Category category_ where category_.categoryId=?
org.hibernate.persister.entity.AbstractEntityPersister 2015-06-20 15:55:06,177 DEBUG -  Insert 0: insert into Category (categoryName, categoryId) values (?, ?)
org.hibernate.persister.entity.AbstractEntityPersister 2015-06-20 15:55:06,178 DEBUG -  Update 0: update Category set categoryName=? where categoryId=?
org.hibernate.persister.entity.AbstractEntityPersister 2015-06-20 15:55:06,178 DEBUG -  Delete 0: delete from Category where categoryId=?
org.hibernate.persister.entity.AbstractEntityPersister 2015-06-20 15:55:06,178 DEBUG -  Identity insert: insert into Category (categoryName) values (?)
org.hibernate.loader.plan.build.internal.AbstractLoadPlanBuildingAssociationVisitationStrategy 2015-06-20 15:55:06,200 TRACE -  Starting root entity : pojos.Category
org.hibernate.loader.plan.build.internal.spaces.QuerySpacesImpl 2015-06-20 15:55:06,209 DEBUG - Adding QuerySpace : uid = &lt;gen:0&gt; -&gt; org.hibernate.loader.plan.build.internal.spaces.EntityQuerySpaceImpl@4f79ad2e]
org.hibernate.loader.plan.build.internal.AbstractLoadPlanBuildingAssociationVisitationStrategy 2015-06-20 15:55:06,210 TRACE - Pushing fetch source to stack : org.hibernate.loader.plan.build.internal.returns.EntityReturnImpl@5ebb55e1
org.hibernate.loader.plan.build.internal.AbstractLoadPlanBuildingAssociationVisitationStrategy 2015-06-20 15:55:06,211 TRACE - .. Registering AssociationKey : AssociationKey(table=Category, columns={categoryId}) -&gt; org.hibernate.loader.plan.build.internal.returns.EntityReturnImpl@5ebb55e1
org.hibernate.loader.plan.build.internal.AbstractLoadPlanBuildingAssociationVisitationStrategy 2015-06-20 15:55:06,212 TRACE - &gt;&gt; Starting entity identifier : pojos.Category
org.hibernate.persister.walking.spi.MetamodelGraphWalker 2015-06-20 15:55:06,213 DEBUG - Visiting attribute path : categoryName
org.hibernate.loader.plan.build.internal.AbstractLoadPlanBuildingAssociationVisitationStrategy 2015-06-20 15:55:06,213 TRACE - &gt;&gt; Starting attribute Attribute(name=categoryName, type=string [non-identifier])
org.hibernate.loader.plan.build.internal.AbstractLoadPlanBuildingAssociationVisitationStrategy 2015-06-20 15:55:06,213 TRACE - &lt;&lt; Finishing up attribute : Attribute(name=categoryName, type=string [non-identifier])
org.hibernate.persister.walking.spi.MetamodelGraphWalker 2015-06-20 15:55:06,214 DEBUG - Visiting attribute path : news
org.hibernate.loader.plan.build.internal.AbstractLoadPlanBuildingAssociationVisitationStrategy 2015-06-20 15:55:06,215 TRACE - &gt;&gt; Starting attribute Attribute(name=news, type=java.util.Set(pojos.Category.news) [non-identifier,association])
org.hibernate.loader.plan.build.internal.AbstractLoadPlanBuildingAssociationVisitationStrategy 2015-06-20 15:55:06,218 TRACE - &lt;&lt; Finishing up attribute : Attribute(name=news, type=java.util.Set(pojos.Category.news) [non-identifier,association])
org.hibernate.loader.plan.build.internal.AbstractLoadPlanBuildingAssociationVisitationStrategy 2015-06-20 15:55:06,218 TRACE - Popped fetch owner from stack : org.hibernate.loader.plan.build.internal.returns.EntityReturnImpl@5ebb55e1
org.hibernate.loader.plan.build.internal.AbstractLoadPlanBuildingAssociationVisitationStrategy 2015-06-20 15:55:06,219 TRACE -  Finished root entity : pojos.Category
org.hibernate.loader.plan.build.internal.FetchStyleLoadPlanBuildingAssociationVisitationStrategy 2015-06-20 15:55:06,220 DEBUG - Building LoadPlan...
org.hibernate.loader.plan.exec.internal.LoadQueryJoinAndFetchProcessor 2015-06-20 15:55:06,238 DEBUG - processing queryspace &lt;gen:0&gt;
org.hibernate.loader.plan.build.spi.LoadPlanTreePrinter 2015-06-20 15:55:06,244 DEBUG - LoadPlan(entity=pojos.Category)
    - Returns
       - EntityReturnImpl(entity=pojos.Category, querySpaceUid=&lt;gen:0&gt;, path=pojos.Category)
    - QuerySpaces
       - EntityQuerySpaceImpl(uid=&lt;gen:0&gt;, entity=pojos.Category)
          - SQL table alias mapping - category0_
          - alias suffix - 0_
          - suffixed key columns - {category1_0_0_}

org.hibernate.loader.entity.plan.EntityLoader 2015-06-20 15:55:06,247 DEBUG - Static select for entity pojos.Category [NONE]: select category0_.categoryId as category1_0_0_, category0_.categoryName as category2_0_0_ from Category category0_ where category0_.categoryId=?
org.hibernate.loader.plan.build.internal.AbstractLoadPlanBuildingAssociationVisitationStrategy 2015-06-20 15:55:06,248 TRACE -  Starting root entity : pojos.Category
org.hibernate.loader.plan.build.internal.spaces.QuerySpacesImpl 2015-06-20 15:55:06,249 DEBUG - Adding QuerySpace : uid = &lt;gen:0&gt; -&gt; org.hibernate.loader.plan.build.internal.spaces.EntityQuerySpaceImpl@5b4878e6]
org.hibernate.loader.plan.build.internal.AbstractLoadPlanBuildingAssociationVisitationStrategy 2015-06-20 15:55:06,249 TRACE - Pushing fetch source to stack : org.hibernate.loader.plan.build.internal.returns.EntityReturnImpl@72f972db
org.hibernate.loader.plan.build.internal.AbstractLoadPlanBuildingAssociationVisitationStrategy 2015-06-20 15:55:06,249 TRACE - .. Registering AssociationKey : AssociationKey(table=Category, columns={categoryId}) -&gt; org.hibernate.loader.plan.build.internal.returns.EntityReturnImpl@72f972db
org.hibernate.loader.plan.build.internal.AbstractLoadPlanBuildingAssociationVisitationStrategy 2015-06-20 15:55:06,250 TRACE - &gt;&gt; Starting entity identifier : pojos.Category
org.hibernate.persister.walking.spi.MetamodelGraphWalker 2015-06-20 15:55:06,250 DEBUG - Visiting attribute path : categoryName
org.hibernate.loader.plan.build.internal.AbstractLoadPlanBuildingAssociationVisitationStrategy 2015-06-20 15:55:06,250 TRACE - &gt;&gt; Starting attribute Attribute(name=categoryName, type=string [non-identifier])
org.hibernate.loader.plan.build.internal.AbstractLoadPlanBuildingAssociationVisitationStrategy 2015-06-20 15:55:06,251 TRACE - &lt;&lt; Finishing up attribute : Attribute(name=categoryName, type=string [non-identifier])
org.hibernate.persister.walking.spi.MetamodelGraphWalker 2015-06-20 15:55:06,251 DEBUG - Visiting attribute path : news
org.hibernate.loader.plan.build.internal.AbstractLoadPlanBuildingAssociationVisitationStrategy 2015-06-20 15:55:06,251 TRACE - &gt;&gt; Starting attribute Attribute(name=news, type=java.util.Set(pojos.Category.news) [non-identifier,association])
org.hibernate.loader.plan.build.internal.AbstractLoadPlanBuildingAssociationVisitationStrategy 2015-06-20 15:55:06,252 TRACE - &lt;&lt; Finishing up attribute : Attribute(name=news, type=java.util.Set(pojos.Category.news) [non-identifier,association])
org.hibernate.loader.plan.build.internal.AbstractLoadPlanBuildingAssociationVisitationStrategy 2015-06-20 15:55:06,252 TRACE - Popped fetch owner from stack : org.hibernate.loader.plan.build.internal.returns.EntityReturnImpl@72f972db
org.hibernate.loader.plan.build.internal.AbstractLoadPlanBuildingAssociationVisitationStrategy 2015-06-20 15:55:06,252 TRACE -  Finished root entity : pojos.Category
org.hibernate.loader.plan.build.internal.FetchStyleLoadPlanBuildingAssociationVisitationStrategy 2015-06-20 15:55:06,252 DEBUG - Building LoadPlan...
org.hibernate.loader.plan.exec.internal.LoadQueryJoinAndFetchProcessor 2015-06-20 15:55:06,253 DEBUG - processing queryspace &lt;gen:0&gt;
org.hibernate.loader.plan.build.spi.LoadPlanTreePrinter 2015-06-20 15:55:06,253 DEBUG - LoadPlan(entity=pojos.Category)
    - Returns
       - EntityReturnImpl(entity=pojos.Category, querySpaceUid=&lt;gen:0&gt;, path=pojos.Category)
    - QuerySpaces
       - EntityQuerySpaceImpl(uid=&lt;gen:0&gt;, entity=pojos.Category)
          - SQL table alias mapping - category0_
          - alias suffix - 0_
          - suffixed key columns - {category1_0_0_}

org.hibernate.loader.entity.plan.EntityLoader 2015-06-20 15:55:06,254 DEBUG - Static select for entity pojos.Category [READ]: select category0_.categoryId as category1_0_0_, category0_.categoryName as category2_0_0_ from Category category0_ where category0_.categoryId=?
org.hibernate.loader.plan.build.internal.AbstractLoadPlanBuildingAssociationVisitationStrategy 2015-06-20 15:55:06,254 TRACE -  Starting root entity : pojos.Category
org.hibernate.loader.plan.build.internal.spaces.QuerySpacesImpl 2015-06-20 15:55:06,255 DEBUG - Adding QuerySpace : uid = &lt;gen:0&gt; -&gt; org.hibernate.loader.plan.build.internal.spaces.EntityQuerySpaceImpl@56e3c2d5]
org.hibernate.loader.plan.build.internal.AbstractLoadPlanBuildingAssociationVisitationStrategy 2015-06-20 15:55:06,255 TRACE - Pushing fetch source to stack : org.hibernate.loader.plan.build.internal.returns.EntityReturnImpl@30c5a84
org.hibernate.loader.plan.build.internal.AbstractLoadPlanBuildingAssociationVisitationStrategy 2015-06-20 15:55:06,256 TRACE - .. Registering AssociationKey : AssociationKey(table=Category, columns={categoryId}) -&gt; org.hibernate.loader.plan.build.internal.returns.EntityReturnImpl@30c5a84
org.hibernate.loader.plan.build.internal.AbstractLoadPlanBuildingAssociationVisitationStrategy 2015-06-20 15:55:06,256 TRACE - &gt;&gt; Starting entity identifier : pojos.Category
org.hibernate.persister.walking.spi.MetamodelGraphWalker 2015-06-20 15:55:06,257 DEBUG - Visiting attribute path : categoryName
org.hibernate.loader.plan.build.internal.AbstractLoadPlanBuildingAssociationVisitationStrategy 2015-06-20 15:55:06,257 TRACE - &gt;&gt; Starting attribute Attribute(name=categoryName, type=string [non-identifier])
org.hibernate.loader.plan.build.internal.AbstractLoadPlanBuildingAssociationVisitationStrategy 2015-06-20 15:55:06,257 TRACE - &lt;&lt; Finishing up attribute : Attribute(name=categoryName, type=string [non-identifier])
org.hibernate.persister.walking.spi.MetamodelGraphWalker 2015-06-20 15:55:06,257 DEBUG - Visiting attribute path : news
org.hibernate.loader.plan.build.internal.AbstractLoadPlanBuildingAssociationVisitationStrategy 2015-06-20 15:55:06,258 TRACE - &gt;&gt; Starting attribute Attribute(name=news, type=java.util.Set(pojos.Category.news) [non-identifier,association])
org.hibernate.loader.plan.build.internal.AbstractLoadPlanBuildingAssociationVisitationStrategy 2015-06-20 15:55:06,258 TRACE - &lt;&lt; Finishing up attribute : Attribute(name=news, type=java.util.Set(pojos.Category.news) [non-identifier,association])
org.hibernate.loader.plan.build.internal.AbstractLoadPlanBuildingAssociationVisitationStrategy 2015-06-20 15:55:06,258 TRACE - Popped fetch owner from stack : org.hibernate.loader.plan.build.internal.returns.EntityReturnImpl@30c5a84
org.hibernate.loader.plan.build.internal.AbstractLoadPlanBuildingAssociationVisitationStrategy 2015-06-20 15:55:06,259 TRACE -  Finished root entity : pojos.Category
org.hibernate.loader.plan.build.internal.FetchStyleLoadPlanBuildingAssociationVisitationStrategy 2015-06-20 15:55:06,259 DEBUG - Building LoadPlan...
org.hibernate.loader.plan.exec.internal.LoadQueryJoinAndFetchProcessor 2015-06-20 15:55:06,260 DEBUG - processing queryspace &lt;gen:0&gt;
org.hibernate.loader.plan.build.spi.LoadPlanTreePrinter 2015-06-20 15:55:06,261 DEBUG - LoadPlan(entity=pojos.Category)
    - Returns
       - EntityReturnImpl(entity=pojos.Category, querySpaceUid=&lt;gen:0&gt;, path=pojos.Category)
    - QuerySpaces
       - EntityQuerySpaceImpl(uid=&lt;gen:0&gt;, entity=pojos.Category)
          - SQL table alias mapping - category0_
          - alias suffix - 0_
          - suffixed key columns - {category1_0_0_}

org.hibernate.loader.entity.plan.EntityLoader 2015-06-20 15:55:06,261 DEBUG - Static select for entity pojos.Category [UPGRADE]: select category0_.categoryId as category1_0_0_, category0_.categoryName as category2_0_0_ from Category category0_ where category0_.categoryId=? for update
org.hibernate.loader.plan.build.internal.AbstractLoadPlanBuildingAssociationVisitationStrategy 2015-06-20 15:55:06,261 TRACE -  Starting root entity : pojos.Category
org.hibernate.loader.plan.build.internal.spaces.QuerySpacesImpl 2015-06-20 15:55:06,262 DEBUG - Adding QuerySpace : uid = &lt;gen:0&gt; -&gt; org.hibernate.loader.plan.build.internal.spaces.EntityQuerySpaceImpl@200a91ac]
org.hibernate.loader.plan.build.internal.AbstractLoadPlanBuildingAssociationVisitationStrategy 2015-06-20 15:55:06,262 TRACE - Pushing fetch source to stack : org.hibernate.loader.plan.build.internal.returns.EntityReturnImpl@15e1c3a3
org.hibernate.loader.plan.build.internal.AbstractLoadPlanBuildingAssociationVisitationStrategy 2015-06-20 15:55:06,262 TRACE - .. Registering AssociationKey : AssociationKey(table=Category, columns={categoryId}) -&gt; org.hibernate.loader.plan.build.internal.returns.EntityReturnImpl@15e1c3a3
org.hibernate.loader.plan.build.internal.AbstractLoadPlanBuildingAssociationVisitationStrategy 2015-06-20 15:55:06,263 TRACE - &gt;&gt; Starting entity identifier : pojos.Category
org.hibernate.persister.walking.spi.MetamodelGraphWalker 2015-06-20 15:55:06,263 DEBUG - Visiting attribute path : categoryName
org.hibernate.loader.plan.build.internal.AbstractLoadPlanBuildingAssociationVisitationStrategy 2015-06-20 15:55:06,263 TRACE - &gt;&gt; Starting attribute Attribute(name=categoryName, type=string [non-identifier])
org.hibernate.loader.plan.build.internal.AbstractLoadPlanBuildingAssociationVisitationStrategy 2015-06-20 15:55:06,263 TRACE - &lt;&lt; Finishing up attribute : Attribute(name=categoryName, type=string [non-identifier])
org.hibernate.persister.walking.spi.MetamodelGraphWalker 2015-06-20 15:55:06,264 DEBUG - Visiting attribute path : news
org.hibernate.loader.plan.build.internal.AbstractLoadPlanBuildingAssociationVisitationStrategy 2015-06-20 15:55:06,264 TRACE - &gt;&gt; Starting attribute Attribute(name=news, type=java.util.Set(pojos.Category.news) [non-identifier,association])
org.hibernate.loader.plan.build.internal.AbstractLoadPlanBuildingAssociationVisitationStrategy 2015-06-20 15:55:06,264 TRACE - &lt;&lt; Finishing up attribute : Attribute(name=news, type=java.util.Set(pojos.Category.news) [non-identifier,association])
org.hibernate.loader.plan.build.internal.AbstractLoadPlanBuildingAssociationVisitationStrategy 2015-06-20 15:55:06,264 TRACE - Popped fetch owner from stack : org.hibernate.loader.plan.build.internal.returns.EntityReturnImpl@15e1c3a3
org.hibernate.loader.plan.build.internal.AbstractLoadPlanBuildingAssociationVisitationStrategy 2015-06-20 15:55:06,265 TRACE -  Finished root entity : pojos.Category
org.hibernate.loader.plan.build.internal.FetchStyleLoadPlanBuildingAssociationVisitationStrategy 2015-06-20 15:55:06,265 DEBUG - Building LoadPlan...
org.hibernate.loader.plan.exec.internal.LoadQueryJoinAndFetchProcessor 2015-06-20 15:55:06,265 DEBUG - processing queryspace &lt;gen:0&gt;
org.hibernate.loader.plan.build.spi.LoadPlanTreePrinter 2015-06-20 15:55:06,266 DEBUG - LoadPlan(entity=pojos.Category)
    - Returns
       - EntityReturnImpl(entity=pojos.Category, querySpaceUid=&lt;gen:0&gt;, path=pojos.Category)
    - QuerySpaces
       - EntityQuerySpaceImpl(uid=&lt;gen:0&gt;, entity=pojos.Category)
          - SQL table alias mapping - category0_
          - alias suffix - 0_
          - suffixed key columns - {category1_0_0_}

org.hibernate.loader.entity.plan.EntityLoader 2015-06-20 15:55:06,266 DEBUG - Static select for entity pojos.Category [UPGRADE_NOWAIT]: select category0_.categoryId as category1_0_0_, category0_.categoryName as category2_0_0_ from Category category0_ where category0_.categoryId=? for update
org.hibernate.loader.plan.build.internal.AbstractLoadPlanBuildingAssociationVisitationStrategy 2015-06-20 15:55:06,267 TRACE -  Starting root entity : pojos.Category
org.hibernate.loader.plan.build.internal.spaces.QuerySpacesImpl 2015-06-20 15:55:06,268 DEBUG - Adding QuerySpace : uid = &lt;gen:0&gt; -&gt; org.hibernate.loader.plan.build.internal.spaces.EntityQuerySpaceImpl@18f30d8e]
org.hibernate.loader.plan.build.internal.AbstractLoadPlanBuildingAssociationVisitationStrategy 2015-06-20 15:55:06,268 TRACE - Pushing fetch source to stack : org.hibernate.loader.plan.build.internal.returns.EntityReturnImpl@7cfef26d
org.hibernate.loader.plan.build.internal.AbstractLoadPlanBuildingAssociationVisitationStrategy 2015-06-20 15:55:06,268 TRACE - .. Registering AssociationKey : AssociationKey(table=Category, columns={categoryId}) -&gt; org.hibernate.loader.plan.build.internal.returns.EntityReturnImpl@7cfef26d
org.hibernate.loader.plan.build.internal.AbstractLoadPlanBuildingAssociationVisitationStrategy 2015-06-20 15:55:06,269 TRACE - &gt;&gt; Starting entity identifier : pojos.Category
org.hibernate.persister.walking.spi.MetamodelGraphWalker 2015-06-20 15:55:06,269 DEBUG - Visiting attribute path : categoryName
org.hibernate.loader.plan.build.internal.AbstractLoadPlanBuildingAssociationVisitationStrategy 2015-06-20 15:55:06,269 TRACE - &gt;&gt; Starting attribute Attribute(name=categoryName, type=string [non-identifier])
org.hibernate.loader.plan.build.internal.AbstractLoadPlanBuildingAssociationVisitationStrategy 2015-06-20 15:55:06,270 TRACE - &lt;&lt; Finishing up attribute : Attribute(name=categoryName, type=string [non-identifier])
org.hibernate.persister.walking.spi.MetamodelGraphWalker 2015-06-20 15:55:06,270 DEBUG - Visiting attribute path : news
org.hibernate.loader.plan.build.internal.AbstractLoadPlanBuildingAssociationVisitationStrategy 2015-06-20 15:55:06,270 TRACE - &gt;&gt; Starting attribute Attribute(name=news, type=java.util.Set(pojos.Category.news) [non-identifier,association])
org.hibernate.loader.plan.build.internal.AbstractLoadPlanBuildingAssociationVisitationStrategy 2015-06-20 15:55:06,271 TRACE - &lt;&lt; Finishing up attribute : Attribute(name=news, type=java.util.Set(pojos.Category.news) [non-identifier,association])
org.hibernate.loader.plan.build.internal.AbstractLoadPlanBuildingAssociationVisitationStrategy 2015-06-20 15:55:06,271 TRACE - Popped fetch owner from stack : org.hibernate.loader.plan.build.internal.returns.EntityReturnImpl@7cfef26d
org.hibernate.loader.plan.build.internal.AbstractLoadPlanBuildingAssociationVisitationStrategy 2015-06-20 15:55:06,272 TRACE -  Finished root entity : pojos.Category
org.hibernate.loader.plan.build.internal.FetchStyleLoadPlanBuildingAssociationVisitationStrategy 2015-06-20 15:55:06,272 DEBUG - Building LoadPlan...
org.hibernate.loader.plan.exec.internal.LoadQueryJoinAndFetchProcessor 2015-06-20 15:55:06,273 DEBUG - processing queryspace &lt;gen:0&gt;
org.hibernate.loader.plan.build.spi.LoadPlanTreePrinter 2015-06-20 15:55:06,274 DEBUG - LoadPlan(entity=pojos.Category)
    - Returns
       - EntityReturnImpl(entity=pojos.Category, querySpaceUid=&lt;gen:0&gt;, path=pojos.Category)
    - QuerySpaces
       - EntityQuerySpaceImpl(uid=&lt;gen:0&gt;, entity=pojos.Category)
          - SQL table alias mapping - category0_
          - alias suffix - 0_
          - suffixed key columns - {category1_0_0_}

org.hibernate.loader.entity.plan.EntityLoader 2015-06-20 15:55:06,274 DEBUG - Static select for entity pojos.Category [UPGRADE_SKIPLOCKED]: select category0_.categoryId as category1_0_0_, category0_.categoryName as category2_0_0_ from Category category0_ where category0_.categoryId=? for update
org.hibernate.loader.plan.build.internal.AbstractLoadPlanBuildingAssociationVisitationStrategy 2015-06-20 15:55:06,275 TRACE -  Starting root entity : pojos.Category
org.hibernate.loader.plan.build.internal.spaces.QuerySpacesImpl 2015-06-20 15:55:06,275 DEBUG - Adding QuerySpace : uid = &lt;gen:0&gt; -&gt; org.hibernate.loader.plan.build.internal.spaces.EntityQuerySpaceImpl@45de1237]
org.hibernate.loader.plan.build.internal.AbstractLoadPlanBuildingAssociationVisitationStrategy 2015-06-20 15:55:06,275 TRACE - Pushing fetch source to stack : org.hibernate.loader.plan.build.internal.returns.EntityReturnImpl@767dfcb6
org.hibernate.loader.plan.build.internal.AbstractLoadPlanBuildingAssociationVisitationStrategy 2015-06-20 15:55:06,275 TRACE - .. Registering AssociationKey : AssociationKey(table=Category, columns={categoryId}) -&gt; org.hibernate.loader.plan.build.internal.returns.EntityReturnImpl@767dfcb6
org.hibernate.loader.plan.build.internal.AbstractLoadPlanBuildingAssociationVisitationStrategy 2015-06-20 15:55:06,276 TRACE - &gt;&gt; Starting entity identifier : pojos.Category
org.hibernate.persister.walking.spi.MetamodelGraphWalker 2015-06-20 15:55:06,276 DEBUG - Visiting attribute path : categoryName
org.hibernate.loader.plan.build.internal.AbstractLoadPlanBuildingAssociationVisitationStrategy 2015-06-20 15:55:06,276 TRACE - &gt;&gt; Starting attribute Attribute(name=categoryName, type=string [non-identifier])
org.hibernate.loader.plan.build.internal.AbstractLoadPlanBuildingAssociationVisitationStrategy 2015-06-20 15:55:06,276 TRACE - &lt;&lt; Finishing up attribute : Attribute(name=categoryName, type=string [non-identifier])
org.hibernate.persister.walking.spi.MetamodelGraphWalker 2015-06-20 15:55:06,277 DEBUG - Visiting attribute path : news
org.hibernate.loader.plan.build.internal.AbstractLoadPlanBuildingAssociationVisitationStrategy 2015-06-20 15:55:06,277 TRACE - &gt;&gt; Starting attribute Attribute(name=news, type=java.util.Set(pojos.Category.news) [non-identifier,association])
org.hibernate.loader.plan.build.internal.AbstractLoadPlanBuildingAssociationVisitationStrategy 2015-06-20 15:55:06,277 TRACE - &lt;&lt; Finishing up attribute : Attribute(name=news, type=java.util.Set(pojos.Category.news) [non-identifier,association])
org.hibernate.loader.plan.build.internal.AbstractLoadPlanBuildingAssociationVisitationStrategy 2015-06-20 15:55:06,278 TRACE - Popped fetch owner from stack : org.hibernate.loader.plan.build.internal.returns.EntityReturnImpl@767dfcb6
org.hibernate.loader.plan.build.internal.AbstractLoadPlanBuildingAssociationVisitationStrategy 2015-06-20 15:55:06,278 TRACE -  Finished root entity : pojos.Category
org.hibernate.loader.plan.build.internal.FetchStyleLoadPlanBuildingAssociationVisitationStrategy 2015-06-20 15:55:06,278 DEBUG - Building LoadPlan...
org.hibernate.loader.plan.exec.internal.LoadQueryJoinAndFetchProcessor 2015-06-20 15:55:06,279 DEBUG - processing queryspace &lt;gen:0&gt;
org.hibernate.loader.plan.build.spi.LoadPlanTreePrinter 2015-06-20 15:55:06,280 DEBUG - LoadPlan(entity=pojos.Category)
    - Returns
       - EntityReturnImpl(entity=pojos.Category, querySpaceUid=&lt;gen:0&gt;, path=pojos.Category)
    - QuerySpaces
       - EntityQuerySpaceImpl(uid=&lt;gen:0&gt;, entity=pojos.Category)
          - SQL table alias mapping - category0_
          - alias suffix - 0_
          - suffixed key columns - {category1_0_0_}

org.hibernate.loader.entity.plan.EntityLoader 2015-06-20 15:55:06,281 DEBUG - Static select for entity pojos.Category [FORCE]: select category0_.categoryId as category1_0_0_, category0_.categoryName as category2_0_0_ from Category category0_ where category0_.categoryId=? for update
org.hibernate.loader.plan.build.internal.AbstractLoadPlanBuildingAssociationVisitationStrategy 2015-06-20 15:55:06,281 TRACE -  Starting root entity : pojos.Category
org.hibernate.loader.plan.build.internal.spaces.QuerySpacesImpl 2015-06-20 15:55:06,281 DEBUG - Adding QuerySpace : uid = &lt;gen:0&gt; -&gt; org.hibernate.loader.plan.build.internal.spaces.EntityQuerySpaceImpl@495a4d80]
org.hibernate.loader.plan.build.internal.AbstractLoadPlanBuildingAssociationVisitationStrategy 2015-06-20 15:55:06,281 TRACE - Pushing fetch source to stack : org.hibernate.loader.plan.build.internal.returns.EntityReturnImpl@4796341f
org.hibernate.loader.plan.build.internal.AbstractLoadPlanBuildingAssociationVisitationStrategy 2015-06-20 15:55:06,282 TRACE - .. Registering AssociationKey : AssociationKey(table=Category, columns={categoryId}) -&gt; org.hibernate.loader.plan.build.internal.returns.EntityReturnImpl@4796341f
org.hibernate.loader.plan.build.internal.AbstractLoadPlanBuildingAssociationVisitationStrategy 2015-06-20 15:55:06,282 TRACE - &gt;&gt; Starting entity identifier : pojos.Category
org.hibernate.persister.walking.spi.MetamodelGraphWalker 2015-06-20 15:55:06,283 DEBUG - Visiting attribute path : categoryName
org.hibernate.loader.plan.build.internal.AbstractLoadPlanBuildingAssociationVisitationStrategy 2015-06-20 15:55:06,283 TRACE - &gt;&gt; Starting attribute Attribute(name=categoryName, type=string [non-identifier])
org.hibernate.loader.plan.build.internal.AbstractLoadPlanBuildingAssociationVisitationStrategy 2015-06-20 15:55:06,284 TRACE - &lt;&lt; Finishing up attribute : Attribute(name=categoryName, type=string [non-identifier])
org.hibernate.persister.walking.spi.MetamodelGraphWalker 2015-06-20 15:55:06,284 DEBUG - Visiting attribute path : news
org.hibernate.loader.plan.build.internal.AbstractLoadPlanBuildingAssociationVisitationStrategy 2015-06-20 15:55:06,284 TRACE - &gt;&gt; Starting attribute Attribute(name=news, type=java.util.Set(pojos.Category.news) [non-identifier,association])
org.hibernate.loader.plan.build.internal.AbstractLoadPlanBuildingAssociationVisitationStrategy 2015-06-20 15:55:06,285 TRACE - &lt;&lt; Finishing up attribute : Attribute(name=news, type=java.util.Set(pojos.Category.news) [non-identifier,association])
org.hibernate.loader.plan.build.internal.AbstractLoadPlanBuildingAssociationVisitationStrategy 2015-06-20 15:55:06,285 TRACE - Popped fetch owner from stack : org.hibernate.loader.plan.build.internal.returns.EntityReturnImpl@4796341f
org.hibernate.loader.plan.build.internal.AbstractLoadPlanBuildingAssociationVisitationStrategy 2015-06-20 15:55:06,285 TRACE -  Finished root entity : pojos.Category
org.hibernate.loader.plan.build.internal.FetchStyleLoadPlanBuildingAssociationVisitationStrategy 2015-06-20 15:55:06,286 DEBUG - Building LoadPlan...
org.hibernate.loader.plan.exec.internal.LoadQueryJoinAndFetchProcessor 2015-06-20 15:55:06,286 DEBUG - processing queryspace &lt;gen:0&gt;
org.hibernate.loader.plan.build.spi.LoadPlanTreePrinter 2015-06-20 15:55:06,286 DEBUG - LoadPlan(entity=pojos.Category)
    - Returns
       - EntityReturnImpl(entity=pojos.Category, querySpaceUid=&lt;gen:0&gt;, path=pojos.Category)
    - QuerySpaces
       - EntityQuerySpaceImpl(uid=&lt;gen:0&gt;, entity=pojos.Category)
          - SQL table alias mapping - category0_
          - alias suffix - 0_
          - suffixed key columns - {category1_0_0_}

org.hibernate.loader.entity.plan.EntityLoader 2015-06-20 15:55:06,287 DEBUG - Static select for entity pojos.Category [PESSIMISTIC_READ]: select category0_.categoryId as category1_0_0_, category0_.categoryName as category2_0_0_ from Category category0_ where category0_.categoryId=? lock in share mode
org.hibernate.loader.plan.build.internal.AbstractLoadPlanBuildingAssociationVisitationStrategy 2015-06-20 15:55:06,287 TRACE -  Starting root entity : pojos.Category
org.hibernate.loader.plan.build.internal.spaces.QuerySpacesImpl 2015-06-20 15:55:06,287 DEBUG - Adding QuerySpace : uid = &lt;gen:0&gt; -&gt; org.hibernate.loader.plan.build.internal.spaces.EntityQuerySpaceImpl@563803f0]
org.hibernate.loader.plan.build.internal.AbstractLoadPlanBuildingAssociationVisitationStrategy 2015-06-20 15:55:06,288 TRACE - Pushing fetch source to stack : org.hibernate.loader.plan.build.internal.returns.EntityReturnImpl@778aadc8
org.hibernate.loader.plan.build.internal.AbstractLoadPlanBuildingAssociationVisitationStrategy 2015-06-20 15:55:06,288 TRACE - .. Registering AssociationKey : AssociationKey(table=Category, columns={categoryId}) -&gt; org.hibernate.loader.plan.build.internal.returns.EntityReturnImpl@778aadc8
org.hibernate.loader.plan.build.internal.AbstractLoadPlanBuildingAssociationVisitationStrategy 2015-06-20 15:55:06,288 TRACE - &gt;&gt; Starting entity identifier : pojos.Category
org.hibernate.persister.walking.spi.MetamodelGraphWalker 2015-06-20 15:55:06,288 DEBUG - Visiting attribute path : categoryName
org.hibernate.loader.plan.build.internal.AbstractLoadPlanBuildingAssociationVisitationStrategy 2015-06-20 15:55:06,289 TRACE - &gt;&gt; Starting attribute Attribute(name=categoryName, type=string [non-identifier])
org.hibernate.loader.plan.build.internal.AbstractLoadPlanBuildingAssociationVisitationStrategy 2015-06-20 15:55:06,289 TRACE - &lt;&lt; Finishing up attribute : Attribute(name=categoryName, type=string [non-identifier])
org.hibernate.persister.walking.spi.MetamodelGraphWalker 2015-06-20 15:55:06,289 DEBUG - Visiting attribute path : news
org.hibernate.loader.plan.build.internal.AbstractLoadPlanBuildingAssociationVisitationStrategy 2015-06-20 15:55:06,290 TRACE - &gt;&gt; Starting attribute Attribute(name=news, type=java.util.Set(pojos.Category.news) [non-identifier,association])
org.hibernate.loader.plan.build.internal.AbstractLoadPlanBuildingAssociationVisitationStrategy 2015-06-20 15:55:06,290 TRACE - &lt;&lt; Finishing up attribute : Attribute(name=news, type=java.util.Set(pojos.Category.news) [non-identifier,association])
org.hibernate.loader.plan.build.internal.AbstractLoadPlanBuildingAssociationVisitationStrategy 2015-06-20 15:55:06,290 TRACE - Popped fetch owner from stack : org.hibernate.loader.plan.build.internal.returns.EntityReturnImpl@778aadc8
org.hibernate.loader.plan.build.internal.AbstractLoadPlanBuildingAssociationVisitationStrategy 2015-06-20 15:55:06,291 TRACE -  Finished root entity : pojos.Category
org.hibernate.loader.plan.build.internal.FetchStyleLoadPlanBuildingAssociationVisitationStrategy 2015-06-20 15:55:06,291 DEBUG - Building LoadPlan...
org.hibernate.loader.plan.exec.internal.LoadQueryJoinAndFetchProcessor 2015-06-20 15:55:06,293 DEBUG - processing queryspace &lt;gen:0&gt;
org.hibernate.loader.plan.build.spi.LoadPlanTreePrinter 2015-06-20 15:55:06,293 DEBUG - LoadPlan(entity=pojos.Category)
    - Returns
       - EntityReturnImpl(entity=pojos.Category, querySpaceUid=&lt;gen:0&gt;, path=pojos.Category)
    - QuerySpaces
       - EntityQuerySpaceImpl(uid=&lt;gen:0&gt;, entity=pojos.Category)
          - SQL table alias mapping - category0_
          - alias suffix - 0_
          - suffixed key columns - {category1_0_0_}

org.hibernate.loader.entity.plan.EntityLoader 2015-06-20 15:55:06,294 DEBUG - Static select for entity pojos.Category [PESSIMISTIC_WRITE]: select category0_.categoryId as category1_0_0_, category0_.categoryName as category2_0_0_ from Category category0_ where category0_.categoryId=? for update
org.hibernate.loader.plan.build.internal.AbstractLoadPlanBuildingAssociationVisitationStrategy 2015-06-20 15:55:06,294 TRACE -  Starting root entity : pojos.Category
org.hibernate.loader.plan.build.internal.spaces.QuerySpacesImpl 2015-06-20 15:55:06,294 DEBUG - Adding QuerySpace : uid = &lt;gen:0&gt; -&gt; org.hibernate.loader.plan.build.internal.spaces.EntityQuerySpaceImpl@319762c8]
org.hibernate.loader.plan.build.internal.AbstractLoadPlanBuildingAssociationVisitationStrategy 2015-06-20 15:55:06,295 TRACE - Pushing fetch source to stack : org.hibernate.loader.plan.build.internal.returns.EntityReturnImpl@49d651e7
org.hibernate.loader.plan.build.internal.AbstractLoadPlanBuildingAssociationVisitationStrategy 2015-06-20 15:55:06,296 TRACE - .. Registering AssociationKey : AssociationKey(table=Category, columns={categoryId}) -&gt; org.hibernate.loader.plan.build.internal.returns.EntityReturnImpl@49d651e7
org.hibernate.loader.plan.build.internal.AbstractLoadPlanBuildingAssociationVisitationStrategy 2015-06-20 15:55:06,296 TRACE - &gt;&gt; Starting entity identifier : pojos.Category
org.hibernate.persister.walking.spi.MetamodelGraphWalker 2015-06-20 15:55:06,297 DEBUG - Visiting attribute path : categoryName
org.hibernate.loader.plan.build.internal.AbstractLoadPlanBuildingAssociationVisitationStrategy 2015-06-20 15:55:06,297 TRACE - &gt;&gt; Starting attribute Attribute(name=categoryName, type=string [non-identifier])
org.hibernate.loader.plan.build.internal.AbstractLoadPlanBuildingAssociationVisitationStrategy 2015-06-20 15:55:06,297 TRACE - &lt;&lt; Finishing up attribute : Attribute(name=categoryName, type=string [non-identifier])
org.hibernate.persister.walking.spi.MetamodelGraphWalker 2015-06-20 15:55:06,297 DEBUG - Visiting attribute path : news
org.hibernate.loader.plan.build.internal.AbstractLoadPlanBuildingAssociationVisitationStrategy 2015-06-20 15:55:06,298 TRACE - &gt;&gt; Starting attribute Attribute(name=news, type=java.util.Set(pojos.Category.news) [non-identifier,association])
org.hibernate.loader.plan.build.internal.AbstractLoadPlanBuildingAssociationVisitationStrategy 2015-06-20 15:55:06,298 TRACE - &lt;&lt; Finishing up attribute : Attribute(name=news, type=java.util.Set(pojos.Category.news) [non-identifier,association])
org.hibernate.loader.plan.build.internal.AbstractLoadPlanBuildingAssociationVisitationStrategy 2015-06-20 15:55:06,299 TRACE - Popped fetch owner from stack : org.hibernate.loader.plan.build.internal.returns.EntityReturnImpl@49d651e7
org.hibernate.loader.plan.build.internal.AbstractLoadPlanBuildingAssociationVisitationStrategy 2015-06-20 15:55:06,299 TRACE -  Finished root entity : pojos.Category
org.hibernate.loader.plan.build.internal.FetchStyleLoadPlanBuildingAssociationVisitationStrategy 2015-06-20 15:55:06,299 DEBUG - Building LoadPlan...
org.hibernate.loader.plan.exec.internal.LoadQueryJoinAndFetchProcessor 2015-06-20 15:55:06,300 DEBUG - processing queryspace &lt;gen:0&gt;
org.hibernate.loader.plan.build.spi.LoadPlanTreePrinter 2015-06-20 15:55:06,300 DEBUG - LoadPlan(entity=pojos.Category)
    - Returns
       - EntityReturnImpl(entity=pojos.Category, querySpaceUid=&lt;gen:0&gt;, path=pojos.Category)
    - QuerySpaces
       - EntityQuerySpaceImpl(uid=&lt;gen:0&gt;, entity=pojos.Category)
          - SQL table alias mapping - category0_
          - alias suffix - 0_
          - suffixed key columns - {category1_0_0_}

org.hibernate.loader.entity.plan.EntityLoader 2015-06-20 15:55:06,301 DEBUG - Static select for entity pojos.Category [PESSIMISTIC_FORCE_INCREMENT]: select category0_.categoryId as category1_0_0_, category0_.categoryName as category2_0_0_ from Category category0_ where category0_.categoryId=? for update
org.hibernate.loader.plan.build.internal.AbstractLoadPlanBuildingAssociationVisitationStrategy 2015-06-20 15:55:06,301 TRACE -  Starting root entity : pojos.Category
org.hibernate.loader.plan.build.internal.spaces.QuerySpacesImpl 2015-06-20 15:55:06,301 DEBUG - Adding QuerySpace : uid = &lt;gen:0&gt; -&gt; org.hibernate.loader.plan.build.internal.spaces.EntityQuerySpaceImpl@159b3a90]
org.hibernate.loader.plan.build.internal.AbstractLoadPlanBuildingAssociationVisitationStrategy 2015-06-20 15:55:06,302 TRACE - Pushing fetch source to stack : org.hibernate.loader.plan.build.internal.returns.EntityReturnImpl@221cf05
org.hibernate.loader.plan.build.internal.AbstractLoadPlanBuildingAssociationVisitationStrategy 2015-06-20 15:55:06,302 TRACE - .. Registering AssociationKey : AssociationKey(table=Category, columns={categoryId}) -&gt; org.hibernate.loader.plan.build.internal.returns.EntityReturnImpl@221cf05
org.hibernate.loader.plan.build.internal.AbstractLoadPlanBuildingAssociationVisitationStrategy 2015-06-20 15:55:06,302 TRACE - &gt;&gt; Starting entity identifier : pojos.Category
org.hibernate.persister.walking.spi.MetamodelGraphWalker 2015-06-20 15:55:06,303 DEBUG - Visiting attribute path : categoryName
org.hibernate.loader.plan.build.internal.AbstractLoadPlanBuildingAssociationVisitationStrategy 2015-06-20 15:55:06,303 TRACE - &gt;&gt; Starting attribute Attribute(name=categoryName, type=string [non-identifier])
org.hibernate.loader.plan.build.internal.AbstractLoadPlanBuildingAssociationVisitationStrategy 2015-06-20 15:55:06,303 TRACE - &lt;&lt; Finishing up attribute : Attribute(name=categoryName, type=string [non-identifier])
org.hibernate.persister.walking.spi.MetamodelGraphWalker 2015-06-20 15:55:06,304 DEBUG - Visiting attribute path : news
org.hibernate.loader.plan.build.internal.AbstractLoadPlanBuildingAssociationVisitationStrategy 2015-06-20 15:55:06,304 TRACE - &gt;&gt; Starting attribute Attribute(name=news, type=java.util.Set(pojos.Category.news) [non-identifier,association])
org.hibernate.loader.plan.build.internal.AbstractLoadPlanBuildingAssociationVisitationStrategy 2015-06-20 15:55:06,305 TRACE - &lt;&lt; Finishing up attribute : Attribute(name=news, type=java.util.Set(pojos.Category.news) [non-identifier,association])
org.hibernate.loader.plan.build.internal.AbstractLoadPlanBuildingAssociationVisitationStrategy 2015-06-20 15:55:06,305 TRACE - Popped fetch owner from stack : org.hibernate.loader.plan.build.internal.returns.EntityReturnImpl@221cf05
org.hibernate.loader.plan.build.internal.AbstractLoadPlanBuildingAssociationVisitationStrategy 2015-06-20 15:55:06,305 TRACE -  Finished root entity : pojos.Category
org.hibernate.loader.plan.build.internal.FetchStyleLoadPlanBuildingAssociationVisitationStrategy 2015-06-20 15:55:06,306 DEBUG - Building LoadPlan...
org.hibernate.loader.plan.exec.internal.LoadQueryJoinAndFetchProcessor 2015-06-20 15:55:06,306 DEBUG - processing queryspace &lt;gen:0&gt;
org.hibernate.loader.plan.build.spi.LoadPlanTreePrinter 2015-06-20 15:55:06,307 DEBUG - LoadPlan(entity=pojos.Category)
    - Returns
       - EntityReturnImpl(entity=pojos.Category, querySpaceUid=&lt;gen:0&gt;, path=pojos.Category)
    - QuerySpaces
       - EntityQuerySpaceImpl(uid=&lt;gen:0&gt;, entity=pojos.Category)
          - SQL table alias mapping - category0_
          - alias suffix - 0_
          - suffixed key columns - {category1_0_0_}

org.hibernate.loader.entity.plan.EntityLoader 2015-06-20 15:55:06,307 DEBUG - Static select for entity pojos.Category [OPTIMISTIC]: select category0_.categoryId as category1_0_0_, category0_.categoryName as category2_0_0_ from Category category0_ where category0_.categoryId=?
org.hibernate.loader.plan.build.internal.AbstractLoadPlanBuildingAssociationVisitationStrategy 2015-06-20 15:55:06,309 TRACE -  Starting root entity : pojos.Category
org.hibernate.loader.plan.build.internal.spaces.QuerySpacesImpl 2015-06-20 15:55:06,309 DEBUG - Adding QuerySpace : uid = &lt;gen:0&gt; -&gt; org.hibernate.loader.plan.build.internal.spaces.EntityQuerySpaceImpl@799e525a]
org.hibernate.loader.plan.build.internal.AbstractLoadPlanBuildingAssociationVisitationStrategy 2015-06-20 15:55:06,310 TRACE - Pushing fetch source to stack : org.hibernate.loader.plan.build.internal.returns.EntityReturnImpl@930d117
org.hibernate.loader.plan.build.internal.AbstractLoadPlanBuildingAssociationVisitationStrategy 2015-06-20 15:55:06,310 TRACE - .. Registering AssociationKey : AssociationKey(table=Category, columns={categoryId}) -&gt; org.hibernate.loader.plan.build.internal.returns.EntityReturnImpl@930d117
org.hibernate.loader.plan.build.internal.AbstractLoadPlanBuildingAssociationVisitationStrategy 2015-06-20 15:55:06,310 TRACE - &gt;&gt; Starting entity identifier : pojos.Category
org.hibernate.persister.walking.spi.MetamodelGraphWalker 2015-06-20 15:55:06,311 DEBUG - Visiting attribute path : categoryName
org.hibernate.loader.plan.build.internal.AbstractLoadPlanBuildingAssociationVisitationStrategy 2015-06-20 15:55:06,311 TRACE - &gt;&gt; Starting attribute Attribute(name=categoryName, type=string [non-identifier])
org.hibernate.loader.plan.build.internal.AbstractLoadPlanBuildingAssociationVisitationStrategy 2015-06-20 15:55:06,311 TRACE - &lt;&lt; Finishing up attribute : Attribute(name=categoryName, type=string [non-identifier])
org.hibernate.persister.walking.spi.MetamodelGraphWalker 2015-06-20 15:55:06,311 DEBUG - Visiting attribute path : news
org.hibernate.loader.plan.build.internal.AbstractLoadPlanBuildingAssociationVisitationStrategy 2015-06-20 15:55:06,312 TRACE - &gt;&gt; Starting attribute Attribute(name=news, type=java.util.Set(pojos.Category.news) [non-identifier,association])
org.hibernate.loader.plan.build.internal.AbstractLoadPlanBuildingAssociationVisitationStrategy 2015-06-20 15:55:06,312 TRACE - &lt;&lt; Finishing up attribute : Attribute(name=news, type=java.util.Set(pojos.Category.news) [non-identifier,association])
org.hibernate.loader.plan.build.internal.AbstractLoadPlanBuildingAssociationVisitationStrategy 2015-06-20 15:55:06,312 TRACE - Popped fetch owner from stack : org.hibernate.loader.plan.build.internal.returns.EntityReturnImpl@930d117
org.hibernate.loader.plan.build.internal.AbstractLoadPlanBuildingAssociationVisitationStrategy 2015-06-20 15:55:06,313 TRACE -  Finished root entity : pojos.Category
org.hibernate.loader.plan.build.internal.FetchStyleLoadPlanBuildingAssociationVisitationStrategy 2015-06-20 15:55:06,313 DEBUG - Building LoadPlan...
org.hibernate.loader.plan.exec.internal.LoadQueryJoinAndFetchProcessor 2015-06-20 15:55:06,313 DEBUG - processing queryspace &lt;gen:0&gt;
org.hibernate.loader.plan.build.spi.LoadPlanTreePrinter 2015-06-20 15:55:06,314 DEBUG - LoadPlan(entity=pojos.Category)
    - Returns
       - EntityReturnImpl(entity=pojos.Category, querySpaceUid=&lt;gen:0&gt;, path=pojos.Category)
    - QuerySpaces
       - EntityQuerySpaceImpl(uid=&lt;gen:0&gt;, entity=pojos.Category)
          - SQL table alias mapping - category0_
          - alias suffix - 0_
          - suffixed key columns - {category1_0_0_}

org.hibernate.loader.entity.plan.EntityLoader 2015-06-20 15:55:06,314 DEBUG - Static select for entity pojos.Category [OPTIMISTIC_FORCE_INCREMENT]: select category0_.categoryId as category1_0_0_, category0_.categoryName as category2_0_0_ from Category category0_ where category0_.categoryId=?
org.hibernate.loader.entity.CascadeEntityLoader 2015-06-20 15:55:06,329 DEBUG - Static select for action ACTION_MERGE on entity pojos.Category: select category0_.categoryId as category1_0_0_, category0_.categoryName as category2_0_0_ from Category category0_ where category0_.categoryId=?
org.hibernate.loader.entity.CascadeEntityLoader 2015-06-20 15:55:06,330 DEBUG - Static select for action ACTION_REFRESH on entity pojos.Category: select category0_.categoryId as category1_0_0_, category0_.categoryName as category2_0_0_ from Category category0_ where category0_.categoryId=?
org.hibernate.persister.entity.AbstractEntityPersister 2015-06-20 15:55:06,330 DEBUG - Static SQL for entity: pojos.Permissions
org.hibernate.persister.entity.AbstractEntityPersister 2015-06-20 15:55:06,331 DEBUG -  Version select: select roleId from Permissions where roleId =?
org.hibernate.persister.entity.AbstractEntityPersister 2015-06-20 15:55:06,331 DEBUG -  Snapshot select: select permission_.roleId, permission_.addNews as addNews2_2_, permission_.deleteNews as deleteNe3_2_, permission_.readNews as readNews4_2_, permission_.role as role6_2_, permission_.updateNews as updateNe5_2_ from Permissions permission_ where permission_.roleId=?
org.hibernate.persister.entity.AbstractEntityPersister 2015-06-20 15:55:06,331 DEBUG -  Insert 0: insert into Permissions (addNews, deleteNews, readNews, role, updateNews, roleId) values (?, ?, ?, ?, ?, ?)
org.hibernate.persister.entity.AbstractEntityPersister 2015-06-20 15:55:06,331 DEBUG -  Update 0: update Permissions set addNews=?, deleteNews=?, readNews=?, role=?, updateNews=? where roleId=?
org.hibernate.persister.entity.AbstractEntityPersister 2015-06-20 15:55:06,331 DEBUG -  Delete 0: delete from Permissions where roleId=?
org.hibernate.loader.plan.build.internal.AbstractLoadPlanBuildingAssociationVisitationStrategy 2015-06-20 15:55:06,332 TRACE -  Starting root entity : pojos.Permissions
org.hibernate.loader.plan.build.internal.spaces.QuerySpacesImpl 2015-06-20 15:55:06,332 DEBUG - Adding QuerySpace : uid = &lt;gen:0&gt; -&gt; org.hibernate.loader.plan.build.internal.spaces.EntityQuerySpaceImpl@30e2f010]
org.hibernate.loader.plan.build.internal.AbstractLoadPlanBuildingAssociationVisitationStrategy 2015-06-20 15:55:06,332 TRACE - Pushing fetch source to stack : org.hibernate.loader.plan.build.internal.returns.EntityReturnImpl@2fec383
org.hibernate.loader.plan.build.internal.AbstractLoadPlanBuildingAssociationVisitationStrategy 2015-06-20 15:55:06,333 TRACE - .. Registering AssociationKey : AssociationKey(table=Permissions, columns={roleId}) -&gt; org.hibernate.loader.plan.build.internal.returns.EntityReturnImpl@2fec383
org.hibernate.loader.plan.build.internal.AbstractLoadPlanBuildingAssociationVisitationStrategy 2015-06-20 15:55:06,333 TRACE - &gt;&gt; Starting entity identifier : pojos.Permissions
org.hibernate.persister.walking.spi.MetamodelGraphWalker 2015-06-20 15:55:06,333 DEBUG - Visiting attribute path : addNews
org.hibernate.loader.plan.build.internal.AbstractLoadPlanBuildingAssociationVisitationStrategy 2015-06-20 15:55:06,334 TRACE - &gt;&gt; Starting attribute Attribute(name=addNews, type=boolean [non-identifier])
org.hibernate.loader.plan.build.internal.AbstractLoadPlanBuildingAssociationVisitationStrategy 2015-06-20 15:55:06,334 TRACE - &lt;&lt; Finishing up attribute : Attribute(name=addNews, type=boolean [non-identifier])
org.hibernate.persister.walking.spi.MetamodelGraphWalker 2015-06-20 15:55:06,334 DEBUG - Visiting attribute path : deleteNews
org.hibernate.loader.plan.build.internal.AbstractLoadPlanBuildingAssociationVisitationStrategy 2015-06-20 15:55:06,334 TRACE - &gt;&gt; Starting attribute Attribute(name=deleteNews, type=boolean [non-identifier])
org.hibernate.loader.plan.build.internal.AbstractLoadPlanBuildingAssociationVisitationStrategy 2015-06-20 15:55:06,335 TRACE - &lt;&lt; Finishing up attribute : Attribute(name=deleteNews, type=boolean [non-identifier])
org.hibernate.persister.walking.spi.MetamodelGraphWalker 2015-06-20 15:55:06,335 DEBUG - Visiting attribute path : readNews
org.hibernate.loader.plan.build.internal.AbstractLoadPlanBuildingAssociationVisitationStrategy 2015-06-20 15:55:06,335 TRACE - &gt;&gt; Starting attribute Attribute(name=readNews, type=boolean [non-identifier])
org.hibernate.loader.plan.build.internal.AbstractLoadPlanBuildingAssociationVisitationStrategy 2015-06-20 15:55:06,336 TRACE - &lt;&lt; Finishing up attribute : Attribute(name=readNews, type=boolean [non-identifier])
org.hibernate.persister.walking.spi.MetamodelGraphWalker 2015-06-20 15:55:06,336 DEBUG - Visiting attribute path : role
org.hibernate.loader.plan.build.internal.AbstractLoadPlanBuildingAssociationVisitationStrategy 2015-06-20 15:55:06,336 TRACE - &gt;&gt; Starting attribute Attribute(name=role, type=pojos.Roles [non-identifier,association])
org.hibernate.loader.plan.build.internal.spaces.QuerySpacesImpl 2015-06-20 15:55:06,338 DEBUG - Adding QuerySpace : uid = &lt;gen:1&gt; -&gt; org.hibernate.loader.plan.build.internal.spaces.EntityQuerySpaceImpl@4bc3bb24]
org.hibernate.loader.plan.build.internal.AbstractLoadPlanBuildingAssociationVisitationStrategy 2015-06-20 15:55:06,340 TRACE - Pushing fetch source to stack : org.hibernate.loader.plan.build.internal.returns.EntityAttributeFetchImpl@760d62e0
org.hibernate.loader.plan.build.internal.AbstractLoadPlanBuildingAssociationVisitationStrategy 2015-06-20 15:55:06,340 TRACE - .... Registering AssociationKey : AssociationKey(table=Permissions, columns={role}) -&gt; org.hibernate.loader.plan.build.internal.returns.EntityAttributeFetchImpl@760d62e0
org.hibernate.loader.plan.build.internal.AbstractLoadPlanBuildingAssociationVisitationStrategy 2015-06-20 15:55:06,340 TRACE - &gt;&gt;&gt;&gt; Starting entity identifier : pojos.Roles
org.hibernate.persister.walking.spi.MetamodelGraphWalker 2015-06-20 15:55:06,341 DEBUG - Visiting attribute path : role.roleType
org.hibernate.loader.plan.build.internal.AbstractLoadPlanBuildingAssociationVisitationStrategy 2015-06-20 15:55:06,341 TRACE - &gt;&gt;&gt;&gt; Starting attribute Attribute(name=roleType, type=string [non-identifier])
org.hibernate.loader.plan.build.internal.AbstractLoadPlanBuildingAssociationVisitationStrategy 2015-06-20 15:55:06,341 TRACE - &lt;&lt;&lt;&lt; Finishing up attribute : Attribute(name=roleType, type=string [non-identifier])
org.hibernate.persister.walking.spi.MetamodelGraphWalker 2015-06-20 15:55:06,341 DEBUG - Visiting attribute path : role.users
org.hibernate.loader.plan.build.internal.AbstractLoadPlanBuildingAssociationVisitationStrategy 2015-06-20 15:55:06,342 TRACE - &gt;&gt;&gt;&gt; Starting attribute Attribute(name=users, type=java.util.Set(pojos.Roles.users) [non-identifier,association])
org.hibernate.loader.plan.build.internal.AbstractLoadPlanBuildingAssociationVisitationStrategy 2015-06-20 15:55:06,342 TRACE - &lt;&lt;&lt;&lt; Finishing up attribute : Attribute(name=users, type=java.util.Set(pojos.Roles.users) [non-identifier,association])
org.hibernate.persister.walking.spi.MetamodelGraphWalker 2015-06-20 15:55:06,342 DEBUG - Visiting attribute path : role.permission
org.hibernate.persister.walking.spi.MetamodelGraphWalker 2015-06-20 15:55:06,342 DEBUG - Property path deemed to be circular : role.permission
org.hibernate.loader.plan.build.internal.AbstractLoadPlanBuildingAssociationVisitationStrategy 2015-06-20 15:55:06,343 TRACE - Popped fetch owner from stack : org.hibernate.loader.plan.build.internal.returns.EntityAttributeFetchImpl@760d62e0
org.hibernate.loader.plan.build.internal.AbstractLoadPlanBuildingAssociationVisitationStrategy 2015-06-20 15:55:06,344 TRACE - &lt;&lt; Finishing up attribute : Attribute(name=role, type=pojos.Roles [non-identifier,association])
org.hibernate.persister.walking.spi.MetamodelGraphWalker 2015-06-20 15:55:06,344 DEBUG - Visiting attribute path : updateNews
org.hibernate.loader.plan.build.internal.AbstractLoadPlanBuildingAssociationVisitationStrategy 2015-06-20 15:55:06,344 TRACE - &gt;&gt; Starting attribute Attribute(name=updateNews, type=boolean [non-identifier])
org.hibernate.loader.plan.build.internal.AbstractLoadPlanBuildingAssociationVisitationStrategy 2015-06-20 15:55:06,344 TRACE - &lt;&lt; Finishing up attribute : Attribute(name=updateNews, type=boolean [non-identifier])
org.hibernate.loader.plan.build.internal.AbstractLoadPlanBuildingAssociationVisitationStrategy 2015-06-20 15:55:06,345 TRACE - Popped fetch owner from stack : org.hibernate.loader.plan.build.internal.returns.EntityReturnImpl@2fec383
org.hibernate.loader.plan.build.internal.AbstractLoadPlanBuildingAssociationVisitationStrategy 2015-06-20 15:55:06,345 TRACE -  Finished root entity : pojos.Permissions
org.hibernate.loader.plan.build.internal.FetchStyleLoadPlanBuildingAssociationVisitationStrategy 2015-06-20 15:55:06,345 DEBUG - Building LoadPlan...
org.hibernate.loader.plan.exec.internal.LoadQueryJoinAndFetchProcessor 2015-06-20 15:55:06,345 DEBUG - processing queryspace &lt;gen:0&gt;
org.hibernate.loader.plan.build.spi.LoadPlanTreePrinter 2015-06-20 15:55:06,347 DEBUG - LoadPlan(entity=pojos.Permissions)
    - Returns
       - EntityReturnImpl(entity=pojos.Permissions, querySpaceUid=&lt;gen:0&gt;, path=pojos.Permissions)
          - EntityAttributeFetchImpl(entity=pojos.Roles, querySpaceUid=&lt;gen:1&gt;, path=pojos.Permissions.role)
    - QuerySpaces
       - EntityQuerySpaceImpl(uid=&lt;gen:0&gt;, entity=pojos.Permissions)
          - SQL table alias mapping - permission0_
          - alias suffix - 0_
          - suffixed key columns - {roleId1_2_0_}
          - JOIN (JoinDefinedByMetadata(role)) : &lt;gen:0&gt; -&gt; &lt;gen:1&gt;
             - EntityQuerySpaceImpl(uid=&lt;gen:1&gt;, entity=pojos.Roles)
                - SQL table alias mapping - roles1_
                - alias suffix - 1_
                - suffixed key columns - {roleId1_3_1_}

org.hibernate.loader.entity.plan.EntityLoader 2015-06-20 15:55:06,347 DEBUG - Static select for entity pojos.Permissions [NONE]: select permission0_.roleId as roleId1_2_0_, permission0_.addNews as addNews2_2_0_, permission0_.deleteNews as deleteNe3_2_0_, permission0_.readNews as readNews4_2_0_, permission0_.role as role6_2_0_, permission0_.updateNews as updateNe5_2_0_, roles1_.roleId as roleId1_3_1_, roles1_.roleType as roleType2_3_1_ from Permissions permission0_ left outer join Roles roles1_ on permission0_.role=roles1_.roleId where permission0_.roleId=?
org.hibernate.loader.plan.build.internal.AbstractLoadPlanBuildingAssociationVisitationStrategy 2015-06-20 15:55:06,348 TRACE -  Starting root entity : pojos.Permissions
org.hibernate.loader.plan.build.internal.spaces.QuerySpacesImpl 2015-06-20 15:55:06,348 DEBUG - Adding QuerySpace : uid = &lt;gen:0&gt; -&gt; org.hibernate.loader.plan.build.internal.spaces.EntityQuerySpaceImpl@3c116de6]
org.hibernate.loader.plan.build.internal.AbstractLoadPlanBuildingAssociationVisitationStrategy 2015-06-20 15:55:06,348 TRACE - Pushing fetch source to stack : org.hibernate.loader.plan.build.internal.returns.EntityReturnImpl@1c4635d9
org.hibernate.loader.plan.build.internal.AbstractLoadPlanBuildingAssociationVisitationStrategy 2015-06-20 15:55:06,348 TRACE - .. Registering AssociationKey : AssociationKey(table=Permissions, columns={roleId}) -&gt; org.hibernate.loader.plan.build.internal.returns.EntityReturnImpl@1c4635d9
org.hibernate.loader.plan.build.internal.AbstractLoadPlanBuildingAssociationVisitationStrategy 2015-06-20 15:55:06,349 TRACE - &gt;&gt; Starting entity identifier : pojos.Permissions
org.hibernate.persister.walking.spi.MetamodelGraphWalker 2015-06-20 15:55:06,349 DEBUG - Visiting attribute path : addNews
org.hibernate.loader.plan.build.internal.AbstractLoadPlanBuildingAssociationVisitationStrategy 2015-06-20 15:55:06,349 TRACE - &gt;&gt; Starting attribute Attribute(name=addNews, type=boolean [non-identifier])
org.hibernate.loader.plan.build.internal.AbstractLoadPlanBuildingAssociationVisitationStrategy 2015-06-20 15:55:06,349 TRACE - &lt;&lt; Finishing up attribute : Attribute(name=addNews, type=boolean [non-identifier])
org.hibernate.persister.walking.spi.MetamodelGraphWalker 2015-06-20 15:55:06,350 DEBUG - Visiting attribute path : deleteNews
org.hibernate.loader.plan.build.internal.AbstractLoadPlanBuildingAssociationVisitationStrategy 2015-06-20 15:55:06,350 TRACE - &gt;&gt; Starting attribute Attribute(name=deleteNews, type=boolean [non-identifier])
org.hibernate.loader.plan.build.internal.AbstractLoadPlanBuildingAssociationVisitationStrategy 2015-06-20 15:55:06,350 TRACE - &lt;&lt; Finishing up attribute : Attribute(name=deleteNews, type=boolean [non-identifier])
org.hibernate.persister.walking.spi.MetamodelGraphWalker 2015-06-20 15:55:06,350 DEBUG - Visiting attribute path : readNews
org.hibernate.loader.plan.build.internal.AbstractLoadPlanBuildingAssociationVisitationStrategy 2015-06-20 15:55:06,351 TRACE - &gt;&gt; Starting attribute Attribute(name=readNews, type=boolean [non-identifier])
org.hibernate.loader.plan.build.internal.AbstractLoadPlanBuildingAssociationVisitationStrategy 2015-06-20 15:55:06,351 TRACE - &lt;&lt; Finishing up attribute : Attribute(name=readNews, type=boolean [non-identifier])
org.hibernate.persister.walking.spi.MetamodelGraphWalker 2015-06-20 15:55:06,351 DEBUG - Visiting attribute path : role
org.hibernate.loader.plan.build.internal.AbstractLoadPlanBuildingAssociationVisitationStrategy 2015-06-20 15:55:06,352 TRACE - &gt;&gt; Starting attribute Attribute(name=role, type=pojos.Roles [non-identifier,association])
org.hibernate.loader.plan.build.internal.spaces.QuerySpacesImpl 2015-06-20 15:55:06,352 DEBUG - Adding QuerySpace : uid = &lt;gen:1&gt; -&gt; org.hibernate.loader.plan.build.internal.spaces.EntityQuerySpaceImpl@4579480f]
org.hibernate.loader.plan.build.internal.AbstractLoadPlanBuildingAssociationVisitationStrategy 2015-06-20 15:55:06,352 TRACE - Pushing fetch source to stack : org.hibernate.loader.plan.build.internal.returns.EntityAttributeFetchImpl@1d69f46b
org.hibernate.loader.plan.build.internal.AbstractLoadPlanBuildingAssociationVisitationStrategy 2015-06-20 15:55:06,352 TRACE - .... Registering AssociationKey : AssociationKey(table=Permissions, columns={role}) -&gt; org.hibernate.loader.plan.build.internal.returns.EntityAttributeFetchImpl@1d69f46b
org.hibernate.loader.plan.build.internal.AbstractLoadPlanBuildingAssociationVisitationStrategy 2015-06-20 15:55:06,353 TRACE - &gt;&gt;&gt;&gt; Starting entity identifier : pojos.Roles
org.hibernate.persister.walking.spi.MetamodelGraphWalker 2015-06-20 15:55:06,353 DEBUG - Visiting attribute path : role.roleType
org.hibernate.loader.plan.build.internal.AbstractLoadPlanBuildingAssociationVisitationStrategy 2015-06-20 15:55:06,353 TRACE - &gt;&gt;&gt;&gt; Starting attribute Attribute(name=roleType, type=string [non-identifier])
org.hibernate.loader.plan.build.internal.AbstractLoadPlanBuildingAssociationVisitationStrategy 2015-06-20 15:55:06,353 TRACE - &lt;&lt;&lt;&lt; Finishing up attribute : Attribute(name=roleType, type=string [non-identifier])
org.hibernate.persister.walking.spi.MetamodelGraphWalker 2015-06-20 15:55:06,354 DEBUG - Visiting attribute path : role.users
org.hibernate.loader.plan.build.internal.AbstractLoadPlanBuildingAssociationVisitationStrategy 2015-06-20 15:55:06,354 TRACE - &gt;&gt;&gt;&gt; Starting attribute Attribute(name=users, type=java.util.Set(pojos.Roles.users) [non-identifier,association])
org.hibernate.loader.plan.build.internal.AbstractLoadPlanBuildingAssociationVisitationStrategy 2015-06-20 15:55:06,354 TRACE - &lt;&lt;&lt;&lt; Finishing up attribute : Attribute(name=users, type=java.util.Set(pojos.Roles.users) [non-identifier,association])
org.hibernate.persister.walking.spi.MetamodelGraphWalker 2015-06-20 15:55:06,355 DEBUG - Visiting attribute path : role.permission
org.hibernate.persister.walking.spi.MetamodelGraphWalker 2015-06-20 15:55:06,355 DEBUG - Property path deemed to be circular : role.permission
org.hibernate.loader.plan.build.internal.AbstractLoadPlanBuildingAssociationVisitationStrategy 2015-06-20 15:55:06,355 TRACE - Popped fetch owner from stack : org.hibernate.loader.plan.build.internal.returns.EntityAttributeFetchImpl@1d69f46b
org.hibernate.loader.plan.build.internal.AbstractLoadPlanBuildingAssociationVisitationStrategy 2015-06-20 15:55:06,355 TRACE - &lt;&lt; Finishing up attribute : Attribute(name=role, type=pojos.Roles [non-identifier,association])
org.hibernate.persister.walking.spi.MetamodelGraphWalker 2015-06-20 15:55:06,356 DEBUG - Visiting attribute path : updateNews
org.hibernate.loader.plan.build.internal.AbstractLoadPlanBuildingAssociationVisitationStrategy 2015-06-20 15:55:06,356 TRACE - &gt;&gt; Starting attribute Attribute(name=updateNews, type=boolean [non-identifier])
org.hibernate.loader.plan.build.internal.AbstractLoadPlanBuildingAssociationVisitationStrategy 2015-06-20 15:55:06,356 TRACE - &lt;&lt; Finishing up attribute : Attribute(name=updateNews, type=boolean [non-identifier])
org.hibernate.loader.plan.build.internal.AbstractLoadPlanBuildingAssociationVisitationStrategy 2015-06-20 15:55:06,356 TRACE - Popped fetch owner from stack : org.hibernate.loader.plan.build.internal.returns.EntityReturnImpl@1c4635d9
org.hibernate.loader.plan.build.internal.AbstractLoadPlanBuildingAssociationVisitationStrategy 2015-06-20 15:55:06,357 TRACE -  Finished root entity : pojos.Permissions
org.hibernate.loader.plan.build.internal.FetchStyleLoadPlanBuildingAssociationVisitationStrategy 2015-06-20 15:55:06,357 DEBUG - Building LoadPlan...
org.hibernate.loader.plan.exec.internal.LoadQueryJoinAndFetchProcessor 2015-06-20 15:55:06,357 DEBUG - processing queryspace &lt;gen:0&gt;
org.hibernate.loader.plan.build.spi.LoadPlanTreePrinter 2015-06-20 15:55:06,359 DEBUG - LoadPlan(entity=pojos.Permissions)
    - Returns
       - EntityReturnImpl(entity=pojos.Permissions, querySpaceUid=&lt;gen:0&gt;, path=pojos.Permissions)
          - EntityAttributeFetchImpl(entity=pojos.Roles, querySpaceUid=&lt;gen:1&gt;, path=pojos.Permissions.role)
    - QuerySpaces
       - EntityQuerySpaceImpl(uid=&lt;gen:0&gt;, entity=pojos.Permissions)
          - SQL table alias mapping - permission0_
          - alias suffix - 0_
          - suffixed key columns - {roleId1_2_0_}
          - JOIN (JoinDefinedByMetadata(role)) : &lt;gen:0&gt; -&gt; &lt;gen:1&gt;
             - EntityQuerySpaceImpl(uid=&lt;gen:1&gt;, entity=pojos.Roles)
                - SQL table alias mapping - roles1_
                - alias suffix - 1_
                - suffixed key columns - {roleId1_3_1_}

org.hibernate.loader.entity.plan.EntityLoader 2015-06-20 15:55:06,359 DEBUG - Static select for entity pojos.Permissions [READ]: select permission0_.roleId as roleId1_2_0_, permission0_.addNews as addNews2_2_0_, permission0_.deleteNews as deleteNe3_2_0_, permission0_.readNews as readNews4_2_0_, permission0_.role as role6_2_0_, permission0_.updateNews as updateNe5_2_0_, roles1_.roleId as roleId1_3_1_, roles1_.roleType as roleType2_3_1_ from Permissions permission0_ left outer join Roles roles1_ on permission0_.role=roles1_.roleId where permission0_.roleId=?
org.hibernate.loader.plan.build.internal.AbstractLoadPlanBuildingAssociationVisitationStrategy 2015-06-20 15:55:06,360 TRACE -  Starting root entity : pojos.Permissions
org.hibernate.loader.plan.build.internal.spaces.QuerySpacesImpl 2015-06-20 15:55:06,360 DEBUG - Adding QuerySpace : uid = &lt;gen:0&gt; -&gt; org.hibernate.loader.plan.build.internal.spaces.EntityQuerySpaceImpl@172dabe3]
org.hibernate.loader.plan.build.internal.AbstractLoadPlanBuildingAssociationVisitationStrategy 2015-06-20 15:55:06,360 TRACE - Pushing fetch source to stack : org.hibernate.loader.plan.build.internal.returns.EntityReturnImpl@376fcff8
org.hibernate.loader.plan.build.internal.AbstractLoadPlanBuildingAssociationVisitationStrategy 2015-06-20 15:55:06,361 TRACE - .. Registering AssociationKey : AssociationKey(table=Permissions, columns={roleId}) -&gt; org.hibernate.loader.plan.build.internal.returns.EntityReturnImpl@376fcff8
org.hibernate.loader.plan.build.internal.AbstractLoadPlanBuildingAssociationVisitationStrategy 2015-06-20 15:55:06,361 TRACE - &gt;&gt; Starting entity identifier : pojos.Permissions
org.hibernate.persister.walking.spi.MetamodelGraphWalker 2015-06-20 15:55:06,362 DEBUG - Visiting attribute path : addNews
org.hibernate.loader.plan.build.internal.AbstractLoadPlanBuildingAssociationVisitationStrategy 2015-06-20 15:55:06,362 TRACE - &gt;&gt; Starting attribute Attribute(name=addNews, type=boolean [non-identifier])
org.hibernate.loader.plan.build.internal.AbstractLoadPlanBuildingAssociationVisitationStrategy 2015-06-20 15:55:06,362 TRACE - &lt;&lt; Finishing up attribute : Attribute(name=addNews, type=boolean [non-identifier])
org.hibernate.persister.walking.spi.MetamodelGraphWalker 2015-06-20 15:55:06,363 DEBUG - Visiting attribute path : deleteNews
org.hibernate.loader.plan.build.internal.AbstractLoadPlanBuildingAssociationVisitationStrategy 2015-06-20 15:55:06,363 TRACE - &gt;&gt; Starting attribute Attribute(name=deleteNews, type=boolean [non-identifier])
org.hibernate.loader.plan.build.internal.AbstractLoadPlanBuildingAssociationVisitationStrategy 2015-06-20 15:55:06,364 TRACE - &lt;&lt; Finishing up attribute : Attribute(name=deleteNews, type=boolean [non-identifier])
org.hibernate.persister.walking.spi.MetamodelGraphWalker 2015-06-20 15:55:06,364 DEBUG - Visiting attribute path : readNews
org.hibernate.loader.plan.build.internal.AbstractLoadPlanBuildingAssociationVisitationStrategy 2015-06-20 15:55:06,364 TRACE - &gt;&gt; Starting attribute Attribute(name=readNews, type=boolean [non-identifier])
org.hibernate.loader.plan.build.internal.AbstractLoadPlanBuildingAssociationVisitationStrategy 2015-06-20 15:55:06,365 TRACE - &lt;&lt; Finishing up attribute : Attribute(name=readNews, type=boolean [non-identifier])
org.hibernate.persister.walking.spi.MetamodelGraphWalker 2015-06-20 15:55:06,365 DEBUG - Visiting attribute path : role
org.hibernate.loader.plan.build.internal.AbstractLoadPlanBuildingAssociationVisitationStrategy 2015-06-20 15:55:06,365 TRACE - &gt;&gt; Starting attribute Attribute(name=role, type=pojos.Roles [non-identifier,association])
org.hibernate.loader.plan.build.internal.spaces.QuerySpacesImpl 2015-06-20 15:55:06,366 DEBUG - Adding QuerySpace : uid = &lt;gen:1&gt; -&gt; org.hibernate.loader.plan.build.internal.spaces.EntityQuerySpaceImpl@dbebf37]
org.hibernate.loader.plan.build.internal.AbstractLoadPlanBuildingAssociationVisitationStrategy 2015-06-20 15:55:06,366 TRACE - &lt;&lt; Finishing up attribute : Attribute(name=role, type=pojos.Roles [non-identifier,association])
org.hibernate.persister.walking.spi.MetamodelGraphWalker 2015-06-20 15:55:06,367 DEBUG - Visiting attribute path : updateNews
org.hibernate.loader.plan.build.internal.AbstractLoadPlanBuildingAssociationVisitationStrategy 2015-06-20 15:55:06,367 TRACE - &gt;&gt; Starting attribute Attribute(name=updateNews, type=boolean [non-identifier])
org.hibernate.loader.plan.build.internal.AbstractLoadPlanBuildingAssociationVisitationStrategy 2015-06-20 15:55:06,367 TRACE - &lt;&lt; Finishing up attribute : Attribute(name=updateNews, type=boolean [non-identifier])
org.hibernate.loader.plan.build.internal.AbstractLoadPlanBuildingAssociationVisitationStrategy 2015-06-20 15:55:06,368 TRACE - Popped fetch owner from stack : org.hibernate.loader.plan.build.internal.returns.EntityReturnImpl@376fcff8
org.hibernate.loader.plan.build.internal.AbstractLoadPlanBuildingAssociationVisitationStrategy 2015-06-20 15:55:06,368 TRACE -  Finished root entity : pojos.Permissions
org.hibernate.loader.plan.build.internal.FetchStyleLoadPlanBuildingAssociationVisitationStrategy 2015-06-20 15:55:06,368 DEBUG - Building LoadPlan...
org.hibernate.loader.plan.exec.internal.LoadQueryJoinAndFetchProcessor 2015-06-20 15:55:06,369 DEBUG - processing queryspace &lt;gen:0&gt;
org.hibernate.loader.plan.build.spi.LoadPlanTreePrinter 2015-06-20 15:55:06,369 DEBUG - LoadPlan(entity=pojos.Permissions)
    - Returns
       - EntityReturnImpl(entity=pojos.Permissions, querySpaceUid=&lt;gen:0&gt;, path=pojos.Permissions)
          - EntityAttributeFetchImpl(entity=pojos.Roles, querySpaceUid=&lt;gen:1&gt;, path=pojos.Permissions.role)
    - QuerySpaces
       - EntityQuerySpaceImpl(uid=&lt;gen:0&gt;, entity=pojos.Permissions)
          - SQL table alias mapping - permission0_
          - alias suffix - 0_
          - suffixed key columns - {roleId1_2_0_}

org.hibernate.loader.entity.plan.EntityLoader 2015-06-20 15:55:06,370 DEBUG - Static select for entity pojos.Permissions [UPGRADE]: select permission0_.roleId as roleId1_2_0_, permission0_.addNews as addNews2_2_0_, permission0_.deleteNews as deleteNe3_2_0_, permission0_.readNews as readNews4_2_0_, permission0_.role as role6_2_0_, permission0_.updateNews as updateNe5_2_0_ from Permissions permission0_ where permission0_.roleId=? for update
org.hibernate.loader.plan.build.internal.AbstractLoadPlanBuildingAssociationVisitationStrategy 2015-06-20 15:55:06,370 TRACE -  Starting root entity : pojos.Permissions
org.hibernate.loader.plan.build.internal.spaces.QuerySpacesImpl 2015-06-20 15:55:06,370 DEBUG - Adding QuerySpace : uid = &lt;gen:0&gt; -&gt; org.hibernate.loader.plan.build.internal.spaces.EntityQuerySpaceImpl@65fbbaed]
org.hibernate.loader.plan.build.internal.AbstractLoadPlanBuildingAssociationVisitationStrategy 2015-06-20 15:55:06,371 TRACE - Pushing fetch source to stack : org.hibernate.loader.plan.build.internal.returns.EntityReturnImpl@71ad51e9
org.hibernate.loader.plan.build.internal.AbstractLoadPlanBuildingAssociationVisitationStrategy 2015-06-20 15:55:06,371 TRACE - .. Registering AssociationKey : AssociationKey(table=Permissions, columns={roleId}) -&gt; org.hibernate.loader.plan.build.internal.returns.EntityReturnImpl@71ad51e9
org.hibernate.loader.plan.build.internal.AbstractLoadPlanBuildingAssociationVisitationStrategy 2015-06-20 15:55:06,371 TRACE - &gt;&gt; Starting entity identifier : pojos.Permissions
org.hibernate.persister.walking.spi.MetamodelGraphWalker 2015-06-20 15:55:06,371 DEBUG - Visiting attribute path : addNews
org.hibernate.loader.plan.build.internal.AbstractLoadPlanBuildingAssociationVisitationStrategy 2015-06-20 15:55:06,372 TRACE - &gt;&gt; Starting attribute Attribute(name=addNews, type=boolean [non-identifier])
org.hibernate.loader.plan.build.internal.AbstractLoadPlanBuildingAssociationVisitationStrategy 2015-06-20 15:55:06,372 TRACE - &lt;&lt; Finishing up attribute : Attribute(name=addNews, type=boolean [non-identifier])
org.hibernate.persister.walking.spi.MetamodelGraphWalker 2015-06-20 15:55:06,372 DEBUG - Visiting attribute path : deleteNews
org.hibernate.loader.plan.build.internal.AbstractLoadPlanBuildingAssociationVisitationStrategy 2015-06-20 15:55:06,372 TRACE - &gt;&gt; Starting attribute Attribute(name=deleteNews, type=boolean [non-identifier])
org.hibernate.loader.plan.build.internal.AbstractLoadPlanBuildingAssociationVisitationStrategy 2015-06-20 15:55:06,373 TRACE - &lt;&lt; Finishing up attribute : Attribute(name=deleteNews, type=boolean [non-identifier])
org.hibernate.persister.walking.spi.MetamodelGraphWalker 2015-06-20 15:55:06,373 DEBUG - Visiting attribute path : readNews
org.hibernate.loader.plan.build.internal.AbstractLoadPlanBuildingAssociationVisitationStrategy 2015-06-20 15:55:06,373 TRACE - &gt;&gt; Starting attribute Attribute(name=readNews, type=boolean [non-identifier])
org.hibernate.loader.plan.build.internal.AbstractLoadPlanBuildingAssociationVisitationStrategy 2015-06-20 15:55:06,374 TRACE - &lt;&lt; Finishing up attribute : Attribute(name=readNews, type=boolean [non-identifier])
org.hibernate.persister.walking.spi.MetamodelGraphWalker 2015-06-20 15:55:06,374 DEBUG - Visiting attribute path : role
org.hibernate.loader.plan.build.internal.AbstractLoadPlanBuildingAssociationVisitationStrategy 2015-06-20 15:55:06,374 TRACE - &gt;&gt; Starting attribute Attribute(name=role, type=pojos.Roles [non-identifier,association])
org.hibernate.loader.plan.build.internal.spaces.QuerySpacesImpl 2015-06-20 15:55:06,374 DEBUG - Adding QuerySpace : uid = &lt;gen:1&gt; -&gt; org.hibernate.loader.plan.build.internal.spaces.EntityQuerySpaceImpl@29dcd24d]
org.hibernate.loader.plan.build.internal.AbstractLoadPlanBuildingAssociationVisitationStrategy 2015-06-20 15:55:06,375 TRACE - &lt;&lt; Finishing up attribute : Attribute(name=role, type=pojos.Roles [non-identifier,association])
org.hibernate.persister.walking.spi.MetamodelGraphWalker 2015-06-20 15:55:06,375 DEBUG - Visiting attribute path : updateNews
org.hibernate.loader.plan.build.internal.AbstractLoadPlanBuildingAssociationVisitationStrategy 2015-06-20 15:55:06,375 TRACE - &gt;&gt; Starting attribute Attribute(name=updateNews, type=boolean [non-identifier])
org.hibernate.loader.plan.build.internal.AbstractLoadPlanBuildingAssociationVisitationStrategy 2015-06-20 15:55:06,376 TRACE - &lt;&lt; Finishing up attribute : Attribute(name=updateNews, type=boolean [non-identifier])
org.hibernate.loader.plan.build.internal.AbstractLoadPlanBuildingAssociationVisitationStrategy 2015-06-20 15:55:06,376 TRACE - Popped fetch owner from stack : org.hibernate.loader.plan.build.internal.returns.EntityReturnImpl@71ad51e9
org.hibernate.loader.plan.build.internal.AbstractLoadPlanBuildingAssociationVisitationStrategy 2015-06-20 15:55:06,376 TRACE -  Finished root entity : pojos.Permissions
org.hibernate.loader.plan.build.internal.FetchStyleLoadPlanBuildingAssociationVisitationStrategy 2015-06-20 15:55:06,376 DEBUG - Building LoadPlan...
org.hibernate.loader.plan.exec.internal.LoadQueryJoinAndFetchProcessor 2015-06-20 15:55:06,377 DEBUG - processing queryspace &lt;gen:0&gt;
org.hibernate.loader.plan.build.spi.LoadPlanTreePrinter 2015-06-20 15:55:06,377 DEBUG - LoadPlan(entity=pojos.Permissions)
    - Returns
       - EntityReturnImpl(entity=pojos.Permissions, querySpaceUid=&lt;gen:0&gt;, path=pojos.Permissions)
          - EntityAttributeFetchImpl(entity=pojos.Roles, querySpaceUid=&lt;gen:1&gt;, path=pojos.Permissions.role)
    - QuerySpaces
       - EntityQuerySpaceImpl(uid=&lt;gen:0&gt;, entity=pojos.Permissions)
          - SQL table alias mapping - permission0_
          - alias suffix - 0_
          - suffixed key columns - {roleId1_2_0_}

org.hibernate.loader.entity.plan.EntityLoader 2015-06-20 15:55:06,378 DEBUG - Static select for entity pojos.Permissions [UPGRADE_NOWAIT]: select permission0_.roleId as roleId1_2_0_, permission0_.addNews as addNews2_2_0_, permission0_.deleteNews as deleteNe3_2_0_, permission0_.readNews as readNews4_2_0_, permission0_.role as role6_2_0_, permission0_.updateNews as updateNe5_2_0_ from Permissions permission0_ where permission0_.roleId=? for update
org.hibernate.loader.plan.build.internal.AbstractLoadPlanBuildingAssociationVisitationStrategy 2015-06-20 15:55:06,378 TRACE -  Starting root entity : pojos.Permissions
org.hibernate.loader.plan.build.internal.spaces.QuerySpacesImpl 2015-06-20 15:55:06,378 DEBUG - Adding QuerySpace : uid = &lt;gen:0&gt; -&gt; org.hibernate.loader.plan.build.internal.spaces.EntityQuerySpaceImpl@6072d2b3]
org.hibernate.loader.plan.build.internal.AbstractLoadPlanBuildingAssociationVisitationStrategy 2015-06-20 15:55:06,379 TRACE - Pushing fetch source to stack : org.hibernate.loader.plan.build.internal.returns.EntityReturnImpl@1267173d
org.hibernate.loader.plan.build.internal.AbstractLoadPlanBuildingAssociationVisitationStrategy 2015-06-20 15:55:06,379 TRACE - .. Registering AssociationKey : AssociationKey(table=Permissions, columns={roleId}) -&gt; org.hibernate.loader.plan.build.internal.returns.EntityReturnImpl@1267173d
org.hibernate.loader.plan.build.internal.AbstractLoadPlanBuildingAssociationVisitationStrategy 2015-06-20 15:55:06,379 TRACE - &gt;&gt; Starting entity identifier : pojos.Permissions
org.hibernate.persister.walking.spi.MetamodelGraphWalker 2015-06-20 15:55:06,379 DEBUG - Visiting attribute path : addNews
org.hibernate.loader.plan.build.internal.AbstractLoadPlanBuildingAssociationVisitationStrategy 2015-06-20 15:55:06,380 TRACE - &gt;&gt; Starting attribute Attribute(name=addNews, type=boolean [non-identifier])
org.hibernate.loader.plan.build.internal.AbstractLoadPlanBuildingAssociationVisitationStrategy 2015-06-20 15:55:06,380 TRACE - &lt;&lt; Finishing up attribute : Attribute(name=addNews, type=boolean [non-identifier])
org.hibernate.persister.walking.spi.MetamodelGraphWalker 2015-06-20 15:55:06,380 DEBUG - Visiting attribute path : deleteNews
org.hibernate.loader.plan.build.internal.AbstractLoadPlanBuildingAssociationVisitationStrategy 2015-06-20 15:55:06,380 TRACE - &gt;&gt; Starting attribute Attribute(name=deleteNews, type=boolean [non-identifier])
org.hibernate.loader.plan.build.internal.AbstractLoadPlanBuildingAssociationVisitationStrategy 2015-06-20 15:55:06,381 TRACE - &lt;&lt; Finishing up attribute : Attribute(name=deleteNews, type=boolean [non-identifier])
org.hibernate.persister.walking.spi.MetamodelGraphWalker 2015-06-20 15:55:06,381 DEBUG - Visiting attribute path : readNews
org.hibernate.loader.plan.build.internal.AbstractLoadPlanBuildingAssociationVisitationStrategy 2015-06-20 15:55:06,381 TRACE - &gt;&gt; Starting attribute Attribute(name=readNews, type=boolean [non-identifier])
org.hibernate.loader.plan.build.internal.AbstractLoadPlanBuildingAssociationVisitationStrategy 2015-06-20 15:55:06,381 TRACE - &lt;&lt; Finishing up attribute : Attribute(name=readNews, type=boolean [non-identifier])
org.hibernate.persister.walking.spi.MetamodelGraphWalker 2015-06-20 15:55:06,382 DEBUG - Visiting attribute path : role
org.hibernate.loader.plan.build.internal.AbstractLoadPlanBuildingAssociationVisitationStrategy 2015-06-20 15:55:06,382 TRACE - &gt;&gt; Starting attribute Attribute(name=role, type=pojos.Roles [non-identifier,association])
org.hibernate.loader.plan.build.internal.spaces.QuerySpacesImpl 2015-06-20 15:55:06,382 DEBUG - Adding QuerySpace : uid = &lt;gen:1&gt; -&gt; org.hibernate.loader.plan.build.internal.spaces.EntityQuerySpaceImpl@2e26af3b]
org.hibernate.loader.plan.build.internal.AbstractLoadPlanBuildingAssociationVisitationStrategy 2015-06-20 15:55:06,383 TRACE - &lt;&lt; Finishing up attribute : Attribute(name=role, type=pojos.Roles [non-identifier,association])
org.hibernate.persister.walking.spi.MetamodelGraphWalker 2015-06-20 15:55:06,383 DEBUG - Visiting attribute path : updateNews
org.hibernate.loader.plan.build.internal.AbstractLoadPlanBuildingAssociationVisitationStrategy 2015-06-20 15:55:06,384 TRACE - &gt;&gt; Starting attribute Attribute(name=updateNews, type=boolean [non-identifier])
org.hibernate.loader.plan.build.internal.AbstractLoadPlanBuildingAssociationVisitationStrategy 2015-06-20 15:55:06,384 TRACE - &lt;&lt; Finishing up attribute : Attribute(name=updateNews, type=boolean [non-identifier])
org.hibernate.loader.plan.build.internal.AbstractLoadPlanBuildingAssociationVisitationStrategy 2015-06-20 15:55:06,384 TRACE - Popped fetch owner from stack : org.hibernate.loader.plan.build.internal.returns.EntityReturnImpl@1267173d
org.hibernate.loader.plan.build.internal.AbstractLoadPlanBuildingAssociationVisitationStrategy 2015-06-20 15:55:06,385 TRACE -  Finished root entity : pojos.Permissions
org.hibernate.loader.plan.build.internal.FetchStyleLoadPlanBuildingAssociationVisitationStrategy 2015-06-20 15:55:06,386 DEBUG - Building LoadPlan...
org.hibernate.loader.plan.exec.internal.LoadQueryJoinAndFetchProcessor 2015-06-20 15:55:06,386 DEBUG - processing queryspace &lt;gen:0&gt;
org.hibernate.loader.plan.build.spi.LoadPlanTreePrinter 2015-06-20 15:55:06,387 DEBUG - LoadPlan(entity=pojos.Permissions)
    - Returns
       - EntityReturnImpl(entity=pojos.Permissions, querySpaceUid=&lt;gen:0&gt;, path=pojos.Permissions)
          - EntityAttributeFetchImpl(entity=pojos.Roles, querySpaceUid=&lt;gen:1&gt;, path=pojos.Permissions.role)
    - QuerySpaces
       - EntityQuerySpaceImpl(uid=&lt;gen:0&gt;, entity=pojos.Permissions)
          - SQL table alias mapping - permission0_
          - alias suffix - 0_
          - suffixed key columns - {roleId1_2_0_}

org.hibernate.loader.entity.plan.EntityLoader 2015-06-20 15:55:06,387 DEBUG - Static select for entity pojos.Permissions [UPGRADE_SKIPLOCKED]: select permission0_.roleId as roleId1_2_0_, permission0_.addNews as addNews2_2_0_, permission0_.deleteNews as deleteNe3_2_0_, permission0_.readNews as readNews4_2_0_, permission0_.role as role6_2_0_, permission0_.updateNews as updateNe5_2_0_ from Permissions permission0_ where permission0_.roleId=? for update
org.hibernate.loader.plan.build.internal.AbstractLoadPlanBuildingAssociationVisitationStrategy 2015-06-20 15:55:06,388 TRACE -  Starting root entity : pojos.Permissions
org.hibernate.loader.plan.build.internal.spaces.QuerySpacesImpl 2015-06-20 15:55:06,388 DEBUG - Adding QuerySpace : uid = &lt;gen:0&gt; -&gt; org.hibernate.loader.plan.build.internal.spaces.EntityQuerySpaceImpl@22926a10]
org.hibernate.loader.plan.build.internal.AbstractLoadPlanBuildingAssociationVisitationStrategy 2015-06-20 15:55:06,389 TRACE - Pushing fetch source to stack : org.hibernate.loader.plan.build.internal.returns.EntityReturnImpl@3a71522b
org.hibernate.loader.plan.build.internal.AbstractLoadPlanBuildingAssociationVisitationStrategy 2015-06-20 15:55:06,389 TRACE - .. Registering AssociationKey : AssociationKey(table=Permissions, columns={roleId}) -&gt; org.hibernate.loader.plan.build.internal.returns.EntityReturnImpl@3a71522b
org.hibernate.loader.plan.build.internal.AbstractLoadPlanBuildingAssociationVisitationStrategy 2015-06-20 15:55:06,389 TRACE - &gt;&gt; Starting entity identifier : pojos.Permissions
org.hibernate.persister.walking.spi.MetamodelGraphWalker 2015-06-20 15:55:06,390 DEBUG - Visiting attribute path : addNews
org.hibernate.loader.plan.build.internal.AbstractLoadPlanBuildingAssociationVisitationStrategy 2015-06-20 15:55:06,390 TRACE - &gt;&gt; Starting attribute Attribute(name=addNews, type=boolean [non-identifier])
org.hibernate.loader.plan.build.internal.AbstractLoadPlanBuildingAssociationVisitationStrategy 2015-06-20 15:55:06,390 TRACE - &lt;&lt; Finishing up attribute : Attribute(name=addNews, type=boolean [non-identifier])
org.hibernate.persister.walking.spi.MetamodelGraphWalker 2015-06-20 15:55:06,391 DEBUG - Visiting attribute path : deleteNews
org.hibernate.loader.plan.build.internal.AbstractLoadPlanBuildingAssociationVisitationStrategy 2015-06-20 15:55:06,394 TRACE - &gt;&gt; Starting attribute Attribute(name=deleteNews, type=boolean [non-identifier])
org.hibernate.loader.plan.build.internal.AbstractLoadPlanBuildingAssociationVisitationStrategy 2015-06-20 15:55:06,394 TRACE - &lt;&lt; Finishing up attribute : Attribute(name=deleteNews, type=boolean [non-identifier])
org.hibernate.persister.walking.spi.MetamodelGraphWalker 2015-06-20 15:55:06,395 DEBUG - Visiting attribute path : readNews
org.hibernate.loader.plan.build.internal.AbstractLoadPlanBuildingAssociationVisitationStrategy 2015-06-20 15:55:06,395 TRACE - &gt;&gt; Starting attribute Attribute(name=readNews, type=boolean [non-identifier])
org.hibernate.loader.plan.build.internal.AbstractLoadPlanBuildingAssociationVisitationStrategy 2015-06-20 15:55:06,395 TRACE - &lt;&lt; Finishing up attribute : Attribute(name=readNews, type=boolean [non-identifier])
org.hibernate.persister.walking.spi.MetamodelGraphWalker 2015-06-20 15:55:06,396 DEBUG - Visiting attribute path : role
org.hibernate.loader.plan.build.internal.AbstractLoadPlanBuildingAssociationVisitationStrategy 2015-06-20 15:55:06,396 TRACE - &gt;&gt; Starting attribute Attribute(name=role, type=pojos.Roles [non-identifier,association])
org.hibernate.loader.plan.build.internal.spaces.QuerySpacesImpl 2015-06-20 15:55:06,397 DEBUG - Adding QuerySpace : uid = &lt;gen:1&gt; -&gt; org.hibernate.loader.plan.build.internal.spaces.EntityQuerySpaceImpl@65c9a306]
org.hibernate.loader.plan.build.internal.AbstractLoadPlanBuildingAssociationVisitationStrategy 2015-06-20 15:55:06,397 TRACE - &lt;&lt; Finishing up attribute : Attribute(name=role, type=pojos.Roles [non-identifier,association])
org.hibernate.persister.walking.spi.MetamodelGraphWalker 2015-06-20 15:55:06,397 DEBUG - Visiting attribute path : updateNews
org.hibernate.loader.plan.build.internal.AbstractLoadPlanBuildingAssociationVisitationStrategy 2015-06-20 15:55:06,398 TRACE - &gt;&gt; Starting attribute Attribute(name=updateNews, type=boolean [non-identifier])
org.hibernate.loader.plan.build.internal.AbstractLoadPlanBuildingAssociationVisitationStrategy 2015-06-20 15:55:06,398 TRACE - &lt;&lt; Finishing up attribute : Attribute(name=updateNews, type=boolean [non-identifier])
org.hibernate.loader.plan.build.internal.AbstractLoadPlanBuildingAssociationVisitationStrategy 2015-06-20 15:55:06,399 TRACE - Popped fetch owner from stack : org.hibernate.loader.plan.build.internal.returns.EntityReturnImpl@3a71522b
org.hibernate.loader.plan.build.internal.AbstractLoadPlanBuildingAssociationVisitationStrategy 2015-06-20 15:55:06,399 TRACE -  Finished root entity : pojos.Permissions
org.hibernate.loader.plan.build.internal.FetchStyleLoadPlanBuildingAssociationVisitationStrategy 2015-06-20 15:55:06,399 DEBUG - Building LoadPlan...
org.hibernate.loader.plan.exec.internal.LoadQueryJoinAndFetchProcessor 2015-06-20 15:55:06,400 DEBUG - processing queryspace &lt;gen:0&gt;
org.hibernate.loader.plan.build.spi.LoadPlanTreePrinter 2015-06-20 15:55:06,400 DEBUG - LoadPlan(entity=pojos.Permissions)
    - Returns
       - EntityReturnImpl(entity=pojos.Permissions, querySpaceUid=&lt;gen:0&gt;, path=pojos.Permissions)
          - EntityAttributeFetchImpl(entity=pojos.Roles, querySpaceUid=&lt;gen:1&gt;, path=pojos.Permissions.role)
    - QuerySpaces
       - EntityQuerySpaceImpl(uid=&lt;gen:0&gt;, entity=pojos.Permissions)
          - SQL table alias mapping - permission0_
          - alias suffix - 0_
          - suffixed key columns - {roleId1_2_0_}

org.hibernate.loader.entity.plan.EntityLoader 2015-06-20 15:55:06,401 DEBUG - Static select for entity pojos.Permissions [FORCE]: select permission0_.roleId as roleId1_2_0_, permission0_.addNews as addNews2_2_0_, permission0_.deleteNews as deleteNe3_2_0_, permission0_.readNews as readNews4_2_0_, permission0_.role as role6_2_0_, permission0_.updateNews as updateNe5_2_0_ from Permissions permission0_ where permission0_.roleId=? for update
org.hibernate.loader.plan.build.internal.AbstractLoadPlanBuildingAssociationVisitationStrategy 2015-06-20 15:55:06,401 TRACE -  Starting root entity : pojos.Permissions
org.hibernate.loader.plan.build.internal.spaces.QuerySpacesImpl 2015-06-20 15:55:06,401 DEBUG - Adding QuerySpace : uid = &lt;gen:0&gt; -&gt; org.hibernate.loader.plan.build.internal.spaces.EntityQuerySpaceImpl@18ee131f]
org.hibernate.loader.plan.build.internal.AbstractLoadPlanBuildingAssociationVisitationStrategy 2015-06-20 15:55:06,402 TRACE - Pushing fetch source to stack : org.hibernate.loader.plan.build.internal.returns.EntityReturnImpl@36296502
org.hibernate.loader.plan.build.internal.AbstractLoadPlanBuildingAssociationVisitationStrategy 2015-06-20 15:55:06,402 TRACE - .. Registering AssociationKey : AssociationKey(table=Permissions, columns={roleId}) -&gt; org.hibernate.loader.plan.build.internal.returns.EntityReturnImpl@36296502
org.hibernate.loader.plan.build.internal.AbstractLoadPlanBuildingAssociationVisitationStrategy 2015-06-20 15:55:06,402 TRACE - &gt;&gt; Starting entity identifier : pojos.Permissions
org.hibernate.persister.walking.spi.MetamodelGraphWalker 2015-06-20 15:55:06,402 DEBUG - Visiting attribute path : addNews
org.hibernate.loader.plan.build.internal.AbstractLoadPlanBuildingAssociationVisitationStrategy 2015-06-20 15:55:06,403 TRACE - &gt;&gt; Starting attribute Attribute(name=addNews, type=boolean [non-identifier])
org.hibernate.loader.plan.build.internal.AbstractLoadPlanBuildingAssociationVisitationStrategy 2015-06-20 15:55:06,403 TRACE - &lt;&lt; Finishing up attribute : Attribute(name=addNews, type=boolean [non-identifier])
org.hibernate.persister.walking.spi.MetamodelGraphWalker 2015-06-20 15:55:06,403 DEBUG - Visiting attribute path : deleteNews
org.hibernate.loader.plan.build.internal.AbstractLoadPlanBuildingAssociationVisitationStrategy 2015-06-20 15:55:06,404 TRACE - &gt;&gt; Starting attribute Attribute(name=deleteNews, type=boolean [non-identifier])
org.hibernate.loader.plan.build.internal.AbstractLoadPlanBuildingAssociationVisitationStrategy 2015-06-20 15:55:06,404 TRACE - &lt;&lt; Finishing up attribute : Attribute(name=deleteNews, type=boolean [non-identifier])
org.hibernate.persister.walking.spi.MetamodelGraphWalker 2015-06-20 15:55:06,405 DEBUG - Visiting attribute path : readNews
org.hibernate.loader.plan.build.internal.AbstractLoadPlanBuildingAssociationVisitationStrategy 2015-06-20 15:55:06,405 TRACE - &gt;&gt; Starting attribute Attribute(name=readNews, type=boolean [non-identifier])
org.hibernate.loader.plan.build.internal.AbstractLoadPlanBuildingAssociationVisitationStrategy 2015-06-20 15:55:06,406 TRACE - &lt;&lt; Finishing up attribute : Attribute(name=readNews, type=boolean [non-identifier])
org.hibernate.persister.walking.spi.MetamodelGraphWalker 2015-06-20 15:55:06,406 DEBUG - Visiting attribute path : role
org.hibernate.loader.plan.build.internal.AbstractLoadPlanBuildingAssociationVisitationStrategy 2015-06-20 15:55:06,407 TRACE - &gt;&gt; Starting attribute Attribute(name=role, type=pojos.Roles [non-identifier,association])
org.hibernate.loader.plan.build.internal.spaces.QuerySpacesImpl 2015-06-20 15:55:06,407 DEBUG - Adding QuerySpace : uid = &lt;gen:1&gt; -&gt; org.hibernate.loader.plan.build.internal.spaces.EntityQuerySpaceImpl@57a68215]
org.hibernate.loader.plan.build.internal.AbstractLoadPlanBuildingAssociationVisitationStrategy 2015-06-20 15:55:06,408 TRACE - &lt;&lt; Finishing up attribute : Attribute(name=role, type=pojos.Roles [non-identifier,association])
org.hibernate.persister.walking.spi.MetamodelGraphWalker 2015-06-20 15:55:06,408 DEBUG - Visiting attribute path : updateNews
org.hibernate.loader.plan.build.internal.AbstractLoadPlanBuildingAssociationVisitationStrategy 2015-06-20 15:55:06,408 TRACE - &gt;&gt; Starting attribute Attribute(name=updateNews, type=boolean [non-identifier])
org.hibernate.loader.plan.build.internal.AbstractLoadPlanBuildingAssociationVisitationStrategy 2015-06-20 15:55:06,409 TRACE - &lt;&lt; Finishing up attribute : Attribute(name=updateNews, type=boolean [non-identifier])
org.hibernate.loader.plan.build.internal.AbstractLoadPlanBuildingAssociationVisitationStrategy 2015-06-20 15:55:06,409 TRACE - Popped fetch owner from stack : org.hibernate.loader.plan.build.internal.returns.EntityReturnImpl@36296502
org.hibernate.loader.plan.build.internal.AbstractLoadPlanBuildingAssociationVisitationStrategy 2015-06-20 15:55:06,410 TRACE -  Finished root entity : pojos.Permissions
org.hibernate.loader.plan.build.internal.FetchStyleLoadPlanBuildingAssociationVisitationStrategy 2015-06-20 15:55:06,410 DEBUG - Building LoadPlan...
org.hibernate.loader.plan.exec.internal.LoadQueryJoinAndFetchProcessor 2015-06-20 15:55:06,411 DEBUG - processing queryspace &lt;gen:0&gt;
org.hibernate.loader.plan.build.spi.LoadPlanTreePrinter 2015-06-20 15:55:06,413 DEBUG - LoadPlan(entity=pojos.Permissions)
    - Returns
       - EntityReturnImpl(entity=pojos.Permissions, querySpaceUid=&lt;gen:0&gt;, path=pojos.Permissions)
          - EntityAttributeFetchImpl(entity=pojos.Roles, querySpaceUid=&lt;gen:1&gt;, path=pojos.Permissions.role)
    - QuerySpaces
       - EntityQuerySpaceImpl(uid=&lt;gen:0&gt;, entity=pojos.Permissions)
          - SQL table alias mapping - permission0_
          - alias suffix - 0_
          - suffixed key columns - {roleId1_2_0_}

org.hibernate.loader.entity.plan.EntityLoader 2015-06-20 15:55:06,413 DEBUG - Static select for entity pojos.Permissions [PESSIMISTIC_READ]: select permission0_.roleId as roleId1_2_0_, permission0_.addNews as addNews2_2_0_, permission0_.deleteNews as deleteNe3_2_0_, permission0_.readNews as readNews4_2_0_, permission0_.role as role6_2_0_, permission0_.updateNews as updateNe5_2_0_ from Permissions permission0_ where permission0_.roleId=? lock in share mode
org.hibernate.loader.plan.build.internal.AbstractLoadPlanBuildingAssociationVisitationStrategy 2015-06-20 15:55:06,414 TRACE -  Starting root entity : pojos.Permissions
org.hibernate.loader.plan.build.internal.spaces.QuerySpacesImpl 2015-06-20 15:55:06,414 DEBUG - Adding QuerySpace : uid = &lt;gen:0&gt; -&gt; org.hibernate.loader.plan.build.internal.spaces.EntityQuerySpaceImpl@74a65da7]
org.hibernate.loader.plan.build.internal.AbstractLoadPlanBuildingAssociationVisitationStrategy 2015-06-20 15:55:06,415 TRACE - Pushing fetch source to stack : org.hibernate.loader.plan.build.internal.returns.EntityReturnImpl@564ebac5
org.hibernate.loader.plan.build.internal.AbstractLoadPlanBuildingAssociationVisitationStrategy 2015-06-20 15:55:06,415 TRACE - .. Registering AssociationKey : AssociationKey(table=Permissions, columns={roleId}) -&gt; org.hibernate.loader.plan.build.internal.returns.EntityReturnImpl@564ebac5
org.hibernate.loader.plan.build.internal.AbstractLoadPlanBuildingAssociationVisitationStrategy 2015-06-20 15:55:06,416 TRACE - &gt;&gt; Starting entity identifier : pojos.Permissions
org.hibernate.persister.walking.spi.MetamodelGraphWalker 2015-06-20 15:55:06,416 DEBUG - Visiting attribute path : addNews
org.hibernate.loader.plan.build.internal.AbstractLoadPlanBuildingAssociationVisitationStrategy 2015-06-20 15:55:06,416 TRACE - &gt;&gt; Starting attribute Attribute(name=addNews, type=boolean [non-identifier])
org.hibernate.loader.plan.build.internal.AbstractLoadPlanBuildingAssociationVisitationStrategy 2015-06-20 15:55:06,417 TRACE - &lt;&lt; Finishing up attribute : Attribute(name=addNews, type=boolean [non-identifier])
org.hibernate.persister.walking.spi.MetamodelGraphWalker 2015-06-20 15:55:06,417 DEBUG - Visiting attribute path : deleteNews
org.hibernate.loader.plan.build.internal.AbstractLoadPlanBuildingAssociationVisitationStrategy 2015-06-20 15:55:06,418 TRACE - &gt;&gt; Starting attribute Attribute(name=deleteNews, type=boolean [non-identifier])
org.hibernate.loader.plan.build.internal.AbstractLoadPlanBuildingAssociationVisitationStrategy 2015-06-20 15:55:06,418 TRACE - &lt;&lt; Finishing up attribute : Attribute(name=deleteNews, type=boolean [non-identifier])
org.hibernate.persister.walking.spi.MetamodelGraphWalker 2015-06-20 15:55:06,419 DEBUG - Visiting attribute path : readNews
org.hibernate.loader.plan.build.internal.AbstractLoadPlanBuildingAssociationVisitationStrategy 2015-06-20 15:55:06,419 TRACE - &gt;&gt; Starting attribute Attribute(name=readNews, type=boolean [non-identifier])
org.hibernate.loader.plan.build.internal.AbstractLoadPlanBuildingAssociationVisitationStrategy 2015-06-20 15:55:06,420 TRACE - &lt;&lt; Finishing up attribute : Attribute(name=readNews, type=boolean [non-identifier])
org.hibernate.persister.walking.spi.MetamodelGraphWalker 2015-06-20 15:55:06,421 DEBUG - Visiting attribute path : role
org.hibernate.loader.plan.build.internal.AbstractLoadPlanBuildingAssociationVisitationStrategy 2015-06-20 15:55:06,421 TRACE - &gt;&gt; Starting attribute Attribute(name=role, type=pojos.Roles [non-identifier,association])
org.hibernate.loader.plan.build.internal.spaces.QuerySpacesImpl 2015-06-20 15:55:06,422 DEBUG - Adding QuerySpace : uid = &lt;gen:1&gt; -&gt; org.hibernate.loader.plan.build.internal.spaces.EntityQuerySpaceImpl@4ac807c7]
org.hibernate.loader.plan.build.internal.AbstractLoadPlanBuildingAssociationVisitationStrategy 2015-06-20 15:55:06,422 TRACE - &lt;&lt; Finishing up attribute : Attribute(name=role, type=pojos.Roles [non-identifier,association])
org.hibernate.persister.walking.spi.MetamodelGraphWalker 2015-06-20 15:55:06,422 DEBUG - Visiting attribute path : updateNews
org.hibernate.loader.plan.build.internal.AbstractLoadPlanBuildingAssociationVisitationStrategy 2015-06-20 15:55:06,422 TRACE - &gt;&gt; Starting attribute Attribute(name=updateNews, type=boolean [non-identifier])
org.hibernate.loader.plan.build.internal.AbstractLoadPlanBuildingAssociationVisitationStrategy 2015-06-20 15:55:06,423 TRACE - &lt;&lt; Finishing up attribute : Attribute(name=updateNews, type=boolean [non-identifier])
org.hibernate.loader.plan.build.internal.AbstractLoadPlanBuildingAssociationVisitationStrategy 2015-06-20 15:55:06,423 TRACE - Popped fetch owner from stack : org.hibernate.loader.plan.build.internal.returns.EntityReturnImpl@564ebac5
org.hibernate.loader.plan.build.internal.AbstractLoadPlanBuildingAssociationVisitationStrategy 2015-06-20 15:55:06,423 TRACE -  Finished root entity : pojos.Permissions
org.hibernate.loader.plan.build.internal.FetchStyleLoadPlanBuildingAssociationVisitationStrategy 2015-06-20 15:55:06,423 DEBUG - Building LoadPlan...
org.hibernate.loader.plan.exec.internal.LoadQueryJoinAndFetchProcessor 2015-06-20 15:55:06,424 DEBUG - processing queryspace &lt;gen:0&gt;
org.hibernate.loader.plan.build.spi.LoadPlanTreePrinter 2015-06-20 15:55:06,424 DEBUG - LoadPlan(entity=pojos.Permissions)
    - Returns
       - EntityReturnImpl(entity=pojos.Permissions, querySpaceUid=&lt;gen:0&gt;, path=pojos.Permissions)
          - EntityAttributeFetchImpl(entity=pojos.Roles, querySpaceUid=&lt;gen:1&gt;, path=pojos.Permissions.role)
    - QuerySpaces
       - EntityQuerySpaceImpl(uid=&lt;gen:0&gt;, entity=pojos.Permissions)
          - SQL table alias mapping - permission0_
          - alias suffix - 0_
          - suffixed key columns - {roleId1_2_0_}

org.hibernate.loader.entity.plan.EntityLoader 2015-06-20 15:55:06,425 DEBUG - Static select for entity pojos.Permissions [PESSIMISTIC_WRITE]: select permission0_.roleId as roleId1_2_0_, permission0_.addNews as addNews2_2_0_, permission0_.deleteNews as deleteNe3_2_0_, permission0_.readNews as readNews4_2_0_, permission0_.role as role6_2_0_, permission0_.updateNews as updateNe5_2_0_ from Permissions permission0_ where permission0_.roleId=? for update
org.hibernate.loader.plan.build.internal.AbstractLoadPlanBuildingAssociationVisitationStrategy 2015-06-20 15:55:06,426 TRACE -  Starting root entity : pojos.Permissions
org.hibernate.loader.plan.build.internal.spaces.QuerySpacesImpl 2015-06-20 15:55:06,426 DEBUG - Adding QuerySpace : uid = &lt;gen:0&gt; -&gt; org.hibernate.loader.plan.build.internal.spaces.EntityQuerySpaceImpl@1276c02c]
org.hibernate.loader.plan.build.internal.AbstractLoadPlanBuildingAssociationVisitationStrategy 2015-06-20 15:55:06,427 TRACE - Pushing fetch source to stack : org.hibernate.loader.plan.build.internal.returns.EntityReturnImpl@3242922c
org.hibernate.loader.plan.build.internal.AbstractLoadPlanBuildingAssociationVisitationStrategy 2015-06-20 15:55:06,427 TRACE - .. Registering AssociationKey : AssociationKey(table=Permissions, columns={roleId}) -&gt; org.hibernate.loader.plan.build.internal.returns.EntityReturnImpl@3242922c
org.hibernate.loader.plan.build.internal.AbstractLoadPlanBuildingAssociationVisitationStrategy 2015-06-20 15:55:06,427 TRACE - &gt;&gt; Starting entity identifier : pojos.Permissions
org.hibernate.persister.walking.spi.MetamodelGraphWalker 2015-06-20 15:55:06,428 DEBUG - Visiting attribute path : addNews
org.hibernate.loader.plan.build.internal.AbstractLoadPlanBuildingAssociationVisitationStrategy 2015-06-20 15:55:06,428 TRACE - &gt;&gt; Starting attribute Attribute(name=addNews, type=boolean [non-identifier])
org.hibernate.loader.plan.build.internal.AbstractLoadPlanBuildingAssociationVisitationStrategy 2015-06-20 15:55:06,428 TRACE - &lt;&lt; Finishing up attribute : Attribute(name=addNews, type=boolean [non-identifier])
org.hibernate.persister.walking.spi.MetamodelGraphWalker 2015-06-20 15:55:06,429 DEBUG - Visiting attribute path : deleteNews
org.hibernate.loader.plan.build.internal.AbstractLoadPlanBuildingAssociationVisitationStrategy 2015-06-20 15:55:06,429 TRACE - &gt;&gt; Starting attribute Attribute(name=deleteNews, type=boolean [non-identifier])
org.hibernate.loader.plan.build.internal.AbstractLoadPlanBuildingAssociationVisitationStrategy 2015-06-20 15:55:06,429 TRACE - &lt;&lt; Finishing up attribute : Attribute(name=deleteNews, type=boolean [non-identifier])
org.hibernate.persister.walking.spi.MetamodelGraphWalker 2015-06-20 15:55:06,430 DEBUG - Visiting attribute path : readNews
org.hibernate.loader.plan.build.internal.AbstractLoadPlanBuildingAssociationVisitationStrategy 2015-06-20 15:55:06,430 TRACE - &gt;&gt; Starting attribute Attribute(name=readNews, type=boolean [non-identifier])
org.hibernate.loader.plan.build.internal.AbstractLoadPlanBuildingAssociationVisitationStrategy 2015-06-20 15:55:06,431 TRACE - &lt;&lt; Finishing up attribute : Attribute(name=readNews, type=boolean [non-identifier])
org.hibernate.persister.walking.spi.MetamodelGraphWalker 2015-06-20 15:55:06,431 DEBUG - Visiting attribute path : role
org.hibernate.loader.plan.build.internal.AbstractLoadPlanBuildingAssociationVisitationStrategy 2015-06-20 15:55:06,431 TRACE - &gt;&gt; Starting attribute Attribute(name=role, type=pojos.Roles [non-identifier,association])
org.hibernate.loader.plan.build.internal.spaces.QuerySpacesImpl 2015-06-20 15:55:06,432 DEBUG - Adding QuerySpace : uid = &lt;gen:1&gt; -&gt; org.hibernate.loader.plan.build.internal.spaces.EntityQuerySpaceImpl@308aa07b]
org.hibernate.loader.plan.build.internal.AbstractLoadPlanBuildingAssociationVisitationStrategy 2015-06-20 15:55:06,433 TRACE - &lt;&lt; Finishing up attribute : Attribute(name=role, type=pojos.Roles [non-identifier,association])
org.hibernate.persister.walking.spi.MetamodelGraphWalker 2015-06-20 15:55:06,434 DEBUG - Visiting attribute path : updateNews
org.hibernate.loader.plan.build.internal.AbstractLoadPlanBuildingAssociationVisitationStrategy 2015-06-20 15:55:06,435 TRACE - &gt;&gt; Starting attribute Attribute(name=updateNews, type=boolean [non-identifier])
org.hibernate.loader.plan.build.internal.AbstractLoadPlanBuildingAssociationVisitationStrategy 2015-06-20 15:55:06,435 TRACE - &lt;&lt; Finishing up attribute : Attribute(name=updateNews, type=boolean [non-identifier])
org.hibernate.loader.plan.build.internal.AbstractLoadPlanBuildingAssociationVisitationStrategy 2015-06-20 15:55:06,436 TRACE - Popped fetch owner from stack : org.hibernate.loader.plan.build.internal.returns.EntityReturnImpl@3242922c
org.hibernate.loader.plan.build.internal.AbstractLoadPlanBuildingAssociationVisitationStrategy 2015-06-20 15:55:06,436 TRACE -  Finished root entity : pojos.Permissions
org.hibernate.loader.plan.build.internal.FetchStyleLoadPlanBuildingAssociationVisitationStrategy 2015-06-20 15:55:06,437 DEBUG - Building LoadPlan...
org.hibernate.loader.plan.exec.internal.LoadQueryJoinAndFetchProcessor 2015-06-20 15:55:06,437 DEBUG - processing queryspace &lt;gen:0&gt;
org.hibernate.loader.plan.build.spi.LoadPlanTreePrinter 2015-06-20 15:55:06,438 DEBUG - LoadPlan(entity=pojos.Permissions)
    - Returns
       - EntityReturnImpl(entity=pojos.Permissions, querySpaceUid=&lt;gen:0&gt;, path=pojos.Permissions)
          - EntityAttributeFetchImpl(entity=pojos.Roles, querySpaceUid=&lt;gen:1&gt;, path=pojos.Permissions.role)
    - QuerySpaces
       - EntityQuerySpaceImpl(uid=&lt;gen:0&gt;, entity=pojos.Permissions)
          - SQL table alias mapping - permission0_
          - alias suffix - 0_
          - suffixed key columns - {roleId1_2_0_}

org.hibernate.loader.entity.plan.EntityLoader 2015-06-20 15:55:06,439 DEBUG - Static select for entity pojos.Permissions [PESSIMISTIC_FORCE_INCREMENT]: select permission0_.roleId as roleId1_2_0_, permission0_.addNews as addNews2_2_0_, permission0_.deleteNews as deleteNe3_2_0_, permission0_.readNews as readNews4_2_0_, permission0_.role as role6_2_0_, permission0_.updateNews as updateNe5_2_0_ from Permissions permission0_ where permission0_.roleId=? for update
org.hibernate.loader.plan.build.internal.AbstractLoadPlanBuildingAssociationVisitationStrategy 2015-06-20 15:55:06,440 TRACE -  Starting root entity : pojos.Permissions
org.hibernate.loader.plan.build.internal.spaces.QuerySpacesImpl 2015-06-20 15:55:06,441 DEBUG - Adding QuerySpace : uid = &lt;gen:0&gt; -&gt; org.hibernate.loader.plan.build.internal.spaces.EntityQuerySpaceImpl@5d2e0422]
org.hibernate.loader.plan.build.internal.AbstractLoadPlanBuildingAssociationVisitationStrategy 2015-06-20 15:55:06,441 TRACE - Pushing fetch source to stack : org.hibernate.loader.plan.build.internal.returns.EntityReturnImpl@781183f8
org.hibernate.loader.plan.build.internal.AbstractLoadPlanBuildingAssociationVisitationStrategy 2015-06-20 15:55:06,442 TRACE - .. Registering AssociationKey : AssociationKey(table=Permissions, columns={roleId}) -&gt; org.hibernate.loader.plan.build.internal.returns.EntityReturnImpl@781183f8
org.hibernate.loader.plan.build.internal.AbstractLoadPlanBuildingAssociationVisitationStrategy 2015-06-20 15:55:06,442 TRACE - &gt;&gt; Starting entity identifier : pojos.Permissions
org.hibernate.persister.walking.spi.MetamodelGraphWalker 2015-06-20 15:55:06,443 DEBUG - Visiting attribute path : addNews
org.hibernate.loader.plan.build.internal.AbstractLoadPlanBuildingAssociationVisitationStrategy 2015-06-20 15:55:06,443 TRACE - &gt;&gt; Starting attribute Attribute(name=addNews, type=boolean [non-identifier])
org.hibernate.loader.plan.build.internal.AbstractLoadPlanBuildingAssociationVisitationStrategy 2015-06-20 15:55:06,444 TRACE - &lt;&lt; Finishing up attribute : Attribute(name=addNews, type=boolean [non-identifier])
org.hibernate.persister.walking.spi.MetamodelGraphWalker 2015-06-20 15:55:06,444 DEBUG - Visiting attribute path : deleteNews
org.hibernate.loader.plan.build.internal.AbstractLoadPlanBuildingAssociationVisitationStrategy 2015-06-20 15:55:06,445 TRACE - &gt;&gt; Starting attribute Attribute(name=deleteNews, type=boolean [non-identifier])
org.hibernate.loader.plan.build.internal.AbstractLoadPlanBuildingAssociationVisitationStrategy 2015-06-20 15:55:06,446 TRACE - &lt;&lt; Finishing up attribute : Attribute(name=deleteNews, type=boolean [non-identifier])
org.hibernate.persister.walking.spi.MetamodelGraphWalker 2015-06-20 15:55:06,447 DEBUG - Visiting attribute path : readNews
org.hibernate.loader.plan.build.internal.AbstractLoadPlanBuildingAssociationVisitationStrategy 2015-06-20 15:55:06,447 TRACE - &gt;&gt; Starting attribute Attribute(name=readNews, type=boolean [non-identifier])
org.hibernate.loader.plan.build.internal.AbstractLoadPlanBuildingAssociationVisitationStrategy 2015-06-20 15:55:06,448 TRACE - &lt;&lt; Finishing up attribute : Attribute(name=readNews, type=boolean [non-identifier])
org.hibernate.persister.walking.spi.MetamodelGraphWalker 2015-06-20 15:55:06,448 DEBUG - Visiting attribute path : role
org.hibernate.loader.plan.build.internal.AbstractLoadPlanBuildingAssociationVisitationStrategy 2015-06-20 15:55:06,449 TRACE - &gt;&gt; Starting attribute Attribute(name=role, type=pojos.Roles [non-identifier,association])
org.hibernate.loader.plan.build.internal.spaces.QuerySpacesImpl 2015-06-20 15:55:06,449 DEBUG - Adding QuerySpace : uid = &lt;gen:1&gt; -&gt; org.hibernate.loader.plan.build.internal.spaces.EntityQuerySpaceImpl@45ef4c5d]
org.hibernate.loader.plan.build.internal.AbstractLoadPlanBuildingAssociationVisitationStrategy 2015-06-20 15:55:06,450 TRACE - &lt;&lt; Finishing up attribute : Attribute(name=role, type=pojos.Roles [non-identifier,association])
org.hibernate.persister.walking.spi.MetamodelGraphWalker 2015-06-20 15:55:06,450 DEBUG - Visiting attribute path : updateNews
org.hibernate.loader.plan.build.internal.AbstractLoadPlanBuildingAssociationVisitationStrategy 2015-06-20 15:55:06,451 TRACE - &gt;&gt; Starting attribute Attribute(name=updateNews, type=boolean [non-identifier])
org.hibernate.loader.plan.build.internal.AbstractLoadPlanBuildingAssociationVisitationStrategy 2015-06-20 15:55:06,451 TRACE - &lt;&lt; Finishing up attribute : Attribute(name=updateNews, type=boolean [non-identifier])
org.hibernate.loader.plan.build.internal.AbstractLoadPlanBuildingAssociationVisitationStrategy 2015-06-20 15:55:06,452 TRACE - Popped fetch owner from stack : org.hibernate.loader.plan.build.internal.returns.EntityReturnImpl@781183f8
org.hibernate.loader.plan.build.internal.AbstractLoadPlanBuildingAssociationVisitationStrategy 2015-06-20 15:55:06,453 TRACE -  Finished root entity : pojos.Permissions
org.hibernate.loader.plan.build.internal.FetchStyleLoadPlanBuildingAssociationVisitationStrategy 2015-06-20 15:55:06,453 DEBUG - Building LoadPlan...
org.hibernate.loader.plan.exec.internal.LoadQueryJoinAndFetchProcessor 2015-06-20 15:55:06,454 DEBUG - processing queryspace &lt;gen:0&gt;
org.hibernate.loader.plan.build.spi.LoadPlanTreePrinter 2015-06-20 15:55:06,455 DEBUG - LoadPlan(entity=pojos.Permissions)
    - Returns
       - EntityReturnImpl(entity=pojos.Permissions, querySpaceUid=&lt;gen:0&gt;, path=pojos.Permissions)
          - EntityAttributeFetchImpl(entity=pojos.Roles, querySpaceUid=&lt;gen:1&gt;, path=pojos.Permissions.role)
    - QuerySpaces
       - EntityQuerySpaceImpl(uid=&lt;gen:0&gt;, entity=pojos.Permissions)
          - SQL table alias mapping - permission0_
          - alias suffix - 0_
          - suffixed key columns - {roleId1_2_0_}

org.hibernate.loader.entity.plan.EntityLoader 2015-06-20 15:55:06,455 DEBUG - Static select for entity pojos.Permissions [OPTIMISTIC]: select permission0_.roleId as roleId1_2_0_, permission0_.addNews as addNews2_2_0_, permission0_.deleteNews as deleteNe3_2_0_, permission0_.readNews as readNews4_2_0_, permission0_.role as role6_2_0_, permission0_.updateNews as updateNe5_2_0_ from Permissions permission0_ where permission0_.roleId=?
org.hibernate.loader.plan.build.internal.AbstractLoadPlanBuildingAssociationVisitationStrategy 2015-06-20 15:55:06,455 TRACE -  Starting root entity : pojos.Permissions
org.hibernate.loader.plan.build.internal.spaces.QuerySpacesImpl 2015-06-20 15:55:06,456 DEBUG - Adding QuerySpace : uid = &lt;gen:0&gt; -&gt; org.hibernate.loader.plan.build.internal.spaces.EntityQuerySpaceImpl@617e9189]
org.hibernate.loader.plan.build.internal.AbstractLoadPlanBuildingAssociationVisitationStrategy 2015-06-20 15:55:06,456 TRACE - Pushing fetch source to stack : org.hibernate.loader.plan.build.internal.returns.EntityReturnImpl@3c84eb60
org.hibernate.loader.plan.build.internal.AbstractLoadPlanBuildingAssociationVisitationStrategy 2015-06-20 15:55:06,457 TRACE - .. Registering AssociationKey : AssociationKey(table=Permissions, columns={roleId}) -&gt; org.hibernate.loader.plan.build.internal.returns.EntityReturnImpl@3c84eb60
org.hibernate.loader.plan.build.internal.AbstractLoadPlanBuildingAssociationVisitationStrategy 2015-06-20 15:55:06,458 TRACE - &gt;&gt; Starting entity identifier : pojos.Permissions
org.hibernate.persister.walking.spi.MetamodelGraphWalker 2015-06-20 15:55:06,459 DEBUG - Visiting attribute path : addNews
org.hibernate.loader.plan.build.internal.AbstractLoadPlanBuildingAssociationVisitationStrategy 2015-06-20 15:55:06,459 TRACE - &gt;&gt; Starting attribute Attribute(name=addNews, type=boolean [non-identifier])
org.hibernate.loader.plan.build.internal.AbstractLoadPlanBuildingAssociationVisitationStrategy 2015-06-20 15:55:06,460 TRACE - &lt;&lt; Finishing up attribute : Attribute(name=addNews, type=boolean [non-identifier])
org.hibernate.persister.walking.spi.MetamodelGraphWalker 2015-06-20 15:55:06,460 DEBUG - Visiting attribute path : deleteNews
org.hibernate.loader.plan.build.internal.AbstractLoadPlanBuildingAssociationVisitationStrategy 2015-06-20 15:55:06,461 TRACE - &gt;&gt; Starting attribute Attribute(name=deleteNews, type=boolean [non-identifier])
org.hibernate.loader.plan.build.internal.AbstractLoadPlanBuildingAssociationVisitationStrategy 2015-06-20 15:55:06,461 TRACE - &lt;&lt; Finishing up attribute : Attribute(name=deleteNews, type=boolean [non-identifier])
org.hibernate.persister.walking.spi.MetamodelGraphWalker 2015-06-20 15:55:06,462 DEBUG - Visiting attribute path : readNews
org.hibernate.loader.plan.build.internal.AbstractLoadPlanBuildingAssociationVisitationStrategy 2015-06-20 15:55:06,462 TRACE - &gt;&gt; Starting attribute Attribute(name=readNews, type=boolean [non-identifier])
org.hibernate.loader.plan.build.internal.AbstractLoadPlanBuildingAssociationVisitationStrategy 2015-06-20 15:55:06,463 TRACE - &lt;&lt; Finishing up attribute : Attribute(name=readNews, type=boolean [non-identifier])
org.hibernate.persister.walking.spi.MetamodelGraphWalker 2015-06-20 15:55:06,463 DEBUG - Visiting attribute path : role
org.hibernate.loader.plan.build.internal.AbstractLoadPlanBuildingAssociationVisitationStrategy 2015-06-20 15:55:06,465 TRACE - &gt;&gt; Starting attribute Attribute(name=role, type=pojos.Roles [non-identifier,association])
org.hibernate.loader.plan.build.internal.spaces.QuerySpacesImpl 2015-06-20 15:55:06,465 DEBUG - Adding QuerySpace : uid = &lt;gen:1&gt; -&gt; org.hibernate.loader.plan.build.internal.spaces.EntityQuerySpaceImpl@3a790aaa]
org.hibernate.loader.plan.build.internal.AbstractLoadPlanBuildingAssociationVisitationStrategy 2015-06-20 15:55:06,466 TRACE - &lt;&lt; Finishing up attribute : Attribute(name=role, type=pojos.Roles [non-identifier,association])
org.hibernate.persister.walking.spi.MetamodelGraphWalker 2015-06-20 15:55:06,466 DEBUG - Visiting attribute path : updateNews
org.hibernate.loader.plan.build.internal.AbstractLoadPlanBuildingAssociationVisitationStrategy 2015-06-20 15:55:06,466 TRACE - &gt;&gt; Starting attribute Attribute(name=updateNews, type=boolean [non-identifier])
org.hibernate.loader.plan.build.internal.AbstractLoadPlanBuildingAssociationVisitationStrategy 2015-06-20 15:55:06,467 TRACE - &lt;&lt; Finishing up attribute : Attribute(name=updateNews, type=boolean [non-identifier])
org.hibernate.loader.plan.build.internal.AbstractLoadPlanBuildingAssociationVisitationStrategy 2015-06-20 15:55:06,467 TRACE - Popped fetch owner from stack : org.hibernate.loader.plan.build.internal.returns.EntityReturnImpl@3c84eb60
org.hibernate.loader.plan.build.internal.AbstractLoadPlanBuildingAssociationVisitationStrategy 2015-06-20 15:55:06,467 TRACE -  Finished root entity : pojos.Permissions
org.hibernate.loader.plan.build.internal.FetchStyleLoadPlanBuildingAssociationVisitationStrategy 2015-06-20 15:55:06,468 DEBUG - Building LoadPlan...
org.hibernate.loader.plan.exec.internal.LoadQueryJoinAndFetchProcessor 2015-06-20 15:55:06,468 DEBUG - processing queryspace &lt;gen:0&gt;
org.hibernate.loader.plan.build.spi.LoadPlanTreePrinter 2015-06-20 15:55:06,470 DEBUG - LoadPlan(entity=pojos.Permissions)
    - Returns
       - EntityReturnImpl(entity=pojos.Permissions, querySpaceUid=&lt;gen:0&gt;, path=pojos.Permissions)
          - EntityAttributeFetchImpl(entity=pojos.Roles, querySpaceUid=&lt;gen:1&gt;, path=pojos.Permissions.role)
    - QuerySpaces
       - EntityQuerySpaceImpl(uid=&lt;gen:0&gt;, entity=pojos.Permissions)
          - SQL table alias mapping - permission0_
          - alias suffix - 0_
          - suffixed key columns - {roleId1_2_0_}

org.hibernate.loader.entity.plan.EntityLoader 2015-06-20 15:55:06,471 DEBUG - Static select for entity pojos.Permissions [OPTIMISTIC_FORCE_INCREMENT]: select permission0_.roleId as roleId1_2_0_, permission0_.addNews as addNews2_2_0_, permission0_.deleteNews as deleteNe3_2_0_, permission0_.readNews as readNews4_2_0_, permission0_.role as role6_2_0_, permission0_.updateNews as updateNe5_2_0_ from Permissions permission0_ where permission0_.roleId=?
org.hibernate.loader.entity.CascadeEntityLoader 2015-06-20 15:55:06,472 DEBUG - Static select for action ACTION_MERGE on entity pojos.Permissions: select permission0_.roleId as roleId1_2_0_, permission0_.addNews as addNews2_2_0_, permission0_.deleteNews as deleteNe3_2_0_, permission0_.readNews as readNews4_2_0_, permission0_.role as role6_2_0_, permission0_.updateNews as updateNe5_2_0_ from Permissions permission0_ where permission0_.roleId=?
org.hibernate.loader.entity.CascadeEntityLoader 2015-06-20 15:55:06,473 DEBUG - Static select for action ACTION_REFRESH on entity pojos.Permissions: select permission0_.roleId as roleId1_2_0_, permission0_.addNews as addNews2_2_0_, permission0_.deleteNews as deleteNe3_2_0_, permission0_.readNews as readNews4_2_0_, permission0_.role as role6_2_0_, permission0_.updateNews as updateNe5_2_0_ from Permissions permission0_ where permission0_.roleId=?
org.hibernate.loader.entity.EntityLoader 2015-06-20 15:55:06,478 DEBUG - Static select for entity pojos.Permissions [NONE]: select permission0_.roleId as roleId1_2_1_, permission0_.addNews as addNews2_2_1_, permission0_.deleteNews as deleteNe3_2_1_, permission0_.readNews as readNews4_2_1_, permission0_.role as role6_2_1_, permission0_.updateNews as updateNe5_2_1_, roles1_.roleId as roleId1_3_0_, roles1_.roleType as roleType2_3_0_ from Permissions permission0_ left outer join Roles roles1_ on permission0_.role=roles1_.roleId where permission0_.role=?
org.hibernate.persister.entity.AbstractEntityPersister 2015-06-20 15:55:06,479 DEBUG - Static SQL for entity: pojos.Roles
org.hibernate.persister.entity.AbstractEntityPersister 2015-06-20 15:55:06,479 DEBUG -  Version select: select roleId from Roles where roleId =?
org.hibernate.persister.entity.AbstractEntityPersister 2015-06-20 15:55:06,479 DEBUG -  Snapshot select: select roles_.roleId, roles_.roleType as roleType2_3_ from Roles roles_ where roles_.roleId=?
org.hibernate.persister.entity.AbstractEntityPersister 2015-06-20 15:55:06,480 DEBUG -  Insert 0: insert into Roles (roleType, roleId) values (?, ?)
org.hibernate.persister.entity.AbstractEntityPersister 2015-06-20 15:55:06,480 DEBUG -  Update 0: update Roles set roleType=? where roleId=?
org.hibernate.persister.entity.AbstractEntityPersister 2015-06-20 15:55:06,481 DEBUG -  Delete 0: delete from Roles where roleId=?
org.hibernate.persister.entity.AbstractEntityPersister 2015-06-20 15:55:06,481 DEBUG -  Identity insert: insert into Roles (roleType) values (?)
org.hibernate.loader.plan.build.internal.AbstractLoadPlanBuildingAssociationVisitationStrategy 2015-06-20 15:55:06,482 TRACE -  Starting root entity : pojos.Roles
org.hibernate.loader.plan.build.internal.spaces.QuerySpacesImpl 2015-06-20 15:55:06,482 DEBUG - Adding QuerySpace : uid = &lt;gen:0&gt; -&gt; org.hibernate.loader.plan.build.internal.spaces.EntityQuerySpaceImpl@1f119598]
org.hibernate.loader.plan.build.internal.AbstractLoadPlanBuildingAssociationVisitationStrategy 2015-06-20 15:55:06,483 TRACE - Pushing fetch source to stack : org.hibernate.loader.plan.build.internal.returns.EntityReturnImpl@3b743e17
org.hibernate.loader.plan.build.internal.AbstractLoadPlanBuildingAssociationVisitationStrategy 2015-06-20 15:55:06,483 TRACE - .. Registering AssociationKey : AssociationKey(table=Roles, columns={roleId}) -&gt; org.hibernate.loader.plan.build.internal.returns.EntityReturnImpl@3b743e17
org.hibernate.loader.plan.build.internal.AbstractLoadPlanBuildingAssociationVisitationStrategy 2015-06-20 15:55:06,484 TRACE - &gt;&gt; Starting entity identifier : pojos.Roles
org.hibernate.persister.walking.spi.MetamodelGraphWalker 2015-06-20 15:55:06,484 DEBUG - Visiting attribute path : roleType
org.hibernate.loader.plan.build.internal.AbstractLoadPlanBuildingAssociationVisitationStrategy 2015-06-20 15:55:06,484 TRACE - &gt;&gt; Starting attribute Attribute(name=roleType, type=string [non-identifier])
org.hibernate.loader.plan.build.internal.AbstractLoadPlanBuildingAssociationVisitationStrategy 2015-06-20 15:55:06,485 TRACE - &lt;&lt; Finishing up attribute : Attribute(name=roleType, type=string [non-identifier])
org.hibernate.persister.walking.spi.MetamodelGraphWalker 2015-06-20 15:55:06,485 DEBUG - Visiting attribute path : users
org.hibernate.loader.plan.build.internal.AbstractLoadPlanBuildingAssociationVisitationStrategy 2015-06-20 15:55:06,486 TRACE - &gt;&gt; Starting attribute Attribute(name=users, type=java.util.Set(pojos.Roles.users) [non-identifier,association])
org.hibernate.loader.plan.build.internal.AbstractLoadPlanBuildingAssociationVisitationStrategy 2015-06-20 15:55:06,487 TRACE - &lt;&lt; Finishing up attribute : Attribute(name=users, type=java.util.Set(pojos.Roles.users) [non-identifier,association])
org.hibernate.persister.walking.spi.MetamodelGraphWalker 2015-06-20 15:55:06,487 DEBUG - Visiting attribute path : permission
org.hibernate.loader.plan.build.internal.AbstractLoadPlanBuildingAssociationVisitationStrategy 2015-06-20 15:55:06,488 TRACE - &gt;&gt; Starting attribute Attribute(name=permission, type=pojos.Permissions [non-identifier,association])
org.hibernate.loader.plan.build.internal.spaces.QuerySpacesImpl 2015-06-20 15:55:06,488 DEBUG - Adding QuerySpace : uid = &lt;gen:1&gt; -&gt; org.hibernate.loader.plan.build.internal.spaces.EntityQuerySpaceImpl@4c98767f]
org.hibernate.loader.plan.build.internal.AbstractLoadPlanBuildingAssociationVisitationStrategy 2015-06-20 15:55:06,488 TRACE - Pushing fetch source to stack : org.hibernate.loader.plan.build.internal.returns.EntityAttributeFetchImpl@2d8bb322
org.hibernate.loader.plan.build.internal.AbstractLoadPlanBuildingAssociationVisitationStrategy 2015-06-20 15:55:06,489 TRACE - .... Registering AssociationKey : AssociationKey(table=Permissions, columns={role}) -&gt; org.hibernate.loader.plan.build.internal.returns.EntityAttributeFetchImpl@2d8bb322
org.hibernate.loader.plan.build.internal.AbstractLoadPlanBuildingAssociationVisitationStrategy 2015-06-20 15:55:06,489 TRACE - &gt;&gt;&gt;&gt; Starting entity identifier : pojos.Permissions
org.hibernate.persister.walking.spi.MetamodelGraphWalker 2015-06-20 15:55:06,489 DEBUG - Visiting attribute path : permission.addNews
org.hibernate.loader.plan.build.internal.AbstractLoadPlanBuildingAssociationVisitationStrategy 2015-06-20 15:55:06,490 TRACE - &gt;&gt;&gt;&gt; Starting attribute Attribute(name=addNews, type=boolean [non-identifier])
org.hibernate.loader.plan.build.internal.AbstractLoadPlanBuildingAssociationVisitationStrategy 2015-06-20 15:55:06,490 TRACE - &lt;&lt;&lt;&lt; Finishing up attribute : Attribute(name=addNews, type=boolean [non-identifier])
org.hibernate.persister.walking.spi.MetamodelGraphWalker 2015-06-20 15:55:06,490 DEBUG - Visiting attribute path : permission.deleteNews
org.hibernate.loader.plan.build.internal.AbstractLoadPlanBuildingAssociationVisitationStrategy 2015-06-20 15:55:06,491 TRACE - &gt;&gt;&gt;&gt; Starting attribute Attribute(name=deleteNews, type=boolean [non-identifier])
org.hibernate.loader.plan.build.internal.AbstractLoadPlanBuildingAssociationVisitationStrategy 2015-06-20 15:55:06,491 TRACE - &lt;&lt;&lt;&lt; Finishing up attribute : Attribute(name=deleteNews, type=boolean [non-identifier])
org.hibernate.persister.walking.spi.MetamodelGraphWalker 2015-06-20 15:55:06,491 DEBUG - Visiting attribute path : permission.readNews
org.hibernate.loader.plan.build.internal.AbstractLoadPlanBuildingAssociationVisitationStrategy 2015-06-20 15:55:06,491 TRACE - &gt;&gt;&gt;&gt; Starting attribute Attribute(name=readNews, type=boolean [non-identifier])
org.hibernate.loader.plan.build.internal.AbstractLoadPlanBuildingAssociationVisitationStrategy 2015-06-20 15:55:06,492 TRACE - &lt;&lt;&lt;&lt; Finishing up attribute : Attribute(name=readNews, type=boolean [non-identifier])
org.hibernate.persister.walking.spi.MetamodelGraphWalker 2015-06-20 15:55:06,492 DEBUG - Visiting attribute path : permission.role
org.hibernate.persister.walking.spi.MetamodelGraphWalker 2015-06-20 15:55:06,492 DEBUG - Property path deemed to be circular : permission.role
org.hibernate.persister.walking.spi.MetamodelGraphWalker 2015-06-20 15:55:06,493 DEBUG - Visiting attribute path : permission.updateNews
org.hibernate.loader.plan.build.internal.AbstractLoadPlanBuildingAssociationVisitationStrategy 2015-06-20 15:55:06,493 TRACE - &gt;&gt;&gt;&gt; Starting attribute Attribute(name=updateNews, type=boolean [non-identifier])
org.hibernate.loader.plan.build.internal.AbstractLoadPlanBuildingAssociationVisitationStrategy 2015-06-20 15:55:06,494 TRACE - &lt;&lt;&lt;&lt; Finishing up attribute : Attribute(name=updateNews, type=boolean [non-identifier])
org.hibernate.loader.plan.build.internal.AbstractLoadPlanBuildingAssociationVisitationStrategy 2015-06-20 15:55:06,494 TRACE - Popped fetch owner from stack : org.hibernate.loader.plan.build.internal.returns.EntityAttributeFetchImpl@2d8bb322
org.hibernate.loader.plan.build.internal.AbstractLoadPlanBuildingAssociationVisitationStrategy 2015-06-20 15:55:06,495 TRACE - &lt;&lt; Finishing up attribute : Attribute(name=permission, type=pojos.Permissions [non-identifier,association])
org.hibernate.loader.plan.build.internal.AbstractLoadPlanBuildingAssociationVisitationStrategy 2015-06-20 15:55:06,495 TRACE - Popped fetch owner from stack : org.hibernate.loader.plan.build.internal.returns.EntityReturnImpl@3b743e17
org.hibernate.loader.plan.build.internal.AbstractLoadPlanBuildingAssociationVisitationStrategy 2015-06-20 15:55:06,496 TRACE -  Finished root entity : pojos.Roles
org.hibernate.loader.plan.build.internal.FetchStyleLoadPlanBuildingAssociationVisitationStrategy 2015-06-20 15:55:06,496 DEBUG - Building LoadPlan...
org.hibernate.loader.plan.exec.internal.LoadQueryJoinAndFetchProcessor 2015-06-20 15:55:06,497 DEBUG - processing queryspace &lt;gen:0&gt;
org.hibernate.loader.plan.build.spi.LoadPlanTreePrinter 2015-06-20 15:55:06,498 DEBUG - LoadPlan(entity=pojos.Roles)
    - Returns
       - EntityReturnImpl(entity=pojos.Roles, querySpaceUid=&lt;gen:0&gt;, path=pojos.Roles)
          - EntityAttributeFetchImpl(entity=pojos.Permissions, querySpaceUid=&lt;gen:1&gt;, path=pojos.Roles.permission)
    - QuerySpaces
       - EntityQuerySpaceImpl(uid=&lt;gen:0&gt;, entity=pojos.Roles)
          - SQL table alias mapping - roles0_
          - alias suffix - 0_
          - suffixed key columns - {roleId1_3_0_}
          - JOIN (JoinDefinedByMetadata(permission)) : &lt;gen:0&gt; -&gt; &lt;gen:1&gt;
             - EntityQuerySpaceImpl(uid=&lt;gen:1&gt;, entity=pojos.Permissions)
                - SQL table alias mapping - permission1_
                - alias suffix - 1_
                - suffixed key columns - {roleId1_2_1_}

org.hibernate.loader.entity.plan.EntityLoader 2015-06-20 15:55:06,499 DEBUG - Static select for entity pojos.Roles [NONE]: select roles0_.roleId as roleId1_3_0_, roles0_.roleType as roleType2_3_0_, permission1_.roleId as roleId1_2_1_, permission1_.addNews as addNews2_2_1_, permission1_.deleteNews as deleteNe3_2_1_, permission1_.readNews as readNews4_2_1_, permission1_.role as role6_2_1_, permission1_.updateNews as updateNe5_2_1_ from Roles roles0_ left outer join Permissions permission1_ on roles0_.roleId=permission1_.role where roles0_.roleId=?
org.hibernate.loader.plan.build.internal.AbstractLoadPlanBuildingAssociationVisitationStrategy 2015-06-20 15:55:06,500 TRACE -  Starting root entity : pojos.Roles
org.hibernate.loader.plan.build.internal.spaces.QuerySpacesImpl 2015-06-20 15:55:06,500 DEBUG - Adding QuerySpace : uid = &lt;gen:0&gt; -&gt; org.hibernate.loader.plan.build.internal.spaces.EntityQuerySpaceImpl@2e9d948a]
org.hibernate.loader.plan.build.internal.AbstractLoadPlanBuildingAssociationVisitationStrategy 2015-06-20 15:55:06,500 TRACE - Pushing fetch source to stack : org.hibernate.loader.plan.build.internal.returns.EntityReturnImpl@6b8307ee
org.hibernate.loader.plan.build.internal.AbstractLoadPlanBuildingAssociationVisitationStrategy 2015-06-20 15:55:06,501 TRACE - .. Registering AssociationKey : AssociationKey(table=Roles, columns={roleId}) -&gt; org.hibernate.loader.plan.build.internal.returns.EntityReturnImpl@6b8307ee
org.hibernate.loader.plan.build.internal.AbstractLoadPlanBuildingAssociationVisitationStrategy 2015-06-20 15:55:06,501 TRACE - &gt;&gt; Starting entity identifier : pojos.Roles
org.hibernate.persister.walking.spi.MetamodelGraphWalker 2015-06-20 15:55:06,501 DEBUG - Visiting attribute path : roleType
org.hibernate.loader.plan.build.internal.AbstractLoadPlanBuildingAssociationVisitationStrategy 2015-06-20 15:55:06,501 TRACE - &gt;&gt; Starting attribute Attribute(name=roleType, type=string [non-identifier])
org.hibernate.loader.plan.build.internal.AbstractLoadPlanBuildingAssociationVisitationStrategy 2015-06-20 15:55:06,503 TRACE - &lt;&lt; Finishing up attribute : Attribute(name=roleType, type=string [non-identifier])
org.hibernate.persister.walking.spi.MetamodelGraphWalker 2015-06-20 15:55:06,503 DEBUG - Visiting attribute path : users
org.hibernate.loader.plan.build.internal.AbstractLoadPlanBuildingAssociationVisitationStrategy 2015-06-20 15:55:06,504 TRACE - &gt;&gt; Starting attribute Attribute(name=users, type=java.util.Set(pojos.Roles.users) [non-identifier,association])
org.hibernate.loader.plan.build.internal.AbstractLoadPlanBuildingAssociationVisitationStrategy 2015-06-20 15:55:06,504 TRACE - &lt;&lt; Finishing up attribute : Attribute(name=users, type=java.util.Set(pojos.Roles.users) [non-identifier,association])
org.hibernate.persister.walking.spi.MetamodelGraphWalker 2015-06-20 15:55:06,505 DEBUG - Visiting attribute path : permission
org.hibernate.loader.plan.build.internal.AbstractLoadPlanBuildingAssociationVisitationStrategy 2015-06-20 15:55:06,506 TRACE - &gt;&gt; Starting attribute Attribute(name=permission, type=pojos.Permissions [non-identifier,association])
org.hibernate.loader.plan.build.internal.spaces.QuerySpacesImpl 2015-06-20 15:55:06,506 DEBUG - Adding QuerySpace : uid = &lt;gen:1&gt; -&gt; org.hibernate.loader.plan.build.internal.spaces.EntityQuerySpaceImpl@677dd166]
org.hibernate.loader.plan.build.internal.AbstractLoadPlanBuildingAssociationVisitationStrategy 2015-06-20 15:55:06,507 TRACE - Pushing fetch source to stack : org.hibernate.loader.plan.build.internal.returns.EntityAttributeFetchImpl@753eb49e
org.hibernate.loader.plan.build.internal.AbstractLoadPlanBuildingAssociationVisitationStrategy 2015-06-20 15:55:06,507 TRACE - .... Registering AssociationKey : AssociationKey(table=Permissions, columns={role}) -&gt; org.hibernate.loader.plan.build.internal.returns.EntityAttributeFetchImpl@753eb49e
org.hibernate.loader.plan.build.internal.AbstractLoadPlanBuildingAssociationVisitationStrategy 2015-06-20 15:55:06,508 TRACE - &gt;&gt;&gt;&gt; Starting entity identifier : pojos.Permissions
org.hibernate.persister.walking.spi.MetamodelGraphWalker 2015-06-20 15:55:06,508 DEBUG - Visiting attribute path : permission.addNews
org.hibernate.loader.plan.build.internal.AbstractLoadPlanBuildingAssociationVisitationStrategy 2015-06-20 15:55:06,508 TRACE - &gt;&gt;&gt;&gt; Starting attribute Attribute(name=addNews, type=boolean [non-identifier])
org.hibernate.loader.plan.build.internal.AbstractLoadPlanBuildingAssociationVisitationStrategy 2015-06-20 15:55:06,509 TRACE - &lt;&lt;&lt;&lt; Finishing up attribute : Attribute(name=addNews, type=boolean [non-identifier])
org.hibernate.persister.walking.spi.MetamodelGraphWalker 2015-06-20 15:55:06,509 DEBUG - Visiting attribute path : permission.deleteNews
org.hibernate.loader.plan.build.internal.AbstractLoadPlanBuildingAssociationVisitationStrategy 2015-06-20 15:55:06,509 TRACE - &gt;&gt;&gt;&gt; Starting attribute Attribute(name=deleteNews, type=boolean [non-identifier])
org.hibernate.loader.plan.build.internal.AbstractLoadPlanBuildingAssociationVisitationStrategy 2015-06-20 15:55:06,510 TRACE - &lt;&lt;&lt;&lt; Finishing up attribute : Attribute(name=deleteNews, type=boolean [non-identifier])
org.hibernate.persister.walking.spi.MetamodelGraphWalker 2015-06-20 15:55:06,511 DEBUG - Visiting attribute path : permission.readNews
org.hibernate.loader.plan.build.internal.AbstractLoadPlanBuildingAssociationVisitationStrategy 2015-06-20 15:55:06,511 TRACE - &gt;&gt;&gt;&gt; Starting attribute Attribute(name=readNews, type=boolean [non-identifier])
org.hibernate.loader.plan.build.internal.AbstractLoadPlanBuildingAssociationVisitationStrategy 2015-06-20 15:55:06,512 TRACE - &lt;&lt;&lt;&lt; Finishing up attribute : Attribute(name=readNews, type=boolean [non-identifier])
org.hibernate.persister.walking.spi.MetamodelGraphWalker 2015-06-20 15:55:06,512 DEBUG - Visiting attribute path : permission.role
org.hibernate.persister.walking.spi.MetamodelGraphWalker 2015-06-20 15:55:06,512 DEBUG - Property path deemed to be circular : permission.role
org.hibernate.persister.walking.spi.MetamodelGraphWalker 2015-06-20 15:55:06,513 DEBUG - Visiting attribute path : permission.updateNews
org.hibernate.loader.plan.build.internal.AbstractLoadPlanBuildingAssociationVisitationStrategy 2015-06-20 15:55:06,513 TRACE - &gt;&gt;&gt;&gt; Starting attribute Attribute(name=updateNews, type=boolean [non-identifier])
org.hibernate.loader.plan.build.internal.AbstractLoadPlanBuildingAssociationVisitationStrategy 2015-06-20 15:55:06,513 TRACE - &lt;&lt;&lt;&lt; Finishing up attribute : Attribute(name=updateNews, type=boolean [non-identifier])
org.hibernate.loader.plan.build.internal.AbstractLoadPlanBuildingAssociationVisitationStrategy 2015-06-20 15:55:06,513 TRACE - Popped fetch owner from stack : org.hibernate.loader.plan.build.internal.returns.EntityAttributeFetchImpl@753eb49e
org.hibernate.loader.plan.build.internal.AbstractLoadPlanBuildingAssociationVisitationStrategy 2015-06-20 15:55:06,514 TRACE - &lt;&lt; Finishing up attribute : Attribute(name=permission, type=pojos.Permissions [non-identifier,association])
org.hibernate.loader.plan.build.internal.AbstractLoadPlanBuildingAssociationVisitationStrategy 2015-06-20 15:55:06,514 TRACE - Popped fetch owner from stack : org.hibernate.loader.plan.build.internal.returns.EntityReturnImpl@6b8307ee
org.hibernate.loader.plan.build.internal.AbstractLoadPlanBuildingAssociationVisitationStrategy 2015-06-20 15:55:06,514 TRACE -  Finished root entity : pojos.Roles
org.hibernate.loader.plan.build.internal.FetchStyleLoadPlanBuildingAssociationVisitationStrategy 2015-06-20 15:55:06,514 DEBUG - Building LoadPlan...
org.hibernate.loader.plan.exec.internal.LoadQueryJoinAndFetchProcessor 2015-06-20 15:55:06,515 DEBUG - processing queryspace &lt;gen:0&gt;
org.hibernate.loader.plan.build.spi.LoadPlanTreePrinter 2015-06-20 15:55:06,515 DEBUG - LoadPlan(entity=pojos.Roles)
    - Returns
       - EntityReturnImpl(entity=pojos.Roles, querySpaceUid=&lt;gen:0&gt;, path=pojos.Roles)
          - EntityAttributeFetchImpl(entity=pojos.Permissions, querySpaceUid=&lt;gen:1&gt;, path=pojos.Roles.permission)
    - QuerySpaces
       - EntityQuerySpaceImpl(uid=&lt;gen:0&gt;, entity=pojos.Roles)
          - SQL table alias mapping - roles0_
          - alias suffix - 0_
          - suffixed key columns - {roleId1_3_0_}
          - JOIN (JoinDefinedByMetadata(permission)) : &lt;gen:0&gt; -&gt; &lt;gen:1&gt;
             - EntityQuerySpaceImpl(uid=&lt;gen:1&gt;, entity=pojos.Permissions)
                - SQL table alias mapping - permission1_
                - alias suffix - 1_
                - suffixed key columns - {roleId1_2_1_}

org.hibernate.loader.entity.plan.EntityLoader 2015-06-20 15:55:06,516 DEBUG - Static select for entity pojos.Roles [READ]: select roles0_.roleId as roleId1_3_0_, roles0_.roleType as roleType2_3_0_, permission1_.roleId as roleId1_2_1_, permission1_.addNews as addNews2_2_1_, permission1_.deleteNews as deleteNe3_2_1_, permission1_.readNews as readNews4_2_1_, permission1_.role as role6_2_1_, permission1_.updateNews as updateNe5_2_1_ from Roles roles0_ left outer join Permissions permission1_ on roles0_.roleId=permission1_.role where roles0_.roleId=?
org.hibernate.loader.plan.build.internal.AbstractLoadPlanBuildingAssociationVisitationStrategy 2015-06-20 15:55:06,516 TRACE -  Starting root entity : pojos.Roles
org.hibernate.loader.plan.build.internal.spaces.QuerySpacesImpl 2015-06-20 15:55:06,516 DEBUG - Adding QuerySpace : uid = &lt;gen:0&gt; -&gt; org.hibernate.loader.plan.build.internal.spaces.EntityQuerySpaceImpl@67c42d34]
org.hibernate.loader.plan.build.internal.AbstractLoadPlanBuildingAssociationVisitationStrategy 2015-06-20 15:55:06,516 TRACE - Pushing fetch source to stack : org.hibernate.loader.plan.build.internal.returns.EntityReturnImpl@73e625
org.hibernate.loader.plan.build.internal.AbstractLoadPlanBuildingAssociationVisitationStrategy 2015-06-20 15:55:06,517 TRACE - .. Registering AssociationKey : AssociationKey(table=Roles, columns={roleId}) -&gt; org.hibernate.loader.plan.build.internal.returns.EntityReturnImpl@73e625
org.hibernate.loader.plan.build.internal.AbstractLoadPlanBuildingAssociationVisitationStrategy 2015-06-20 15:55:06,517 TRACE - &gt;&gt; Starting entity identifier : pojos.Roles
org.hibernate.persister.walking.spi.MetamodelGraphWalker 2015-06-20 15:55:06,517 DEBUG - Visiting attribute path : roleType
org.hibernate.loader.plan.build.internal.AbstractLoadPlanBuildingAssociationVisitationStrategy 2015-06-20 15:55:06,517 TRACE - &gt;&gt; Starting attribute Attribute(name=roleType, type=string [non-identifier])
org.hibernate.loader.plan.build.internal.AbstractLoadPlanBuildingAssociationVisitationStrategy 2015-06-20 15:55:06,518 TRACE - &lt;&lt; Finishing up attribute : Attribute(name=roleType, type=string [non-identifier])
org.hibernate.persister.walking.spi.MetamodelGraphWalker 2015-06-20 15:55:06,518 DEBUG - Visiting attribute path : users
org.hibernate.loader.plan.build.internal.AbstractLoadPlanBuildingAssociationVisitationStrategy 2015-06-20 15:55:06,518 TRACE - &gt;&gt; Starting attribute Attribute(name=users, type=java.util.Set(pojos.Roles.users) [non-identifier,association])
org.hibernate.loader.plan.build.internal.AbstractLoadPlanBuildingAssociationVisitationStrategy 2015-06-20 15:55:06,518 TRACE - &lt;&lt; Finishing up attribute : Attribute(name=users, type=java.util.Set(pojos.Roles.users) [non-identifier,association])
org.hibernate.persister.walking.spi.MetamodelGraphWalker 2015-06-20 15:55:06,518 DEBUG - Visiting attribute path : permission
org.hibernate.loader.plan.build.internal.AbstractLoadPlanBuildingAssociationVisitationStrategy 2015-06-20 15:55:06,519 TRACE - &gt;&gt; Starting attribute Attribute(name=permission, type=pojos.Permissions [non-identifier,association])
org.hibernate.loader.plan.build.internal.spaces.QuerySpacesImpl 2015-06-20 15:55:06,519 DEBUG - Adding QuerySpace : uid = &lt;gen:1&gt; -&gt; org.hibernate.loader.plan.build.internal.spaces.EntityQuerySpaceImpl@390a875e]
org.hibernate.loader.plan.build.internal.AbstractLoadPlanBuildingAssociationVisitationStrategy 2015-06-20 15:55:06,519 TRACE - &lt;&lt; Finishing up attribute : Attribute(name=permission, type=pojos.Permissions [non-identifier,association])
org.hibernate.loader.plan.build.internal.AbstractLoadPlanBuildingAssociationVisitationStrategy 2015-06-20 15:55:06,519 TRACE - Popped fetch owner from stack : org.hibernate.loader.plan.build.internal.returns.EntityReturnImpl@73e625
org.hibernate.loader.plan.build.internal.AbstractLoadPlanBuildingAssociationVisitationStrategy 2015-06-20 15:55:06,520 TRACE -  Finished root entity : pojos.Roles
org.hibernate.loader.plan.build.internal.FetchStyleLoadPlanBuildingAssociationVisitationStrategy 2015-06-20 15:55:06,520 DEBUG - Building LoadPlan...
org.hibernate.loader.plan.exec.internal.LoadQueryJoinAndFetchProcessor 2015-06-20 15:55:06,520 DEBUG - processing queryspace &lt;gen:0&gt;
org.hibernate.loader.plan.build.spi.LoadPlanTreePrinter 2015-06-20 15:55:06,521 DEBUG - LoadPlan(entity=pojos.Roles)
    - Returns
       - EntityReturnImpl(entity=pojos.Roles, querySpaceUid=&lt;gen:0&gt;, path=pojos.Roles)
          - EntityAttributeFetchImpl(entity=pojos.Permissions, querySpaceUid=&lt;gen:1&gt;, path=pojos.Roles.permission)
    - QuerySpaces
       - EntityQuerySpaceImpl(uid=&lt;gen:0&gt;, entity=pojos.Roles)
          - SQL table alias mapping - roles0_
          - alias suffix - 0_
          - suffixed key columns - {roleId1_3_0_}

org.hibernate.loader.entity.plan.EntityLoader 2015-06-20 15:55:06,521 DEBUG - Static select for entity pojos.Roles [UPGRADE]: select roles0_.roleId as roleId1_3_0_, roles0_.roleType as roleType2_3_0_ from Roles roles0_ where roles0_.roleId=? for update
org.hibernate.loader.plan.build.internal.AbstractLoadPlanBuildingAssociationVisitationStrategy 2015-06-20 15:55:06,521 TRACE -  Starting root entity : pojos.Roles
org.hibernate.loader.plan.build.internal.spaces.QuerySpacesImpl 2015-06-20 15:55:06,522 DEBUG - Adding QuerySpace : uid = &lt;gen:0&gt; -&gt; org.hibernate.loader.plan.build.internal.spaces.EntityQuerySpaceImpl@623d4993]
org.hibernate.loader.plan.build.internal.AbstractLoadPlanBuildingAssociationVisitationStrategy 2015-06-20 15:55:06,522 TRACE - Pushing fetch source to stack : org.hibernate.loader.plan.build.internal.returns.EntityReturnImpl@25a98448
org.hibernate.loader.plan.build.internal.AbstractLoadPlanBuildingAssociationVisitationStrategy 2015-06-20 15:55:06,522 TRACE - .. Registering AssociationKey : AssociationKey(table=Roles, columns={roleId}) -&gt; org.hibernate.loader.plan.build.internal.returns.EntityReturnImpl@25a98448
org.hibernate.loader.plan.build.internal.AbstractLoadPlanBuildingAssociationVisitationStrategy 2015-06-20 15:55:06,522 TRACE - &gt;&gt; Starting entity identifier : pojos.Roles
org.hibernate.persister.walking.spi.MetamodelGraphWalker 2015-06-20 15:55:06,523 DEBUG - Visiting attribute path : roleType
org.hibernate.loader.plan.build.internal.AbstractLoadPlanBuildingAssociationVisitationStrategy 2015-06-20 15:55:06,523 TRACE - &gt;&gt; Starting attribute Attribute(name=roleType, type=string [non-identifier])
org.hibernate.loader.plan.build.internal.AbstractLoadPlanBuildingAssociationVisitationStrategy 2015-06-20 15:55:06,523 TRACE - &lt;&lt; Finishing up attribute : Attribute(name=roleType, type=string [non-identifier])
org.hibernate.persister.walking.spi.MetamodelGraphWalker 2015-06-20 15:55:06,523 DEBUG - Visiting attribute path : users
org.hibernate.loader.plan.build.internal.AbstractLoadPlanBuildingAssociationVisitationStrategy 2015-06-20 15:55:06,523 TRACE - &gt;&gt; Starting attribute Attribute(name=users, type=java.util.Set(pojos.Roles.users) [non-identifier,association])
org.hibernate.loader.plan.build.internal.AbstractLoadPlanBuildingAssociationVisitationStrategy 2015-06-20 15:55:06,524 TRACE - &lt;&lt; Finishing up attribute : Attribute(name=users, type=java.util.Set(pojos.Roles.users) [non-identifier,association])
org.hibernate.persister.walking.spi.MetamodelGraphWalker 2015-06-20 15:55:06,524 DEBUG - Visiting attribute path : permission
org.hibernate.loader.plan.build.internal.AbstractLoadPlanBuildingAssociationVisitationStrategy 2015-06-20 15:55:06,524 TRACE - &gt;&gt; Starting attribute Attribute(name=permission, type=pojos.Permissions [non-identifier,association])
org.hibernate.loader.plan.build.internal.spaces.QuerySpacesImpl 2015-06-20 15:55:06,524 DEBUG - Adding QuerySpace : uid = &lt;gen:1&gt; -&gt; org.hibernate.loader.plan.build.internal.spaces.EntityQuerySpaceImpl@1c2ba649]
org.hibernate.loader.plan.build.internal.AbstractLoadPlanBuildingAssociationVisitationStrategy 2015-06-20 15:55:06,525 TRACE - &lt;&lt; Finishing up attribute : Attribute(name=permission, type=pojos.Permissions [non-identifier,association])
org.hibernate.loader.plan.build.internal.AbstractLoadPlanBuildingAssociationVisitationStrategy 2015-06-20 15:55:06,525 TRACE - Popped fetch owner from stack : org.hibernate.loader.plan.build.internal.returns.EntityReturnImpl@25a98448
org.hibernate.loader.plan.build.internal.AbstractLoadPlanBuildingAssociationVisitationStrategy 2015-06-20 15:55:06,525 TRACE -  Finished root entity : pojos.Roles
org.hibernate.loader.plan.build.internal.FetchStyleLoadPlanBuildingAssociationVisitationStrategy 2015-06-20 15:55:06,525 DEBUG - Building LoadPlan...
org.hibernate.loader.plan.exec.internal.LoadQueryJoinAndFetchProcessor 2015-06-20 15:55:06,526 DEBUG - processing queryspace &lt;gen:0&gt;
org.hibernate.loader.plan.build.spi.LoadPlanTreePrinter 2015-06-20 15:55:06,526 DEBUG - LoadPlan(entity=pojos.Roles)
    - Returns
       - EntityReturnImpl(entity=pojos.Roles, querySpaceUid=&lt;gen:0&gt;, path=pojos.Roles)
          - EntityAttributeFetchImpl(entity=pojos.Permissions, querySpaceUid=&lt;gen:1&gt;, path=pojos.Roles.permission)
    - QuerySpaces
       - EntityQuerySpaceImpl(uid=&lt;gen:0&gt;, entity=pojos.Roles)
          - SQL table alias mapping - roles0_
          - alias suffix - 0_
          - suffixed key columns - {roleId1_3_0_}

org.hibernate.loader.entity.plan.EntityLoader 2015-06-20 15:55:06,526 DEBUG - Static select for entity pojos.Roles [UPGRADE_NOWAIT]: select roles0_.roleId as roleId1_3_0_, roles0_.roleType as roleType2_3_0_ from Roles roles0_ where roles0_.roleId=? for update
org.hibernate.loader.plan.build.internal.AbstractLoadPlanBuildingAssociationVisitationStrategy 2015-06-20 15:55:06,527 TRACE -  Starting root entity : pojos.Roles
org.hibernate.loader.plan.build.internal.spaces.QuerySpacesImpl 2015-06-20 15:55:06,527 DEBUG - Adding QuerySpace : uid = &lt;gen:0&gt; -&gt; org.hibernate.loader.plan.build.internal.spaces.EntityQuerySpaceImpl@75b21111]
org.hibernate.loader.plan.build.internal.AbstractLoadPlanBuildingAssociationVisitationStrategy 2015-06-20 15:55:06,527 TRACE - Pushing fetch source to stack : org.hibernate.loader.plan.build.internal.returns.EntityReturnImpl@7d7eaf74
org.hibernate.loader.plan.build.internal.AbstractLoadPlanBuildingAssociationVisitationStrategy 2015-06-20 15:55:06,528 TRACE - .. Registering AssociationKey : AssociationKey(table=Roles, columns={roleId}) -&gt; org.hibernate.loader.plan.build.internal.returns.EntityReturnImpl@7d7eaf74
org.hibernate.loader.plan.build.internal.AbstractLoadPlanBuildingAssociationVisitationStrategy 2015-06-20 15:55:06,528 TRACE - &gt;&gt; Starting entity identifier : pojos.Roles
org.hibernate.persister.walking.spi.MetamodelGraphWalker 2015-06-20 15:55:06,528 DEBUG - Visiting attribute path : roleType
org.hibernate.loader.plan.build.internal.AbstractLoadPlanBuildingAssociationVisitationStrategy 2015-06-20 15:55:06,529 TRACE - &gt;&gt; Starting attribute Attribute(name=roleType, type=string [non-identifier])
org.hibernate.loader.plan.build.internal.AbstractLoadPlanBuildingAssociationVisitationStrategy 2015-06-20 15:55:06,529 TRACE - &lt;&lt; Finishing up attribute : Attribute(name=roleType, type=string [non-identifier])
org.hibernate.persister.walking.spi.MetamodelGraphWalker 2015-06-20 15:55:06,529 DEBUG - Visiting attribute path : users
org.hibernate.loader.plan.build.internal.AbstractLoadPlanBuildingAssociationVisitationStrategy 2015-06-20 15:55:06,529 TRACE - &gt;&gt; Starting attribute Attribute(name=users, type=java.util.Set(pojos.Roles.users) [non-identifier,association])
org.hibernate.loader.plan.build.internal.AbstractLoadPlanBuildingAssociationVisitationStrategy 2015-06-20 15:55:06,529 TRACE - &lt;&lt; Finishing up attribute : Attribute(name=users, type=java.util.Set(pojos.Roles.users) [non-identifier,association])
org.hibernate.persister.walking.spi.MetamodelGraphWalker 2015-06-20 15:55:06,530 DEBUG - Visiting attribute path : permission
org.hibernate.loader.plan.build.internal.AbstractLoadPlanBuildingAssociationVisitationStrategy 2015-06-20 15:55:06,530 TRACE - &gt;&gt; Starting attribute Attribute(name=permission, type=pojos.Permissions [non-identifier,association])
org.hibernate.loader.plan.build.internal.spaces.QuerySpacesImpl 2015-06-20 15:55:06,530 DEBUG - Adding QuerySpace : uid = &lt;gen:1&gt; -&gt; org.hibernate.loader.plan.build.internal.spaces.EntityQuerySpaceImpl@831290a]
org.hibernate.loader.plan.build.internal.AbstractLoadPlanBuildingAssociationVisitationStrategy 2015-06-20 15:55:06,530 TRACE - &lt;&lt; Finishing up attribute : Attribute(name=permission, type=pojos.Permissions [non-identifier,association])
org.hibernate.loader.plan.build.internal.AbstractLoadPlanBuildingAssociationVisitationStrategy 2015-06-20 15:55:06,531 TRACE - Popped fetch owner from stack : org.hibernate.loader.plan.build.internal.returns.EntityReturnImpl@7d7eaf74
org.hibernate.loader.plan.build.internal.AbstractLoadPlanBuildingAssociationVisitationStrategy 2015-06-20 15:55:06,531 TRACE -  Finished root entity : pojos.Roles
org.hibernate.loader.plan.build.internal.FetchStyleLoadPlanBuildingAssociationVisitationStrategy 2015-06-20 15:55:06,531 DEBUG - Building LoadPlan...
org.hibernate.loader.plan.exec.internal.LoadQueryJoinAndFetchProcessor 2015-06-20 15:55:06,531 DEBUG - processing queryspace &lt;gen:0&gt;
org.hibernate.loader.plan.build.spi.LoadPlanTreePrinter 2015-06-20 15:55:06,532 DEBUG - LoadPlan(entity=pojos.Roles)
    - Returns
       - EntityReturnImpl(entity=pojos.Roles, querySpaceUid=&lt;gen:0&gt;, path=pojos.Roles)
          - EntityAttributeFetchImpl(entity=pojos.Permissions, querySpaceUid=&lt;gen:1&gt;, path=pojos.Roles.permission)
    - QuerySpaces
       - EntityQuerySpaceImpl(uid=&lt;gen:0&gt;, entity=pojos.Roles)
          - SQL table alias mapping - roles0_
          - alias suffix - 0_
          - suffixed key columns - {roleId1_3_0_}

org.hibernate.loader.entity.plan.EntityLoader 2015-06-20 15:55:06,532 DEBUG - Static select for entity pojos.Roles [UPGRADE_SKIPLOCKED]: select roles0_.roleId as roleId1_3_0_, roles0_.roleType as roleType2_3_0_ from Roles roles0_ where roles0_.roleId=? for update
org.hibernate.loader.plan.build.internal.AbstractLoadPlanBuildingAssociationVisitationStrategy 2015-06-20 15:55:06,533 TRACE -  Starting root entity : pojos.Roles
org.hibernate.loader.plan.build.internal.spaces.QuerySpacesImpl 2015-06-20 15:55:06,533 DEBUG - Adding QuerySpace : uid = &lt;gen:0&gt; -&gt; org.hibernate.loader.plan.build.internal.spaces.EntityQuerySpaceImpl@537d53b9]
org.hibernate.loader.plan.build.internal.AbstractLoadPlanBuildingAssociationVisitationStrategy 2015-06-20 15:55:06,533 TRACE - Pushing fetch source to stack : org.hibernate.loader.plan.build.internal.returns.EntityReturnImpl@4903c181
org.hibernate.loader.plan.build.internal.AbstractLoadPlanBuildingAssociationVisitationStrategy 2015-06-20 15:55:06,533 TRACE - .. Registering AssociationKey : AssociationKey(table=Roles, columns={roleId}) -&gt; org.hibernate.loader.plan.build.internal.returns.EntityReturnImpl@4903c181
org.hibernate.loader.plan.build.internal.AbstractLoadPlanBuildingAssociationVisitationStrategy 2015-06-20 15:55:06,534 TRACE - &gt;&gt; Starting entity identifier : pojos.Roles
org.hibernate.persister.walking.spi.MetamodelGraphWalker 2015-06-20 15:55:06,534 DEBUG - Visiting attribute path : roleType
org.hibernate.loader.plan.build.internal.AbstractLoadPlanBuildingAssociationVisitationStrategy 2015-06-20 15:55:06,534 TRACE - &gt;&gt; Starting attribute Attribute(name=roleType, type=string [non-identifier])
org.hibernate.loader.plan.build.internal.AbstractLoadPlanBuildingAssociationVisitationStrategy 2015-06-20 15:55:06,534 TRACE - &lt;&lt; Finishing up attribute : Attribute(name=roleType, type=string [non-identifier])
org.hibernate.persister.walking.spi.MetamodelGraphWalker 2015-06-20 15:55:06,535 DEBUG - Visiting attribute path : users
org.hibernate.loader.plan.build.internal.AbstractLoadPlanBuildingAssociationVisitationStrategy 2015-06-20 15:55:06,535 TRACE - &gt;&gt; Starting attribute Attribute(name=users, type=java.util.Set(pojos.Roles.users) [non-identifier,association])
org.hibernate.loader.plan.build.internal.AbstractLoadPlanBuildingAssociationVisitationStrategy 2015-06-20 15:55:06,535 TRACE - &lt;&lt; Finishing up attribute : Attribute(name=users, type=java.util.Set(pojos.Roles.users) [non-identifier,association])
org.hibernate.persister.walking.spi.MetamodelGraphWalker 2015-06-20 15:55:06,535 DEBUG - Visiting attribute path : permission
org.hibernate.loader.plan.build.internal.AbstractLoadPlanBuildingAssociationVisitationStrategy 2015-06-20 15:55:06,535 TRACE - &gt;&gt; Starting attribute Attribute(name=permission, type=pojos.Permissions [non-identifier,association])
org.hibernate.loader.plan.build.internal.spaces.QuerySpacesImpl 2015-06-20 15:55:06,536 DEBUG - Adding QuerySpace : uid = &lt;gen:1&gt; -&gt; org.hibernate.loader.plan.build.internal.spaces.EntityQuerySpaceImpl@1595219a]
org.hibernate.loader.plan.build.internal.AbstractLoadPlanBuildingAssociationVisitationStrategy 2015-06-20 15:55:06,536 TRACE - &lt;&lt; Finishing up attribute : Attribute(name=permission, type=pojos.Permissions [non-identifier,association])
org.hibernate.loader.plan.build.internal.AbstractLoadPlanBuildingAssociationVisitationStrategy 2015-06-20 15:55:06,536 TRACE - Popped fetch owner from stack : org.hibernate.loader.plan.build.internal.returns.EntityReturnImpl@4903c181
org.hibernate.loader.plan.build.internal.AbstractLoadPlanBuildingAssociationVisitationStrategy 2015-06-20 15:55:06,536 TRACE -  Finished root entity : pojos.Roles
org.hibernate.loader.plan.build.internal.FetchStyleLoadPlanBuildingAssociationVisitationStrategy 2015-06-20 15:55:06,537 DEBUG - Building LoadPlan...
org.hibernate.loader.plan.exec.internal.LoadQueryJoinAndFetchProcessor 2015-06-20 15:55:06,537 DEBUG - processing queryspace &lt;gen:0&gt;
org.hibernate.loader.plan.build.spi.LoadPlanTreePrinter 2015-06-20 15:55:06,537 DEBUG - LoadPlan(entity=pojos.Roles)
    - Returns
       - EntityReturnImpl(entity=pojos.Roles, querySpaceUid=&lt;gen:0&gt;, path=pojos.Roles)
          - EntityAttributeFetchImpl(entity=pojos.Permissions, querySpaceUid=&lt;gen:1&gt;, path=pojos.Roles.permission)
    - QuerySpaces
       - EntityQuerySpaceImpl(uid=&lt;gen:0&gt;, entity=pojos.Roles)
          - SQL table alias mapping - roles0_
          - alias suffix - 0_
          - suffixed key columns - {roleId1_3_0_}

org.hibernate.loader.entity.plan.EntityLoader 2015-06-20 15:55:06,538 DEBUG - Static select for entity pojos.Roles [FORCE]: select roles0_.roleId as roleId1_3_0_, roles0_.roleType as roleType2_3_0_ from Roles roles0_ where roles0_.roleId=? for update
org.hibernate.loader.plan.build.internal.AbstractLoadPlanBuildingAssociationVisitationStrategy 2015-06-20 15:55:06,538 TRACE -  Starting root entity : pojos.Roles
org.hibernate.loader.plan.build.internal.spaces.QuerySpacesImpl 2015-06-20 15:55:06,538 DEBUG - Adding QuerySpace : uid = &lt;gen:0&gt; -&gt; org.hibernate.loader.plan.build.internal.spaces.EntityQuerySpaceImpl@71d11087]
org.hibernate.loader.plan.build.internal.AbstractLoadPlanBuildingAssociationVisitationStrategy 2015-06-20 15:55:06,538 TRACE - Pushing fetch source to stack : org.hibernate.loader.plan.build.internal.returns.EntityReturnImpl@54944971
org.hibernate.loader.plan.build.internal.AbstractLoadPlanBuildingAssociationVisitationStrategy 2015-06-20 15:55:06,539 TRACE - .. Registering AssociationKey : AssociationKey(table=Roles, columns={roleId}) -&gt; org.hibernate.loader.plan.build.internal.returns.EntityReturnImpl@54944971
org.hibernate.loader.plan.build.internal.AbstractLoadPlanBuildingAssociationVisitationStrategy 2015-06-20 15:55:06,539 TRACE - &gt;&gt; Starting entity identifier : pojos.Roles
org.hibernate.persister.walking.spi.MetamodelGraphWalker 2015-06-20 15:55:06,539 DEBUG - Visiting attribute path : roleType
org.hibernate.loader.plan.build.internal.AbstractLoadPlanBuildingAssociationVisitationStrategy 2015-06-20 15:55:06,539 TRACE - &gt;&gt; Starting attribute Attribute(name=roleType, type=string [non-identifier])
org.hibernate.loader.plan.build.internal.AbstractLoadPlanBuildingAssociationVisitationStrategy 2015-06-20 15:55:06,540 TRACE - &lt;&lt; Finishing up attribute : Attribute(name=roleType, type=string [non-identifier])
org.hibernate.persister.walking.spi.MetamodelGraphWalker 2015-06-20 15:55:06,540 DEBUG - Visiting attribute path : users
org.hibernate.loader.plan.build.internal.AbstractLoadPlanBuildingAssociationVisitationStrategy 2015-06-20 15:55:06,540 TRACE - &gt;&gt; Starting attribute Attribute(name=users, type=java.util.Set(pojos.Roles.users) [non-identifier,association])
org.hibernate.loader.plan.build.internal.AbstractLoadPlanBuildingAssociationVisitationStrategy 2015-06-20 15:55:06,540 TRACE - &lt;&lt; Finishing up attribute : Attribute(name=users, type=java.util.Set(pojos.Roles.users) [non-identifier,association])
org.hibernate.persister.walking.spi.MetamodelGraphWalker 2015-06-20 15:55:06,541 DEBUG - Visiting attribute path : permission
org.hibernate.loader.plan.build.internal.AbstractLoadPlanBuildingAssociationVisitationStrategy 2015-06-20 15:55:06,541 TRACE - &gt;&gt; Starting attribute Attribute(name=permission, type=pojos.Permissions [non-identifier,association])
org.hibernate.loader.plan.build.internal.spaces.QuerySpacesImpl 2015-06-20 15:55:06,541 DEBUG - Adding QuerySpace : uid = &lt;gen:1&gt; -&gt; org.hibernate.loader.plan.build.internal.spaces.EntityQuerySpaceImpl@5361c518]
org.hibernate.loader.plan.build.internal.AbstractLoadPlanBuildingAssociationVisitationStrategy 2015-06-20 15:55:06,541 TRACE - &lt;&lt; Finishing up attribute : Attribute(name=permission, type=pojos.Permissions [non-identifier,association])
org.hibernate.loader.plan.build.internal.AbstractLoadPlanBuildingAssociationVisitationStrategy 2015-06-20 15:55:06,542 TRACE - Popped fetch owner from stack : org.hibernate.loader.plan.build.internal.returns.EntityReturnImpl@54944971
org.hibernate.loader.plan.build.internal.AbstractLoadPlanBuildingAssociationVisitationStrategy 2015-06-20 15:55:06,542 TRACE -  Finished root entity : pojos.Roles
org.hibernate.loader.plan.build.internal.FetchStyleLoadPlanBuildingAssociationVisitationStrategy 2015-06-20 15:55:06,542 DEBUG - Building LoadPlan...
org.hibernate.loader.plan.exec.internal.LoadQueryJoinAndFetchProcessor 2015-06-20 15:55:06,542 DEBUG - processing queryspace &lt;gen:0&gt;
org.hibernate.loader.plan.build.spi.LoadPlanTreePrinter 2015-06-20 15:55:06,543 DEBUG - LoadPlan(entity=pojos.Roles)
    - Returns
       - EntityReturnImpl(entity=pojos.Roles, querySpaceUid=&lt;gen:0&gt;, path=pojos.Roles)
          - EntityAttributeFetchImpl(entity=pojos.Permissions, querySpaceUid=&lt;gen:1&gt;, path=pojos.Roles.permission)
    - QuerySpaces
       - EntityQuerySpaceImpl(uid=&lt;gen:0&gt;, entity=pojos.Roles)
          - SQL table alias mapping - roles0_
          - alias suffix - 0_
          - suffixed key columns - {roleId1_3_0_}

org.hibernate.loader.entity.plan.EntityLoader 2015-06-20 15:55:06,543 DEBUG - Static select for entity pojos.Roles [PESSIMISTIC_READ]: select roles0_.roleId as roleId1_3_0_, roles0_.roleType as roleType2_3_0_ from Roles roles0_ where roles0_.roleId=? lock in share mode
org.hibernate.loader.plan.build.internal.AbstractLoadPlanBuildingAssociationVisitationStrategy 2015-06-20 15:55:06,543 TRACE -  Starting root entity : pojos.Roles
org.hibernate.loader.plan.build.internal.spaces.QuerySpacesImpl 2015-06-20 15:55:06,544 DEBUG - Adding QuerySpace : uid = &lt;gen:0&gt; -&gt; org.hibernate.loader.plan.build.internal.spaces.EntityQuerySpaceImpl@37d2d56c]
org.hibernate.loader.plan.build.internal.AbstractLoadPlanBuildingAssociationVisitationStrategy 2015-06-20 15:55:06,544 TRACE - Pushing fetch source to stack : org.hibernate.loader.plan.build.internal.returns.EntityReturnImpl@72b9c215
org.hibernate.loader.plan.build.internal.AbstractLoadPlanBuildingAssociationVisitationStrategy 2015-06-20 15:55:06,544 TRACE - .. Registering AssociationKey : AssociationKey(table=Roles, columns={roleId}) -&gt; org.hibernate.loader.plan.build.internal.returns.EntityReturnImpl@72b9c215
org.hibernate.loader.plan.build.internal.AbstractLoadPlanBuildingAssociationVisitationStrategy 2015-06-20 15:55:06,544 TRACE - &gt;&gt; Starting entity identifier : pojos.Roles
org.hibernate.persister.walking.spi.MetamodelGraphWalker 2015-06-20 15:55:06,545 DEBUG - Visiting attribute path : roleType
org.hibernate.loader.plan.build.internal.AbstractLoadPlanBuildingAssociationVisitationStrategy 2015-06-20 15:55:06,545 TRACE - &gt;&gt; Starting attribute Attribute(name=roleType, type=string [non-identifier])
org.hibernate.loader.plan.build.internal.AbstractLoadPlanBuildingAssociationVisitationStrategy 2015-06-20 15:55:06,545 TRACE - &lt;&lt; Finishing up attribute : Attribute(name=roleType, type=string [non-identifier])
org.hibernate.persister.walking.spi.MetamodelGraphWalker 2015-06-20 15:55:06,545 DEBUG - Visiting attribute path : users
org.hibernate.loader.plan.build.internal.AbstractLoadPlanBuildingAssociationVisitationStrategy 2015-06-20 15:55:06,546 TRACE - &gt;&gt; Starting attribute Attribute(name=users, type=java.util.Set(pojos.Roles.users) [non-identifier,association])
org.hibernate.loader.plan.build.internal.AbstractLoadPlanBuildingAssociationVisitationStrategy 2015-06-20 15:55:06,546 TRACE - &lt;&lt; Finishing up attribute : Attribute(name=users, type=java.util.Set(pojos.Roles.users) [non-identifier,association])
org.hibernate.persister.walking.spi.MetamodelGraphWalker 2015-06-20 15:55:06,546 DEBUG - Visiting attribute path : permission
org.hibernate.loader.plan.build.internal.AbstractLoadPlanBuildingAssociationVisitationStrategy 2015-06-20 15:55:06,546 TRACE - &gt;&gt; Starting attribute Attribute(name=permission, type=pojos.Permissions [non-identifier,association])
org.hibernate.loader.plan.build.internal.spaces.QuerySpacesImpl 2015-06-20 15:55:06,547 DEBUG - Adding QuerySpace : uid = &lt;gen:1&gt; -&gt; org.hibernate.loader.plan.build.internal.spaces.EntityQuerySpaceImpl@1752b8b]
org.hibernate.loader.plan.build.internal.AbstractLoadPlanBuildingAssociationVisitationStrategy 2015-06-20 15:55:06,547 TRACE - &lt;&lt; Finishing up attribute : Attribute(name=permission, type=pojos.Permissions [non-identifier,association])
org.hibernate.loader.plan.build.internal.AbstractLoadPlanBuildingAssociationVisitationStrategy 2015-06-20 15:55:06,547 TRACE - Popped fetch owner from stack : org.hibernate.loader.plan.build.internal.returns.EntityReturnImpl@72b9c215
org.hibernate.loader.plan.build.internal.AbstractLoadPlanBuildingAssociationVisitationStrategy 2015-06-20 15:55:06,548 TRACE -  Finished root entity : pojos.Roles
org.hibernate.loader.plan.build.internal.FetchStyleLoadPlanBuildingAssociationVisitationStrategy 2015-06-20 15:55:06,548 DEBUG - Building LoadPlan...
org.hibernate.loader.plan.exec.internal.LoadQueryJoinAndFetchProcessor 2015-06-20 15:55:06,548 DEBUG - processing queryspace &lt;gen:0&gt;
org.hibernate.loader.plan.build.spi.LoadPlanTreePrinter 2015-06-20 15:55:06,549 DEBUG - LoadPlan(entity=pojos.Roles)
    - Returns
       - EntityReturnImpl(entity=pojos.Roles, querySpaceUid=&lt;gen:0&gt;, path=pojos.Roles)
          - EntityAttributeFetchImpl(entity=pojos.Permissions, querySpaceUid=&lt;gen:1&gt;, path=pojos.Roles.permission)
    - QuerySpaces
       - EntityQuerySpaceImpl(uid=&lt;gen:0&gt;, entity=pojos.Roles)
          - SQL table alias mapping - roles0_
          - alias suffix - 0_
          - suffixed key columns - {roleId1_3_0_}

org.hibernate.loader.entity.plan.EntityLoader 2015-06-20 15:55:06,549 DEBUG - Static select for entity pojos.Roles [PESSIMISTIC_WRITE]: select roles0_.roleId as roleId1_3_0_, roles0_.roleType as roleType2_3_0_ from Roles roles0_ where roles0_.roleId=? for update
org.hibernate.loader.plan.build.internal.AbstractLoadPlanBuildingAssociationVisitationStrategy 2015-06-20 15:55:06,549 TRACE -  Starting root entity : pojos.Roles
org.hibernate.loader.plan.build.internal.spaces.QuerySpacesImpl 2015-06-20 15:55:06,549 DEBUG - Adding QuerySpace : uid = &lt;gen:0&gt; -&gt; org.hibernate.loader.plan.build.internal.spaces.EntityQuerySpaceImpl@337db36c]
org.hibernate.loader.plan.build.internal.AbstractLoadPlanBuildingAssociationVisitationStrategy 2015-06-20 15:55:06,550 TRACE - Pushing fetch source to stack : org.hibernate.loader.plan.build.internal.returns.EntityReturnImpl@18e91dd
org.hibernate.loader.plan.build.internal.AbstractLoadPlanBuildingAssociationVisitationStrategy 2015-06-20 15:55:06,550 TRACE - .. Registering AssociationKey : AssociationKey(table=Roles, columns={roleId}) -&gt; org.hibernate.loader.plan.build.internal.returns.EntityReturnImpl@18e91dd
org.hibernate.loader.plan.build.internal.AbstractLoadPlanBuildingAssociationVisitationStrategy 2015-06-20 15:55:06,550 TRACE - &gt;&gt; Starting entity identifier : pojos.Roles
org.hibernate.persister.walking.spi.MetamodelGraphWalker 2015-06-20 15:55:06,550 DEBUG - Visiting attribute path : roleType
org.hibernate.loader.plan.build.internal.AbstractLoadPlanBuildingAssociationVisitationStrategy 2015-06-20 15:55:06,551 TRACE - &gt;&gt; Starting attribute Attribute(name=roleType, type=string [non-identifier])
org.hibernate.loader.plan.build.internal.AbstractLoadPlanBuildingAssociationVisitationStrategy 2015-06-20 15:55:06,551 TRACE - &lt;&lt; Finishing up attribute : Attribute(name=roleType, type=string [non-identifier])
org.hibernate.persister.walking.spi.MetamodelGraphWalker 2015-06-20 15:55:06,551 DEBUG - Visiting attribute path : users
org.hibernate.loader.plan.build.internal.AbstractLoadPlanBuildingAssociationVisitationStrategy 2015-06-20 15:55:06,552 TRACE - &gt;&gt; Starting attribute Attribute(name=users, type=java.util.Set(pojos.Roles.users) [non-identifier,association])
org.hibernate.loader.plan.build.internal.AbstractLoadPlanBuildingAssociationVisitationStrategy 2015-06-20 15:55:06,552 TRACE - &lt;&lt; Finishing up attribute : Attribute(name=users, type=java.util.Set(pojos.Roles.users) [non-identifier,association])
org.hibernate.persister.walking.spi.MetamodelGraphWalker 2015-06-20 15:55:06,552 DEBUG - Visiting attribute path : permission
org.hibernate.loader.plan.build.internal.AbstractLoadPlanBuildingAssociationVisitationStrategy 2015-06-20 15:55:06,552 TRACE - &gt;&gt; Starting attribute Attribute(name=permission, type=pojos.Permissions [non-identifier,association])
org.hibernate.loader.plan.build.internal.spaces.QuerySpacesImpl 2015-06-20 15:55:06,553 DEBUG - Adding QuerySpace : uid = &lt;gen:1&gt; -&gt; org.hibernate.loader.plan.build.internal.spaces.EntityQuerySpaceImpl@370a44f7]
org.hibernate.loader.plan.build.internal.AbstractLoadPlanBuildingAssociationVisitationStrategy 2015-06-20 15:55:06,553 TRACE - &lt;&lt; Finishing up attribute : Attribute(name=permission, type=pojos.Permissions [non-identifier,association])
org.hibernate.loader.plan.build.internal.AbstractLoadPlanBuildingAssociationVisitationStrategy 2015-06-20 15:55:06,553 TRACE - Popped fetch owner from stack : org.hibernate.loader.plan.build.internal.returns.EntityReturnImpl@18e91dd
org.hibernate.loader.plan.build.internal.AbstractLoadPlanBuildingAssociationVisitationStrategy 2015-06-20 15:55:06,553 TRACE -  Finished root entity : pojos.Roles
org.hibernate.loader.plan.build.internal.FetchStyleLoadPlanBuildingAssociationVisitationStrategy 2015-06-20 15:55:06,554 DEBUG - Building LoadPlan...
org.hibernate.loader.plan.exec.internal.LoadQueryJoinAndFetchProcessor 2015-06-20 15:55:06,554 DEBUG - processing queryspace &lt;gen:0&gt;
org.hibernate.loader.plan.build.spi.LoadPlanTreePrinter 2015-06-20 15:55:06,554 DEBUG - LoadPlan(entity=pojos.Roles)
    - Returns
       - EntityReturnImpl(entity=pojos.Roles, querySpaceUid=&lt;gen:0&gt;, path=pojos.Roles)
          - EntityAttributeFetchImpl(entity=pojos.Permissions, querySpaceUid=&lt;gen:1&gt;, path=pojos.Roles.permission)
    - QuerySpaces
       - EntityQuerySpaceImpl(uid=&lt;gen:0&gt;, entity=pojos.Roles)
          - SQL table alias mapping - roles0_
          - alias suffix - 0_
          - suffixed key columns - {roleId1_3_0_}

org.hibernate.loader.entity.plan.EntityLoader 2015-06-20 15:55:06,555 DEBUG - Static select for entity pojos.Roles [PESSIMISTIC_FORCE_INCREMENT]: select roles0_.roleId as roleId1_3_0_, roles0_.roleType as roleType2_3_0_ from Roles roles0_ where roles0_.roleId=? for update
org.hibernate.loader.plan.build.internal.AbstractLoadPlanBuildingAssociationVisitationStrategy 2015-06-20 15:55:06,555 TRACE -  Starting root entity : pojos.Roles
org.hibernate.loader.plan.build.internal.spaces.QuerySpacesImpl 2015-06-20 15:55:06,555 DEBUG - Adding QuerySpace : uid = &lt;gen:0&gt; -&gt; org.hibernate.loader.plan.build.internal.spaces.EntityQuerySpaceImpl@335d05c]
org.hibernate.loader.plan.build.internal.AbstractLoadPlanBuildingAssociationVisitationStrategy 2015-06-20 15:55:06,555 TRACE - Pushing fetch source to stack : org.hibernate.loader.plan.build.internal.returns.EntityReturnImpl@420249a9
org.hibernate.loader.plan.build.internal.AbstractLoadPlanBuildingAssociationVisitationStrategy 2015-06-20 15:55:06,556 TRACE - .. Registering AssociationKey : AssociationKey(table=Roles, columns={roleId}) -&gt; org.hibernate.loader.plan.build.internal.returns.EntityReturnImpl@420249a9
org.hibernate.loader.plan.build.internal.AbstractLoadPlanBuildingAssociationVisitationStrategy 2015-06-20 15:55:06,556 TRACE - &gt;&gt; Starting entity identifier : pojos.Roles
org.hibernate.persister.walking.spi.MetamodelGraphWalker 2015-06-20 15:55:06,556 DEBUG - Visiting attribute path : roleType
org.hibernate.loader.plan.build.internal.AbstractLoadPlanBuildingAssociationVisitationStrategy 2015-06-20 15:55:06,556 TRACE - &gt;&gt; Starting attribute Attribute(name=roleType, type=string [non-identifier])
org.hibernate.loader.plan.build.internal.AbstractLoadPlanBuildingAssociationVisitationStrategy 2015-06-20 15:55:06,557 TRACE - &lt;&lt; Finishing up attribute : Attribute(name=roleType, type=string [non-identifier])
org.hibernate.persister.walking.spi.MetamodelGraphWalker 2015-06-20 15:55:06,557 DEBUG - Visiting attribute path : users
org.hibernate.loader.plan.build.internal.AbstractLoadPlanBuildingAssociationVisitationStrategy 2015-06-20 15:55:06,557 TRACE - &gt;&gt; Starting attribute Attribute(name=users, type=java.util.Set(pojos.Roles.users) [non-identifier,association])
org.hibernate.loader.plan.build.internal.AbstractLoadPlanBuildingAssociationVisitationStrategy 2015-06-20 15:55:06,557 TRACE - &lt;&lt; Finishing up attribute : Attribute(name=users, type=java.util.Set(pojos.Roles.users) [non-identifier,association])
org.hibernate.persister.walking.spi.MetamodelGraphWalker 2015-06-20 15:55:06,558 DEBUG - Visiting attribute path : permission
org.hibernate.loader.plan.build.internal.AbstractLoadPlanBuildingAssociationVisitationStrategy 2015-06-20 15:55:06,558 TRACE - &gt;&gt; Starting attribute Attribute(name=permission, type=pojos.Permissions [non-identifier,association])
org.hibernate.loader.plan.build.internal.spaces.QuerySpacesImpl 2015-06-20 15:55:06,558 DEBUG - Adding QuerySpace : uid = &lt;gen:1&gt; -&gt; org.hibernate.loader.plan.build.internal.spaces.EntityQuerySpaceImpl@2432181a]
org.hibernate.loader.plan.build.internal.AbstractLoadPlanBuildingAssociationVisitationStrategy 2015-06-20 15:55:06,558 TRACE - &lt;&lt; Finishing up attribute : Attribute(name=permission, type=pojos.Permissions [non-identifier,association])
org.hibernate.loader.plan.build.internal.AbstractLoadPlanBuildingAssociationVisitationStrategy 2015-06-20 15:55:06,559 TRACE - Popped fetch owner from stack : org.hibernate.loader.plan.build.internal.returns.EntityReturnImpl@420249a9
org.hibernate.loader.plan.build.internal.AbstractLoadPlanBuildingAssociationVisitationStrategy 2015-06-20 15:55:06,559 TRACE -  Finished root entity : pojos.Roles
org.hibernate.loader.plan.build.internal.FetchStyleLoadPlanBuildingAssociationVisitationStrategy 2015-06-20 15:55:06,559 DEBUG - Building LoadPlan...
org.hibernate.loader.plan.exec.internal.LoadQueryJoinAndFetchProcessor 2015-06-20 15:55:06,559 DEBUG - processing queryspace &lt;gen:0&gt;
org.hibernate.loader.plan.build.spi.LoadPlanTreePrinter 2015-06-20 15:55:06,560 DEBUG - LoadPlan(entity=pojos.Roles)
    - Returns
       - EntityReturnImpl(entity=pojos.Roles, querySpaceUid=&lt;gen:0&gt;, path=pojos.Roles)
          - EntityAttributeFetchImpl(entity=pojos.Permissions, querySpaceUid=&lt;gen:1&gt;, path=pojos.Roles.permission)
    - QuerySpaces
       - EntityQuerySpaceImpl(uid=&lt;gen:0&gt;, entity=pojos.Roles)
          - SQL table alias mapping - roles0_
          - alias suffix - 0_
          - suffixed key columns - {roleId1_3_0_}

org.hibernate.loader.entity.plan.EntityLoader 2015-06-20 15:55:06,560 DEBUG - Static select for entity pojos.Roles [OPTIMISTIC]: select roles0_.roleId as roleId1_3_0_, roles0_.roleType as roleType2_3_0_ from Roles roles0_ where roles0_.roleId=?
org.hibernate.loader.plan.build.internal.AbstractLoadPlanBuildingAssociationVisitationStrategy 2015-06-20 15:55:06,560 TRACE -  Starting root entity : pojos.Roles
org.hibernate.loader.plan.build.internal.spaces.QuerySpacesImpl 2015-06-20 15:55:06,561 DEBUG - Adding QuerySpace : uid = &lt;gen:0&gt; -&gt; org.hibernate.loader.plan.build.internal.spaces.EntityQuerySpaceImpl@54cc6586]
org.hibernate.loader.plan.build.internal.AbstractLoadPlanBuildingAssociationVisitationStrategy 2015-06-20 15:55:06,561 TRACE - Pushing fetch source to stack : org.hibernate.loader.plan.build.internal.returns.EntityReturnImpl@371d6be8
org.hibernate.loader.plan.build.internal.AbstractLoadPlanBuildingAssociationVisitationStrategy 2015-06-20 15:55:06,561 TRACE - .. Registering AssociationKey : AssociationKey(table=Roles, columns={roleId}) -&gt; org.hibernate.loader.plan.build.internal.returns.EntityReturnImpl@371d6be8
org.hibernate.loader.plan.build.internal.AbstractLoadPlanBuildingAssociationVisitationStrategy 2015-06-20 15:55:06,561 TRACE - &gt;&gt; Starting entity identifier : pojos.Roles
org.hibernate.persister.walking.spi.MetamodelGraphWalker 2015-06-20 15:55:06,562 DEBUG - Visiting attribute path : roleType
org.hibernate.loader.plan.build.internal.AbstractLoadPlanBuildingAssociationVisitationStrategy 2015-06-20 15:55:06,562 TRACE - &gt;&gt; Starting attribute Attribute(name=roleType, type=string [non-identifier])
org.hibernate.loader.plan.build.internal.AbstractLoadPlanBuildingAssociationVisitationStrategy 2015-06-20 15:55:06,562 TRACE - &lt;&lt; Finishing up attribute : Attribute(name=roleType, type=string [non-identifier])
org.hibernate.persister.walking.spi.MetamodelGraphWalker 2015-06-20 15:55:06,562 DEBUG - Visiting attribute path : users
org.hibernate.loader.plan.build.internal.AbstractLoadPlanBuildingAssociationVisitationStrategy 2015-06-20 15:55:06,563 TRACE - &gt;&gt; Starting attribute Attribute(name=users, type=java.util.Set(pojos.Roles.users) [non-identifier,association])
org.hibernate.loader.plan.build.internal.AbstractLoadPlanBuildingAssociationVisitationStrategy 2015-06-20 15:55:06,563 TRACE - &lt;&lt; Finishing up attribute : Attribute(name=users, type=java.util.Set(pojos.Roles.users) [non-identifier,association])
org.hibernate.persister.walking.spi.MetamodelGraphWalker 2015-06-20 15:55:06,563 DEBUG - Visiting attribute path : permission
org.hibernate.loader.plan.build.internal.AbstractLoadPlanBuildingAssociationVisitationStrategy 2015-06-20 15:55:06,563 TRACE - &gt;&gt; Starting attribute Attribute(name=permission, type=pojos.Permissions [non-identifier,association])
org.hibernate.loader.plan.build.internal.spaces.QuerySpacesImpl 2015-06-20 15:55:06,564 DEBUG - Adding QuerySpace : uid = &lt;gen:1&gt; -&gt; org.hibernate.loader.plan.build.internal.spaces.EntityQuerySpaceImpl@6c97689c]
org.hibernate.loader.plan.build.internal.AbstractLoadPlanBuildingAssociationVisitationStrategy 2015-06-20 15:55:06,564 TRACE - &lt;&lt; Finishing up attribute : Attribute(name=permission, type=pojos.Permissions [non-identifier,association])
org.hibernate.loader.plan.build.internal.AbstractLoadPlanBuildingAssociationVisitationStrategy 2015-06-20 15:55:06,564 TRACE - Popped fetch owner from stack : org.hibernate.loader.plan.build.internal.returns.EntityReturnImpl@371d6be8
org.hibernate.loader.plan.build.internal.AbstractLoadPlanBuildingAssociationVisitationStrategy 2015-06-20 15:55:06,564 TRACE -  Finished root entity : pojos.Roles
org.hibernate.loader.plan.build.internal.FetchStyleLoadPlanBuildingAssociationVisitationStrategy 2015-06-20 15:55:06,565 DEBUG - Building LoadPlan...
org.hibernate.loader.plan.exec.internal.LoadQueryJoinAndFetchProcessor 2015-06-20 15:55:06,565 DEBUG - processing queryspace &lt;gen:0&gt;
org.hibernate.loader.plan.build.spi.LoadPlanTreePrinter 2015-06-20 15:55:06,565 DEBUG - LoadPlan(entity=pojos.Roles)
    - Returns
       - EntityReturnImpl(entity=pojos.Roles, querySpaceUid=&lt;gen:0&gt;, path=pojos.Roles)
          - EntityAttributeFetchImpl(entity=pojos.Permissions, querySpaceUid=&lt;gen:1&gt;, path=pojos.Roles.permission)
    - QuerySpaces
       - EntityQuerySpaceImpl(uid=&lt;gen:0&gt;, entity=pojos.Roles)
          - SQL table alias mapping - roles0_
          - alias suffix - 0_
          - suffixed key columns - {roleId1_3_0_}

org.hibernate.loader.entity.plan.EntityLoader 2015-06-20 15:55:06,566 DEBUG - Static select for entity pojos.Roles [OPTIMISTIC_FORCE_INCREMENT]: select roles0_.roleId as roleId1_3_0_, roles0_.roleType as roleType2_3_0_ from Roles roles0_ where roles0_.roleId=?
org.hibernate.loader.entity.CascadeEntityLoader 2015-06-20 15:55:06,566 DEBUG - Static select for action ACTION_MERGE on entity pojos.Roles: select roles0_.roleId as roleId1_3_0_, roles0_.roleType as roleType2_3_0_ from Roles roles0_ where roles0_.roleId=?
org.hibernate.loader.entity.CascadeEntityLoader 2015-06-20 15:55:06,566 DEBUG - Static select for action ACTION_REFRESH on entity pojos.Roles: select roles0_.roleId as roleId1_3_0_, roles0_.roleType as roleType2_3_0_ from Roles roles0_ where roles0_.roleId=?
org.hibernate.persister.entity.AbstractEntityPersister 2015-06-20 15:55:06,567 DEBUG - Static SQL for entity: pojos.Users
org.hibernate.persister.entity.AbstractEntityPersister 2015-06-20 15:55:06,567 DEBUG -  Version select: select userId from Users where userId =?
org.hibernate.persister.entity.AbstractEntityPersister 2015-06-20 15:55:06,567 DEBUG -  Snapshot select: select users_.userId, users_.email as email2_5_, users_.name as name3_5_, users_.pass as pass4_5_, users_.surname as surname5_5_ from Users users_ where users_.userId=?
org.hibernate.persister.entity.AbstractEntityPersister 2015-06-20 15:55:06,567 DEBUG -  Insert 0: insert into Users (email, name, pass, surname, userId) values (?, ?, ?, ?, ?)
org.hibernate.persister.entity.AbstractEntityPersister 2015-06-20 15:55:06,568 DEBUG -  Update 0: update Users set email=?, name=?, pass=?, surname=? where userId=?
org.hibernate.persister.entity.AbstractEntityPersister 2015-06-20 15:55:06,568 DEBUG -  Delete 0: delete from Users where userId=?
org.hibernate.persister.entity.AbstractEntityPersister 2015-06-20 15:55:06,568 DEBUG -  Identity insert: insert into Users (email, name, pass, surname) values (?, ?, ?, ?)
org.hibernate.loader.plan.build.internal.AbstractLoadPlanBuildingAssociationVisitationStrategy 2015-06-20 15:55:06,568 TRACE -  Starting root entity : pojos.Users
org.hibernate.loader.plan.build.internal.spaces.QuerySpacesImpl 2015-06-20 15:55:06,569 DEBUG - Adding QuerySpace : uid = &lt;gen:0&gt; -&gt; org.hibernate.loader.plan.build.internal.spaces.EntityQuerySpaceImpl@48551176]
org.hibernate.loader.plan.build.internal.AbstractLoadPlanBuildingAssociationVisitationStrategy 2015-06-20 15:55:06,569 TRACE - Pushing fetch source to stack : org.hibernate.loader.plan.build.internal.returns.EntityReturnImpl@48ed7f13
org.hibernate.loader.plan.build.internal.AbstractLoadPlanBuildingAssociationVisitationStrategy 2015-06-20 15:55:06,569 TRACE - .. Registering AssociationKey : AssociationKey(table=Users, columns={userId}) -&gt; org.hibernate.loader.plan.build.internal.returns.EntityReturnImpl@48ed7f13
org.hibernate.loader.plan.build.internal.AbstractLoadPlanBuildingAssociationVisitationStrategy 2015-06-20 15:55:06,569 TRACE - &gt;&gt; Starting entity identifier : pojos.Users
org.hibernate.persister.walking.spi.MetamodelGraphWalker 2015-06-20 15:55:06,570 DEBUG - Visiting attribute path : email
org.hibernate.loader.plan.build.internal.AbstractLoadPlanBuildingAssociationVisitationStrategy 2015-06-20 15:55:06,570 TRACE - &gt;&gt; Starting attribute Attribute(name=email, type=string [non-identifier])
org.hibernate.loader.plan.build.internal.AbstractLoadPlanBuildingAssociationVisitationStrategy 2015-06-20 15:55:06,570 TRACE - &lt;&lt; Finishing up attribute : Attribute(name=email, type=string [non-identifier])
org.hibernate.persister.walking.spi.MetamodelGraphWalker 2015-06-20 15:55:06,570 DEBUG - Visiting attribute path : name
org.hibernate.loader.plan.build.internal.AbstractLoadPlanBuildingAssociationVisitationStrategy 2015-06-20 15:55:06,571 TRACE - &gt;&gt; Starting attribute Attribute(name=name, type=string [non-identifier])
org.hibernate.loader.plan.build.internal.AbstractLoadPlanBuildingAssociationVisitationStrategy 2015-06-20 15:55:06,571 TRACE - &lt;&lt; Finishing up attribute : Attribute(name=name, type=string [non-identifier])
org.hibernate.persister.walking.spi.MetamodelGraphWalker 2015-06-20 15:55:06,571 DEBUG - Visiting attribute path : news
org.hibernate.loader.plan.build.internal.AbstractLoadPlanBuildingAssociationVisitationStrategy 2015-06-20 15:55:06,571 TRACE - &gt;&gt; Starting attribute Attribute(name=news, type=java.util.Set(pojos.Users.news) [non-identifier,association])
org.hibernate.loader.plan.build.internal.AbstractLoadPlanBuildingAssociationVisitationStrategy 2015-06-20 15:55:06,572 TRACE - &lt;&lt; Finishing up attribute : Attribute(name=news, type=java.util.Set(pojos.Users.news) [non-identifier,association])
org.hibernate.persister.walking.spi.MetamodelGraphWalker 2015-06-20 15:55:06,572 DEBUG - Visiting attribute path : pass
org.hibernate.loader.plan.build.internal.AbstractLoadPlanBuildingAssociationVisitationStrategy 2015-06-20 15:55:06,572 TRACE - &gt;&gt; Starting attribute Attribute(name=pass, type=string [non-identifier])
org.hibernate.loader.plan.build.internal.AbstractLoadPlanBuildingAssociationVisitationStrategy 2015-06-20 15:55:06,572 TRACE - &lt;&lt; Finishing up attribute : Attribute(name=pass, type=string [non-identifier])
org.hibernate.persister.walking.spi.MetamodelGraphWalker 2015-06-20 15:55:06,573 DEBUG - Visiting attribute path : roles
org.hibernate.loader.plan.build.internal.AbstractLoadPlanBuildingAssociationVisitationStrategy 2015-06-20 15:55:06,573 TRACE - &gt;&gt; Starting attribute Attribute(name=roles, type=java.util.Set(pojos.Users.roles) [non-identifier,association])
org.hibernate.loader.plan.build.internal.AbstractLoadPlanBuildingAssociationVisitationStrategy 2015-06-20 15:55:06,573 TRACE - &lt;&lt; Finishing up attribute : Attribute(name=roles, type=java.util.Set(pojos.Users.roles) [non-identifier,association])
org.hibernate.persister.walking.spi.MetamodelGraphWalker 2015-06-20 15:55:06,573 DEBUG - Visiting attribute path : surname
org.hibernate.loader.plan.build.internal.AbstractLoadPlanBuildingAssociationVisitationStrategy 2015-06-20 15:55:06,574 TRACE - &gt;&gt; Starting attribute Attribute(name=surname, type=string [non-identifier])
org.hibernate.loader.plan.build.internal.AbstractLoadPlanBuildingAssociationVisitationStrategy 2015-06-20 15:55:06,574 TRACE - &lt;&lt; Finishing up attribute : Attribute(name=surname, type=string [non-identifier])
org.hibernate.loader.plan.build.internal.AbstractLoadPlanBuildingAssociationVisitationStrategy 2015-06-20 15:55:06,574 TRACE - Popped fetch owner from stack : org.hibernate.loader.plan.build.internal.returns.EntityReturnImpl@48ed7f13
org.hibernate.loader.plan.build.internal.AbstractLoadPlanBuildingAssociationVisitationStrategy 2015-06-20 15:55:06,574 TRACE -  Finished root entity : pojos.Users
org.hibernate.loader.plan.build.internal.FetchStyleLoadPlanBuildingAssociationVisitationStrategy 2015-06-20 15:55:06,575 DEBUG - Building LoadPlan...
org.hibernate.loader.plan.exec.internal.LoadQueryJoinAndFetchProcessor 2015-06-20 15:55:06,575 DEBUG - processing queryspace &lt;gen:0&gt;
org.hibernate.loader.plan.build.spi.LoadPlanTreePrinter 2015-06-20 15:55:06,576 DEBUG - LoadPlan(entity=pojos.Users)
    - Returns
       - EntityReturnImpl(entity=pojos.Users, querySpaceUid=&lt;gen:0&gt;, path=pojos.Users)
    - QuerySpaces
       - EntityQuerySpaceImpl(uid=&lt;gen:0&gt;, entity=pojos.Users)
          - SQL table alias mapping - users0_
          - alias suffix - 0_
          - suffixed key columns - {userId1_5_0_}

org.hibernate.loader.entity.plan.EntityLoader 2015-06-20 15:55:06,576 DEBUG - Static select for entity pojos.Users [NONE]: select users0_.userId as userId1_5_0_, users0_.email as email2_5_0_, users0_.name as name3_5_0_, users0_.pass as pass4_5_0_, users0_.surname as surname5_5_0_ from Users users0_ where users0_.userId=?
org.hibernate.loader.plan.build.internal.AbstractLoadPlanBuildingAssociationVisitationStrategy 2015-06-20 15:55:06,576 TRACE -  Starting root entity : pojos.Users
org.hibernate.loader.plan.build.internal.spaces.QuerySpacesImpl 2015-06-20 15:55:06,576 DEBUG - Adding QuerySpace : uid = &lt;gen:0&gt; -&gt; org.hibernate.loader.plan.build.internal.spaces.EntityQuerySpaceImpl@6031ddcc]
org.hibernate.loader.plan.build.internal.AbstractLoadPlanBuildingAssociationVisitationStrategy 2015-06-20 15:55:06,577 TRACE - Pushing fetch source to stack : org.hibernate.loader.plan.build.internal.returns.EntityReturnImpl@69d8ad6a
org.hibernate.loader.plan.build.internal.AbstractLoadPlanBuildingAssociationVisitationStrategy 2015-06-20 15:55:06,577 TRACE - .. Registering AssociationKey : AssociationKey(table=Users, columns={userId}) -&gt; org.hibernate.loader.plan.build.internal.returns.EntityReturnImpl@69d8ad6a
org.hibernate.loader.plan.build.internal.AbstractLoadPlanBuildingAssociationVisitationStrategy 2015-06-20 15:55:06,577 TRACE - &gt;&gt; Starting entity identifier : pojos.Users
org.hibernate.persister.walking.spi.MetamodelGraphWalker 2015-06-20 15:55:06,577 DEBUG - Visiting attribute path : email
org.hibernate.loader.plan.build.internal.AbstractLoadPlanBuildingAssociationVisitationStrategy 2015-06-20 15:55:06,578 TRACE - &gt;&gt; Starting attribute Attribute(name=email, type=string [non-identifier])
org.hibernate.loader.plan.build.internal.AbstractLoadPlanBuildingAssociationVisitationStrategy 2015-06-20 15:55:06,578 TRACE - &lt;&lt; Finishing up attribute : Attribute(name=email, type=string [non-identifier])
org.hibernate.persister.walking.spi.MetamodelGraphWalker 2015-06-20 15:55:06,578 DEBUG - Visiting attribute path : name
org.hibernate.loader.plan.build.internal.AbstractLoadPlanBuildingAssociationVisitationStrategy 2015-06-20 15:55:06,578 TRACE - &gt;&gt; Starting attribute Attribute(name=name, type=string [non-identifier])
org.hibernate.loader.plan.build.internal.AbstractLoadPlanBuildingAssociationVisitationStrategy 2015-06-20 15:55:06,579 TRACE - &lt;&lt; Finishing up attribute : Attribute(name=name, type=string [non-identifier])
org.hibernate.persister.walking.spi.MetamodelGraphWalker 2015-06-20 15:55:06,579 DEBUG - Visiting attribute path : news
org.hibernate.loader.plan.build.internal.AbstractLoadPlanBuildingAssociationVisitationStrategy 2015-06-20 15:55:06,579 TRACE - &gt;&gt; Starting attribute Attribute(name=news, type=java.util.Set(pojos.Users.news) [non-identifier,association])
org.hibernate.loader.plan.build.internal.AbstractLoadPlanBuildingAssociationVisitationStrategy 2015-06-20 15:55:06,579 TRACE - &lt;&lt; Finishing up attribute : Attribute(name=news, type=java.util.Set(pojos.Users.news) [non-identifier,association])
org.hibernate.persister.walking.spi.MetamodelGraphWalker 2015-06-20 15:55:06,580 DEBUG - Visiting attribute path : pass
org.hibernate.loader.plan.build.internal.AbstractLoadPlanBuildingAssociationVisitationStrategy 2015-06-20 15:55:06,580 TRACE - &gt;&gt; Starting attribute Attribute(name=pass, type=string [non-identifier])
org.hibernate.loader.plan.build.internal.AbstractLoadPlanBuildingAssociationVisitationStrategy 2015-06-20 15:55:06,580 TRACE - &lt;&lt; Finishing up attribute : Attribute(name=pass, type=string [non-identifier])
org.hibernate.persister.walking.spi.MetamodelGraphWalker 2015-06-20 15:55:06,580 DEBUG - Visiting attribute path : roles
org.hibernate.loader.plan.build.internal.AbstractLoadPlanBuildingAssociationVisitationStrategy 2015-06-20 15:55:06,580 TRACE - &gt;&gt; Starting attribute Attribute(name=roles, type=java.util.Set(pojos.Users.roles) [non-identifier,association])
org.hibernate.loader.plan.build.internal.AbstractLoadPlanBuildingAssociationVisitationStrategy 2015-06-20 15:55:06,581 TRACE - &lt;&lt; Finishing up attribute : Attribute(name=roles, type=java.util.Set(pojos.Users.roles) [non-identifier,association])
org.hibernate.persister.walking.spi.MetamodelGraphWalker 2015-06-20 15:55:06,581 DEBUG - Visiting attribute path : surname
org.hibernate.loader.plan.build.internal.AbstractLoadPlanBuildingAssociationVisitationStrategy 2015-06-20 15:55:06,581 TRACE - &gt;&gt; Starting attribute Attribute(name=surname, type=string [non-identifier])
org.hibernate.loader.plan.build.internal.AbstractLoadPlanBuildingAssociationVisitationStrategy 2015-06-20 15:55:06,581 TRACE - &lt;&lt; Finishing up attribute : Attribute(name=surname, type=string [non-identifier])
org.hibernate.loader.plan.build.internal.AbstractLoadPlanBuildingAssociationVisitationStrategy 2015-06-20 15:55:06,582 TRACE - Popped fetch owner from stack : org.hibernate.loader.plan.build.internal.returns.EntityReturnImpl@69d8ad6a
org.hibernate.loader.plan.build.internal.AbstractLoadPlanBuildingAssociationVisitationStrategy 2015-06-20 15:55:06,582 TRACE -  Finished root entity : pojos.Users
org.hibernate.loader.plan.build.internal.FetchStyleLoadPlanBuildingAssociationVisitationStrategy 2015-06-20 15:55:06,582 DEBUG - Building LoadPlan...
org.hibernate.loader.plan.exec.internal.LoadQueryJoinAndFetchProcessor 2015-06-20 15:55:06,582 DEBUG - processing queryspace &lt;gen:0&gt;
org.hibernate.loader.plan.build.spi.LoadPlanTreePrinter 2015-06-20 15:55:06,583 DEBUG - LoadPlan(entity=pojos.Users)
    - Returns
       - EntityReturnImpl(entity=pojos.Users, querySpaceUid=&lt;gen:0&gt;, path=pojos.Users)
    - QuerySpaces
       - EntityQuerySpaceImpl(uid=&lt;gen:0&gt;, entity=pojos.Users)
          - SQL table alias mapping - users0_
          - alias suffix - 0_
          - suffixed key columns - {userId1_5_0_}

org.hibernate.loader.entity.plan.EntityLoader 2015-06-20 15:55:06,583 DEBUG - Static select for entity pojos.Users [READ]: select users0_.userId as userId1_5_0_, users0_.email as email2_5_0_, users0_.name as name3_5_0_, users0_.pass as pass4_5_0_, users0_.surname as surname5_5_0_ from Users users0_ where users0_.userId=?
org.hibernate.loader.plan.build.internal.AbstractLoadPlanBuildingAssociationVisitationStrategy 2015-06-20 15:55:06,583 TRACE -  Starting root entity : pojos.Users
org.hibernate.loader.plan.build.internal.spaces.QuerySpacesImpl 2015-06-20 15:55:06,584 DEBUG - Adding QuerySpace : uid = &lt;gen:0&gt; -&gt; org.hibernate.loader.plan.build.internal.spaces.EntityQuerySpaceImpl@10614070]
org.hibernate.loader.plan.build.internal.AbstractLoadPlanBuildingAssociationVisitationStrategy 2015-06-20 15:55:06,584 TRACE - Pushing fetch source to stack : org.hibernate.loader.plan.build.internal.returns.EntityReturnImpl@60cd8176
org.hibernate.loader.plan.build.internal.AbstractLoadPlanBuildingAssociationVisitationStrategy 2015-06-20 15:55:06,584 TRACE - .. Registering AssociationKey : AssociationKey(table=Users, columns={userId}) -&gt; org.hibernate.loader.plan.build.internal.returns.EntityReturnImpl@60cd8176
org.hibernate.loader.plan.build.internal.AbstractLoadPlanBuildingAssociationVisitationStrategy 2015-06-20 15:55:06,584 TRACE - &gt;&gt; Starting entity identifier : pojos.Users
org.hibernate.persister.walking.spi.MetamodelGraphWalker 2015-06-20 15:55:06,585 DEBUG - Visiting attribute path : email
org.hibernate.loader.plan.build.internal.AbstractLoadPlanBuildingAssociationVisitationStrategy 2015-06-20 15:55:06,585 TRACE - &gt;&gt; Starting attribute Attribute(name=email, type=string [non-identifier])
org.hibernate.loader.plan.build.internal.AbstractLoadPlanBuildingAssociationVisitationStrategy 2015-06-20 15:55:06,585 TRACE - &lt;&lt; Finishing up attribute : Attribute(name=email, type=string [non-identifier])
org.hibernate.persister.walking.spi.MetamodelGraphWalker 2015-06-20 15:55:06,585 DEBUG - Visiting attribute path : name
org.hibernate.loader.plan.build.internal.AbstractLoadPlanBuildingAssociationVisitationStrategy 2015-06-20 15:55:06,585 TRACE - &gt;&gt; Starting attribute Attribute(name=name, type=string [non-identifier])
org.hibernate.loader.plan.build.internal.AbstractLoadPlanBuildingAssociationVisitationStrategy 2015-06-20 15:55:06,586 TRACE - &lt;&lt; Finishing up attribute : Attribute(name=name, type=string [non-identifier])
org.hibernate.persister.walking.spi.MetamodelGraphWalker 2015-06-20 15:55:06,586 DEBUG - Visiting attribute path : news
org.hibernate.loader.plan.build.internal.AbstractLoadPlanBuildingAssociationVisitationStrategy 2015-06-20 15:55:06,586 TRACE - &gt;&gt; Starting attribute Attribute(name=news, type=java.util.Set(pojos.Users.news) [non-identifier,association])
org.hibernate.loader.plan.build.internal.AbstractLoadPlanBuildingAssociationVisitationStrategy 2015-06-20 15:55:06,586 TRACE - &lt;&lt; Finishing up attribute : Attribute(name=news, type=java.util.Set(pojos.Users.news) [non-identifier,association])
org.hibernate.persister.walking.spi.MetamodelGraphWalker 2015-06-20 15:55:06,587 DEBUG - Visiting attribute path : pass
org.hibernate.loader.plan.build.internal.AbstractLoadPlanBuildingAssociationVisitationStrategy 2015-06-20 15:55:06,587 TRACE - &gt;&gt; Starting attribute Attribute(name=pass, type=string [non-identifier])
org.hibernate.loader.plan.build.internal.AbstractLoadPlanBuildingAssociationVisitationStrategy 2015-06-20 15:55:06,587 TRACE - &lt;&lt; Finishing up attribute : Attribute(name=pass, type=string [non-identifier])
org.hibernate.persister.walking.spi.MetamodelGraphWalker 2015-06-20 15:55:06,587 DEBUG - Visiting attribute path : roles
org.hibernate.loader.plan.build.internal.AbstractLoadPlanBuildingAssociationVisitationStrategy 2015-06-20 15:55:06,588 TRACE - &gt;&gt; Starting attribute Attribute(name=roles, type=java.util.Set(pojos.Users.roles) [non-identifier,association])
org.hibernate.loader.plan.build.internal.AbstractLoadPlanBuildingAssociationVisitationStrategy 2015-06-20 15:55:06,588 TRACE - &lt;&lt; Finishing up attribute : Attribute(name=roles, type=java.util.Set(pojos.Users.roles) [non-identifier,association])
org.hibernate.persister.walking.spi.MetamodelGraphWalker 2015-06-20 15:55:06,588 DEBUG - Visiting attribute path : surname
org.hibernate.loader.plan.build.internal.AbstractLoadPlanBuildingAssociationVisitationStrategy 2015-06-20 15:55:06,588 TRACE - &gt;&gt; Starting attribute Attribute(name=surname, type=string [non-identifier])
org.hibernate.loader.plan.build.internal.AbstractLoadPlanBuildingAssociationVisitationStrategy 2015-06-20 15:55:06,589 TRACE - &lt;&lt; Finishing up attribute : Attribute(name=surname, type=string [non-identifier])
org.hibernate.loader.plan.build.internal.AbstractLoadPlanBuildingAssociationVisitationStrategy 2015-06-20 15:55:06,589 TRACE - Popped fetch owner from stack : org.hibernate.loader.plan.build.internal.returns.EntityReturnImpl@60cd8176
org.hibernate.loader.plan.build.internal.AbstractLoadPlanBuildingAssociationVisitationStrategy 2015-06-20 15:55:06,589 TRACE -  Finished root entity : pojos.Users
org.hibernate.loader.plan.build.internal.FetchStyleLoadPlanBuildingAssociationVisitationStrategy 2015-06-20 15:55:06,589 DEBUG - Building LoadPlan...
org.hibernate.loader.plan.exec.internal.LoadQueryJoinAndFetchProcessor 2015-06-20 15:55:06,590 DEBUG - processing queryspace &lt;gen:0&gt;
org.hibernate.loader.plan.build.spi.LoadPlanTreePrinter 2015-06-20 15:55:06,590 DEBUG - LoadPlan(entity=pojos.Users)
    - Returns
       - EntityReturnImpl(entity=pojos.Users, querySpaceUid=&lt;gen:0&gt;, path=pojos.Users)
    - QuerySpaces
       - EntityQuerySpaceImpl(uid=&lt;gen:0&gt;, entity=pojos.Users)
          - SQL table alias mapping - users0_
          - alias suffix - 0_
          - suffixed key columns - {userId1_5_0_}

org.hibernate.loader.entity.plan.EntityLoader 2015-06-20 15:55:06,590 DEBUG - Static select for entity pojos.Users [UPGRADE]: select users0_.userId as userId1_5_0_, users0_.email as email2_5_0_, users0_.name as name3_5_0_, users0_.pass as pass4_5_0_, users0_.surname as surname5_5_0_ from Users users0_ where users0_.userId=? for update
org.hibernate.loader.plan.build.internal.AbstractLoadPlanBuildingAssociationVisitationStrategy 2015-06-20 15:55:06,591 TRACE -  Starting root entity : pojos.Users
org.hibernate.loader.plan.build.internal.spaces.QuerySpacesImpl 2015-06-20 15:55:06,591 DEBUG - Adding QuerySpace : uid = &lt;gen:0&gt; -&gt; org.hibernate.loader.plan.build.internal.spaces.EntityQuerySpaceImpl@53ee9ba0]
org.hibernate.loader.plan.build.internal.AbstractLoadPlanBuildingAssociationVisitationStrategy 2015-06-20 15:55:06,591 TRACE - Pushing fetch source to stack : org.hibernate.loader.plan.build.internal.returns.EntityReturnImpl@562b506c
org.hibernate.loader.plan.build.internal.AbstractLoadPlanBuildingAssociationVisitationStrategy 2015-06-20 15:55:06,591 TRACE - .. Registering AssociationKey : AssociationKey(table=Users, columns={userId}) -&gt; org.hibernate.loader.plan.build.internal.returns.EntityReturnImpl@562b506c
org.hibernate.loader.plan.build.internal.AbstractLoadPlanBuildingAssociationVisitationStrategy 2015-06-20 15:55:06,592 TRACE - &gt;&gt; Starting entity identifier : pojos.Users
org.hibernate.persister.walking.spi.MetamodelGraphWalker 2015-06-20 15:55:06,592 DEBUG - Visiting attribute path : email
org.hibernate.loader.plan.build.internal.AbstractLoadPlanBuildingAssociationVisitationStrategy 2015-06-20 15:55:06,592 TRACE - &gt;&gt; Starting attribute Attribute(name=email, type=string [non-identifier])
org.hibernate.loader.plan.build.internal.AbstractLoadPlanBuildingAssociationVisitationStrategy 2015-06-20 15:55:06,593 TRACE - &lt;&lt; Finishing up attribute : Attribute(name=email, type=string [non-identifier])
org.hibernate.persister.walking.spi.MetamodelGraphWalker 2015-06-20 15:55:06,593 DEBUG - Visiting attribute path : name
org.hibernate.loader.plan.build.internal.AbstractLoadPlanBuildingAssociationVisitationStrategy 2015-06-20 15:55:06,594 TRACE - &gt;&gt; Starting attribute Attribute(name=name, type=string [non-identifier])
org.hibernate.loader.plan.build.internal.AbstractLoadPlanBuildingAssociationVisitationStrategy 2015-06-20 15:55:06,594 TRACE - &lt;&lt; Finishing up attribute : Attribute(name=name, type=string [non-identifier])
org.hibernate.persister.walking.spi.MetamodelGraphWalker 2015-06-20 15:55:06,594 DEBUG - Visiting attribute path : news
org.hibernate.loader.plan.build.internal.AbstractLoadPlanBuildingAssociationVisitationStrategy 2015-06-20 15:55:06,595 TRACE - &gt;&gt; Starting attribute Attribute(name=news, type=java.util.Set(pojos.Users.news) [non-identifier,association])
org.hibernate.loader.plan.build.internal.AbstractLoadPlanBuildingAssociationVisitationStrategy 2015-06-20 15:55:06,595 TRACE - &lt;&lt; Finishing up attribute : Attribute(name=news, type=java.util.Set(pojos.Users.news) [non-identifier,association])
org.hibernate.persister.walking.spi.MetamodelGraphWalker 2015-06-20 15:55:06,595 DEBUG - Visiting attribute path : pass
org.hibernate.loader.plan.build.internal.AbstractLoadPlanBuildingAssociationVisitationStrategy 2015-06-20 15:55:06,596 TRACE - &gt;&gt; Starting attribute Attribute(name=pass, type=string [non-identifier])
org.hibernate.loader.plan.build.internal.AbstractLoadPlanBuildingAssociationVisitationStrategy 2015-06-20 15:55:06,596 TRACE - &lt;&lt; Finishing up attribute : Attribute(name=pass, type=string [non-identifier])
org.hibernate.persister.walking.spi.MetamodelGraphWalker 2015-06-20 15:55:06,596 DEBUG - Visiting attribute path : roles
org.hibernate.loader.plan.build.internal.AbstractLoadPlanBuildingAssociationVisitationStrategy 2015-06-20 15:55:06,597 TRACE - &gt;&gt; Starting attribute Attribute(name=roles, type=java.util.Set(pojos.Users.roles) [non-identifier,association])
org.hibernate.loader.plan.build.internal.AbstractLoadPlanBuildingAssociationVisitationStrategy 2015-06-20 15:55:06,597 TRACE - &lt;&lt; Finishing up attribute : Attribute(name=roles, type=java.util.Set(pojos.Users.roles) [non-identifier,association])
org.hibernate.persister.walking.spi.MetamodelGraphWalker 2015-06-20 15:55:06,597 DEBUG - Visiting attribute path : surname
org.hibernate.loader.plan.build.internal.AbstractLoadPlanBuildingAssociationVisitationStrategy 2015-06-20 15:55:06,597 TRACE - &gt;&gt; Starting attribute Attribute(name=surname, type=string [non-identifier])
org.hibernate.loader.plan.build.internal.AbstractLoadPlanBuildingAssociationVisitationStrategy 2015-06-20 15:55:06,598 TRACE - &lt;&lt; Finishing up attribute : Attribute(name=surname, type=string [non-identifier])
org.hibernate.loader.plan.build.internal.AbstractLoadPlanBuildingAssociationVisitationStrategy 2015-06-20 15:55:06,598 TRACE - Popped fetch owner from stack : org.hibernate.loader.plan.build.internal.returns.EntityReturnImpl@562b506c
org.hibernate.loader.plan.build.internal.AbstractLoadPlanBuildingAssociationVisitationStrategy 2015-06-20 15:55:06,598 TRACE -  Finished root entity : pojos.Users
org.hibernate.loader.plan.build.internal.FetchStyleLoadPlanBuildingAssociationVisitationStrategy 2015-06-20 15:55:06,598 DEBUG - Building LoadPlan...
org.hibernate.loader.plan.exec.internal.LoadQueryJoinAndFetchProcessor 2015-06-20 15:55:06,599 DEBUG - processing queryspace &lt;gen:0&gt;
org.hibernate.loader.plan.build.spi.LoadPlanTreePrinter 2015-06-20 15:55:06,599 DEBUG - LoadPlan(entity=pojos.Users)
    - Returns
       - EntityReturnImpl(entity=pojos.Users, querySpaceUid=&lt;gen:0&gt;, path=pojos.Users)
    - QuerySpaces
       - EntityQuerySpaceImpl(uid=&lt;gen:0&gt;, entity=pojos.Users)
          - SQL table alias mapping - users0_
          - alias suffix - 0_
          - suffixed key columns - {userId1_5_0_}

org.hibernate.loader.entity.plan.EntityLoader 2015-06-20 15:55:06,600 DEBUG - Static select for entity pojos.Users [UPGRADE_NOWAIT]: select users0_.userId as userId1_5_0_, users0_.email as email2_5_0_, users0_.name as name3_5_0_, users0_.pass as pass4_5_0_, users0_.surname as surname5_5_0_ from Users users0_ where users0_.userId=? for update
org.hibernate.loader.plan.build.internal.AbstractLoadPlanBuildingAssociationVisitationStrategy 2015-06-20 15:55:06,600 TRACE -  Starting root entity : pojos.Users
org.hibernate.loader.plan.build.internal.spaces.QuerySpacesImpl 2015-06-20 15:55:06,600 DEBUG - Adding QuerySpace : uid = &lt;gen:0&gt; -&gt; org.hibernate.loader.plan.build.internal.spaces.EntityQuerySpaceImpl@35ad0ea6]
org.hibernate.loader.plan.build.internal.AbstractLoadPlanBuildingAssociationVisitationStrategy 2015-06-20 15:55:06,600 TRACE - Pushing fetch source to stack : org.hibernate.loader.plan.build.internal.returns.EntityReturnImpl@749ccfd1
org.hibernate.loader.plan.build.internal.AbstractLoadPlanBuildingAssociationVisitationStrategy 2015-06-20 15:55:06,601 TRACE - .. Registering AssociationKey : AssociationKey(table=Users, columns={userId}) -&gt; org.hibernate.loader.plan.build.internal.returns.EntityReturnImpl@749ccfd1
org.hibernate.loader.plan.build.internal.AbstractLoadPlanBuildingAssociationVisitationStrategy 2015-06-20 15:55:06,601 TRACE - &gt;&gt; Starting entity identifier : pojos.Users
org.hibernate.persister.walking.spi.MetamodelGraphWalker 2015-06-20 15:55:06,601 DEBUG - Visiting attribute path : email
org.hibernate.loader.plan.build.internal.AbstractLoadPlanBuildingAssociationVisitationStrategy 2015-06-20 15:55:06,601 TRACE - &gt;&gt; Starting attribute Attribute(name=email, type=string [non-identifier])
org.hibernate.loader.plan.build.internal.AbstractLoadPlanBuildingAssociationVisitationStrategy 2015-06-20 15:55:06,602 TRACE - &lt;&lt; Finishing up attribute : Attribute(name=email, type=string [non-identifier])
org.hibernate.persister.walking.spi.MetamodelGraphWalker 2015-06-20 15:55:06,602 DEBUG - Visiting attribute path : name
org.hibernate.loader.plan.build.internal.AbstractLoadPlanBuildingAssociationVisitationStrategy 2015-06-20 15:55:06,602 TRACE - &gt;&gt; Starting attribute Attribute(name=name, type=string [non-identifier])
org.hibernate.loader.plan.build.internal.AbstractLoadPlanBuildingAssociationVisitationStrategy 2015-06-20 15:55:06,602 TRACE - &lt;&lt; Finishing up attribute : Attribute(name=name, type=string [non-identifier])
org.hibernate.persister.walking.spi.MetamodelGraphWalker 2015-06-20 15:55:06,603 DEBUG - Visiting attribute path : news
org.hibernate.loader.plan.build.internal.AbstractLoadPlanBuildingAssociationVisitationStrategy 2015-06-20 15:55:06,603 TRACE - &gt;&gt; Starting attribute Attribute(name=news, type=java.util.Set(pojos.Users.news) [non-identifier,association])
org.hibernate.loader.plan.build.internal.AbstractLoadPlanBuildingAssociationVisitationStrategy 2015-06-20 15:55:06,603 TRACE - &lt;&lt; Finishing up attribute : Attribute(name=news, type=java.util.Set(pojos.Users.news) [non-identifier,association])
org.hibernate.persister.walking.spi.MetamodelGraphWalker 2015-06-20 15:55:06,604 DEBUG - Visiting attribute path : pass
org.hibernate.loader.plan.build.internal.AbstractLoadPlanBuildingAssociationVisitationStrategy 2015-06-20 15:55:06,604 TRACE - &gt;&gt; Starting attribute Attribute(name=pass, type=string [non-identifier])
org.hibernate.loader.plan.build.internal.AbstractLoadPlanBuildingAssociationVisitationStrategy 2015-06-20 15:55:06,604 TRACE - &lt;&lt; Finishing up attribute : Attribute(name=pass, type=string [non-identifier])
org.hibernate.persister.walking.spi.MetamodelGraphWalker 2015-06-20 15:55:06,604 DEBUG - Visiting attribute path : roles
org.hibernate.loader.plan.build.internal.AbstractLoadPlanBuildingAssociationVisitationStrategy 2015-06-20 15:55:06,605 TRACE - &gt;&gt; Starting attribute Attribute(name=roles, type=java.util.Set(pojos.Users.roles) [non-identifier,association])
org.hibernate.loader.plan.build.internal.AbstractLoadPlanBuildingAssociationVisitationStrategy 2015-06-20 15:55:06,605 TRACE - &lt;&lt; Finishing up attribute : Attribute(name=roles, type=java.util.Set(pojos.Users.roles) [non-identifier,association])
org.hibernate.persister.walking.spi.MetamodelGraphWalker 2015-06-20 15:55:06,605 DEBUG - Visiting attribute path : surname
org.hibernate.loader.plan.build.internal.AbstractLoadPlanBuildingAssociationVisitationStrategy 2015-06-20 15:55:06,605 TRACE - &gt;&gt; Starting attribute Attribute(name=surname, type=string [non-identifier])
org.hibernate.loader.plan.build.internal.AbstractLoadPlanBuildingAssociationVisitationStrategy 2015-06-20 15:55:06,606 TRACE - &lt;&lt; Finishing up attribute : Attribute(name=surname, type=string [non-identifier])
org.hibernate.loader.plan.build.internal.AbstractLoadPlanBuildingAssociationVisitationStrategy 2015-06-20 15:55:06,606 TRACE - Popped fetch owner from stack : org.hibernate.loader.plan.build.internal.returns.EntityReturnImpl@749ccfd1
org.hibernate.loader.plan.build.internal.AbstractLoadPlanBuildingAssociationVisitationStrategy 2015-06-20 15:55:06,606 TRACE -  Finished root entity : pojos.Users
org.hibernate.loader.plan.build.internal.FetchStyleLoadPlanBuildingAssociationVisitationStrategy 2015-06-20 15:55:06,607 DEBUG - Building LoadPlan...
org.hibernate.loader.plan.exec.internal.LoadQueryJoinAndFetchProcessor 2015-06-20 15:55:06,607 DEBUG - processing queryspace &lt;gen:0&gt;
org.hibernate.loader.plan.build.spi.LoadPlanTreePrinter 2015-06-20 15:55:06,609 DEBUG - LoadPlan(entity=pojos.Users)
    - Returns
       - EntityReturnImpl(entity=pojos.Users, querySpaceUid=&lt;gen:0&gt;, path=pojos.Users)
    - QuerySpaces
       - EntityQuerySpaceImpl(uid=&lt;gen:0&gt;, entity=pojos.Users)
          - SQL table alias mapping - users0_
          - alias suffix - 0_
          - suffixed key columns - {userId1_5_0_}

org.hibernate.loader.entity.plan.EntityLoader 2015-06-20 15:55:06,609 DEBUG - Static select for entity pojos.Users [UPGRADE_SKIPLOCKED]: select users0_.userId as userId1_5_0_, users0_.email as email2_5_0_, users0_.name as name3_5_0_, users0_.pass as pass4_5_0_, users0_.surname as surname5_5_0_ from Users users0_ where users0_.userId=? for update
org.hibernate.loader.plan.build.internal.AbstractLoadPlanBuildingAssociationVisitationStrategy 2015-06-20 15:55:06,610 TRACE -  Starting root entity : pojos.Users
org.hibernate.loader.plan.build.internal.spaces.QuerySpacesImpl 2015-06-20 15:55:06,610 DEBUG - Adding QuerySpace : uid = &lt;gen:0&gt; -&gt; org.hibernate.loader.plan.build.internal.spaces.EntityQuerySpaceImpl@630fde26]
org.hibernate.loader.plan.build.internal.AbstractLoadPlanBuildingAssociationVisitationStrategy 2015-06-20 15:55:06,611 TRACE - Pushing fetch source to stack : org.hibernate.loader.plan.build.internal.returns.EntityReturnImpl@26c1c399
org.hibernate.loader.plan.build.internal.AbstractLoadPlanBuildingAssociationVisitationStrategy 2015-06-20 15:55:06,611 TRACE - .. Registering AssociationKey : AssociationKey(table=Users, columns={userId}) -&gt; org.hibernate.loader.plan.build.internal.returns.EntityReturnImpl@26c1c399
org.hibernate.loader.plan.build.internal.AbstractLoadPlanBuildingAssociationVisitationStrategy 2015-06-20 15:55:06,612 TRACE - &gt;&gt; Starting entity identifier : pojos.Users
org.hibernate.persister.walking.spi.MetamodelGraphWalker 2015-06-20 15:55:06,612 DEBUG - Visiting attribute path : email
org.hibernate.loader.plan.build.internal.AbstractLoadPlanBuildingAssociationVisitationStrategy 2015-06-20 15:55:06,613 TRACE - &gt;&gt; Starting attribute Attribute(name=email, type=string [non-identifier])
org.hibernate.loader.plan.build.internal.AbstractLoadPlanBuildingAssociationVisitationStrategy 2015-06-20 15:55:06,614 TRACE - &lt;&lt; Finishing up attribute : Attribute(name=email, type=string [non-identifier])
org.hibernate.persister.walking.spi.MetamodelGraphWalker 2015-06-20 15:55:06,614 DEBUG - Visiting attribute path : name
org.hibernate.loader.plan.build.internal.AbstractLoadPlanBuildingAssociationVisitationStrategy 2015-06-20 15:55:06,615 TRACE - &gt;&gt; Starting attribute Attribute(name=name, type=string [non-identifier])
org.hibernate.loader.plan.build.internal.AbstractLoadPlanBuildingAssociationVisitationStrategy 2015-06-20 15:55:06,615 TRACE - &lt;&lt; Finishing up attribute : Attribute(name=name, type=string [non-identifier])
org.hibernate.persister.walking.spi.MetamodelGraphWalker 2015-06-20 15:55:06,616 DEBUG - Visiting attribute path : news
org.hibernate.loader.plan.build.internal.AbstractLoadPlanBuildingAssociationVisitationStrategy 2015-06-20 15:55:06,617 TRACE - &gt;&gt; Starting attribute Attribute(name=news, type=java.util.Set(pojos.Users.news) [non-identifier,association])
org.hibernate.loader.plan.build.internal.AbstractLoadPlanBuildingAssociationVisitationStrategy 2015-06-20 15:55:06,617 TRACE - &lt;&lt; Finishing up attribute : Attribute(name=news, type=java.util.Set(pojos.Users.news) [non-identifier,association])
org.hibernate.persister.walking.spi.MetamodelGraphWalker 2015-06-20 15:55:06,618 DEBUG - Visiting attribute path : pass
org.hibernate.loader.plan.build.internal.AbstractLoadPlanBuildingAssociationVisitationStrategy 2015-06-20 15:55:06,618 TRACE - &gt;&gt; Starting attribute Attribute(name=pass, type=string [non-identifier])
org.hibernate.loader.plan.build.internal.AbstractLoadPlanBuildingAssociationVisitationStrategy 2015-06-20 15:55:06,619 TRACE - &lt;&lt; Finishing up attribute : Attribute(name=pass, type=string [non-identifier])
org.hibernate.persister.walking.spi.MetamodelGraphWalker 2015-06-20 15:55:06,619 DEBUG - Visiting attribute path : roles
org.hibernate.loader.plan.build.internal.AbstractLoadPlanBuildingAssociationVisitationStrategy 2015-06-20 15:55:06,619 TRACE - &gt;&gt; Starting attribute Attribute(name=roles, type=java.util.Set(pojos.Users.roles) [non-identifier,association])
org.hibernate.loader.plan.build.internal.AbstractLoadPlanBuildingAssociationVisitationStrategy 2015-06-20 15:55:06,620 TRACE - &lt;&lt; Finishing up attribute : Attribute(name=roles, type=java.util.Set(pojos.Users.roles) [non-identifier,association])
org.hibernate.persister.walking.spi.MetamodelGraphWalker 2015-06-20 15:55:06,620 DEBUG - Visiting attribute path : surname
org.hibernate.loader.plan.build.internal.AbstractLoadPlanBuildingAssociationVisitationStrategy 2015-06-20 15:55:06,620 TRACE - &gt;&gt; Starting attribute Attribute(name=surname, type=string [non-identifier])
org.hibernate.loader.plan.build.internal.AbstractLoadPlanBuildingAssociationVisitationStrategy 2015-06-20 15:55:06,621 TRACE - &lt;&lt; Finishing up attribute : Attribute(name=surname, type=string [non-identifier])
org.hibernate.loader.plan.build.internal.AbstractLoadPlanBuildingAssociationVisitationStrategy 2015-06-20 15:55:06,622 TRACE - Popped fetch owner from stack : org.hibernate.loader.plan.build.internal.returns.EntityReturnImpl@26c1c399
org.hibernate.loader.plan.build.internal.AbstractLoadPlanBuildingAssociationVisitationStrategy 2015-06-20 15:55:06,622 TRACE -  Finished root entity : pojos.Users
org.hibernate.loader.plan.build.internal.FetchStyleLoadPlanBuildingAssociationVisitationStrategy 2015-06-20 15:55:06,622 DEBUG - Building LoadPlan...
org.hibernate.loader.plan.exec.internal.LoadQueryJoinAndFetchProcessor 2015-06-20 15:55:06,623 DEBUG - processing queryspace &lt;gen:0&gt;
org.hibernate.loader.plan.build.spi.LoadPlanTreePrinter 2015-06-20 15:55:06,623 DEBUG - LoadPlan(entity=pojos.Users)
    - Returns
       - EntityReturnImpl(entity=pojos.Users, querySpaceUid=&lt;gen:0&gt;, path=pojos.Users)
    - QuerySpaces
       - EntityQuerySpaceImpl(uid=&lt;gen:0&gt;, entity=pojos.Users)
          - SQL table alias mapping - users0_
          - alias suffix - 0_
          - suffixed key columns - {userId1_5_0_}

org.hibernate.loader.entity.plan.EntityLoader 2015-06-20 15:55:06,624 DEBUG - Static select for entity pojos.Users [FORCE]: select users0_.userId as userId1_5_0_, users0_.email as email2_5_0_, users0_.name as name3_5_0_, users0_.pass as pass4_5_0_, users0_.surname as surname5_5_0_ from Users users0_ where users0_.userId=? for update
org.hibernate.loader.plan.build.internal.AbstractLoadPlanBuildingAssociationVisitationStrategy 2015-06-20 15:55:06,624 TRACE -  Starting root entity : pojos.Users
org.hibernate.loader.plan.build.internal.spaces.QuerySpacesImpl 2015-06-20 15:55:06,624 DEBUG - Adding QuerySpace : uid = &lt;gen:0&gt; -&gt; org.hibernate.loader.plan.build.internal.spaces.EntityQuerySpaceImpl@7b1085af]
org.hibernate.loader.plan.build.internal.AbstractLoadPlanBuildingAssociationVisitationStrategy 2015-06-20 15:55:06,624 TRACE - Pushing fetch source to stack : org.hibernate.loader.plan.build.internal.returns.EntityReturnImpl@79b8e347
org.hibernate.loader.plan.build.internal.AbstractLoadPlanBuildingAssociationVisitationStrategy 2015-06-20 15:55:06,641 TRACE - .. Registering AssociationKey : AssociationKey(table=Users, columns={userId}) -&gt; org.hibernate.loader.plan.build.internal.returns.EntityReturnImpl@79b8e347
org.hibernate.loader.plan.build.internal.AbstractLoadPlanBuildingAssociationVisitationStrategy 2015-06-20 15:55:06,641 TRACE - &gt;&gt; Starting entity identifier : pojos.Users
org.hibernate.persister.walking.spi.MetamodelGraphWalker 2015-06-20 15:55:06,642 DEBUG - Visiting attribute path : email
org.hibernate.loader.plan.build.internal.AbstractLoadPlanBuildingAssociationVisitationStrategy 2015-06-20 15:55:06,642 TRACE - &gt;&gt; Starting attribute Attribute(name=email, type=string [non-identifier])
org.hibernate.loader.plan.build.internal.AbstractLoadPlanBuildingAssociationVisitationStrategy 2015-06-20 15:55:06,642 TRACE - &lt;&lt; Finishing up attribute : Attribute(name=email, type=string [non-identifier])
org.hibernate.persister.walking.spi.MetamodelGraphWalker 2015-06-20 15:55:06,643 DEBUG - Visiting attribute path : name
org.hibernate.loader.plan.build.internal.AbstractLoadPlanBuildingAssociationVisitationStrategy 2015-06-20 15:55:06,643 TRACE - &gt;&gt; Starting attribute Attribute(name=name, type=string [non-identifier])
org.hibernate.loader.plan.build.internal.AbstractLoadPlanBuildingAssociationVisitationStrategy 2015-06-20 15:55:06,644 TRACE - &lt;&lt; Finishing up attribute : Attribute(name=name, type=string [non-identifier])
org.hibernate.persister.walking.spi.MetamodelGraphWalker 2015-06-20 15:55:06,644 DEBUG - Visiting attribute path : news
org.hibernate.loader.plan.build.internal.AbstractLoadPlanBuildingAssociationVisitationStrategy 2015-06-20 15:55:06,645 TRACE - &gt;&gt; Starting attribute Attribute(name=news, type=java.util.Set(pojos.Users.news) [non-identifier,association])
org.hibernate.loader.plan.build.internal.AbstractLoadPlanBuildingAssociationVisitationStrategy 2015-06-20 15:55:06,645 TRACE - &lt;&lt; Finishing up attribute : Attribute(name=news, type=java.util.Set(pojos.Users.news) [non-identifier,association])
org.hibernate.persister.walking.spi.MetamodelGraphWalker 2015-06-20 15:55:06,646 DEBUG - Visiting attribute path : pass
org.hibernate.loader.plan.build.internal.AbstractLoadPlanBuildingAssociationVisitationStrategy 2015-06-20 15:55:06,646 TRACE - &gt;&gt; Starting attribute Attribute(name=pass, type=string [non-identifier])
org.hibernate.loader.plan.build.internal.AbstractLoadPlanBuildingAssociationVisitationStrategy 2015-06-20 15:55:06,646 TRACE - &lt;&lt; Finishing up attribute : Attribute(name=pass, type=string [non-identifier])
org.hibernate.persister.walking.spi.MetamodelGraphWalker 2015-06-20 15:55:06,647 DEBUG - Visiting attribute path : roles
org.hibernate.loader.plan.build.internal.AbstractLoadPlanBuildingAssociationVisitationStrategy 2015-06-20 15:55:06,647 TRACE - &gt;&gt; Starting attribute Attribute(name=roles, type=java.util.Set(pojos.Users.roles) [non-identifier,association])
org.hibernate.loader.plan.build.internal.AbstractLoadPlanBuildingAssociationVisitationStrategy 2015-06-20 15:55:06,648 TRACE - &lt;&lt; Finishing up attribute : Attribute(name=roles, type=java.util.Set(pojos.Users.roles) [non-identifier,association])
org.hibernate.persister.walking.spi.MetamodelGraphWalker 2015-06-20 15:55:06,648 DEBUG - Visiting attribute path : surname
org.hibernate.loader.plan.build.internal.AbstractLoadPlanBuildingAssociationVisitationStrategy 2015-06-20 15:55:06,649 TRACE - &gt;&gt; Starting attribute Attribute(name=surname, type=string [non-identifier])
org.hibernate.loader.plan.build.internal.AbstractLoadPlanBuildingAssociationVisitationStrategy 2015-06-20 15:55:06,650 TRACE - &lt;&lt; Finishing up attribute : Attribute(name=surname, type=string [non-identifier])
org.hibernate.loader.plan.build.internal.AbstractLoadPlanBuildingAssociationVisitationStrategy 2015-06-20 15:55:06,650 TRACE - Popped fetch owner from stack : org.hibernate.loader.plan.build.internal.returns.EntityReturnImpl@79b8e347
org.hibernate.loader.plan.build.internal.AbstractLoadPlanBuildingAssociationVisitationStrategy 2015-06-20 15:55:06,650 TRACE -  Finished root entity : pojos.Users
org.hibernate.loader.plan.build.internal.FetchStyleLoadPlanBuildingAssociationVisitationStrategy 2015-06-20 15:55:06,651 DEBUG - Building LoadPlan...
org.hibernate.loader.plan.exec.internal.LoadQueryJoinAndFetchProcessor 2015-06-20 15:55:06,651 DEBUG - processing queryspace &lt;gen:0&gt;
org.hibernate.loader.plan.build.spi.LoadPlanTreePrinter 2015-06-20 15:55:06,652 DEBUG - LoadPlan(entity=pojos.Users)
    - Returns
       - EntityReturnImpl(entity=pojos.Users, querySpaceUid=&lt;gen:0&gt;, path=pojos.Users)
    - QuerySpaces
       - EntityQuerySpaceImpl(uid=&lt;gen:0&gt;, entity=pojos.Users)
          - SQL table alias mapping - users0_
          - alias suffix - 0_
          - suffixed key columns - {userId1_5_0_}

org.hibernate.loader.entity.plan.EntityLoader 2015-06-20 15:55:06,652 DEBUG - Static select for entity pojos.Users [PESSIMISTIC_READ]: select users0_.userId as userId1_5_0_, users0_.email as email2_5_0_, users0_.name as name3_5_0_, users0_.pass as pass4_5_0_, users0_.surname as surname5_5_0_ from Users users0_ where users0_.userId=? lock in share mode
org.hibernate.loader.plan.build.internal.AbstractLoadPlanBuildingAssociationVisitationStrategy 2015-06-20 15:55:06,652 TRACE -  Starting root entity : pojos.Users
org.hibernate.loader.plan.build.internal.spaces.QuerySpacesImpl 2015-06-20 15:55:06,652 DEBUG - Adding QuerySpace : uid = &lt;gen:0&gt; -&gt; org.hibernate.loader.plan.build.internal.spaces.EntityQuerySpaceImpl@5a26b058]
org.hibernate.loader.plan.build.internal.AbstractLoadPlanBuildingAssociationVisitationStrategy 2015-06-20 15:55:06,653 TRACE - Pushing fetch source to stack : org.hibernate.loader.plan.build.internal.returns.EntityReturnImpl@22038fa5
org.hibernate.loader.plan.build.internal.AbstractLoadPlanBuildingAssociationVisitationStrategy 2015-06-20 15:55:06,653 TRACE - .. Registering AssociationKey : AssociationKey(table=Users, columns={userId}) -&gt; org.hibernate.loader.plan.build.internal.returns.EntityReturnImpl@22038fa5
org.hibernate.loader.plan.build.internal.AbstractLoadPlanBuildingAssociationVisitationStrategy 2015-06-20 15:55:06,653 TRACE - &gt;&gt; Starting entity identifier : pojos.Users
org.hibernate.persister.walking.spi.MetamodelGraphWalker 2015-06-20 15:55:06,653 DEBUG - Visiting attribute path : email
org.hibernate.loader.plan.build.internal.AbstractLoadPlanBuildingAssociationVisitationStrategy 2015-06-20 15:55:06,654 TRACE - &gt;&gt; Starting attribute Attribute(name=email, type=string [non-identifier])
org.hibernate.loader.plan.build.internal.AbstractLoadPlanBuildingAssociationVisitationStrategy 2015-06-20 15:55:06,654 TRACE - &lt;&lt; Finishing up attribute : Attribute(name=email, type=string [non-identifier])
org.hibernate.persister.walking.spi.MetamodelGraphWalker 2015-06-20 15:55:06,655 DEBUG - Visiting attribute path : name
org.hibernate.loader.plan.build.internal.AbstractLoadPlanBuildingAssociationVisitationStrategy 2015-06-20 15:55:06,655 TRACE - &gt;&gt; Starting attribute Attribute(name=name, type=string [non-identifier])
org.hibernate.loader.plan.build.internal.AbstractLoadPlanBuildingAssociationVisitationStrategy 2015-06-20 15:55:06,656 TRACE - &lt;&lt; Finishing up attribute : Attribute(name=name, type=string [non-identifier])
org.hibernate.persister.walking.spi.MetamodelGraphWalker 2015-06-20 15:55:06,656 DEBUG - Visiting attribute path : news
org.hibernate.loader.plan.build.internal.AbstractLoadPlanBuildingAssociationVisitationStrategy 2015-06-20 15:55:06,657 TRACE - &gt;&gt; Starting attribute Attribute(name=news, type=java.util.Set(pojos.Users.news) [non-identifier,association])
org.hibernate.loader.plan.build.internal.AbstractLoadPlanBuildingAssociationVisitationStrategy 2015-06-20 15:55:06,657 TRACE - &lt;&lt; Finishing up attribute : Attribute(name=news, type=java.util.Set(pojos.Users.news) [non-identifier,association])
org.hibernate.persister.walking.spi.MetamodelGraphWalker 2015-06-20 15:55:06,658 DEBUG - Visiting attribute path : pass
org.hibernate.loader.plan.build.internal.AbstractLoadPlanBuildingAssociationVisitationStrategy 2015-06-20 15:55:06,658 TRACE - &gt;&gt; Starting attribute Attribute(name=pass, type=string [non-identifier])
org.hibernate.loader.plan.build.internal.AbstractLoadPlanBuildingAssociationVisitationStrategy 2015-06-20 15:55:06,658 TRACE - &lt;&lt; Finishing up attribute : Attribute(name=pass, type=string [non-identifier])
org.hibernate.persister.walking.spi.MetamodelGraphWalker 2015-06-20 15:55:06,659 DEBUG - Visiting attribute path : roles
org.hibernate.loader.plan.build.internal.AbstractLoadPlanBuildingAssociationVisitationStrategy 2015-06-20 15:55:06,659 TRACE - &gt;&gt; Starting attribute Attribute(name=roles, type=java.util.Set(pojos.Users.roles) [non-identifier,association])
org.hibernate.loader.plan.build.internal.AbstractLoadPlanBuildingAssociationVisitationStrategy 2015-06-20 15:55:06,659 TRACE - &lt;&lt; Finishing up attribute : Attribute(name=roles, type=java.util.Set(pojos.Users.roles) [non-identifier,association])
org.hibernate.persister.walking.spi.MetamodelGraphWalker 2015-06-20 15:55:06,660 DEBUG - Visiting attribute path : surname
org.hibernate.loader.plan.build.internal.AbstractLoadPlanBuildingAssociationVisitationStrategy 2015-06-20 15:55:06,660 TRACE - &gt;&gt; Starting attribute Attribute(name=surname, type=string [non-identifier])
org.hibernate.loader.plan.build.internal.AbstractLoadPlanBuildingAssociationVisitationStrategy 2015-06-20 15:55:06,661 TRACE - &lt;&lt; Finishing up attribute : Attribute(name=surname, type=string [non-identifier])
org.hibernate.loader.plan.build.internal.AbstractLoadPlanBuildingAssociationVisitationStrategy 2015-06-20 15:55:06,662 TRACE - Popped fetch owner from stack : org.hibernate.loader.plan.build.internal.returns.EntityReturnImpl@22038fa5
org.hibernate.loader.plan.build.internal.AbstractLoadPlanBuildingAssociationVisitationStrategy 2015-06-20 15:55:06,662 TRACE -  Finished root entity : pojos.Users
org.hibernate.loader.plan.build.internal.FetchStyleLoadPlanBuildingAssociationVisitationStrategy 2015-06-20 15:55:06,662 DEBUG - Building LoadPlan...
org.hibernate.loader.plan.exec.internal.LoadQueryJoinAndFetchProcessor 2015-06-20 15:55:06,663 DEBUG - processing queryspace &lt;gen:0&gt;
org.hibernate.loader.plan.build.spi.LoadPlanTreePrinter 2015-06-20 15:55:06,663 DEBUG - LoadPlan(entity=pojos.Users)
    - Returns
       - EntityReturnImpl(entity=pojos.Users, querySpaceUid=&lt;gen:0&gt;, path=pojos.Users)
    - QuerySpaces
       - EntityQuerySpaceImpl(uid=&lt;gen:0&gt;, entity=pojos.Users)
          - SQL table alias mapping - users0_
          - alias suffix - 0_
          - suffixed key columns - {userId1_5_0_}

org.hibernate.loader.entity.plan.EntityLoader 2015-06-20 15:55:06,664 DEBUG - Static select for entity pojos.Users [PESSIMISTIC_WRITE]: select users0_.userId as userId1_5_0_, users0_.email as email2_5_0_, users0_.name as name3_5_0_, users0_.pass as pass4_5_0_, users0_.surname as surname5_5_0_ from Users users0_ where users0_.userId=? for update
org.hibernate.loader.plan.build.internal.AbstractLoadPlanBuildingAssociationVisitationStrategy 2015-06-20 15:55:06,664 TRACE -  Starting root entity : pojos.Users
org.hibernate.loader.plan.build.internal.spaces.QuerySpacesImpl 2015-06-20 15:55:06,664 DEBUG - Adding QuerySpace : uid = &lt;gen:0&gt; -&gt; org.hibernate.loader.plan.build.internal.spaces.EntityQuerySpaceImpl@17cbab15]
org.hibernate.loader.plan.build.internal.AbstractLoadPlanBuildingAssociationVisitationStrategy 2015-06-20 15:55:06,664 TRACE - Pushing fetch source to stack : org.hibernate.loader.plan.build.internal.returns.EntityReturnImpl@3c4cfbe7
org.hibernate.loader.plan.build.internal.AbstractLoadPlanBuildingAssociationVisitationStrategy 2015-06-20 15:55:06,665 TRACE - .. Registering AssociationKey : AssociationKey(table=Users, columns={userId}) -&gt; org.hibernate.loader.plan.build.internal.returns.EntityReturnImpl@3c4cfbe7
org.hibernate.loader.plan.build.internal.AbstractLoadPlanBuildingAssociationVisitationStrategy 2015-06-20 15:55:06,665 TRACE - &gt;&gt; Starting entity identifier : pojos.Users
org.hibernate.persister.walking.spi.MetamodelGraphWalker 2015-06-20 15:55:06,665 DEBUG - Visiting attribute path : email
org.hibernate.loader.plan.build.internal.AbstractLoadPlanBuildingAssociationVisitationStrategy 2015-06-20 15:55:06,665 TRACE - &gt;&gt; Starting attribute Attribute(name=email, type=string [non-identifier])
org.hibernate.loader.plan.build.internal.AbstractLoadPlanBuildingAssociationVisitationStrategy 2015-06-20 15:55:06,666 TRACE - &lt;&lt; Finishing up attribute : Attribute(name=email, type=string [non-identifier])
org.hibernate.persister.walking.spi.MetamodelGraphWalker 2015-06-20 15:55:06,666 DEBUG - Visiting attribute path : name
org.hibernate.loader.plan.build.internal.AbstractLoadPlanBuildingAssociationVisitationStrategy 2015-06-20 15:55:06,667 TRACE - &gt;&gt; Starting attribute Attribute(name=name, type=string [non-identifier])
org.hibernate.loader.plan.build.internal.AbstractLoadPlanBuildingAssociationVisitationStrategy 2015-06-20 15:55:06,667 TRACE - &lt;&lt; Finishing up attribute : Attribute(name=name, type=string [non-identifier])
org.hibernate.persister.walking.spi.MetamodelGraphWalker 2015-06-20 15:55:06,668 DEBUG - Visiting attribute path : news
org.hibernate.loader.plan.build.internal.AbstractLoadPlanBuildingAssociationVisitationStrategy 2015-06-20 15:55:06,668 TRACE - &gt;&gt; Starting attribute Attribute(name=news, type=java.util.Set(pojos.Users.news) [non-identifier,association])
org.hibernate.loader.plan.build.internal.AbstractLoadPlanBuildingAssociationVisitationStrategy 2015-06-20 15:55:06,669 TRACE - &lt;&lt; Finishing up attribute : Attribute(name=news, type=java.util.Set(pojos.Users.news) [non-identifier,association])
org.hibernate.persister.walking.spi.MetamodelGraphWalker 2015-06-20 15:55:06,669 DEBUG - Visiting attribute path : pass
org.hibernate.loader.plan.build.internal.AbstractLoadPlanBuildingAssociationVisitationStrategy 2015-06-20 15:55:06,670 TRACE - &gt;&gt; Starting attribute Attribute(name=pass, type=string [non-identifier])
org.hibernate.loader.plan.build.internal.AbstractLoadPlanBuildingAssociationVisitationStrategy 2015-06-20 15:55:06,670 TRACE - &lt;&lt; Finishing up attribute : Attribute(name=pass, type=string [non-identifier])
org.hibernate.persister.walking.spi.MetamodelGraphWalker 2015-06-20 15:55:06,670 DEBUG - Visiting attribute path : roles
org.hibernate.loader.plan.build.internal.AbstractLoadPlanBuildingAssociationVisitationStrategy 2015-06-20 15:55:06,671 TRACE - &gt;&gt; Starting attribute Attribute(name=roles, type=java.util.Set(pojos.Users.roles) [non-identifier,association])
org.hibernate.loader.plan.build.internal.AbstractLoadPlanBuildingAssociationVisitationStrategy 2015-06-20 15:55:06,671 TRACE - &lt;&lt; Finishing up attribute : Attribute(name=roles, type=java.util.Set(pojos.Users.roles) [non-identifier,association])
org.hibernate.persister.walking.spi.MetamodelGraphWalker 2015-06-20 15:55:06,672 DEBUG - Visiting attribute path : surname
org.hibernate.loader.plan.build.internal.AbstractLoadPlanBuildingAssociationVisitationStrategy 2015-06-20 15:55:06,672 TRACE - &gt;&gt; Starting attribute Attribute(name=surname, type=string [non-identifier])
org.hibernate.loader.plan.build.internal.AbstractLoadPlanBuildingAssociationVisitationStrategy 2015-06-20 15:55:06,673 TRACE - &lt;&lt; Finishing up attribute : Attribute(name=surname, type=string [non-identifier])
org.hibernate.loader.plan.build.internal.AbstractLoadPlanBuildingAssociationVisitationStrategy 2015-06-20 15:55:06,674 TRACE - Popped fetch owner from stack : org.hibernate.loader.plan.build.internal.returns.EntityReturnImpl@3c4cfbe7
org.hibernate.loader.plan.build.internal.AbstractLoadPlanBuildingAssociationVisitationStrategy 2015-06-20 15:55:06,674 TRACE -  Finished root entity : pojos.Users
org.hibernate.loader.plan.build.internal.FetchStyleLoadPlanBuildingAssociationVisitationStrategy 2015-06-20 15:55:06,675 DEBUG - Building LoadPlan...
org.hibernate.loader.plan.exec.internal.LoadQueryJoinAndFetchProcessor 2015-06-20 15:55:06,675 DEBUG - processing queryspace &lt;gen:0&gt;
org.hibernate.loader.plan.build.spi.LoadPlanTreePrinter 2015-06-20 15:55:06,676 DEBUG - LoadPlan(entity=pojos.Users)
    - Returns
       - EntityReturnImpl(entity=pojos.Users, querySpaceUid=&lt;gen:0&gt;, path=pojos.Users)
    - QuerySpaces
       - EntityQuerySpaceImpl(uid=&lt;gen:0&gt;, entity=pojos.Users)
          - SQL table alias mapping - users0_
          - alias suffix - 0_
          - suffixed key columns - {userId1_5_0_}

org.hibernate.loader.entity.plan.EntityLoader 2015-06-20 15:55:06,676 DEBUG - Static select for entity pojos.Users [PESSIMISTIC_FORCE_INCREMENT]: select users0_.userId as userId1_5_0_, users0_.email as email2_5_0_, users0_.name as name3_5_0_, users0_.pass as pass4_5_0_, users0_.surname as surname5_5_0_ from Users users0_ where users0_.userId=? for update
org.hibernate.loader.plan.build.internal.AbstractLoadPlanBuildingAssociationVisitationStrategy 2015-06-20 15:55:06,676 TRACE -  Starting root entity : pojos.Users
org.hibernate.loader.plan.build.internal.spaces.QuerySpacesImpl 2015-06-20 15:55:06,677 DEBUG - Adding QuerySpace : uid = &lt;gen:0&gt; -&gt; org.hibernate.loader.plan.build.internal.spaces.EntityQuerySpaceImpl@622e199e]
org.hibernate.loader.plan.build.internal.AbstractLoadPlanBuildingAssociationVisitationStrategy 2015-06-20 15:55:06,677 TRACE - Pushing fetch source to stack : org.hibernate.loader.plan.build.internal.returns.EntityReturnImpl@4094066d
org.hibernate.loader.plan.build.internal.AbstractLoadPlanBuildingAssociationVisitationStrategy 2015-06-20 15:55:06,677 TRACE - .. Registering AssociationKey : AssociationKey(table=Users, columns={userId}) -&gt; org.hibernate.loader.plan.build.internal.returns.EntityReturnImpl@4094066d
org.hibernate.loader.plan.build.internal.AbstractLoadPlanBuildingAssociationVisitationStrategy 2015-06-20 15:55:06,677 TRACE - &gt;&gt; Starting entity identifier : pojos.Users
org.hibernate.persister.walking.spi.MetamodelGraphWalker 2015-06-20 15:55:06,678 DEBUG - Visiting attribute path : email
org.hibernate.loader.plan.build.internal.AbstractLoadPlanBuildingAssociationVisitationStrategy 2015-06-20 15:55:06,678 TRACE - &gt;&gt; Starting attribute Attribute(name=email, type=string [non-identifier])
org.hibernate.loader.plan.build.internal.AbstractLoadPlanBuildingAssociationVisitationStrategy 2015-06-20 15:55:06,678 TRACE - &lt;&lt; Finishing up attribute : Attribute(name=email, type=string [non-identifier])
org.hibernate.persister.walking.spi.MetamodelGraphWalker 2015-06-20 15:55:06,679 DEBUG - Visiting attribute path : name
org.hibernate.loader.plan.build.internal.AbstractLoadPlanBuildingAssociationVisitationStrategy 2015-06-20 15:55:06,679 TRACE - &gt;&gt; Starting attribute Attribute(name=name, type=string [non-identifier])
org.hibernate.loader.plan.build.internal.AbstractLoadPlanBuildingAssociationVisitationStrategy 2015-06-20 15:55:06,680 TRACE - &lt;&lt; Finishing up attribute : Attribute(name=name, type=string [non-identifier])
org.hibernate.persister.walking.spi.MetamodelGraphWalker 2015-06-20 15:55:06,680 DEBUG - Visiting attribute path : news
org.hibernate.loader.plan.build.internal.AbstractLoadPlanBuildingAssociationVisitationStrategy 2015-06-20 15:55:06,681 TRACE - &gt;&gt; Starting attribute Attribute(name=news, type=java.util.Set(pojos.Users.news) [non-identifier,association])
org.hibernate.loader.plan.build.internal.AbstractLoadPlanBuildingAssociationVisitationStrategy 2015-06-20 15:55:06,681 TRACE - &lt;&lt; Finishing up attribute : Attribute(name=news, type=java.util.Set(pojos.Users.news) [non-identifier,association])
org.hibernate.persister.walking.spi.MetamodelGraphWalker 2015-06-20 15:55:06,682 DEBUG - Visiting attribute path : pass
org.hibernate.loader.plan.build.internal.AbstractLoadPlanBuildingAssociationVisitationStrategy 2015-06-20 15:55:06,682 TRACE - &gt;&gt; Starting attribute Attribute(name=pass, type=string [non-identifier])
org.hibernate.loader.plan.build.internal.AbstractLoadPlanBuildingAssociationVisitationStrategy 2015-06-20 15:55:06,683 TRACE - &lt;&lt; Finishing up attribute : Attribute(name=pass, type=string [non-identifier])
org.hibernate.persister.walking.spi.MetamodelGraphWalker 2015-06-20 15:55:06,683 DEBUG - Visiting attribute path : roles
org.hibernate.loader.plan.build.internal.AbstractLoadPlanBuildingAssociationVisitationStrategy 2015-06-20 15:55:06,683 TRACE - &gt;&gt; Starting attribute Attribute(name=roles, type=java.util.Set(pojos.Users.roles) [non-identifier,association])
org.hibernate.loader.plan.build.internal.AbstractLoadPlanBuildingAssociationVisitationStrategy 2015-06-20 15:55:06,684 TRACE - &lt;&lt; Finishing up attribute : Attribute(name=roles, type=java.util.Set(pojos.Users.roles) [non-identifier,association])
org.hibernate.persister.walking.spi.MetamodelGraphWalker 2015-06-20 15:55:06,684 DEBUG - Visiting attribute path : surname
org.hibernate.loader.plan.build.internal.AbstractLoadPlanBuildingAssociationVisitationStrategy 2015-06-20 15:55:06,685 TRACE - &gt;&gt; Starting attribute Attribute(name=surname, type=string [non-identifier])
org.hibernate.loader.plan.build.internal.AbstractLoadPlanBuildingAssociationVisitationStrategy 2015-06-20 15:55:06,686 TRACE - &lt;&lt; Finishing up attribute : Attribute(name=surname, type=string [non-identifier])
org.hibernate.loader.plan.build.internal.AbstractLoadPlanBuildingAssociationVisitationStrategy 2015-06-20 15:55:06,686 TRACE - Popped fetch owner from stack : org.hibernate.loader.plan.build.internal.returns.EntityReturnImpl@4094066d
org.hibernate.loader.plan.build.internal.AbstractLoadPlanBuildingAssociationVisitationStrategy 2015-06-20 15:55:06,687 TRACE -  Finished root entity : pojos.Users
org.hibernate.loader.plan.build.internal.FetchStyleLoadPlanBuildingAssociationVisitationStrategy 2015-06-20 15:55:06,687 DEBUG - Building LoadPlan...
org.hibernate.loader.plan.exec.internal.LoadQueryJoinAndFetchProcessor 2015-06-20 15:55:06,687 DEBUG - processing queryspace &lt;gen:0&gt;
org.hibernate.loader.plan.build.spi.LoadPlanTreePrinter 2015-06-20 15:55:06,688 DEBUG - LoadPlan(entity=pojos.Users)
    - Returns
       - EntityReturnImpl(entity=pojos.Users, querySpaceUid=&lt;gen:0&gt;, path=pojos.Users)
    - QuerySpaces
       - EntityQuerySpaceImpl(uid=&lt;gen:0&gt;, entity=pojos.Users)
          - SQL table alias mapping - users0_
          - alias suffix - 0_
          - suffixed key columns - {userId1_5_0_}

org.hibernate.loader.entity.plan.EntityLoader 2015-06-20 15:55:06,688 DEBUG - Static select for entity pojos.Users [OPTIMISTIC]: select users0_.userId as userId1_5_0_, users0_.email as email2_5_0_, users0_.name as name3_5_0_, users0_.pass as pass4_5_0_, users0_.surname as surname5_5_0_ from Users users0_ where users0_.userId=?
org.hibernate.loader.plan.build.internal.AbstractLoadPlanBuildingAssociationVisitationStrategy 2015-06-20 15:55:06,689 TRACE -  Starting root entity : pojos.Users
org.hibernate.loader.plan.build.internal.spaces.QuerySpacesImpl 2015-06-20 15:55:06,689 DEBUG - Adding QuerySpace : uid = &lt;gen:0&gt; -&gt; org.hibernate.loader.plan.build.internal.spaces.EntityQuerySpaceImpl@3631ff3a]
org.hibernate.loader.plan.build.internal.AbstractLoadPlanBuildingAssociationVisitationStrategy 2015-06-20 15:55:06,689 TRACE - Pushing fetch source to stack : org.hibernate.loader.plan.build.internal.returns.EntityReturnImpl@c6b54a2
org.hibernate.loader.plan.build.internal.AbstractLoadPlanBuildingAssociationVisitationStrategy 2015-06-20 15:55:06,689 TRACE - .. Registering AssociationKey : AssociationKey(table=Users, columns={userId}) -&gt; org.hibernate.loader.plan.build.internal.returns.EntityReturnImpl@c6b54a2
org.hibernate.loader.plan.build.internal.AbstractLoadPlanBuildingAssociationVisitationStrategy 2015-06-20 15:55:06,690 TRACE - &gt;&gt; Starting entity identifier : pojos.Users
org.hibernate.persister.walking.spi.MetamodelGraphWalker 2015-06-20 15:55:06,690 DEBUG - Visiting attribute path : email
org.hibernate.loader.plan.build.internal.AbstractLoadPlanBuildingAssociationVisitationStrategy 2015-06-20 15:55:06,690 TRACE - &gt;&gt; Starting attribute Attribute(name=email, type=string [non-identifier])
org.hibernate.loader.plan.build.internal.AbstractLoadPlanBuildingAssociationVisitationStrategy 2015-06-20 15:55:06,691 TRACE - &lt;&lt; Finishing up attribute : Attribute(name=email, type=string [non-identifier])
org.hibernate.persister.walking.spi.MetamodelGraphWalker 2015-06-20 15:55:06,691 DEBUG - Visiting attribute path : name
org.hibernate.loader.plan.build.internal.AbstractLoadPlanBuildingAssociationVisitationStrategy 2015-06-20 15:55:06,692 TRACE - &gt;&gt; Starting attribute Attribute(name=name, type=string [non-identifier])
org.hibernate.loader.plan.build.internal.AbstractLoadPlanBuildingAssociationVisitationStrategy 2015-06-20 15:55:06,692 TRACE - &lt;&lt; Finishing up attribute : Attribute(name=name, type=string [non-identifier])
org.hibernate.persister.walking.spi.MetamodelGraphWalker 2015-06-20 15:55:06,693 DEBUG - Visiting attribute path : news
org.hibernate.loader.plan.build.internal.AbstractLoadPlanBuildingAssociationVisitationStrategy 2015-06-20 15:55:06,693 TRACE - &gt;&gt; Starting attribute Attribute(name=news, type=java.util.Set(pojos.Users.news) [non-identifier,association])
org.hibernate.loader.plan.build.internal.AbstractLoadPlanBuildingAssociationVisitationStrategy 2015-06-20 15:55:06,693 TRACE - &lt;&lt; Finishing up attribute : Attribute(name=news, type=java.util.Set(pojos.Users.news) [non-identifier,association])
org.hibernate.persister.walking.spi.MetamodelGraphWalker 2015-06-20 15:55:06,694 DEBUG - Visiting attribute path : pass
org.hibernate.loader.plan.build.internal.AbstractLoadPlanBuildingAssociationVisitationStrategy 2015-06-20 15:55:06,694 TRACE - &gt;&gt; Starting attribute Attribute(name=pass, type=string [non-identifier])
org.hibernate.loader.plan.build.internal.AbstractLoadPlanBuildingAssociationVisitationStrategy 2015-06-20 15:55:06,694 TRACE - &lt;&lt; Finishing up attribute : Attribute(name=pass, type=string [non-identifier])
org.hibernate.persister.walking.spi.MetamodelGraphWalker 2015-06-20 15:55:06,694 DEBUG - Visiting attribute path : roles
org.hibernate.loader.plan.build.internal.AbstractLoadPlanBuildingAssociationVisitationStrategy 2015-06-20 15:55:06,695 TRACE - &gt;&gt; Starting attribute Attribute(name=roles, type=java.util.Set(pojos.Users.roles) [non-identifier,association])
org.hibernate.loader.plan.build.internal.AbstractLoadPlanBuildingAssociationVisitationStrategy 2015-06-20 15:55:06,695 TRACE - &lt;&lt; Finishing up attribute : Attribute(name=roles, type=java.util.Set(pojos.Users.roles) [non-identifier,association])
org.hibernate.persister.walking.spi.MetamodelGraphWalker 2015-06-20 15:55:06,696 DEBUG - Visiting attribute path : surname
org.hibernate.loader.plan.build.internal.AbstractLoadPlanBuildingAssociationVisitationStrategy 2015-06-20 15:55:06,696 TRACE - &gt;&gt; Starting attribute Attribute(name=surname, type=string [non-identifier])
org.hibernate.loader.plan.build.internal.AbstractLoadPlanBuildingAssociationVisitationStrategy 2015-06-20 15:55:06,696 TRACE - &lt;&lt; Finishing up attribute : Attribute(name=surname, type=string [non-identifier])
org.hibernate.loader.plan.build.internal.AbstractLoadPlanBuildingAssociationVisitationStrategy 2015-06-20 15:55:06,696 TRACE - Popped fetch owner from stack : org.hibernate.loader.plan.build.internal.returns.EntityReturnImpl@c6b54a2
org.hibernate.loader.plan.build.internal.AbstractLoadPlanBuildingAssociationVisitationStrategy 2015-06-20 15:55:06,697 TRACE -  Finished root entity : pojos.Users
org.hibernate.loader.plan.build.internal.FetchStyleLoadPlanBuildingAssociationVisitationStrategy 2015-06-20 15:55:06,697 DEBUG - Building LoadPlan...
org.hibernate.loader.plan.exec.internal.LoadQueryJoinAndFetchProcessor 2015-06-20 15:55:06,697 DEBUG - processing queryspace &lt;gen:0&gt;
org.hibernate.loader.plan.build.spi.LoadPlanTreePrinter 2015-06-20 15:55:06,698 DEBUG - LoadPlan(entity=pojos.Users)
    - Returns
       - EntityReturnImpl(entity=pojos.Users, querySpaceUid=&lt;gen:0&gt;, path=pojos.Users)
    - QuerySpaces
       - EntityQuerySpaceImpl(uid=&lt;gen:0&gt;, entity=pojos.Users)
          - SQL table alias mapping - users0_
          - alias suffix - 0_
          - suffixed key columns - {userId1_5_0_}

org.hibernate.loader.entity.plan.EntityLoader 2015-06-20 15:55:06,698 DEBUG - Static select for entity pojos.Users [OPTIMISTIC_FORCE_INCREMENT]: select users0_.userId as userId1_5_0_, users0_.email as email2_5_0_, users0_.name as name3_5_0_, users0_.pass as pass4_5_0_, users0_.surname as surname5_5_0_ from Users users0_ where users0_.userId=?
org.hibernate.loader.entity.CascadeEntityLoader 2015-06-20 15:55:06,698 DEBUG - Static select for action ACTION_MERGE on entity pojos.Users: select users0_.userId as userId1_5_0_, users0_.email as email2_5_0_, users0_.name as name3_5_0_, users0_.pass as pass4_5_0_, users0_.surname as surname5_5_0_ from Users users0_ where users0_.userId=?
org.hibernate.loader.entity.CascadeEntityLoader 2015-06-20 15:55:06,699 DEBUG - Static select for action ACTION_REFRESH on entity pojos.Users: select users0_.userId as userId1_5_0_, users0_.email as email2_5_0_, users0_.name as name3_5_0_, users0_.pass as pass4_5_0_, users0_.surname as surname5_5_0_ from Users users0_ where users0_.userId=?
org.hibernate.persister.entity.AbstractEntityPersister 2015-06-20 15:55:06,699 DEBUG - Static SQL for entity: pojos.News
org.hibernate.persister.entity.AbstractEntityPersister 2015-06-20 15:55:06,699 DEBUG -  Version select: select newsId from News where newsId =?
org.hibernate.persister.entity.AbstractEntityPersister 2015-06-20 15:55:06,700 DEBUG -  Snapshot select: select news_.newsId, news_.author as author2_1_, news_.category as category7_1_, news_.mainText as mainText3_1_, news_.postDay as postDay4_1_, news_.title as title5_1_, news_.title4ann as title6_1_, news_.user as user8_1_ from News news_ where news_.newsId=?
org.hibernate.persister.entity.AbstractEntityPersister 2015-06-20 15:55:06,700 DEBUG -  Insert 0: insert into News (author, category, mainText, postDay, title, title4ann, user, newsId) values (?, ?, ?, ?, ?, ?, ?, ?)
org.hibernate.persister.entity.AbstractEntityPersister 2015-06-20 15:55:06,700 DEBUG -  Update 0: update News set author=?, category=?, mainText=?, postDay=?, title=?, title4ann=?, user=? where newsId=?
org.hibernate.persister.entity.AbstractEntityPersister 2015-06-20 15:55:06,700 DEBUG -  Delete 0: delete from News where newsId=?
org.hibernate.persister.entity.AbstractEntityPersister 2015-06-20 15:55:06,701 DEBUG -  Identity insert: insert into News (author, category, mainText, postDay, title, title4ann, user) values (?, ?, ?, ?, ?, ?, ?)
org.hibernate.loader.plan.build.internal.AbstractLoadPlanBuildingAssociationVisitationStrategy 2015-06-20 15:55:06,701 TRACE -  Starting root entity : pojos.News
org.hibernate.loader.plan.build.internal.spaces.QuerySpacesImpl 2015-06-20 15:55:06,701 DEBUG - Adding QuerySpace : uid = &lt;gen:0&gt; -&gt; org.hibernate.loader.plan.build.internal.spaces.EntityQuerySpaceImpl@5a815e0c]
org.hibernate.loader.plan.build.internal.AbstractLoadPlanBuildingAssociationVisitationStrategy 2015-06-20 15:55:06,701 TRACE - Pushing fetch source to stack : org.hibernate.loader.plan.build.internal.returns.EntityReturnImpl@6345943f
org.hibernate.loader.plan.build.internal.AbstractLoadPlanBuildingAssociationVisitationStrategy 2015-06-20 15:55:06,702 TRACE - .. Registering AssociationKey : AssociationKey(table=News, columns={newsId}) -&gt; org.hibernate.loader.plan.build.internal.returns.EntityReturnImpl@6345943f
org.hibernate.loader.plan.build.internal.AbstractLoadPlanBuildingAssociationVisitationStrategy 2015-06-20 15:55:06,702 TRACE - &gt;&gt; Starting entity identifier : pojos.News
org.hibernate.persister.walking.spi.MetamodelGraphWalker 2015-06-20 15:55:06,702 DEBUG - Visiting attribute path : author
org.hibernate.loader.plan.build.internal.AbstractLoadPlanBuildingAssociationVisitationStrategy 2015-06-20 15:55:06,703 TRACE - &gt;&gt; Starting attribute Attribute(name=author, type=string [non-identifier])
org.hibernate.loader.plan.build.internal.AbstractLoadPlanBuildingAssociationVisitationStrategy 2015-06-20 15:55:06,703 TRACE - &lt;&lt; Finishing up attribute : Attribute(name=author, type=string [non-identifier])
org.hibernate.persister.walking.spi.MetamodelGraphWalker 2015-06-20 15:55:06,703 DEBUG - Visiting attribute path : category
org.hibernate.loader.plan.build.internal.AbstractLoadPlanBuildingAssociationVisitationStrategy 2015-06-20 15:55:06,704 TRACE - &gt;&gt; Starting attribute Attribute(name=category, type=pojos.Category [non-identifier,association])
org.hibernate.loader.plan.build.internal.spaces.QuerySpacesImpl 2015-06-20 15:55:06,704 DEBUG - Adding QuerySpace : uid = &lt;gen:1&gt; -&gt; org.hibernate.loader.plan.build.internal.spaces.EntityQuerySpaceImpl@6d07e703]
org.hibernate.loader.plan.build.internal.AbstractLoadPlanBuildingAssociationVisitationStrategy 2015-06-20 15:55:06,704 TRACE - Pushing fetch source to stack : org.hibernate.loader.plan.build.internal.returns.EntityAttributeFetchImpl@21cfade1
org.hibernate.loader.plan.build.internal.AbstractLoadPlanBuildingAssociationVisitationStrategy 2015-06-20 15:55:06,705 TRACE - .... Registering AssociationKey : AssociationKey(table=News, columns={category}) -&gt; org.hibernate.loader.plan.build.internal.returns.EntityAttributeFetchImpl@21cfade1
org.hibernate.loader.plan.build.internal.AbstractLoadPlanBuildingAssociationVisitationStrategy 2015-06-20 15:55:06,705 TRACE - &gt;&gt;&gt;&gt; Starting entity identifier : pojos.Category
org.hibernate.persister.walking.spi.MetamodelGraphWalker 2015-06-20 15:55:06,705 DEBUG - Visiting attribute path : category.categoryName
org.hibernate.loader.plan.build.internal.AbstractLoadPlanBuildingAssociationVisitationStrategy 2015-06-20 15:55:06,706 TRACE - &gt;&gt;&gt;&gt; Starting attribute Attribute(name=categoryName, type=string [non-identifier])
org.hibernate.loader.plan.build.internal.AbstractLoadPlanBuildingAssociationVisitationStrategy 2015-06-20 15:55:06,706 TRACE - &lt;&lt;&lt;&lt; Finishing up attribute : Attribute(name=categoryName, type=string [non-identifier])
org.hibernate.persister.walking.spi.MetamodelGraphWalker 2015-06-20 15:55:06,706 DEBUG - Visiting attribute path : category.news
org.hibernate.persister.walking.spi.MetamodelGraphWalker 2015-06-20 15:55:06,706 DEBUG - Property path deemed to be circular : category.news
org.hibernate.loader.plan.build.internal.AbstractLoadPlanBuildingAssociationVisitationStrategy 2015-06-20 15:55:06,707 TRACE - Popped fetch owner from stack : org.hibernate.loader.plan.build.internal.returns.EntityAttributeFetchImpl@21cfade1
org.hibernate.loader.plan.build.internal.AbstractLoadPlanBuildingAssociationVisitationStrategy 2015-06-20 15:55:06,707 TRACE - &lt;&lt; Finishing up attribute : Attribute(name=category, type=pojos.Category [non-identifier,association])
org.hibernate.persister.walking.spi.MetamodelGraphWalker 2015-06-20 15:55:06,708 DEBUG - Visiting attribute path : mainText
org.hibernate.loader.plan.build.internal.AbstractLoadPlanBuildingAssociationVisitationStrategy 2015-06-20 15:55:06,708 TRACE - &gt;&gt; Starting attribute Attribute(name=mainText, type=text [non-identifier])
org.hibernate.loader.plan.build.internal.AbstractLoadPlanBuildingAssociationVisitationStrategy 2015-06-20 15:55:06,708 TRACE - &lt;&lt; Finishing up attribute : Attribute(name=mainText, type=text [non-identifier])
org.hibernate.persister.walking.spi.MetamodelGraphWalker 2015-06-20 15:55:06,709 DEBUG - Visiting attribute path : postDay
org.hibernate.loader.plan.build.internal.AbstractLoadPlanBuildingAssociationVisitationStrategy 2015-06-20 15:55:06,709 TRACE - &gt;&gt; Starting attribute Attribute(name=postDay, type=string [non-identifier])
org.hibernate.loader.plan.build.internal.AbstractLoadPlanBuildingAssociationVisitationStrategy 2015-06-20 15:55:06,709 TRACE - &lt;&lt; Finishing up attribute : Attribute(name=postDay, type=string [non-identifier])
org.hibernate.persister.walking.spi.MetamodelGraphWalker 2015-06-20 15:55:06,709 DEBUG - Visiting attribute path : title
org.hibernate.loader.plan.build.internal.AbstractLoadPlanBuildingAssociationVisitationStrategy 2015-06-20 15:55:06,710 TRACE - &gt;&gt; Starting attribute Attribute(name=title, type=string [non-identifier])
org.hibernate.loader.plan.build.internal.AbstractLoadPlanBuildingAssociationVisitationStrategy 2015-06-20 15:55:06,710 TRACE - &lt;&lt; Finishing up attribute : Attribute(name=title, type=string [non-identifier])
org.hibernate.persister.walking.spi.MetamodelGraphWalker 2015-06-20 15:55:06,710 DEBUG - Visiting attribute path : title4ann
org.hibernate.loader.plan.build.internal.AbstractLoadPlanBuildingAssociationVisitationStrategy 2015-06-20 15:55:06,711 TRACE - &gt;&gt; Starting attribute Attribute(name=title4ann, type=string [non-identifier])
org.hibernate.loader.plan.build.internal.AbstractLoadPlanBuildingAssociationVisitationStrategy 2015-06-20 15:55:06,711 TRACE - &lt;&lt; Finishing up attribute : Attribute(name=title4ann, type=string [non-identifier])
org.hibernate.persister.walking.spi.MetamodelGraphWalker 2015-06-20 15:55:06,711 DEBUG - Visiting attribute path : user
org.hibernate.loader.plan.build.internal.AbstractLoadPlanBuildingAssociationVisitationStrategy 2015-06-20 15:55:06,712 TRACE - &gt;&gt; Starting attribute Attribute(name=user, type=pojos.Users [non-identifier,association])
org.hibernate.loader.plan.build.internal.spaces.QuerySpacesImpl 2015-06-20 15:55:06,712 DEBUG - Adding QuerySpace : uid = &lt;gen:2&gt; -&gt; org.hibernate.loader.plan.build.internal.spaces.EntityQuerySpaceImpl@49a0a01e]
org.hibernate.loader.plan.build.internal.AbstractLoadPlanBuildingAssociationVisitationStrategy 2015-06-20 15:55:06,712 TRACE - Pushing fetch source to stack : org.hibernate.loader.plan.build.internal.returns.EntityAttributeFetchImpl@50703755
org.hibernate.loader.plan.build.internal.AbstractLoadPlanBuildingAssociationVisitationStrategy 2015-06-20 15:55:06,712 TRACE - .... Registering AssociationKey : AssociationKey(table=News, columns={user}) -&gt; org.hibernate.loader.plan.build.internal.returns.EntityAttributeFetchImpl@50703755
org.hibernate.loader.plan.build.internal.AbstractLoadPlanBuildingAssociationVisitationStrategy 2015-06-20 15:55:06,713 TRACE - &gt;&gt;&gt;&gt; Starting entity identifier : pojos.Users
org.hibernate.persister.walking.spi.MetamodelGraphWalker 2015-06-20 15:55:06,713 DEBUG - Visiting attribute path : user.email
org.hibernate.loader.plan.build.internal.AbstractLoadPlanBuildingAssociationVisitationStrategy 2015-06-20 15:55:06,713 TRACE - &gt;&gt;&gt;&gt; Starting attribute Attribute(name=email, type=string [non-identifier])
org.hibernate.loader.plan.build.internal.AbstractLoadPlanBuildingAssociationVisitationStrategy 2015-06-20 15:55:06,713 TRACE - &lt;&lt;&lt;&lt; Finishing up attribute : Attribute(name=email, type=string [non-identifier])
org.hibernate.persister.walking.spi.MetamodelGraphWalker 2015-06-20 15:55:06,713 DEBUG - Visiting attribute path : user.name
org.hibernate.loader.plan.build.internal.AbstractLoadPlanBuildingAssociationVisitationStrategy 2015-06-20 15:55:06,714 TRACE - &gt;&gt;&gt;&gt; Starting attribute Attribute(name=name, type=string [non-identifier])
org.hibernate.loader.plan.build.internal.AbstractLoadPlanBuildingAssociationVisitationStrategy 2015-06-20 15:55:06,714 TRACE - &lt;&lt;&lt;&lt; Finishing up attribute : Attribute(name=name, type=string [non-identifier])
org.hibernate.persister.walking.spi.MetamodelGraphWalker 2015-06-20 15:55:06,714 DEBUG - Visiting attribute path : user.news
org.hibernate.persister.walking.spi.MetamodelGraphWalker 2015-06-20 15:55:06,715 DEBUG - Property path deemed to be circular : user.news
org.hibernate.persister.walking.spi.MetamodelGraphWalker 2015-06-20 15:55:06,715 DEBUG - Visiting attribute path : user.pass
org.hibernate.loader.plan.build.internal.AbstractLoadPlanBuildingAssociationVisitationStrategy 2015-06-20 15:55:06,716 TRACE - &gt;&gt;&gt;&gt; Starting attribute Attribute(name=pass, type=string [non-identifier])
org.hibernate.loader.plan.build.internal.AbstractLoadPlanBuildingAssociationVisitationStrategy 2015-06-20 15:55:06,716 TRACE - &lt;&lt;&lt;&lt; Finishing up attribute : Attribute(name=pass, type=string [non-identifier])
org.hibernate.persister.walking.spi.MetamodelGraphWalker 2015-06-20 15:55:06,716 DEBUG - Visiting attribute path : user.roles
org.hibernate.loader.plan.build.internal.AbstractLoadPlanBuildingAssociationVisitationStrategy 2015-06-20 15:55:06,717 TRACE - &gt;&gt;&gt;&gt; Starting attribute Attribute(name=roles, type=java.util.Set(pojos.Users.roles) [non-identifier,association])
org.hibernate.loader.plan.build.internal.AbstractLoadPlanBuildingAssociationVisitationStrategy 2015-06-20 15:55:06,717 TRACE - &lt;&lt;&lt;&lt; Finishing up attribute : Attribute(name=roles, type=java.util.Set(pojos.Users.roles) [non-identifier,association])
org.hibernate.persister.walking.spi.MetamodelGraphWalker 2015-06-20 15:55:06,717 DEBUG - Visiting attribute path : user.surname
org.hibernate.loader.plan.build.internal.AbstractLoadPlanBuildingAssociationVisitationStrategy 2015-06-20 15:55:06,717 TRACE - &gt;&gt;&gt;&gt; Starting attribute Attribute(name=surname, type=string [non-identifier])
org.hibernate.loader.plan.build.internal.AbstractLoadPlanBuildingAssociationVisitationStrategy 2015-06-20 15:55:06,718 TRACE - &lt;&lt;&lt;&lt; Finishing up attribute : Attribute(name=surname, type=string [non-identifier])
org.hibernate.loader.plan.build.internal.AbstractLoadPlanBuildingAssociationVisitationStrategy 2015-06-20 15:55:06,718 TRACE - Popped fetch owner from stack : org.hibernate.loader.plan.build.internal.returns.EntityAttributeFetchImpl@50703755
org.hibernate.loader.plan.build.internal.AbstractLoadPlanBuildingAssociationVisitationStrategy 2015-06-20 15:55:06,718 TRACE - &lt;&lt; Finishing up attribute : Attribute(name=user, type=pojos.Users [non-identifier,association])
org.hibernate.loader.plan.build.internal.AbstractLoadPlanBuildingAssociationVisitationStrategy 2015-06-20 15:55:06,719 TRACE - Popped fetch owner from stack : org.hibernate.loader.plan.build.internal.returns.EntityReturnImpl@6345943f
org.hibernate.loader.plan.build.internal.AbstractLoadPlanBuildingAssociationVisitationStrategy 2015-06-20 15:55:06,719 TRACE -  Finished root entity : pojos.News
org.hibernate.loader.plan.build.internal.FetchStyleLoadPlanBuildingAssociationVisitationStrategy 2015-06-20 15:55:06,719 DEBUG - Building LoadPlan...
org.hibernate.loader.plan.exec.internal.LoadQueryJoinAndFetchProcessor 2015-06-20 15:55:06,720 DEBUG - processing queryspace &lt;gen:0&gt;
org.hibernate.loader.plan.build.spi.LoadPlanTreePrinter 2015-06-20 15:55:06,721 DEBUG - LoadPlan(entity=pojos.News)
    - Returns
       - EntityReturnImpl(entity=pojos.News, querySpaceUid=&lt;gen:0&gt;, path=pojos.News)
          - EntityAttributeFetchImpl(entity=pojos.Category, querySpaceUid=&lt;gen:1&gt;, path=pojos.News.category)
          - EntityAttributeFetchImpl(entity=pojos.Users, querySpaceUid=&lt;gen:2&gt;, path=pojos.News.user)
    - QuerySpaces
       - EntityQuerySpaceImpl(uid=&lt;gen:0&gt;, entity=pojos.News)
          - SQL table alias mapping - news0_
          - alias suffix - 0_
          - suffixed key columns - {newsId1_1_0_}
          - JOIN (JoinDefinedByMetadata(category)) : &lt;gen:0&gt; -&gt; &lt;gen:1&gt;
             - EntityQuerySpaceImpl(uid=&lt;gen:1&gt;, entity=pojos.Category)
                - SQL table alias mapping - category1_
                - alias suffix - 1_
                - suffixed key columns - {category1_0_1_}
          - JOIN (JoinDefinedByMetadata(user)) : &lt;gen:0&gt; -&gt; &lt;gen:2&gt;
             - EntityQuerySpaceImpl(uid=&lt;gen:2&gt;, entity=pojos.Users)
                - SQL table alias mapping - users2_
                - alias suffix - 2_
                - suffixed key columns - {userId1_5_2_}

org.hibernate.loader.entity.plan.EntityLoader 2015-06-20 15:55:06,721 DEBUG - Static select for entity pojos.News [NONE]: select news0_.newsId as newsId1_1_0_, news0_.author as author2_1_0_, news0_.category as category7_1_0_, news0_.mainText as mainText3_1_0_, news0_.postDay as postDay4_1_0_, news0_.title as title5_1_0_, news0_.title4ann as title6_1_0_, news0_.user as user8_1_0_, category1_.categoryId as category1_0_1_, category1_.categoryName as category2_0_1_, users2_.userId as userId1_5_2_, users2_.email as email2_5_2_, users2_.name as name3_5_2_, users2_.pass as pass4_5_2_, users2_.surname as surname5_5_2_ from News news0_ left outer join Category category1_ on news0_.category=category1_.categoryId left outer join Users users2_ on news0_.user=users2_.userId where news0_.newsId=?
org.hibernate.loader.plan.build.internal.AbstractLoadPlanBuildingAssociationVisitationStrategy 2015-06-20 15:55:06,722 TRACE -  Starting root entity : pojos.News
org.hibernate.loader.plan.build.internal.spaces.QuerySpacesImpl 2015-06-20 15:55:06,722 DEBUG - Adding QuerySpace : uid = &lt;gen:0&gt; -&gt; org.hibernate.loader.plan.build.internal.spaces.EntityQuerySpaceImpl@7740d6b4]
org.hibernate.loader.plan.build.internal.AbstractLoadPlanBuildingAssociationVisitationStrategy 2015-06-20 15:55:06,722 TRACE - Pushing fetch source to stack : org.hibernate.loader.plan.build.internal.returns.EntityReturnImpl@41d00096
org.hibernate.loader.plan.build.internal.AbstractLoadPlanBuildingAssociationVisitationStrategy 2015-06-20 15:55:06,723 TRACE - .. Registering AssociationKey : AssociationKey(table=News, columns={newsId}) -&gt; org.hibernate.loader.plan.build.internal.returns.EntityReturnImpl@41d00096
org.hibernate.loader.plan.build.internal.AbstractLoadPlanBuildingAssociationVisitationStrategy 2015-06-20 15:55:06,723 TRACE - &gt;&gt; Starting entity identifier : pojos.News
org.hibernate.persister.walking.spi.MetamodelGraphWalker 2015-06-20 15:55:06,723 DEBUG - Visiting attribute path : author
org.hibernate.loader.plan.build.internal.AbstractLoadPlanBuildingAssociationVisitationStrategy 2015-06-20 15:55:06,723 TRACE - &gt;&gt; Starting attribute Attribute(name=author, type=string [non-identifier])
org.hibernate.loader.plan.build.internal.AbstractLoadPlanBuildingAssociationVisitationStrategy 2015-06-20 15:55:06,724 TRACE - &lt;&lt; Finishing up attribute : Attribute(name=author, type=string [non-identifier])
org.hibernate.persister.walking.spi.MetamodelGraphWalker 2015-06-20 15:55:06,724 DEBUG - Visiting attribute path : category
org.hibernate.loader.plan.build.internal.AbstractLoadPlanBuildingAssociationVisitationStrategy 2015-06-20 15:55:06,724 TRACE - &gt;&gt; Starting attribute Attribute(name=category, type=pojos.Category [non-identifier,association])
org.hibernate.loader.plan.build.internal.spaces.QuerySpacesImpl 2015-06-20 15:55:06,724 DEBUG - Adding QuerySpace : uid = &lt;gen:1&gt; -&gt; org.hibernate.loader.plan.build.internal.spaces.EntityQuerySpaceImpl@3ed6999b]
org.hibernate.loader.plan.build.internal.AbstractLoadPlanBuildingAssociationVisitationStrategy 2015-06-20 15:55:06,725 TRACE - Pushing fetch source to stack : org.hibernate.loader.plan.build.internal.returns.EntityAttributeFetchImpl@7afeaf57
org.hibernate.loader.plan.build.internal.AbstractLoadPlanBuildingAssociationVisitationStrategy 2015-06-20 15:55:06,725 TRACE - .... Registering AssociationKey : AssociationKey(table=News, columns={category}) -&gt; org.hibernate.loader.plan.build.internal.returns.EntityAttributeFetchImpl@7afeaf57
org.hibernate.loader.plan.build.internal.AbstractLoadPlanBuildingAssociationVisitationStrategy 2015-06-20 15:55:06,725 TRACE - &gt;&gt;&gt;&gt; Starting entity identifier : pojos.Category
org.hibernate.persister.walking.spi.MetamodelGraphWalker 2015-06-20 15:55:06,725 DEBUG - Visiting attribute path : category.categoryName
org.hibernate.loader.plan.build.internal.AbstractLoadPlanBuildingAssociationVisitationStrategy 2015-06-20 15:55:06,726 TRACE - &gt;&gt;&gt;&gt; Starting attribute Attribute(name=categoryName, type=string [non-identifier])
org.hibernate.loader.plan.build.internal.AbstractLoadPlanBuildingAssociationVisitationStrategy 2015-06-20 15:55:06,726 TRACE - &lt;&lt;&lt;&lt; Finishing up attribute : Attribute(name=categoryName, type=string [non-identifier])
org.hibernate.persister.walking.spi.MetamodelGraphWalker 2015-06-20 15:55:06,726 DEBUG - Visiting attribute path : category.news
org.hibernate.persister.walking.spi.MetamodelGraphWalker 2015-06-20 15:55:06,726 DEBUG - Property path deemed to be circular : category.news
org.hibernate.loader.plan.build.internal.AbstractLoadPlanBuildingAssociationVisitationStrategy 2015-06-20 15:55:06,727 TRACE - Popped fetch owner from stack : org.hibernate.loader.plan.build.internal.returns.EntityAttributeFetchImpl@7afeaf57
org.hibernate.loader.plan.build.internal.AbstractLoadPlanBuildingAssociationVisitationStrategy 2015-06-20 15:55:06,727 TRACE - &lt;&lt; Finishing up attribute : Attribute(name=category, type=pojos.Category [non-identifier,association])
org.hibernate.persister.walking.spi.MetamodelGraphWalker 2015-06-20 15:55:06,727 DEBUG - Visiting attribute path : mainText
org.hibernate.loader.plan.build.internal.AbstractLoadPlanBuildingAssociationVisitationStrategy 2015-06-20 15:55:06,727 TRACE - &gt;&gt; Starting attribute Attribute(name=mainText, type=text [non-identifier])
org.hibernate.loader.plan.build.internal.AbstractLoadPlanBuildingAssociationVisitationStrategy 2015-06-20 15:55:06,728 TRACE - &lt;&lt; Finishing up attribute : Attribute(name=mainText, type=text [non-identifier])
org.hibernate.persister.walking.spi.MetamodelGraphWalker 2015-06-20 15:55:06,728 DEBUG - Visiting attribute path : postDay
org.hibernate.loader.plan.build.internal.AbstractLoadPlanBuildingAssociationVisitationStrategy 2015-06-20 15:55:06,728 TRACE - &gt;&gt; Starting attribute Attribute(name=postDay, type=string [non-identifier])
org.hibernate.loader.plan.build.internal.AbstractLoadPlanBuildingAssociationVisitationStrategy 2015-06-20 15:55:06,728 TRACE - &lt;&lt; Finishing up attribute : Attribute(name=postDay, type=string [non-identifier])
org.hibernate.persister.walking.spi.MetamodelGraphWalker 2015-06-20 15:55:06,729 DEBUG - Visiting attribute path : title
org.hibernate.loader.plan.build.internal.AbstractLoadPlanBuildingAssociationVisitationStrategy 2015-06-20 15:55:06,729 TRACE - &gt;&gt; Starting attribute Attribute(name=title, type=string [non-identifier])
org.hibernate.loader.plan.build.internal.AbstractLoadPlanBuildingAssociationVisitationStrategy 2015-06-20 15:55:06,729 TRACE - &lt;&lt; Finishing up attribute : Attribute(name=title, type=string [non-identifier])
org.hibernate.persister.walking.spi.MetamodelGraphWalker 2015-06-20 15:55:06,729 DEBUG - Visiting attribute path : title4ann
org.hibernate.loader.plan.build.internal.AbstractLoadPlanBuildingAssociationVisitationStrategy 2015-06-20 15:55:06,730 TRACE - &gt;&gt; Starting attribute Attribute(name=title4ann, type=string [non-identifier])
org.hibernate.loader.plan.build.internal.AbstractLoadPlanBuildingAssociationVisitationStrategy 2015-06-20 15:55:06,730 TRACE - &lt;&lt; Finishing up attribute : Attribute(name=title4ann, type=string [non-identifier])
org.hibernate.persister.walking.spi.MetamodelGraphWalker 2015-06-20 15:55:06,730 DEBUG - Visiting attribute path : user
org.hibernate.loader.plan.build.internal.AbstractLoadPlanBuildingAssociationVisitationStrategy 2015-06-20 15:55:06,730 TRACE - &gt;&gt; Starting attribute Attribute(name=user, type=pojos.Users [non-identifier,association])
org.hibernate.loader.plan.build.internal.spaces.QuerySpacesImpl 2015-06-20 15:55:06,731 DEBUG - Adding QuerySpace : uid = &lt;gen:2&gt; -&gt; org.hibernate.loader.plan.build.internal.spaces.EntityQuerySpaceImpl@66a9b7d6]
org.hibernate.loader.plan.build.internal.AbstractLoadPlanBuildingAssociationVisitationStrategy 2015-06-20 15:55:06,731 TRACE - Pushing fetch source to stack : org.hibernate.loader.plan.build.internal.returns.EntityAttributeFetchImpl@10647742
org.hibernate.loader.plan.build.internal.AbstractLoadPlanBuildingAssociationVisitationStrategy 2015-06-20 15:55:06,731 TRACE - .... Registering AssociationKey : AssociationKey(table=News, columns={user}) -&gt; org.hibernate.loader.plan.build.internal.returns.EntityAttributeFetchImpl@10647742
org.hibernate.loader.plan.build.internal.AbstractLoadPlanBuildingAssociationVisitationStrategy 2015-06-20 15:55:06,731 TRACE - &gt;&gt;&gt;&gt; Starting entity identifier : pojos.Users
org.hibernate.persister.walking.spi.MetamodelGraphWalker 2015-06-20 15:55:06,732 DEBUG - Visiting attribute path : user.email
org.hibernate.loader.plan.build.internal.AbstractLoadPlanBuildingAssociationVisitationStrategy 2015-06-20 15:55:06,732 TRACE - &gt;&gt;&gt;&gt; Starting attribute Attribute(name=email, type=string [non-identifier])
org.hibernate.loader.plan.build.internal.AbstractLoadPlanBuildingAssociationVisitationStrategy 2015-06-20 15:55:06,732 TRACE - &lt;&lt;&lt;&lt; Finishing up attribute : Attribute(name=email, type=string [non-identifier])
org.hibernate.persister.walking.spi.MetamodelGraphWalker 2015-06-20 15:55:06,733 DEBUG - Visiting attribute path : user.name
org.hibernate.loader.plan.build.internal.AbstractLoadPlanBuildingAssociationVisitationStrategy 2015-06-20 15:55:06,733 TRACE - &gt;&gt;&gt;&gt; Starting attribute Attribute(name=name, type=string [non-identifier])
org.hibernate.loader.plan.build.internal.AbstractLoadPlanBuildingAssociationVisitationStrategy 2015-06-20 15:55:06,733 TRACE - &lt;&lt;&lt;&lt; Finishing up attribute : Attribute(name=name, type=string [non-identifier])
org.hibernate.persister.walking.spi.MetamodelGraphWalker 2015-06-20 15:55:06,733 DEBUG - Visiting attribute path : user.news
org.hibernate.persister.walking.spi.MetamodelGraphWalker 2015-06-20 15:55:06,734 DEBUG - Property path deemed to be circular : user.news
org.hibernate.persister.walking.spi.MetamodelGraphWalker 2015-06-20 15:55:06,734 DEBUG - Visiting attribute path : user.pass
org.hibernate.loader.plan.build.internal.AbstractLoadPlanBuildingAssociationVisitationStrategy 2015-06-20 15:55:06,734 TRACE - &gt;&gt;&gt;&gt; Starting attribute Attribute(name=pass, type=string [non-identifier])
org.hibernate.loader.plan.build.internal.AbstractLoadPlanBuildingAssociationVisitationStrategy 2015-06-20 15:55:06,734 TRACE - &lt;&lt;&lt;&lt; Finishing up attribute : Attribute(name=pass, type=string [non-identifier])
org.hibernate.persister.walking.spi.MetamodelGraphWalker 2015-06-20 15:55:06,734 DEBUG - Visiting attribute path : user.roles
org.hibernate.loader.plan.build.internal.AbstractLoadPlanBuildingAssociationVisitationStrategy 2015-06-20 15:55:06,735 TRACE - &gt;&gt;&gt;&gt; Starting attribute Attribute(name=roles, type=java.util.Set(pojos.Users.roles) [non-identifier,association])
org.hibernate.loader.plan.build.internal.AbstractLoadPlanBuildingAssociationVisitationStrategy 2015-06-20 15:55:06,735 TRACE - &lt;&lt;&lt;&lt; Finishing up attribute : Attribute(name=roles, type=java.util.Set(pojos.Users.roles) [non-identifier,association])
org.hibernate.persister.walking.spi.MetamodelGraphWalker 2015-06-20 15:55:06,735 DEBUG - Visiting attribute path : user.surname
org.hibernate.loader.plan.build.internal.AbstractLoadPlanBuildingAssociationVisitationStrategy 2015-06-20 15:55:06,735 TRACE - &gt;&gt;&gt;&gt; Starting attribute Attribute(name=surname, type=string [non-identifier])
org.hibernate.loader.plan.build.internal.AbstractLoadPlanBuildingAssociationVisitationStrategy 2015-06-20 15:55:06,736 TRACE - &lt;&lt;&lt;&lt; Finishing up attribute : Attribute(name=surname, type=string [non-identifier])
org.hibernate.loader.plan.build.internal.AbstractLoadPlanBuildingAssociationVisitationStrategy 2015-06-20 15:55:06,736 TRACE - Popped fetch owner from stack : org.hibernate.loader.plan.build.internal.returns.EntityAttributeFetchImpl@10647742
org.hibernate.loader.plan.build.internal.AbstractLoadPlanBuildingAssociationVisitationStrategy 2015-06-20 15:55:06,736 TRACE - &lt;&lt; Finishing up attribute : Attribute(name=user, type=pojos.Users [non-identifier,association])
org.hibernate.loader.plan.build.internal.AbstractLoadPlanBuildingAssociationVisitationStrategy 2015-06-20 15:55:06,736 TRACE - Popped fetch owner from stack : org.hibernate.loader.plan.build.internal.returns.EntityReturnImpl@41d00096
org.hibernate.loader.plan.build.internal.AbstractLoadPlanBuildingAssociationVisitationStrategy 2015-06-20 15:55:06,737 TRACE -  Finished root entity : pojos.News
org.hibernate.loader.plan.build.internal.FetchStyleLoadPlanBuildingAssociationVisitationStrategy 2015-06-20 15:55:06,737 DEBUG - Building LoadPlan...
org.hibernate.loader.plan.exec.internal.LoadQueryJoinAndFetchProcessor 2015-06-20 15:55:06,737 DEBUG - processing queryspace &lt;gen:0&gt;
org.hibernate.loader.plan.build.spi.LoadPlanTreePrinter 2015-06-20 15:55:06,738 DEBUG - LoadPlan(entity=pojos.News)
    - Returns
       - EntityReturnImpl(entity=pojos.News, querySpaceUid=&lt;gen:0&gt;, path=pojos.News)
          - EntityAttributeFetchImpl(entity=pojos.Category, querySpaceUid=&lt;gen:1&gt;, path=pojos.News.category)
          - EntityAttributeFetchImpl(entity=pojos.Users, querySpaceUid=&lt;gen:2&gt;, path=pojos.News.user)
    - QuerySpaces
       - EntityQuerySpaceImpl(uid=&lt;gen:0&gt;, entity=pojos.News)
          - SQL table alias mapping - news0_
          - alias suffix - 0_
          - suffixed key columns - {newsId1_1_0_}
          - JOIN (JoinDefinedByMetadata(category)) : &lt;gen:0&gt; -&gt; &lt;gen:1&gt;
             - EntityQuerySpaceImpl(uid=&lt;gen:1&gt;, entity=pojos.Category)
                - SQL table alias mapping - category1_
                - alias suffix - 1_
                - suffixed key columns - {category1_0_1_}
          - JOIN (JoinDefinedByMetadata(user)) : &lt;gen:0&gt; -&gt; &lt;gen:2&gt;
             - EntityQuerySpaceImpl(uid=&lt;gen:2&gt;, entity=pojos.Users)
                - SQL table alias mapping - users2_
                - alias suffix - 2_
                - suffixed key columns - {userId1_5_2_}

org.hibernate.loader.entity.plan.EntityLoader 2015-06-20 15:55:06,739 DEBUG - Static select for entity pojos.News [READ]: select news0_.newsId as newsId1_1_0_, news0_.author as author2_1_0_, news0_.category as category7_1_0_, news0_.mainText as mainText3_1_0_, news0_.postDay as postDay4_1_0_, news0_.title as title5_1_0_, news0_.title4ann as title6_1_0_, news0_.user as user8_1_0_, category1_.categoryId as category1_0_1_, category1_.categoryName as category2_0_1_, users2_.userId as userId1_5_2_, users2_.email as email2_5_2_, users2_.name as name3_5_2_, users2_.pass as pass4_5_2_, users2_.surname as surname5_5_2_ from News news0_ left outer join Category category1_ on news0_.category=category1_.categoryId left outer join Users users2_ on news0_.user=users2_.userId where news0_.newsId=?
org.hibernate.loader.plan.build.internal.AbstractLoadPlanBuildingAssociationVisitationStrategy 2015-06-20 15:55:06,739 TRACE -  Starting root entity : pojos.News
org.hibernate.loader.plan.build.internal.spaces.QuerySpacesImpl 2015-06-20 15:55:06,739 DEBUG - Adding QuerySpace : uid = &lt;gen:0&gt; -&gt; org.hibernate.loader.plan.build.internal.spaces.EntityQuerySpaceImpl@33d19676]
org.hibernate.loader.plan.build.internal.AbstractLoadPlanBuildingAssociationVisitationStrategy 2015-06-20 15:55:06,739 TRACE - Pushing fetch source to stack : org.hibernate.loader.plan.build.internal.returns.EntityReturnImpl@4ed378e
org.hibernate.loader.plan.build.internal.AbstractLoadPlanBuildingAssociationVisitationStrategy 2015-06-20 15:55:06,740 TRACE - .. Registering AssociationKey : AssociationKey(table=News, columns={newsId}) -&gt; org.hibernate.loader.plan.build.internal.returns.EntityReturnImpl@4ed378e
org.hibernate.loader.plan.build.internal.AbstractLoadPlanBuildingAssociationVisitationStrategy 2015-06-20 15:55:06,740 TRACE - &gt;&gt; Starting entity identifier : pojos.News
org.hibernate.persister.walking.spi.MetamodelGraphWalker 2015-06-20 15:55:06,740 DEBUG - Visiting attribute path : author
org.hibernate.loader.plan.build.internal.AbstractLoadPlanBuildingAssociationVisitationStrategy 2015-06-20 15:55:06,740 TRACE - &gt;&gt; Starting attribute Attribute(name=author, type=string [non-identifier])
org.hibernate.loader.plan.build.internal.AbstractLoadPlanBuildingAssociationVisitationStrategy 2015-06-20 15:55:06,741 TRACE - &lt;&lt; Finishing up attribute : Attribute(name=author, type=string [non-identifier])
org.hibernate.persister.walking.spi.MetamodelGraphWalker 2015-06-20 15:55:06,741 DEBUG - Visiting attribute path : category
org.hibernate.loader.plan.build.internal.AbstractLoadPlanBuildingAssociationVisitationStrategy 2015-06-20 15:55:06,741 TRACE - &gt;&gt; Starting attribute Attribute(name=category, type=pojos.Category [non-identifier,association])
org.hibernate.loader.plan.build.internal.spaces.QuerySpacesImpl 2015-06-20 15:55:06,741 DEBUG - Adding QuerySpace : uid = &lt;gen:1&gt; -&gt; org.hibernate.loader.plan.build.internal.spaces.EntityQuerySpaceImpl@71da4e28]
org.hibernate.loader.plan.build.internal.AbstractLoadPlanBuildingAssociationVisitationStrategy 2015-06-20 15:55:06,742 TRACE - &lt;&lt; Finishing up attribute : Attribute(name=category, type=pojos.Category [non-identifier,association])
org.hibernate.persister.walking.spi.MetamodelGraphWalker 2015-06-20 15:55:06,742 DEBUG - Visiting attribute path : mainText
org.hibernate.loader.plan.build.internal.AbstractLoadPlanBuildingAssociationVisitationStrategy 2015-06-20 15:55:06,742 TRACE - &gt;&gt; Starting attribute Attribute(name=mainText, type=text [non-identifier])
org.hibernate.loader.plan.build.internal.AbstractLoadPlanBuildingAssociationVisitationStrategy 2015-06-20 15:55:06,742 TRACE - &lt;&lt; Finishing up attribute : Attribute(name=mainText, type=text [non-identifier])
org.hibernate.persister.walking.spi.MetamodelGraphWalker 2015-06-20 15:55:06,742 DEBUG - Visiting attribute path : postDay
org.hibernate.loader.plan.build.internal.AbstractLoadPlanBuildingAssociationVisitationStrategy 2015-06-20 15:55:06,743 TRACE - &gt;&gt; Starting attribute Attribute(name=postDay, type=string [non-identifier])
org.hibernate.loader.plan.build.internal.AbstractLoadPlanBuildingAssociationVisitationStrategy 2015-06-20 15:55:06,743 TRACE - &lt;&lt; Finishing up attribute : Attribute(name=postDay, type=string [non-identifier])
org.hibernate.persister.walking.spi.MetamodelGraphWalker 2015-06-20 15:55:06,743 DEBUG - Visiting attribute path : title
org.hibernate.loader.plan.build.internal.AbstractLoadPlanBuildingAssociationVisitationStrategy 2015-06-20 15:55:06,743 TRACE - &gt;&gt; Starting attribute Attribute(name=title, type=string [non-identifier])
org.hibernate.loader.plan.build.internal.AbstractLoadPlanBuildingAssociationVisitationStrategy 2015-06-20 15:55:06,744 TRACE - &lt;&lt; Finishing up attribute : Attribute(name=title, type=string [non-identifier])
org.hibernate.persister.walking.spi.MetamodelGraphWalker 2015-06-20 15:55:06,744 DEBUG - Visiting attribute path : title4ann
org.hibernate.loader.plan.build.internal.AbstractLoadPlanBuildingAssociationVisitationStrategy 2015-06-20 15:55:06,744 TRACE - &gt;&gt; Starting attribute Attribute(name=title4ann, type=string [non-identifier])
org.hibernate.loader.plan.build.internal.AbstractLoadPlanBuildingAssociationVisitationStrategy 2015-06-20 15:55:06,744 TRACE - &lt;&lt; Finishing up attribute : Attribute(name=title4ann, type=string [non-identifier])
org.hibernate.persister.walking.spi.MetamodelGraphWalker 2015-06-20 15:55:06,744 DEBUG - Visiting attribute path : user
org.hibernate.loader.plan.build.internal.AbstractLoadPlanBuildingAssociationVisitationStrategy 2015-06-20 15:55:06,745 TRACE - &gt;&gt; Starting attribute Attribute(name=user, type=pojos.Users [non-identifier,association])
org.hibernate.loader.plan.build.internal.spaces.QuerySpacesImpl 2015-06-20 15:55:06,745 DEBUG - Adding QuerySpace : uid = &lt;gen:2&gt; -&gt; org.hibernate.loader.plan.build.internal.spaces.EntityQuerySpaceImpl@33415e7d]
org.hibernate.loader.plan.build.internal.AbstractLoadPlanBuildingAssociationVisitationStrategy 2015-06-20 15:55:06,745 TRACE - &lt;&lt; Finishing up attribute : Attribute(name=user, type=pojos.Users [non-identifier,association])
org.hibernate.loader.plan.build.internal.AbstractLoadPlanBuildingAssociationVisitationStrategy 2015-06-20 15:55:06,746 TRACE - Popped fetch owner from stack : org.hibernate.loader.plan.build.internal.returns.EntityReturnImpl@4ed378e
org.hibernate.loader.plan.build.internal.AbstractLoadPlanBuildingAssociationVisitationStrategy 2015-06-20 15:55:06,746 TRACE -  Finished root entity : pojos.News
org.hibernate.loader.plan.build.internal.FetchStyleLoadPlanBuildingAssociationVisitationStrategy 2015-06-20 15:55:06,746 DEBUG - Building LoadPlan...
org.hibernate.loader.plan.exec.internal.LoadQueryJoinAndFetchProcessor 2015-06-20 15:55:06,746 DEBUG - processing queryspace &lt;gen:0&gt;
org.hibernate.loader.plan.build.spi.LoadPlanTreePrinter 2015-06-20 15:55:06,747 DEBUG - LoadPlan(entity=pojos.News)
    - Returns
       - EntityReturnImpl(entity=pojos.News, querySpaceUid=&lt;gen:0&gt;, path=pojos.News)
          - EntityAttributeFetchImpl(entity=pojos.Category, querySpaceUid=&lt;gen:1&gt;, path=pojos.News.category)
          - EntityAttributeFetchImpl(entity=pojos.Users, querySpaceUid=&lt;gen:2&gt;, path=pojos.News.user)
    - QuerySpaces
       - EntityQuerySpaceImpl(uid=&lt;gen:0&gt;, entity=pojos.News)
          - SQL table alias mapping - news0_
          - alias suffix - 0_
          - suffixed key columns - {newsId1_1_0_}

org.hibernate.loader.entity.plan.EntityLoader 2015-06-20 15:55:06,747 DEBUG - Static select for entity pojos.News [UPGRADE]: select news0_.newsId as newsId1_1_0_, news0_.author as author2_1_0_, news0_.category as category7_1_0_, news0_.mainText as mainText3_1_0_, news0_.postDay as postDay4_1_0_, news0_.title as title5_1_0_, news0_.title4ann as title6_1_0_, news0_.user as user8_1_0_ from News news0_ where news0_.newsId=? for update
org.hibernate.loader.plan.build.internal.AbstractLoadPlanBuildingAssociationVisitationStrategy 2015-06-20 15:55:06,748 TRACE -  Starting root entity : pojos.News
org.hibernate.loader.plan.build.internal.spaces.QuerySpacesImpl 2015-06-20 15:55:06,748 DEBUG - Adding QuerySpace : uid = &lt;gen:0&gt; -&gt; org.hibernate.loader.plan.build.internal.spaces.EntityQuerySpaceImpl@8a27ad5]
org.hibernate.loader.plan.build.internal.AbstractLoadPlanBuildingAssociationVisitationStrategy 2015-06-20 15:55:06,748 TRACE - Pushing fetch source to stack : org.hibernate.loader.plan.build.internal.returns.EntityReturnImpl@632e3a60
org.hibernate.loader.plan.build.internal.AbstractLoadPlanBuildingAssociationVisitationStrategy 2015-06-20 15:55:06,748 TRACE - .. Registering AssociationKey : AssociationKey(table=News, columns={newsId}) -&gt; org.hibernate.loader.plan.build.internal.returns.EntityReturnImpl@632e3a60
org.hibernate.loader.plan.build.internal.AbstractLoadPlanBuildingAssociationVisitationStrategy 2015-06-20 15:55:06,749 TRACE - &gt;&gt; Starting entity identifier : pojos.News
org.hibernate.persister.walking.spi.MetamodelGraphWalker 2015-06-20 15:55:06,749 DEBUG - Visiting attribute path : author
org.hibernate.loader.plan.build.internal.AbstractLoadPlanBuildingAssociationVisitationStrategy 2015-06-20 15:55:06,749 TRACE - &gt;&gt; Starting attribute Attribute(name=author, type=string [non-identifier])
org.hibernate.loader.plan.build.internal.AbstractLoadPlanBuildingAssociationVisitationStrategy 2015-06-20 15:55:06,749 TRACE - &lt;&lt; Finishing up attribute : Attribute(name=author, type=string [non-identifier])
org.hibernate.persister.walking.spi.MetamodelGraphWalker 2015-06-20 15:55:06,750 DEBUG - Visiting attribute path : category
org.hibernate.loader.plan.build.internal.AbstractLoadPlanBuildingAssociationVisitationStrategy 2015-06-20 15:55:06,750 TRACE - &gt;&gt; Starting attribute Attribute(name=category, type=pojos.Category [non-identifier,association])
org.hibernate.loader.plan.build.internal.spaces.QuerySpacesImpl 2015-06-20 15:55:06,750 DEBUG - Adding QuerySpace : uid = &lt;gen:1&gt; -&gt; org.hibernate.loader.plan.build.internal.spaces.EntityQuerySpaceImpl@6ffaa77e]
org.hibernate.loader.plan.build.internal.AbstractLoadPlanBuildingAssociationVisitationStrategy 2015-06-20 15:55:06,750 TRACE - &lt;&lt; Finishing up attribute : Attribute(name=category, type=pojos.Category [non-identifier,association])
org.hibernate.persister.walking.spi.MetamodelGraphWalker 2015-06-20 15:55:06,751 DEBUG - Visiting attribute path : mainText
org.hibernate.loader.plan.build.internal.AbstractLoadPlanBuildingAssociationVisitationStrategy 2015-06-20 15:55:06,751 TRACE - &gt;&gt; Starting attribute Attribute(name=mainText, type=text [non-identifier])
org.hibernate.loader.plan.build.internal.AbstractLoadPlanBuildingAssociationVisitationStrategy 2015-06-20 15:55:06,751 TRACE - &lt;&lt; Finishing up attribute : Attribute(name=mainText, type=text [non-identifier])
org.hibernate.persister.walking.spi.MetamodelGraphWalker 2015-06-20 15:55:06,751 DEBUG - Visiting attribute path : postDay
org.hibernate.loader.plan.build.internal.AbstractLoadPlanBuildingAssociationVisitationStrategy 2015-06-20 15:55:06,752 TRACE - &gt;&gt; Starting attribute Attribute(name=postDay, type=string [non-identifier])
org.hibernate.loader.plan.build.internal.AbstractLoadPlanBuildingAssociationVisitationStrategy 2015-06-20 15:55:06,752 TRACE - &lt;&lt; Finishing up attribute : Attribute(name=postDay, type=string [non-identifier])
org.hibernate.persister.walking.spi.MetamodelGraphWalker 2015-06-20 15:55:06,752 DEBUG - Visiting attribute path : title
org.hibernate.loader.plan.build.internal.AbstractLoadPlanBuildingAssociationVisitationStrategy 2015-06-20 15:55:06,752 TRACE - &gt;&gt; Starting attribute Attribute(name=title, type=string [non-identifier])
org.hibernate.loader.plan.build.internal.AbstractLoadPlanBuildingAssociationVisitationStrategy 2015-06-20 15:55:06,753 TRACE - &lt;&lt; Finishing up attribute : Attribute(name=title, type=string [non-identifier])
org.hibernate.persister.walking.spi.MetamodelGraphWalker 2015-06-20 15:55:06,753 DEBUG - Visiting attribute path : title4ann
org.hibernate.loader.plan.build.internal.AbstractLoadPlanBuildingAssociationVisitationStrategy 2015-06-20 15:55:06,753 TRACE - &gt;&gt; Starting attribute Attribute(name=title4ann, type=string [non-identifier])
org.hibernate.loader.plan.build.internal.AbstractLoadPlanBuildingAssociationVisitationStrategy 2015-06-20 15:55:06,753 TRACE - &lt;&lt; Finishing up attribute : Attribute(name=title4ann, type=string [non-identifier])
org.hibernate.persister.walking.spi.MetamodelGraphWalker 2015-06-20 15:55:06,754 DEBUG - Visiting attribute path : user
org.hibernate.loader.plan.build.internal.AbstractLoadPlanBuildingAssociationVisitationStrategy 2015-06-20 15:55:06,754 TRACE - &gt;&gt; Starting attribute Attribute(name=user, type=pojos.Users [non-identifier,association])
org.hibernate.loader.plan.build.internal.spaces.QuerySpacesImpl 2015-06-20 15:55:06,754 DEBUG - Adding QuerySpace : uid = &lt;gen:2&gt; -&gt; org.hibernate.loader.plan.build.internal.spaces.EntityQuerySpaceImpl@310a7aa1]
org.hibernate.loader.plan.build.internal.AbstractLoadPlanBuildingAssociationVisitationStrategy 2015-06-20 15:55:06,754 TRACE - &lt;&lt; Finishing up attribute : Attribute(name=user, type=pojos.Users [non-identifier,association])
org.hibernate.loader.plan.build.internal.AbstractLoadPlanBuildingAssociationVisitationStrategy 2015-06-20 15:55:06,755 TRACE - Popped fetch owner from stack : org.hibernate.loader.plan.build.internal.returns.EntityReturnImpl@632e3a60
org.hibernate.loader.plan.build.internal.AbstractLoadPlanBuildingAssociationVisitationStrategy 2015-06-20 15:55:06,755 TRACE -  Finished root entity : pojos.News
org.hibernate.loader.plan.build.internal.FetchStyleLoadPlanBuildingAssociationVisitationStrategy 2015-06-20 15:55:06,755 DEBUG - Building LoadPlan...
org.hibernate.loader.plan.exec.internal.LoadQueryJoinAndFetchProcessor 2015-06-20 15:55:06,755 DEBUG - processing queryspace &lt;gen:0&gt;
org.hibernate.loader.plan.build.spi.LoadPlanTreePrinter 2015-06-20 15:55:06,756 DEBUG - LoadPlan(entity=pojos.News)
    - Returns
       - EntityReturnImpl(entity=pojos.News, querySpaceUid=&lt;gen:0&gt;, path=pojos.News)
          - EntityAttributeFetchImpl(entity=pojos.Category, querySpaceUid=&lt;gen:1&gt;, path=pojos.News.category)
          - EntityAttributeFetchImpl(entity=pojos.Users, querySpaceUid=&lt;gen:2&gt;, path=pojos.News.user)
    - QuerySpaces
       - EntityQuerySpaceImpl(uid=&lt;gen:0&gt;, entity=pojos.News)
          - SQL table alias mapping - news0_
          - alias suffix - 0_
          - suffixed key columns - {newsId1_1_0_}

org.hibernate.loader.entity.plan.EntityLoader 2015-06-20 15:55:06,756 DEBUG - Static select for entity pojos.News [UPGRADE_NOWAIT]: select news0_.newsId as newsId1_1_0_, news0_.author as author2_1_0_, news0_.category as category7_1_0_, news0_.mainText as mainText3_1_0_, news0_.postDay as postDay4_1_0_, news0_.title as title5_1_0_, news0_.title4ann as title6_1_0_, news0_.user as user8_1_0_ from News news0_ where news0_.newsId=? for update
org.hibernate.loader.plan.build.internal.AbstractLoadPlanBuildingAssociationVisitationStrategy 2015-06-20 15:55:06,757 TRACE -  Starting root entity : pojos.News
org.hibernate.loader.plan.build.internal.spaces.QuerySpacesImpl 2015-06-20 15:55:06,757 DEBUG - Adding QuerySpace : uid = &lt;gen:0&gt; -&gt; org.hibernate.loader.plan.build.internal.spaces.EntityQuerySpaceImpl@26f8f92e]
org.hibernate.loader.plan.build.internal.AbstractLoadPlanBuildingAssociationVisitationStrategy 2015-06-20 15:55:06,757 TRACE - Pushing fetch source to stack : org.hibernate.loader.plan.build.internal.returns.EntityReturnImpl@23af4eff
org.hibernate.loader.plan.build.internal.AbstractLoadPlanBuildingAssociationVisitationStrategy 2015-06-20 15:55:06,757 TRACE - .. Registering AssociationKey : AssociationKey(table=News, columns={newsId}) -&gt; org.hibernate.loader.plan.build.internal.returns.EntityReturnImpl@23af4eff
org.hibernate.loader.plan.build.internal.AbstractLoadPlanBuildingAssociationVisitationStrategy 2015-06-20 15:55:06,758 TRACE - &gt;&gt; Starting entity identifier : pojos.News
org.hibernate.persister.walking.spi.MetamodelGraphWalker 2015-06-20 15:55:06,758 DEBUG - Visiting attribute path : author
org.hibernate.loader.plan.build.internal.AbstractLoadPlanBuildingAssociationVisitationStrategy 2015-06-20 15:55:06,758 TRACE - &gt;&gt; Starting attribute Attribute(name=author, type=string [non-identifier])
org.hibernate.loader.plan.build.internal.AbstractLoadPlanBuildingAssociationVisitationStrategy 2015-06-20 15:55:06,758 TRACE - &lt;&lt; Finishing up attribute : Attribute(name=author, type=string [non-identifier])
org.hibernate.persister.walking.spi.MetamodelGraphWalker 2015-06-20 15:55:06,759 DEBUG - Visiting attribute path : category
org.hibernate.loader.plan.build.internal.AbstractLoadPlanBuildingAssociationVisitationStrategy 2015-06-20 15:55:06,759 TRACE - &gt;&gt; Starting attribute Attribute(name=category, type=pojos.Category [non-identifier,association])
org.hibernate.loader.plan.build.internal.spaces.QuerySpacesImpl 2015-06-20 15:55:06,759 DEBUG - Adding QuerySpace : uid = &lt;gen:1&gt; -&gt; org.hibernate.loader.plan.build.internal.spaces.EntityQuerySpaceImpl@4a6b59a6]
org.hibernate.loader.plan.build.internal.AbstractLoadPlanBuildingAssociationVisitationStrategy 2015-06-20 15:55:06,759 TRACE - &lt;&lt; Finishing up attribute : Attribute(name=category, type=pojos.Category [non-identifier,association])
org.hibernate.persister.walking.spi.MetamodelGraphWalker 2015-06-20 15:55:06,760 DEBUG - Visiting attribute path : mainText
org.hibernate.loader.plan.build.internal.AbstractLoadPlanBuildingAssociationVisitationStrategy 2015-06-20 15:55:06,760 TRACE - &gt;&gt; Starting attribute Attribute(name=mainText, type=text [non-identifier])
org.hibernate.loader.plan.build.internal.AbstractLoadPlanBuildingAssociationVisitationStrategy 2015-06-20 15:55:06,760 TRACE - &lt;&lt; Finishing up attribute : Attribute(name=mainText, type=text [non-identifier])
org.hibernate.persister.walking.spi.MetamodelGraphWalker 2015-06-20 15:55:06,760 DEBUG - Visiting attribute path : postDay
org.hibernate.loader.plan.build.internal.AbstractLoadPlanBuildingAssociationVisitationStrategy 2015-06-20 15:55:06,761 TRACE - &gt;&gt; Starting attribute Attribute(name=postDay, type=string [non-identifier])
org.hibernate.loader.plan.build.internal.AbstractLoadPlanBuildingAssociationVisitationStrategy 2015-06-20 15:55:06,761 TRACE - &lt;&lt; Finishing up attribute : Attribute(name=postDay, type=string [non-identifier])
org.hibernate.persister.walking.spi.MetamodelGraphWalker 2015-06-20 15:55:06,761 DEBUG - Visiting attribute path : title
org.hibernate.loader.plan.build.internal.AbstractLoadPlanBuildingAssociationVisitationStrategy 2015-06-20 15:55:06,762 TRACE - &gt;&gt; Starting attribute Attribute(name=title, type=string [non-identifier])
org.hibernate.loader.plan.build.internal.AbstractLoadPlanBuildingAssociationVisitationStrategy 2015-06-20 15:55:06,762 TRACE - &lt;&lt; Finishing up attribute : Attribute(name=title, type=string [non-identifier])
org.hibernate.persister.walking.spi.MetamodelGraphWalker 2015-06-20 15:55:06,762 DEBUG - Visiting attribute path : title4ann
org.hibernate.loader.plan.build.internal.AbstractLoadPlanBuildingAssociationVisitationStrategy 2015-06-20 15:55:06,762 TRACE - &gt;&gt; Starting attribute Attribute(name=title4ann, type=string [non-identifier])
org.hibernate.loader.plan.build.internal.AbstractLoadPlanBuildingAssociationVisitationStrategy 2015-06-20 15:55:06,763 TRACE - &lt;&lt; Finishing up attribute : Attribute(name=title4ann, type=string [non-identifier])
org.hibernate.persister.walking.spi.MetamodelGraphWalker 2015-06-20 15:55:06,763 DEBUG - Visiting attribute path : user
org.hibernate.loader.plan.build.internal.AbstractLoadPlanBuildingAssociationVisitationStrategy 2015-06-20 15:55:06,763 TRACE - &gt;&gt; Starting attribute Attribute(name=user, type=pojos.Users [non-identifier,association])
org.hibernate.loader.plan.build.internal.spaces.QuerySpacesImpl 2015-06-20 15:55:06,763 DEBUG - Adding QuerySpace : uid = &lt;gen:2&gt; -&gt; org.hibernate.loader.plan.build.internal.spaces.EntityQuerySpaceImpl@4dcac775]
org.hibernate.loader.plan.build.internal.AbstractLoadPlanBuildingAssociationVisitationStrategy 2015-06-20 15:55:06,764 TRACE - &lt;&lt; Finishing up attribute : Attribute(name=user, type=pojos.Users [non-identifier,association])
org.hibernate.loader.plan.build.internal.AbstractLoadPlanBuildingAssociationVisitationStrategy 2015-06-20 15:55:06,764 TRACE - Popped fetch owner from stack : org.hibernate.loader.plan.build.internal.returns.EntityReturnImpl@23af4eff
org.hibernate.loader.plan.build.internal.AbstractLoadPlanBuildingAssociationVisitationStrategy 2015-06-20 15:55:06,764 TRACE -  Finished root entity : pojos.News
org.hibernate.loader.plan.build.internal.FetchStyleLoadPlanBuildingAssociationVisitationStrategy 2015-06-20 15:55:06,765 DEBUG - Building LoadPlan...
org.hibernate.loader.plan.exec.internal.LoadQueryJoinAndFetchProcessor 2015-06-20 15:55:06,765 DEBUG - processing queryspace &lt;gen:0&gt;
org.hibernate.loader.plan.build.spi.LoadPlanTreePrinter 2015-06-20 15:55:06,765 DEBUG - LoadPlan(entity=pojos.News)
    - Returns
       - EntityReturnImpl(entity=pojos.News, querySpaceUid=&lt;gen:0&gt;, path=pojos.News)
          - EntityAttributeFetchImpl(entity=pojos.Category, querySpaceUid=&lt;gen:1&gt;, path=pojos.News.category)
          - EntityAttributeFetchImpl(entity=pojos.Users, querySpaceUid=&lt;gen:2&gt;, path=pojos.News.user)
    - QuerySpaces
       - EntityQuerySpaceImpl(uid=&lt;gen:0&gt;, entity=pojos.News)
          - SQL table alias mapping - news0_
          - alias suffix - 0_
          - suffixed key columns - {newsId1_1_0_}

org.hibernate.loader.entity.plan.EntityLoader 2015-06-20 15:55:06,766 DEBUG - Static select for entity pojos.News [UPGRADE_SKIPLOCKED]: select news0_.newsId as newsId1_1_0_, news0_.author as author2_1_0_, news0_.category as category7_1_0_, news0_.mainText as mainText3_1_0_, news0_.postDay as postDay4_1_0_, news0_.title as title5_1_0_, news0_.title4ann as title6_1_0_, news0_.user as user8_1_0_ from News news0_ where news0_.newsId=? for update
org.hibernate.loader.plan.build.internal.AbstractLoadPlanBuildingAssociationVisitationStrategy 2015-06-20 15:55:06,766 TRACE -  Starting root entity : pojos.News
org.hibernate.loader.plan.build.internal.spaces.QuerySpacesImpl 2015-06-20 15:55:06,766 DEBUG - Adding QuerySpace : uid = &lt;gen:0&gt; -&gt; org.hibernate.loader.plan.build.internal.spaces.EntityQuerySpaceImpl@3becfa39]
org.hibernate.loader.plan.build.internal.AbstractLoadPlanBuildingAssociationVisitationStrategy 2015-06-20 15:55:06,767 TRACE - Pushing fetch source to stack : org.hibernate.loader.plan.build.internal.returns.EntityReturnImpl@431fd2eb
org.hibernate.loader.plan.build.internal.AbstractLoadPlanBuildingAssociationVisitationStrategy 2015-06-20 15:55:06,767 TRACE - .. Registering AssociationKey : AssociationKey(table=News, columns={newsId}) -&gt; org.hibernate.loader.plan.build.internal.returns.EntityReturnImpl@431fd2eb
org.hibernate.loader.plan.build.internal.AbstractLoadPlanBuildingAssociationVisitationStrategy 2015-06-20 15:55:06,767 TRACE - &gt;&gt; Starting entity identifier : pojos.News
org.hibernate.persister.walking.spi.MetamodelGraphWalker 2015-06-20 15:55:06,767 DEBUG - Visiting attribute path : author
org.hibernate.loader.plan.build.internal.AbstractLoadPlanBuildingAssociationVisitationStrategy 2015-06-20 15:55:06,768 TRACE - &gt;&gt; Starting attribute Attribute(name=author, type=string [non-identifier])
org.hibernate.loader.plan.build.internal.AbstractLoadPlanBuildingAssociationVisitationStrategy 2015-06-20 15:55:06,768 TRACE - &lt;&lt; Finishing up attribute : Attribute(name=author, type=string [non-identifier])
org.hibernate.persister.walking.spi.MetamodelGraphWalker 2015-06-20 15:55:06,768 DEBUG - Visiting attribute path : category
org.hibernate.loader.plan.build.internal.AbstractLoadPlanBuildingAssociationVisitationStrategy 2015-06-20 15:55:06,768 TRACE - &gt;&gt; Starting attribute Attribute(name=category, type=pojos.Category [non-identifier,association])
org.hibernate.loader.plan.build.internal.spaces.QuerySpacesImpl 2015-06-20 15:55:06,769 DEBUG - Adding QuerySpace : uid = &lt;gen:1&gt; -&gt; org.hibernate.loader.plan.build.internal.spaces.EntityQuerySpaceImpl@5e5064ba]
org.hibernate.loader.plan.build.internal.AbstractLoadPlanBuildingAssociationVisitationStrategy 2015-06-20 15:55:06,769 TRACE - &lt;&lt; Finishing up attribute : Attribute(name=category, type=pojos.Category [non-identifier,association])
org.hibernate.persister.walking.spi.MetamodelGraphWalker 2015-06-20 15:55:06,769 DEBUG - Visiting attribute path : mainText
org.hibernate.loader.plan.build.internal.AbstractLoadPlanBuildingAssociationVisitationStrategy 2015-06-20 15:55:06,769 TRACE - &gt;&gt; Starting attribute Attribute(name=mainText, type=text [non-identifier])
org.hibernate.loader.plan.build.internal.AbstractLoadPlanBuildingAssociationVisitationStrategy 2015-06-20 15:55:06,770 TRACE - &lt;&lt; Finishing up attribute : Attribute(name=mainText, type=text [non-identifier])
org.hibernate.persister.walking.spi.MetamodelGraphWalker 2015-06-20 15:55:06,770 DEBUG - Visiting attribute path : postDay
org.hibernate.loader.plan.build.internal.AbstractLoadPlanBuildingAssociationVisitationStrategy 2015-06-20 15:55:06,770 TRACE - &gt;&gt; Starting attribute Attribute(name=postDay, type=string [non-identifier])
org.hibernate.loader.plan.build.internal.AbstractLoadPlanBuildingAssociationVisitationStrategy 2015-06-20 15:55:06,770 TRACE - &lt;&lt; Finishing up attribute : Attribute(name=postDay, type=string [non-identifier])
org.hibernate.persister.walking.spi.MetamodelGraphWalker 2015-06-20 15:55:06,771 DEBUG - Visiting attribute path : title
org.hibernate.loader.plan.build.internal.AbstractLoadPlanBuildingAssociationVisitationStrategy 2015-06-20 15:55:06,771 TRACE - &gt;&gt; Starting attribute Attribute(name=title, type=string [non-identifier])
org.hibernate.loader.plan.build.internal.AbstractLoadPlanBuildingAssociationVisitationStrategy 2015-06-20 15:55:06,771 TRACE - &lt;&lt; Finishing up attribute : Attribute(name=title, type=string [non-identifier])
org.hibernate.persister.walking.spi.MetamodelGraphWalker 2015-06-20 15:55:06,771 DEBUG - Visiting attribute path : title4ann
org.hibernate.loader.plan.build.internal.AbstractLoadPlanBuildingAssociationVisitationStrategy 2015-06-20 15:55:06,772 TRACE - &gt;&gt; Starting attribute Attribute(name=title4ann, type=string [non-identifier])
org.hibernate.loader.plan.build.internal.AbstractLoadPlanBuildingAssociationVisitationStrategy 2015-06-20 15:55:06,772 TRACE - &lt;&lt; Finishing up attribute : Attribute(name=title4ann, type=string [non-identifier])
org.hibernate.persister.walking.spi.MetamodelGraphWalker 2015-06-20 15:55:06,772 DEBUG - Visiting attribute path : user
org.hibernate.loader.plan.build.internal.AbstractLoadPlanBuildingAssociationVisitationStrategy 2015-06-20 15:55:06,772 TRACE - &gt;&gt; Starting attribute Attribute(name=user, type=pojos.Users [non-identifier,association])
org.hibernate.loader.plan.build.internal.spaces.QuerySpacesImpl 2015-06-20 15:55:06,773 DEBUG - Adding QuerySpace : uid = &lt;gen:2&gt; -&gt; org.hibernate.loader.plan.build.internal.spaces.EntityQuerySpaceImpl@70051fb5]
org.hibernate.loader.plan.build.internal.AbstractLoadPlanBuildingAssociationVisitationStrategy 2015-06-20 15:55:06,773 TRACE - &lt;&lt; Finishing up attribute : Attribute(name=user, type=pojos.Users [non-identifier,association])
org.hibernate.loader.plan.build.internal.AbstractLoadPlanBuildingAssociationVisitationStrategy 2015-06-20 15:55:06,773 TRACE - Popped fetch owner from stack : org.hibernate.loader.plan.build.internal.returns.EntityReturnImpl@431fd2eb
org.hibernate.loader.plan.build.internal.AbstractLoadPlanBuildingAssociationVisitationStrategy 2015-06-20 15:55:06,773 TRACE -  Finished root entity : pojos.News
org.hibernate.loader.plan.build.internal.FetchStyleLoadPlanBuildingAssociationVisitationStrategy 2015-06-20 15:55:06,774 DEBUG - Building LoadPlan...
org.hibernate.loader.plan.exec.internal.LoadQueryJoinAndFetchProcessor 2015-06-20 15:55:06,774 DEBUG - processing queryspace &lt;gen:0&gt;
org.hibernate.loader.plan.build.spi.LoadPlanTreePrinter 2015-06-20 15:55:06,775 DEBUG - LoadPlan(entity=pojos.News)
    - Returns
       - EntityReturnImpl(entity=pojos.News, querySpaceUid=&lt;gen:0&gt;, path=pojos.News)
          - EntityAttributeFetchImpl(entity=pojos.Category, querySpaceUid=&lt;gen:1&gt;, path=pojos.News.category)
          - EntityAttributeFetchImpl(entity=pojos.Users, querySpaceUid=&lt;gen:2&gt;, path=pojos.News.user)
    - QuerySpaces
       - EntityQuerySpaceImpl(uid=&lt;gen:0&gt;, entity=pojos.News)
          - SQL table alias mapping - news0_
          - alias suffix - 0_
          - suffixed key columns - {newsId1_1_0_}

org.hibernate.loader.entity.plan.EntityLoader 2015-06-20 15:55:06,775 DEBUG - Static select for entity pojos.News [FORCE]: select news0_.newsId as newsId1_1_0_, news0_.author as author2_1_0_, news0_.category as category7_1_0_, news0_.mainText as mainText3_1_0_, news0_.postDay as postDay4_1_0_, news0_.title as title5_1_0_, news0_.title4ann as title6_1_0_, news0_.user as user8_1_0_ from News news0_ where news0_.newsId=? for update
org.hibernate.loader.plan.build.internal.AbstractLoadPlanBuildingAssociationVisitationStrategy 2015-06-20 15:55:06,775 TRACE -  Starting root entity : pojos.News
org.hibernate.loader.plan.build.internal.spaces.QuerySpacesImpl 2015-06-20 15:55:06,776 DEBUG - Adding QuerySpace : uid = &lt;gen:0&gt; -&gt; org.hibernate.loader.plan.build.internal.spaces.EntityQuerySpaceImpl@6064dd87]
org.hibernate.loader.plan.build.internal.AbstractLoadPlanBuildingAssociationVisitationStrategy 2015-06-20 15:55:06,776 TRACE - Pushing fetch source to stack : org.hibernate.loader.plan.build.internal.returns.EntityReturnImpl@7e0bfb81
org.hibernate.loader.plan.build.internal.AbstractLoadPlanBuildingAssociationVisitationStrategy 2015-06-20 15:55:06,776 TRACE - .. Registering AssociationKey : AssociationKey(table=News, columns={newsId}) -&gt; org.hibernate.loader.plan.build.internal.returns.EntityReturnImpl@7e0bfb81
org.hibernate.loader.plan.build.internal.AbstractLoadPlanBuildingAssociationVisitationStrategy 2015-06-20 15:55:06,776 TRACE - &gt;&gt; Starting entity identifier : pojos.News
org.hibernate.persister.walking.spi.MetamodelGraphWalker 2015-06-20 15:55:06,776 DEBUG - Visiting attribute path : author
org.hibernate.loader.plan.build.internal.AbstractLoadPlanBuildingAssociationVisitationStrategy 2015-06-20 15:55:06,777 TRACE - &gt;&gt; Starting attribute Attribute(name=author, type=string [non-identifier])
org.hibernate.loader.plan.build.internal.AbstractLoadPlanBuildingAssociationVisitationStrategy 2015-06-20 15:55:06,777 TRACE - &lt;&lt; Finishing up attribute : Attribute(name=author, type=string [non-identifier])
org.hibernate.persister.walking.spi.MetamodelGraphWalker 2015-06-20 15:55:06,777 DEBUG - Visiting attribute path : category
org.hibernate.loader.plan.build.internal.AbstractLoadPlanBuildingAssociationVisitationStrategy 2015-06-20 15:55:06,777 TRACE - &gt;&gt; Starting attribute Attribute(name=category, type=pojos.Category [non-identifier,association])
org.hibernate.loader.plan.build.internal.spaces.QuerySpacesImpl 2015-06-20 15:55:06,778 DEBUG - Adding QuerySpace : uid = &lt;gen:1&gt; -&gt; org.hibernate.loader.plan.build.internal.spaces.EntityQuerySpaceImpl@44ad12cd]
org.hibernate.loader.plan.build.internal.AbstractLoadPlanBuildingAssociationVisitationStrategy 2015-06-20 15:55:06,778 TRACE - &lt;&lt; Finishing up attribute : Attribute(name=category, type=pojos.Category [non-identifier,association])
org.hibernate.persister.walking.spi.MetamodelGraphWalker 2015-06-20 15:55:06,778 DEBUG - Visiting attribute path : mainText
org.hibernate.loader.plan.build.internal.AbstractLoadPlanBuildingAssociationVisitationStrategy 2015-06-20 15:55:06,779 TRACE - &gt;&gt; Starting attribute Attribute(name=mainText, type=text [non-identifier])
org.hibernate.loader.plan.build.internal.AbstractLoadPlanBuildingAssociationVisitationStrategy 2015-06-20 15:55:06,779 TRACE - &lt;&lt; Finishing up attribute : Attribute(name=mainText, type=text [non-identifier])
org.hibernate.persister.walking.spi.MetamodelGraphWalker 2015-06-20 15:55:06,779 DEBUG - Visiting attribute path : postDay
org.hibernate.loader.plan.build.internal.AbstractLoadPlanBuildingAssociationVisitationStrategy 2015-06-20 15:55:06,779 TRACE - &gt;&gt; Starting attribute Attribute(name=postDay, type=string [non-identifier])
org.hibernate.loader.plan.build.internal.AbstractLoadPlanBuildingAssociationVisitationStrategy 2015-06-20 15:55:06,780 TRACE - &lt;&lt; Finishing up attribute : Attribute(name=postDay, type=string [non-identifier])
org.hibernate.persister.walking.spi.MetamodelGraphWalker 2015-06-20 15:55:06,780 DEBUG - Visiting attribute path : title
org.hibernate.loader.plan.build.internal.AbstractLoadPlanBuildingAssociationVisitationStrategy 2015-06-20 15:55:06,780 TRACE - &gt;&gt; Starting attribute Attribute(name=title, type=string [non-identifier])
org.hibernate.loader.plan.build.internal.AbstractLoadPlanBuildingAssociationVisitationStrategy 2015-06-20 15:55:06,780 TRACE - &lt;&lt; Finishing up attribute : Attribute(name=title, type=string [non-identifier])
org.hibernate.persister.walking.spi.MetamodelGraphWalker 2015-06-20 15:55:06,781 DEBUG - Visiting attribute path : title4ann
org.hibernate.loader.plan.build.internal.AbstractLoadPlanBuildingAssociationVisitationStrategy 2015-06-20 15:55:06,781 TRACE - &gt;&gt; Starting attribute Attribute(name=title4ann, type=string [non-identifier])
org.hibernate.loader.plan.build.internal.AbstractLoadPlanBuildingAssociationVisitationStrategy 2015-06-20 15:55:06,781 TRACE - &lt;&lt; Finishing up attribute : Attribute(name=title4ann, type=string [non-identifier])
org.hibernate.persister.walking.spi.MetamodelGraphWalker 2015-06-20 15:55:06,781 DEBUG - Visiting attribute path : user
org.hibernate.loader.plan.build.internal.AbstractLoadPlanBuildingAssociationVisitationStrategy 2015-06-20 15:55:06,782 TRACE - &gt;&gt; Starting attribute Attribute(name=user, type=pojos.Users [non-identifier,association])
org.hibernate.loader.plan.build.internal.spaces.QuerySpacesImpl 2015-06-20 15:55:06,782 DEBUG - Adding QuerySpace : uid = &lt;gen:2&gt; -&gt; org.hibernate.loader.plan.build.internal.spaces.EntityQuerySpaceImpl@3ead73f4]
org.hibernate.loader.plan.build.internal.AbstractLoadPlanBuildingAssociationVisitationStrategy 2015-06-20 15:55:06,782 TRACE - &lt;&lt; Finishing up attribute : Attribute(name=user, type=pojos.Users [non-identifier,association])
org.hibernate.loader.plan.build.internal.AbstractLoadPlanBuildingAssociationVisitationStrategy 2015-06-20 15:55:06,782 TRACE - Popped fetch owner from stack : org.hibernate.loader.plan.build.internal.returns.EntityReturnImpl@7e0bfb81
org.hibernate.loader.plan.build.internal.AbstractLoadPlanBuildingAssociationVisitationStrategy 2015-06-20 15:55:06,783 TRACE -  Finished root entity : pojos.News
org.hibernate.loader.plan.build.internal.FetchStyleLoadPlanBuildingAssociationVisitationStrategy 2015-06-20 15:55:06,783 DEBUG - Building LoadPlan...
org.hibernate.loader.plan.exec.internal.LoadQueryJoinAndFetchProcessor 2015-06-20 15:55:06,783 DEBUG - processing queryspace &lt;gen:0&gt;
org.hibernate.loader.plan.build.spi.LoadPlanTreePrinter 2015-06-20 15:55:06,784 DEBUG - LoadPlan(entity=pojos.News)
    - Returns
       - EntityReturnImpl(entity=pojos.News, querySpaceUid=&lt;gen:0&gt;, path=pojos.News)
          - EntityAttributeFetchImpl(entity=pojos.Category, querySpaceUid=&lt;gen:1&gt;, path=pojos.News.category)
          - EntityAttributeFetchImpl(entity=pojos.Users, querySpaceUid=&lt;gen:2&gt;, path=pojos.News.user)
    - QuerySpaces
       - EntityQuerySpaceImpl(uid=&lt;gen:0&gt;, entity=pojos.News)
          - SQL table alias mapping - news0_
          - alias suffix - 0_
          - suffixed key columns - {newsId1_1_0_}

org.hibernate.loader.entity.plan.EntityLoader 2015-06-20 15:55:06,784 DEBUG - Static select for entity pojos.News [PESSIMISTIC_READ]: select news0_.newsId as newsId1_1_0_, news0_.author as author2_1_0_, news0_.category as category7_1_0_, news0_.mainText as mainText3_1_0_, news0_.postDay as postDay4_1_0_, news0_.title as title5_1_0_, news0_.title4ann as title6_1_0_, news0_.user as user8_1_0_ from News news0_ where news0_.newsId=? lock in share mode
org.hibernate.loader.plan.build.internal.AbstractLoadPlanBuildingAssociationVisitationStrategy 2015-06-20 15:55:06,785 TRACE -  Starting root entity : pojos.News
org.hibernate.loader.plan.build.internal.spaces.QuerySpacesImpl 2015-06-20 15:55:06,785 DEBUG - Adding QuerySpace : uid = &lt;gen:0&gt; -&gt; org.hibernate.loader.plan.build.internal.spaces.EntityQuerySpaceImpl@6d97b851]
org.hibernate.loader.plan.build.internal.AbstractLoadPlanBuildingAssociationVisitationStrategy 2015-06-20 15:55:06,785 TRACE - Pushing fetch source to stack : org.hibernate.loader.plan.build.internal.returns.EntityReturnImpl@3c6060d
org.hibernate.loader.plan.build.internal.AbstractLoadPlanBuildingAssociationVisitationStrategy 2015-06-20 15:55:06,785 TRACE - .. Registering AssociationKey : AssociationKey(table=News, columns={newsId}) -&gt; org.hibernate.loader.plan.build.internal.returns.EntityReturnImpl@3c6060d
org.hibernate.loader.plan.build.internal.AbstractLoadPlanBuildingAssociationVisitationStrategy 2015-06-20 15:55:06,786 TRACE - &gt;&gt; Starting entity identifier : pojos.News
org.hibernate.persister.walking.spi.MetamodelGraphWalker 2015-06-20 15:55:06,786 DEBUG - Visiting attribute path : author
org.hibernate.loader.plan.build.internal.AbstractLoadPlanBuildingAssociationVisitationStrategy 2015-06-20 15:55:06,786 TRACE - &gt;&gt; Starting attribute Attribute(name=author, type=string [non-identifier])
org.hibernate.loader.plan.build.internal.AbstractLoadPlanBuildingAssociationVisitationStrategy 2015-06-20 15:55:06,786 TRACE - &lt;&lt; Finishing up attribute : Attribute(name=author, type=string [non-identifier])
org.hibernate.persister.walking.spi.MetamodelGraphWalker 2015-06-20 15:55:06,787 DEBUG - Visiting attribute path : category
org.hibernate.loader.plan.build.internal.AbstractLoadPlanBuildingAssociationVisitationStrategy 2015-06-20 15:55:06,787 TRACE - &gt;&gt; Starting attribute Attribute(name=category, type=pojos.Category [non-identifier,association])
org.hibernate.loader.plan.build.internal.spaces.QuerySpacesImpl 2015-06-20 15:55:06,787 DEBUG - Adding QuerySpace : uid = &lt;gen:1&gt; -&gt; org.hibernate.loader.plan.build.internal.spaces.EntityQuerySpaceImpl@3db7416a]
org.hibernate.loader.plan.build.internal.AbstractLoadPlanBuildingAssociationVisitationStrategy 2015-06-20 15:55:06,787 TRACE - &lt;&lt; Finishing up attribute : Attribute(name=category, type=pojos.Category [non-identifier,association])
org.hibernate.persister.walking.spi.MetamodelGraphWalker 2015-06-20 15:55:06,788 DEBUG - Visiting attribute path : mainText
org.hibernate.loader.plan.build.internal.AbstractLoadPlanBuildingAssociationVisitationStrategy 2015-06-20 15:55:06,788 TRACE - &gt;&gt; Starting attribute Attribute(name=mainText, type=text [non-identifier])
org.hibernate.loader.plan.build.internal.AbstractLoadPlanBuildingAssociationVisitationStrategy 2015-06-20 15:55:06,788 TRACE - &lt;&lt; Finishing up attribute : Attribute(name=mainText, type=text [non-identifier])
org.hibernate.persister.walking.spi.MetamodelGraphWalker 2015-06-20 15:55:06,788 DEBUG - Visiting attribute path : postDay
org.hibernate.loader.plan.build.internal.AbstractLoadPlanBuildingAssociationVisitationStrategy 2015-06-20 15:55:06,789 TRACE - &gt;&gt; Starting attribute Attribute(name=postDay, type=string [non-identifier])
org.hibernate.loader.plan.build.internal.AbstractLoadPlanBuildingAssociationVisitationStrategy 2015-06-20 15:55:06,789 TRACE - &lt;&lt; Finishing up attribute : Attribute(name=postDay, type=string [non-identifier])
org.hibernate.persister.walking.spi.MetamodelGraphWalker 2015-06-20 15:55:06,789 DEBUG - Visiting attribute path : title
org.hibernate.loader.plan.build.internal.AbstractLoadPlanBuildingAssociationVisitationStrategy 2015-06-20 15:55:06,790 TRACE - &gt;&gt; Starting attribute Attribute(name=title, type=string [non-identifier])
org.hibernate.loader.plan.build.internal.AbstractLoadPlanBuildingAssociationVisitationStrategy 2015-06-20 15:55:06,790 TRACE - &lt;&lt; Finishing up attribute : Attribute(name=title, type=string [non-identifier])
org.hibernate.persister.walking.spi.MetamodelGraphWalker 2015-06-20 15:55:06,790 DEBUG - Visiting attribute path : title4ann
org.hibernate.loader.plan.build.internal.AbstractLoadPlanBuildingAssociationVisitationStrategy 2015-06-20 15:55:06,790 TRACE - &gt;&gt; Starting attribute Attribute(name=title4ann, type=string [non-identifier])
org.hibernate.loader.plan.build.internal.AbstractLoadPlanBuildingAssociationVisitationStrategy 2015-06-20 15:55:06,791 TRACE - &lt;&lt; Finishing up attribute : Attribute(name=title4ann, type=string [non-identifier])
org.hibernate.persister.walking.spi.MetamodelGraphWalker 2015-06-20 15:55:06,791 DEBUG - Visiting attribute path : user
org.hibernate.loader.plan.build.internal.AbstractLoadPlanBuildingAssociationVisitationStrategy 2015-06-20 15:55:06,791 TRACE - &gt;&gt; Starting attribute Attribute(name=user, type=pojos.Users [non-identifier,association])
org.hibernate.loader.plan.build.internal.spaces.QuerySpacesImpl 2015-06-20 15:55:06,792 DEBUG - Adding QuerySpace : uid = &lt;gen:2&gt; -&gt; org.hibernate.loader.plan.build.internal.spaces.EntityQuerySpaceImpl@4a27b5cd]
org.hibernate.loader.plan.build.internal.AbstractLoadPlanBuildingAssociationVisitationStrategy 2015-06-20 15:55:06,792 TRACE - &lt;&lt; Finishing up attribute : Attribute(name=user, type=pojos.Users [non-identifier,association])
org.hibernate.loader.plan.build.internal.AbstractLoadPlanBuildingAssociationVisitationStrategy 2015-06-20 15:55:06,793 TRACE - Popped fetch owner from stack : org.hibernate.loader.plan.build.internal.returns.EntityReturnImpl@3c6060d
org.hibernate.loader.plan.build.internal.AbstractLoadPlanBuildingAssociationVisitationStrategy 2015-06-20 15:55:06,793 TRACE -  Finished root entity : pojos.News
org.hibernate.loader.plan.build.internal.FetchStyleLoadPlanBuildingAssociationVisitationStrategy 2015-06-20 15:55:06,794 DEBUG - Building LoadPlan...
org.hibernate.loader.plan.exec.internal.LoadQueryJoinAndFetchProcessor 2015-06-20 15:55:06,795 DEBUG - processing queryspace &lt;gen:0&gt;
org.hibernate.loader.plan.build.spi.LoadPlanTreePrinter 2015-06-20 15:55:06,799 DEBUG - LoadPlan(entity=pojos.News)
    - Returns
       - EntityReturnImpl(entity=pojos.News, querySpaceUid=&lt;gen:0&gt;, path=pojos.News)
          - EntityAttributeFetchImpl(entity=pojos.Category, querySpaceUid=&lt;gen:1&gt;, path=pojos.News.category)
          - EntityAttributeFetchImpl(entity=pojos.Users, querySpaceUid=&lt;gen:2&gt;, path=pojos.News.user)
    - QuerySpaces
       - EntityQuerySpaceImpl(uid=&lt;gen:0&gt;, entity=pojos.News)
          - SQL table alias mapping - news0_
          - alias suffix - 0_
          - suffixed key columns - {newsId1_1_0_}

org.hibernate.loader.entity.plan.EntityLoader 2015-06-20 15:55:06,800 DEBUG - Static select for entity pojos.News [PESSIMISTIC_WRITE]: select news0_.newsId as newsId1_1_0_, news0_.author as author2_1_0_, news0_.category as category7_1_0_, news0_.mainText as mainText3_1_0_, news0_.postDay as postDay4_1_0_, news0_.title as title5_1_0_, news0_.title4ann as title6_1_0_, news0_.user as user8_1_0_ from News news0_ where news0_.newsId=? for update
org.hibernate.loader.plan.build.internal.AbstractLoadPlanBuildingAssociationVisitationStrategy 2015-06-20 15:55:06,800 TRACE -  Starting root entity : pojos.News
org.hibernate.loader.plan.build.internal.spaces.QuerySpacesImpl 2015-06-20 15:55:06,801 DEBUG - Adding QuerySpace : uid = &lt;gen:0&gt; -&gt; org.hibernate.loader.plan.build.internal.spaces.EntityQuerySpaceImpl@7510cbc3]
org.hibernate.loader.plan.build.internal.AbstractLoadPlanBuildingAssociationVisitationStrategy 2015-06-20 15:55:06,801 TRACE - Pushing fetch source to stack : org.hibernate.loader.plan.build.internal.returns.EntityReturnImpl@21b1ab40
org.hibernate.loader.plan.build.internal.AbstractLoadPlanBuildingAssociationVisitationStrategy 2015-06-20 15:55:06,802 TRACE - .. Registering AssociationKey : AssociationKey(table=News, columns={newsId}) -&gt; org.hibernate.loader.plan.build.internal.returns.EntityReturnImpl@21b1ab40
org.hibernate.loader.plan.build.internal.AbstractLoadPlanBuildingAssociationVisitationStrategy 2015-06-20 15:55:06,802 TRACE - &gt;&gt; Starting entity identifier : pojos.News
org.hibernate.persister.walking.spi.MetamodelGraphWalker 2015-06-20 15:55:06,803 DEBUG - Visiting attribute path : author
org.hibernate.loader.plan.build.internal.AbstractLoadPlanBuildingAssociationVisitationStrategy 2015-06-20 15:55:06,803 TRACE - &gt;&gt; Starting attribute Attribute(name=author, type=string [non-identifier])
org.hibernate.loader.plan.build.internal.AbstractLoadPlanBuildingAssociationVisitationStrategy 2015-06-20 15:55:06,804 TRACE - &lt;&lt; Finishing up attribute : Attribute(name=author, type=string [non-identifier])
org.hibernate.persister.walking.spi.MetamodelGraphWalker 2015-06-20 15:55:06,804 DEBUG - Visiting attribute path : category
org.hibernate.loader.plan.build.internal.AbstractLoadPlanBuildingAssociationVisitationStrategy 2015-06-20 15:55:06,804 TRACE - &gt;&gt; Starting attribute Attribute(name=category, type=pojos.Category [non-identifier,association])
org.hibernate.loader.plan.build.internal.spaces.QuerySpacesImpl 2015-06-20 15:55:06,805 DEBUG - Adding QuerySpace : uid = &lt;gen:1&gt; -&gt; org.hibernate.loader.plan.build.internal.spaces.EntityQuerySpaceImpl@17620808]
org.hibernate.loader.plan.build.internal.AbstractLoadPlanBuildingAssociationVisitationStrategy 2015-06-20 15:55:06,806 TRACE - &lt;&lt; Finishing up attribute : Attribute(name=category, type=pojos.Category [non-identifier,association])
org.hibernate.persister.walking.spi.MetamodelGraphWalker 2015-06-20 15:55:06,806 DEBUG - Visiting attribute path : mainText
org.hibernate.loader.plan.build.internal.AbstractLoadPlanBuildingAssociationVisitationStrategy 2015-06-20 15:55:06,807 TRACE - &gt;&gt; Starting attribute Attribute(name=mainText, type=text [non-identifier])
org.hibernate.loader.plan.build.internal.AbstractLoadPlanBuildingAssociationVisitationStrategy 2015-06-20 15:55:06,807 TRACE - &lt;&lt; Finishing up attribute : Attribute(name=mainText, type=text [non-identifier])
org.hibernate.persister.walking.spi.MetamodelGraphWalker 2015-06-20 15:55:06,808 DEBUG - Visiting attribute path : postDay
org.hibernate.loader.plan.build.internal.AbstractLoadPlanBuildingAssociationVisitationStrategy 2015-06-20 15:55:06,808 TRACE - &gt;&gt; Starting attribute Attribute(name=postDay, type=string [non-identifier])
org.hibernate.loader.plan.build.internal.AbstractLoadPlanBuildingAssociationVisitationStrategy 2015-06-20 15:55:06,809 TRACE - &lt;&lt; Finishing up attribute : Attribute(name=postDay, type=string [non-identifier])
org.hibernate.persister.walking.spi.MetamodelGraphWalker 2015-06-20 15:55:06,810 DEBUG - Visiting attribute path : title
org.hibernate.loader.plan.build.internal.AbstractLoadPlanBuildingAssociationVisitationStrategy 2015-06-20 15:55:06,811 TRACE - &gt;&gt; Starting attribute Attribute(name=title, type=string [non-identifier])
org.hibernate.loader.plan.build.internal.AbstractLoadPlanBuildingAssociationVisitationStrategy 2015-06-20 15:55:06,811 TRACE - &lt;&lt; Finishing up attribute : Attribute(name=title, type=string [non-identifier])
org.hibernate.persister.walking.spi.MetamodelGraphWalker 2015-06-20 15:55:06,812 DEBUG - Visiting attribute path : title4ann
org.hibernate.loader.plan.build.internal.AbstractLoadPlanBuildingAssociationVisitationStrategy 2015-06-20 15:55:06,813 TRACE - &gt;&gt; Starting attribute Attribute(name=title4ann, type=string [non-identifier])
org.hibernate.loader.plan.build.internal.AbstractLoadPlanBuildingAssociationVisitationStrategy 2015-06-20 15:55:06,814 TRACE - &lt;&lt; Finishing up attribute : Attribute(name=title4ann, type=string [non-identifier])
org.hibernate.persister.walking.spi.MetamodelGraphWalker 2015-06-20 15:55:06,815 DEBUG - Visiting attribute path : user
org.hibernate.loader.plan.build.internal.AbstractLoadPlanBuildingAssociationVisitationStrategy 2015-06-20 15:55:06,815 TRACE - &gt;&gt; Starting attribute Attribute(name=user, type=pojos.Users [non-identifier,association])
org.hibernate.loader.plan.build.internal.spaces.QuerySpacesImpl 2015-06-20 15:55:06,817 DEBUG - Adding QuerySpace : uid = &lt;gen:2&gt; -&gt; org.hibernate.loader.plan.build.internal.spaces.EntityQuerySpaceImpl@24fd5136]
org.hibernate.loader.plan.build.internal.AbstractLoadPlanBuildingAssociationVisitationStrategy 2015-06-20 15:55:06,817 TRACE - &lt;&lt; Finishing up attribute : Attribute(name=user, type=pojos.Users [non-identifier,association])
org.hibernate.loader.plan.build.internal.AbstractLoadPlanBuildingAssociationVisitationStrategy 2015-06-20 15:55:06,818 TRACE - Popped fetch owner from stack : org.hibernate.loader.plan.build.internal.returns.EntityReturnImpl@21b1ab40
org.hibernate.loader.plan.build.internal.AbstractLoadPlanBuildingAssociationVisitationStrategy 2015-06-20 15:55:06,818 TRACE -  Finished root entity : pojos.News
org.hibernate.loader.plan.build.internal.FetchStyleLoadPlanBuildingAssociationVisitationStrategy 2015-06-20 15:55:06,819 DEBUG - Building LoadPlan...
org.hibernate.loader.plan.exec.internal.LoadQueryJoinAndFetchProcessor 2015-06-20 15:55:06,820 DEBUG - processing queryspace &lt;gen:0&gt;
org.hibernate.loader.plan.build.spi.LoadPlanTreePrinter 2015-06-20 15:55:06,821 DEBUG - LoadPlan(entity=pojos.News)
    - Returns
       - EntityReturnImpl(entity=pojos.News, querySpaceUid=&lt;gen:0&gt;, path=pojos.News)
          - EntityAttributeFetchImpl(entity=pojos.Category, querySpaceUid=&lt;gen:1&gt;, path=pojos.News.category)
          - EntityAttributeFetchImpl(entity=pojos.Users, querySpaceUid=&lt;gen:2&gt;, path=pojos.News.user)
    - QuerySpaces
       - EntityQuerySpaceImpl(uid=&lt;gen:0&gt;, entity=pojos.News)
          - SQL table alias mapping - news0_
          - alias suffix - 0_
          - suffixed key columns - {newsId1_1_0_}

org.hibernate.loader.entity.plan.EntityLoader 2015-06-20 15:55:06,823 DEBUG - Static select for entity pojos.News [PESSIMISTIC_FORCE_INCREMENT]: select news0_.newsId as newsId1_1_0_, news0_.author as author2_1_0_, news0_.category as category7_1_0_, news0_.mainText as mainText3_1_0_, news0_.postDay as postDay4_1_0_, news0_.title as title5_1_0_, news0_.title4ann as title6_1_0_, news0_.user as user8_1_0_ from News news0_ where news0_.newsId=? for update
org.hibernate.loader.plan.build.internal.AbstractLoadPlanBuildingAssociationVisitationStrategy 2015-06-20 15:55:06,824 TRACE -  Starting root entity : pojos.News
org.hibernate.loader.plan.build.internal.spaces.QuerySpacesImpl 2015-06-20 15:55:06,824 DEBUG - Adding QuerySpace : uid = &lt;gen:0&gt; -&gt; org.hibernate.loader.plan.build.internal.spaces.EntityQuerySpaceImpl@72dec332]
org.hibernate.loader.plan.build.internal.AbstractLoadPlanBuildingAssociationVisitationStrategy 2015-06-20 15:55:06,824 TRACE - Pushing fetch source to stack : org.hibernate.loader.plan.build.internal.returns.EntityReturnImpl@7ee14288
org.hibernate.loader.plan.build.internal.AbstractLoadPlanBuildingAssociationVisitationStrategy 2015-06-20 15:55:06,824 TRACE - .. Registering AssociationKey : AssociationKey(table=News, columns={newsId}) -&gt; org.hibernate.loader.plan.build.internal.returns.EntityReturnImpl@7ee14288
org.hibernate.loader.plan.build.internal.AbstractLoadPlanBuildingAssociationVisitationStrategy 2015-06-20 15:55:06,825 TRACE - &gt;&gt; Starting entity identifier : pojos.News
org.hibernate.persister.walking.spi.MetamodelGraphWalker 2015-06-20 15:55:06,825 DEBUG - Visiting attribute path : author
org.hibernate.loader.plan.build.internal.AbstractLoadPlanBuildingAssociationVisitationStrategy 2015-06-20 15:55:06,827 TRACE - &gt;&gt; Starting attribute Attribute(name=author, type=string [non-identifier])
org.hibernate.loader.plan.build.internal.AbstractLoadPlanBuildingAssociationVisitationStrategy 2015-06-20 15:55:06,827 TRACE - &lt;&lt; Finishing up attribute : Attribute(name=author, type=string [non-identifier])
org.hibernate.persister.walking.spi.MetamodelGraphWalker 2015-06-20 15:55:06,828 DEBUG - Visiting attribute path : category
org.hibernate.loader.plan.build.internal.AbstractLoadPlanBuildingAssociationVisitationStrategy 2015-06-20 15:55:06,828 TRACE - &gt;&gt; Starting attribute Attribute(name=category, type=pojos.Category [non-identifier,association])
org.hibernate.loader.plan.build.internal.spaces.QuerySpacesImpl 2015-06-20 15:55:06,828 DEBUG - Adding QuerySpace : uid = &lt;gen:1&gt; -&gt; org.hibernate.loader.plan.build.internal.spaces.EntityQuerySpaceImpl@76d72fcb]
org.hibernate.loader.plan.build.internal.AbstractLoadPlanBuildingAssociationVisitationStrategy 2015-06-20 15:55:06,829 TRACE - &lt;&lt; Finishing up attribute : Attribute(name=category, type=pojos.Category [non-identifier,association])
org.hibernate.persister.walking.spi.MetamodelGraphWalker 2015-06-20 15:55:06,829 DEBUG - Visiting attribute path : mainText
org.hibernate.loader.plan.build.internal.AbstractLoadPlanBuildingAssociationVisitationStrategy 2015-06-20 15:55:06,830 TRACE - &gt;&gt; Starting attribute Attribute(name=mainText, type=text [non-identifier])
org.hibernate.loader.plan.build.internal.AbstractLoadPlanBuildingAssociationVisitationStrategy 2015-06-20 15:55:06,830 TRACE - &lt;&lt; Finishing up attribute : Attribute(name=mainText, type=text [non-identifier])
org.hibernate.persister.walking.spi.MetamodelGraphWalker 2015-06-20 15:55:06,830 DEBUG - Visiting attribute path : postDay
org.hibernate.loader.plan.build.internal.AbstractLoadPlanBuildingAssociationVisitationStrategy 2015-06-20 15:55:06,831 TRACE - &gt;&gt; Starting attribute Attribute(name=postDay, type=string [non-identifier])
org.hibernate.loader.plan.build.internal.AbstractLoadPlanBuildingAssociationVisitationStrategy 2015-06-20 15:55:06,831 TRACE - &lt;&lt; Finishing up attribute : Attribute(name=postDay, type=string [non-identifier])
org.hibernate.persister.walking.spi.MetamodelGraphWalker 2015-06-20 15:55:06,831 DEBUG - Visiting attribute path : title
org.hibernate.loader.plan.build.internal.AbstractLoadPlanBuildingAssociationVisitationStrategy 2015-06-20 15:55:06,831 TRACE - &gt;&gt; Starting attribute Attribute(name=title, type=string [non-identifier])
org.hibernate.loader.plan.build.internal.AbstractLoadPlanBuildingAssociationVisitationStrategy 2015-06-20 15:55:06,832 TRACE - &lt;&lt; Finishing up attribute : Attribute(name=title, type=string [non-identifier])
org.hibernate.persister.walking.spi.MetamodelGraphWalker 2015-06-20 15:55:06,832 DEBUG - Visiting attribute path : title4ann
org.hibernate.loader.plan.build.internal.AbstractLoadPlanBuildingAssociationVisitationStrategy 2015-06-20 15:55:06,833 TRACE - &gt;&gt; Starting attribute Attribute(name=title4ann, type=string [non-identifier])
org.hibernate.loader.plan.build.internal.AbstractLoadPlanBuildingAssociationVisitationStrategy 2015-06-20 15:55:06,834 TRACE - &lt;&lt; Finishing up attribute : Attribute(name=title4ann, type=string [non-identifier])
org.hibernate.persister.walking.spi.MetamodelGraphWalker 2015-06-20 15:55:06,834 DEBUG - Visiting attribute path : user
org.hibernate.loader.plan.build.internal.AbstractLoadPlanBuildingAssociationVisitationStrategy 2015-06-20 15:55:06,835 TRACE - &gt;&gt; Starting attribute Attribute(name=user, type=pojos.Users [non-identifier,association])
org.hibernate.loader.plan.build.internal.spaces.QuerySpacesImpl 2015-06-20 15:55:06,835 DEBUG - Adding QuerySpace : uid = &lt;gen:2&gt; -&gt; org.hibernate.loader.plan.build.internal.spaces.EntityQuerySpaceImpl@2982f561]
org.hibernate.loader.plan.build.internal.AbstractLoadPlanBuildingAssociationVisitationStrategy 2015-06-20 15:55:06,835 TRACE - &lt;&lt; Finishing up attribute : Attribute(name=user, type=pojos.Users [non-identifier,association])
org.hibernate.loader.plan.build.internal.AbstractLoadPlanBuildingAssociationVisitationStrategy 2015-06-20 15:55:06,836 TRACE - Popped fetch owner from stack : org.hibernate.loader.plan.build.internal.returns.EntityReturnImpl@7ee14288
org.hibernate.loader.plan.build.internal.AbstractLoadPlanBuildingAssociationVisitationStrategy 2015-06-20 15:55:06,836 TRACE -  Finished root entity : pojos.News
org.hibernate.loader.plan.build.internal.FetchStyleLoadPlanBuildingAssociationVisitationStrategy 2015-06-20 15:55:06,836 DEBUG - Building LoadPlan...
org.hibernate.loader.plan.exec.internal.LoadQueryJoinAndFetchProcessor 2015-06-20 15:55:06,837 DEBUG - processing queryspace &lt;gen:0&gt;
org.hibernate.loader.plan.build.spi.LoadPlanTreePrinter 2015-06-20 15:55:06,838 DEBUG - LoadPlan(entity=pojos.News)
    - Returns
       - EntityReturnImpl(entity=pojos.News, querySpaceUid=&lt;gen:0&gt;, path=pojos.News)
          - EntityAttributeFetchImpl(entity=pojos.Category, querySpaceUid=&lt;gen:1&gt;, path=pojos.News.category)
          - EntityAttributeFetchImpl(entity=pojos.Users, querySpaceUid=&lt;gen:2&gt;, path=pojos.News.user)
    - QuerySpaces
       - EntityQuerySpaceImpl(uid=&lt;gen:0&gt;, entity=pojos.News)
          - SQL table alias mapping - news0_
          - alias suffix - 0_
          - suffixed key columns - {newsId1_1_0_}

org.hibernate.loader.entity.plan.EntityLoader 2015-06-20 15:55:06,838 DEBUG - Static select for entity pojos.News [OPTIMISTIC]: select news0_.newsId as newsId1_1_0_, news0_.author as author2_1_0_, news0_.category as category7_1_0_, news0_.mainText as mainText3_1_0_, news0_.postDay as postDay4_1_0_, news0_.title as title5_1_0_, news0_.title4ann as title6_1_0_, news0_.user as user8_1_0_ from News news0_ where news0_.newsId=?
org.hibernate.loader.plan.build.internal.AbstractLoadPlanBuildingAssociationVisitationStrategy 2015-06-20 15:55:06,839 TRACE -  Starting root entity : pojos.News
org.hibernate.loader.plan.build.internal.spaces.QuerySpacesImpl 2015-06-20 15:55:06,840 DEBUG - Adding QuerySpace : uid = &lt;gen:0&gt; -&gt; org.hibernate.loader.plan.build.internal.spaces.EntityQuerySpaceImpl@54bbc891]
org.hibernate.loader.plan.build.internal.AbstractLoadPlanBuildingAssociationVisitationStrategy 2015-06-20 15:55:06,840 TRACE - Pushing fetch source to stack : org.hibernate.loader.plan.build.internal.returns.EntityReturnImpl@746cd30c
org.hibernate.loader.plan.build.internal.AbstractLoadPlanBuildingAssociationVisitationStrategy 2015-06-20 15:55:06,841 TRACE - .. Registering AssociationKey : AssociationKey(table=News, columns={newsId}) -&gt; org.hibernate.loader.plan.build.internal.returns.EntityReturnImpl@746cd30c
org.hibernate.loader.plan.build.internal.AbstractLoadPlanBuildingAssociationVisitationStrategy 2015-06-20 15:55:06,841 TRACE - &gt;&gt; Starting entity identifier : pojos.News
org.hibernate.persister.walking.spi.MetamodelGraphWalker 2015-06-20 15:55:06,841 DEBUG - Visiting attribute path : author
org.hibernate.loader.plan.build.internal.AbstractLoadPlanBuildingAssociationVisitationStrategy 2015-06-20 15:55:06,841 TRACE - &gt;&gt; Starting attribute Attribute(name=author, type=string [non-identifier])
org.hibernate.loader.plan.build.internal.AbstractLoadPlanBuildingAssociationVisitationStrategy 2015-06-20 15:55:06,842 TRACE - &lt;&lt; Finishing up attribute : Attribute(name=author, type=string [non-identifier])
org.hibernate.persister.walking.spi.MetamodelGraphWalker 2015-06-20 15:55:06,842 DEBUG - Visiting attribute path : category
org.hibernate.loader.plan.build.internal.AbstractLoadPlanBuildingAssociationVisitationStrategy 2015-06-20 15:55:06,842 TRACE - &gt;&gt; Starting attribute Attribute(name=category, type=pojos.Category [non-identifier,association])
org.hibernate.loader.plan.build.internal.spaces.QuerySpacesImpl 2015-06-20 15:55:06,842 DEBUG - Adding QuerySpace : uid = &lt;gen:1&gt; -&gt; org.hibernate.loader.plan.build.internal.spaces.EntityQuerySpaceImpl@1493f48b]
org.hibernate.loader.plan.build.internal.AbstractLoadPlanBuildingAssociationVisitationStrategy 2015-06-20 15:55:06,843 TRACE - &lt;&lt; Finishing up attribute : Attribute(name=category, type=pojos.Category [non-identifier,association])
org.hibernate.persister.walking.spi.MetamodelGraphWalker 2015-06-20 15:55:06,843 DEBUG - Visiting attribute path : mainText
org.hibernate.loader.plan.build.internal.AbstractLoadPlanBuildingAssociationVisitationStrategy 2015-06-20 15:55:06,843 TRACE - &gt;&gt; Starting attribute Attribute(name=mainText, type=text [non-identifier])
org.hibernate.loader.plan.build.internal.AbstractLoadPlanBuildingAssociationVisitationStrategy 2015-06-20 15:55:06,843 TRACE - &lt;&lt; Finishing up attribute : Attribute(name=mainText, type=text [non-identifier])
org.hibernate.persister.walking.spi.MetamodelGraphWalker 2015-06-20 15:55:06,844 DEBUG - Visiting attribute path : postDay
org.hibernate.loader.plan.build.internal.AbstractLoadPlanBuildingAssociationVisitationStrategy 2015-06-20 15:55:06,844 TRACE - &gt;&gt; Starting attribute Attribute(name=postDay, type=string [non-identifier])
org.hibernate.loader.plan.build.internal.AbstractLoadPlanBuildingAssociationVisitationStrategy 2015-06-20 15:55:06,844 TRACE - &lt;&lt; Finishing up attribute : Attribute(name=postDay, type=string [non-identifier])
org.hibernate.persister.walking.spi.MetamodelGraphWalker 2015-06-20 15:55:06,845 DEBUG - Visiting attribute path : title
org.hibernate.loader.plan.build.internal.AbstractLoadPlanBuildingAssociationVisitationStrategy 2015-06-20 15:55:06,845 TRACE - &gt;&gt; Starting attribute Attribute(name=title, type=string [non-identifier])
org.hibernate.loader.plan.build.internal.AbstractLoadPlanBuildingAssociationVisitationStrategy 2015-06-20 15:55:06,846 TRACE - &lt;&lt; Finishing up attribute : Attribute(name=title, type=string [non-identifier])
org.hibernate.persister.walking.spi.MetamodelGraphWalker 2015-06-20 15:55:06,846 DEBUG - Visiting attribute path : title4ann
org.hibernate.loader.plan.build.internal.AbstractLoadPlanBuildingAssociationVisitationStrategy 2015-06-20 15:55:06,847 TRACE - &gt;&gt; Starting attribute Attribute(name=title4ann, type=string [non-identifier])
org.hibernate.loader.plan.build.internal.AbstractLoadPlanBuildingAssociationVisitationStrategy 2015-06-20 15:55:06,847 TRACE - &lt;&lt; Finishing up attribute : Attribute(name=title4ann, type=string [non-identifier])
org.hibernate.persister.walking.spi.MetamodelGraphWalker 2015-06-20 15:55:06,847 DEBUG - Visiting attribute path : user
org.hibernate.loader.plan.build.internal.AbstractLoadPlanBuildingAssociationVisitationStrategy 2015-06-20 15:55:06,848 TRACE - &gt;&gt; Starting attribute Attribute(name=user, type=pojos.Users [non-identifier,association])
org.hibernate.loader.plan.build.internal.spaces.QuerySpacesImpl 2015-06-20 15:55:06,848 DEBUG - Adding QuerySpace : uid = &lt;gen:2&gt; -&gt; org.hibernate.loader.plan.build.internal.spaces.EntityQuerySpaceImpl@7d9bdc3a]
org.hibernate.loader.plan.build.internal.AbstractLoadPlanBuildingAssociationVisitationStrategy 2015-06-20 15:55:06,848 TRACE - &lt;&lt; Finishing up attribute : Attribute(name=user, type=pojos.Users [non-identifier,association])
org.hibernate.loader.plan.build.internal.AbstractLoadPlanBuildingAssociationVisitationStrategy 2015-06-20 15:55:06,849 TRACE - Popped fetch owner from stack : org.hibernate.loader.plan.build.internal.returns.EntityReturnImpl@746cd30c
org.hibernate.loader.plan.build.internal.AbstractLoadPlanBuildingAssociationVisitationStrategy 2015-06-20 15:55:06,849 TRACE -  Finished root entity : pojos.News
org.hibernate.loader.plan.build.internal.FetchStyleLoadPlanBuildingAssociationVisitationStrategy 2015-06-20 15:55:06,849 DEBUG - Building LoadPlan...
org.hibernate.loader.plan.exec.internal.LoadQueryJoinAndFetchProcessor 2015-06-20 15:55:06,850 DEBUG - processing queryspace &lt;gen:0&gt;
org.hibernate.loader.plan.build.spi.LoadPlanTreePrinter 2015-06-20 15:55:06,851 DEBUG - LoadPlan(entity=pojos.News)
    - Returns
       - EntityReturnImpl(entity=pojos.News, querySpaceUid=&lt;gen:0&gt;, path=pojos.News)
          - EntityAttributeFetchImpl(entity=pojos.Category, querySpaceUid=&lt;gen:1&gt;, path=pojos.News.category)
          - EntityAttributeFetchImpl(entity=pojos.Users, querySpaceUid=&lt;gen:2&gt;, path=pojos.News.user)
    - QuerySpaces
       - EntityQuerySpaceImpl(uid=&lt;gen:0&gt;, entity=pojos.News)
          - SQL table alias mapping - news0_
          - alias suffix - 0_
          - suffixed key columns - {newsId1_1_0_}

org.hibernate.loader.entity.plan.EntityLoader 2015-06-20 15:55:06,851 DEBUG - Static select for entity pojos.News [OPTIMISTIC_FORCE_INCREMENT]: select news0_.newsId as newsId1_1_0_, news0_.author as author2_1_0_, news0_.category as category7_1_0_, news0_.mainText as mainText3_1_0_, news0_.postDay as postDay4_1_0_, news0_.title as title5_1_0_, news0_.title4ann as title6_1_0_, news0_.user as user8_1_0_ from News news0_ where news0_.newsId=?
org.hibernate.loader.entity.CascadeEntityLoader 2015-06-20 15:55:06,851 DEBUG - Static select for action ACTION_MERGE on entity pojos.News: select news0_.newsId as newsId1_1_0_, news0_.author as author2_1_0_, news0_.category as category7_1_0_, news0_.mainText as mainText3_1_0_, news0_.postDay as postDay4_1_0_, news0_.title as title5_1_0_, news0_.title4ann as title6_1_0_, news0_.user as user8_1_0_ from News news0_ where news0_.newsId=?
org.hibernate.loader.entity.CascadeEntityLoader 2015-06-20 15:55:06,852 DEBUG - Static select for action ACTION_REFRESH on entity pojos.News: select news0_.newsId as newsId1_1_0_, news0_.author as author2_1_0_, news0_.category as category7_1_0_, news0_.mainText as mainText3_1_0_, news0_.postDay as postDay4_1_0_, news0_.title as title5_1_0_, news0_.title4ann as title6_1_0_, news0_.user as user8_1_0_ from News news0_ where news0_.newsId=?
org.hibernate.loader.plan.build.internal.AbstractLoadPlanBuildingAssociationVisitationStrategy 2015-06-20 15:55:06,857 TRACE -  Starting root collection : pojos.Users.roles
org.hibernate.loader.plan.build.internal.spaces.QuerySpacesImpl 2015-06-20 15:55:06,860 DEBUG - Adding QuerySpace : uid = &lt;gen:0&gt; -&gt; org.hibernate.loader.plan.build.internal.spaces.CollectionQuerySpaceImpl@2e2ddbdf]
org.hibernate.loader.plan.build.internal.spaces.QuerySpacesImpl 2015-06-20 15:55:06,861 DEBUG - Adding QuerySpace : uid = &lt;gen:1&gt; -&gt; org.hibernate.loader.plan.build.internal.spaces.EntityQuerySpaceImpl@44be2528]
org.hibernate.loader.plan.build.internal.AbstractLoadPlanBuildingAssociationVisitationStrategy 2015-06-20 15:55:06,862 TRACE - Pushing collection reference to stack : org.hibernate.loader.plan.build.internal.returns.CollectionReturnImpl@6e2e5dc9
org.hibernate.loader.plan.build.internal.AbstractLoadPlanBuildingAssociationVisitationStrategy 2015-06-20 15:55:06,864 TRACE -  Registering AssociationKey : AssociationKey(table=T_Roles_Users, columns={userId}) -&gt; null
org.hibernate.loader.plan.build.internal.AbstractLoadPlanBuildingAssociationVisitationStrategy 2015-06-20 15:55:06,865 TRACE -  Starting collection element graph : pojos.Users.roles
org.hibernate.loader.plan.build.internal.AbstractLoadPlanBuildingAssociationVisitationStrategy 2015-06-20 15:55:06,865 TRACE - Pushing fetch source to stack : org.hibernate.loader.plan.build.internal.returns.CollectionFetchableElementEntityGraph@6bf718f2
org.hibernate.loader.plan.build.internal.AbstractLoadPlanBuildingAssociationVisitationStrategy 2015-06-20 15:55:06,866 TRACE - .. Registering AssociationKey : AssociationKey(table=T_Roles_Users, columns={roleId}) -&gt; org.hibernate.loader.plan.build.internal.returns.CollectionFetchableElementEntityGraph@6bf718f2
org.hibernate.loader.plan.build.internal.AbstractLoadPlanBuildingAssociationVisitationStrategy 2015-06-20 15:55:06,866 TRACE - &gt;&gt; Starting entity identifier : pojos.Roles
org.hibernate.persister.walking.spi.MetamodelGraphWalker 2015-06-20 15:55:06,866 DEBUG - Visiting attribute path : roleType
org.hibernate.loader.plan.build.internal.AbstractLoadPlanBuildingAssociationVisitationStrategy 2015-06-20 15:55:06,867 TRACE - &gt;&gt; Starting attribute Attribute(name=roleType, type=string [non-identifier])
org.hibernate.loader.plan.build.internal.AbstractLoadPlanBuildingAssociationVisitationStrategy 2015-06-20 15:55:06,867 TRACE - &lt;&lt; Finishing up attribute : Attribute(name=roleType, type=string [non-identifier])
org.hibernate.persister.walking.spi.MetamodelGraphWalker 2015-06-20 15:55:06,867 DEBUG - Visiting attribute path : users
org.hibernate.persister.walking.spi.MetamodelGraphWalker 2015-06-20 15:55:06,867 DEBUG - Property path deemed to be circular : users
org.hibernate.persister.walking.spi.MetamodelGraphWalker 2015-06-20 15:55:06,867 DEBUG - Visiting attribute path : permission
org.hibernate.loader.plan.build.internal.AbstractLoadPlanBuildingAssociationVisitationStrategy 2015-06-20 15:55:06,868 TRACE - &gt;&gt; Starting attribute Attribute(name=permission, type=pojos.Permissions [non-identifier,association])
org.hibernate.loader.plan.build.internal.spaces.QuerySpacesImpl 2015-06-20 15:55:06,869 DEBUG - Adding QuerySpace : uid = &lt;gen:2&gt; -&gt; org.hibernate.loader.plan.build.internal.spaces.EntityQuerySpaceImpl@2b86ef3e]
org.hibernate.loader.plan.build.internal.AbstractLoadPlanBuildingAssociationVisitationStrategy 2015-06-20 15:55:06,870 TRACE - Pushing fetch source to stack : org.hibernate.loader.plan.build.internal.returns.EntityAttributeFetchImpl@27c4e5c5
org.hibernate.loader.plan.build.internal.AbstractLoadPlanBuildingAssociationVisitationStrategy 2015-06-20 15:55:06,871 TRACE - .... Registering AssociationKey : AssociationKey(table=Permissions, columns={role}) -&gt; org.hibernate.loader.plan.build.internal.returns.EntityAttributeFetchImpl@27c4e5c5
org.hibernate.loader.plan.build.internal.AbstractLoadPlanBuildingAssociationVisitationStrategy 2015-06-20 15:55:06,872 TRACE - &gt;&gt;&gt;&gt; Starting entity identifier : pojos.Permissions
org.hibernate.persister.walking.spi.MetamodelGraphWalker 2015-06-20 15:55:06,872 DEBUG - Visiting attribute path : permission.addNews
org.hibernate.loader.plan.build.internal.AbstractLoadPlanBuildingAssociationVisitationStrategy 2015-06-20 15:55:06,872 TRACE - &gt;&gt;&gt;&gt; Starting attribute Attribute(name=addNews, type=boolean [non-identifier])
org.hibernate.loader.plan.build.internal.AbstractLoadPlanBuildingAssociationVisitationStrategy 2015-06-20 15:55:06,873 TRACE - &lt;&lt;&lt;&lt; Finishing up attribute : Attribute(name=addNews, type=boolean [non-identifier])
org.hibernate.persister.walking.spi.MetamodelGraphWalker 2015-06-20 15:55:06,873 DEBUG - Visiting attribute path : permission.deleteNews
org.hibernate.loader.plan.build.internal.AbstractLoadPlanBuildingAssociationVisitationStrategy 2015-06-20 15:55:06,874 TRACE - &gt;&gt;&gt;&gt; Starting attribute Attribute(name=deleteNews, type=boolean [non-identifier])
org.hibernate.loader.plan.build.internal.AbstractLoadPlanBuildingAssociationVisitationStrategy 2015-06-20 15:55:06,875 TRACE - &lt;&lt;&lt;&lt; Finishing up attribute : Attribute(name=deleteNews, type=boolean [non-identifier])
org.hibernate.persister.walking.spi.MetamodelGraphWalker 2015-06-20 15:55:06,875 DEBUG - Visiting attribute path : permission.readNews
org.hibernate.loader.plan.build.internal.AbstractLoadPlanBuildingAssociationVisitationStrategy 2015-06-20 15:55:06,875 TRACE - &gt;&gt;&gt;&gt; Starting attribute Attribute(name=readNews, type=boolean [non-identifier])
org.hibernate.loader.plan.build.internal.AbstractLoadPlanBuildingAssociationVisitationStrategy 2015-06-20 15:55:06,876 TRACE - &lt;&lt;&lt;&lt; Finishing up attribute : Attribute(name=readNews, type=boolean [non-identifier])
org.hibernate.persister.walking.spi.MetamodelGraphWalker 2015-06-20 15:55:06,876 DEBUG - Visiting attribute path : permission.role
org.hibernate.persister.walking.spi.MetamodelGraphWalker 2015-06-20 15:55:06,876 DEBUG - Property path deemed to be circular : permission.role
org.hibernate.persister.walking.spi.MetamodelGraphWalker 2015-06-20 15:55:06,876 DEBUG - Visiting attribute path : permission.updateNews
org.hibernate.loader.plan.build.internal.AbstractLoadPlanBuildingAssociationVisitationStrategy 2015-06-20 15:55:06,877 TRACE - &gt;&gt;&gt;&gt; Starting attribute Attribute(name=updateNews, type=boolean [non-identifier])
org.hibernate.loader.plan.build.internal.AbstractLoadPlanBuildingAssociationVisitationStrategy 2015-06-20 15:55:06,877 TRACE - &lt;&lt;&lt;&lt; Finishing up attribute : Attribute(name=updateNews, type=boolean [non-identifier])
org.hibernate.loader.plan.build.internal.AbstractLoadPlanBuildingAssociationVisitationStrategy 2015-06-20 15:55:06,877 TRACE - Popped fetch owner from stack : org.hibernate.loader.plan.build.internal.returns.EntityAttributeFetchImpl@27c4e5c5
org.hibernate.loader.plan.build.internal.AbstractLoadPlanBuildingAssociationVisitationStrategy 2015-06-20 15:55:06,878 TRACE - &lt;&lt; Finishing up attribute : Attribute(name=permission, type=pojos.Permissions [non-identifier,association])
org.hibernate.loader.plan.build.internal.AbstractLoadPlanBuildingAssociationVisitationStrategy 2015-06-20 15:55:06,878 TRACE - Popped fetch owner from stack : org.hibernate.loader.plan.build.internal.returns.CollectionFetchableElementEntityGraph@6bf718f2
org.hibernate.loader.plan.build.internal.AbstractLoadPlanBuildingAssociationVisitationStrategy 2015-06-20 15:55:06,878 TRACE -  Finished collection element graph : pojos.Users.roles
org.hibernate.loader.plan.build.internal.AbstractLoadPlanBuildingAssociationVisitationStrategy 2015-06-20 15:55:06,878 TRACE - Popped collection reference from stack : org.hibernate.loader.plan.build.internal.returns.CollectionReturnImpl@6e2e5dc9
org.hibernate.loader.plan.build.internal.AbstractLoadPlanBuildingAssociationVisitationStrategy 2015-06-20 15:55:06,879 TRACE -  Finished root collection : pojos.Users.roles
org.hibernate.loader.plan.build.internal.FetchStyleLoadPlanBuildingAssociationVisitationStrategy 2015-06-20 15:55:06,879 DEBUG - Building LoadPlan...
org.hibernate.loader.plan.exec.internal.LoadQueryJoinAndFetchProcessor 2015-06-20 15:55:06,885 DEBUG - processing queryspace &lt;gen:0&gt;
org.hibernate.loader.plan.build.spi.LoadPlanTreePrinter 2015-06-20 15:55:06,887 DEBUG - LoadPlan(collection=pojos.Users.roles)
    - Returns
       - CollectionReturnImpl(collection=pojos.Users.roles, querySpaceUid=&lt;gen:0&gt;, path=[pojos.Users.roles])
          - (collection element) CollectionFetchableElementEntityGraph(entity=pojos.Roles, querySpaceUid=&lt;gen:1&gt;, path=[pojos.Users.roles].&lt;elements&gt;)
             - EntityAttributeFetchImpl(entity=pojos.Permissions, querySpaceUid=&lt;gen:2&gt;, path=[pojos.Users.roles].&lt;elements&gt;.permission)
    - QuerySpaces
       - CollectionQuerySpaceImpl(uid=&lt;gen:0&gt;, collection=pojos.Users.roles)
          - SQL table alias mapping - roles0_
          - alias suffix - 0_
          - suffixed key columns - {userId2_5_0_}
          - entity-element alias suffix - 1_
          - 1_entity-element suffixed key columns - roleId1_3_1_
          - JOIN (JoinDefinedByMetadata(elements)) : &lt;gen:0&gt; -&gt; &lt;gen:1&gt;
             - EntityQuerySpaceImpl(uid=&lt;gen:1&gt;, entity=pojos.Roles)
                - SQL table alias mapping - roles1_
                - alias suffix - 1_
                - suffixed key columns - {roleId1_3_1_}
                - JOIN (JoinDefinedByMetadata(permission)) : &lt;gen:1&gt; -&gt; &lt;gen:2&gt;
                   - EntityQuerySpaceImpl(uid=&lt;gen:2&gt;, entity=pojos.Permissions)
                      - SQL table alias mapping - permission2_
                      - alias suffix - 2_
                      - suffixed key columns - {roleId1_2_2_}

org.hibernate.loader.collection.plan.CollectionLoader 2015-06-20 15:55:06,889 DEBUG - Static select for collection pojos.Users.roles: select roles0_.userId as userId2_5_0_, roles0_.roleId as roleId1_4_0_, roles1_.roleId as roleId1_3_1_, roles1_.roleType as roleType2_3_1_, permission2_.roleId as roleId1_2_2_, permission2_.addNews as addNews2_2_2_, permission2_.deleteNews as deleteNe3_2_2_, permission2_.readNews as readNews4_2_2_, permission2_.role as role6_2_2_, permission2_.updateNews as updateNe5_2_2_ from T_Roles_Users roles0_ inner join Roles roles1_ on roles0_.roleId=roles1_.roleId left outer join Permissions permission2_ on roles1_.roleId=permission2_.role where roles0_.userId=?
org.hibernate.loader.plan.build.internal.AbstractLoadPlanBuildingAssociationVisitationStrategy 2015-06-20 15:55:06,890 TRACE -  Starting root collection : pojos.Roles.users
org.hibernate.loader.plan.build.internal.spaces.QuerySpacesImpl 2015-06-20 15:55:06,890 DEBUG - Adding QuerySpace : uid = &lt;gen:0&gt; -&gt; org.hibernate.loader.plan.build.internal.spaces.CollectionQuerySpaceImpl@30cf4518]
org.hibernate.loader.plan.build.internal.spaces.QuerySpacesImpl 2015-06-20 15:55:06,891 DEBUG - Adding QuerySpace : uid = &lt;gen:1&gt; -&gt; org.hibernate.loader.plan.build.internal.spaces.EntityQuerySpaceImpl@77c143b0]
org.hibernate.loader.plan.build.internal.AbstractLoadPlanBuildingAssociationVisitationStrategy 2015-06-20 15:55:06,891 TRACE - Pushing collection reference to stack : org.hibernate.loader.plan.build.internal.returns.CollectionReturnImpl@3143153c
org.hibernate.loader.plan.build.internal.AbstractLoadPlanBuildingAssociationVisitationStrategy 2015-06-20 15:55:06,891 TRACE -  Registering AssociationKey : AssociationKey(table=T_Roles_Users, columns={roleId}) -&gt; null
org.hibernate.loader.plan.build.internal.AbstractLoadPlanBuildingAssociationVisitationStrategy 2015-06-20 15:55:06,892 TRACE -  Starting collection element graph : pojos.Roles.users
org.hibernate.loader.plan.build.internal.AbstractLoadPlanBuildingAssociationVisitationStrategy 2015-06-20 15:55:06,892 TRACE - Pushing fetch source to stack : org.hibernate.loader.plan.build.internal.returns.CollectionFetchableElementEntityGraph@2b272f68
org.hibernate.loader.plan.build.internal.AbstractLoadPlanBuildingAssociationVisitationStrategy 2015-06-20 15:55:06,892 TRACE - .. Registering AssociationKey : AssociationKey(table=T_Roles_Users, columns={userId}) -&gt; org.hibernate.loader.plan.build.internal.returns.CollectionFetchableElementEntityGraph@2b272f68
org.hibernate.loader.plan.build.internal.AbstractLoadPlanBuildingAssociationVisitationStrategy 2015-06-20 15:55:06,893 TRACE - &gt;&gt; Starting entity identifier : pojos.Users
org.hibernate.persister.walking.spi.MetamodelGraphWalker 2015-06-20 15:55:06,893 DEBUG - Visiting attribute path : email
org.hibernate.loader.plan.build.internal.AbstractLoadPlanBuildingAssociationVisitationStrategy 2015-06-20 15:55:06,894 TRACE - &gt;&gt; Starting attribute Attribute(name=email, type=string [non-identifier])
org.hibernate.loader.plan.build.internal.AbstractLoadPlanBuildingAssociationVisitationStrategy 2015-06-20 15:55:06,894 TRACE - &lt;&lt; Finishing up attribute : Attribute(name=email, type=string [non-identifier])
org.hibernate.persister.walking.spi.MetamodelGraphWalker 2015-06-20 15:55:06,895 DEBUG - Visiting attribute path : name
org.hibernate.loader.plan.build.internal.AbstractLoadPlanBuildingAssociationVisitationStrategy 2015-06-20 15:55:06,895 TRACE - &gt;&gt; Starting attribute Attribute(name=name, type=string [non-identifier])
org.hibernate.loader.plan.build.internal.AbstractLoadPlanBuildingAssociationVisitationStrategy 2015-06-20 15:55:06,895 TRACE - &lt;&lt; Finishing up attribute : Attribute(name=name, type=string [non-identifier])
org.hibernate.persister.walking.spi.MetamodelGraphWalker 2015-06-20 15:55:06,895 DEBUG - Visiting attribute path : news
org.hibernate.loader.plan.build.internal.AbstractLoadPlanBuildingAssociationVisitationStrategy 2015-06-20 15:55:06,896 TRACE - &gt;&gt; Starting attribute Attribute(name=news, type=java.util.Set(pojos.Users.news) [non-identifier,association])
org.hibernate.loader.plan.build.internal.AbstractLoadPlanBuildingAssociationVisitationStrategy 2015-06-20 15:55:06,896 TRACE - &lt;&lt; Finishing up attribute : Attribute(name=news, type=java.util.Set(pojos.Users.news) [non-identifier,association])
org.hibernate.persister.walking.spi.MetamodelGraphWalker 2015-06-20 15:55:06,896 DEBUG - Visiting attribute path : pass
org.hibernate.loader.plan.build.internal.AbstractLoadPlanBuildingAssociationVisitationStrategy 2015-06-20 15:55:06,897 TRACE - &gt;&gt; Starting attribute Attribute(name=pass, type=string [non-identifier])
org.hibernate.loader.plan.build.internal.AbstractLoadPlanBuildingAssociationVisitationStrategy 2015-06-20 15:55:06,897 TRACE - &lt;&lt; Finishing up attribute : Attribute(name=pass, type=string [non-identifier])
org.hibernate.persister.walking.spi.MetamodelGraphWalker 2015-06-20 15:55:06,897 DEBUG - Visiting attribute path : roles
org.hibernate.persister.walking.spi.MetamodelGraphWalker 2015-06-20 15:55:06,897 DEBUG - Property path deemed to be circular : roles
org.hibernate.persister.walking.spi.MetamodelGraphWalker 2015-06-20 15:55:06,898 DEBUG - Visiting attribute path : surname
org.hibernate.loader.plan.build.internal.AbstractLoadPlanBuildingAssociationVisitationStrategy 2015-06-20 15:55:06,898 TRACE - &gt;&gt; Starting attribute Attribute(name=surname, type=string [non-identifier])
org.hibernate.loader.plan.build.internal.AbstractLoadPlanBuildingAssociationVisitationStrategy 2015-06-20 15:55:06,898 TRACE - &lt;&lt; Finishing up attribute : Attribute(name=surname, type=string [non-identifier])
org.hibernate.loader.plan.build.internal.AbstractLoadPlanBuildingAssociationVisitationStrategy 2015-06-20 15:55:06,898 TRACE - Popped fetch owner from stack : org.hibernate.loader.plan.build.internal.returns.CollectionFetchableElementEntityGraph@2b272f68
org.hibernate.loader.plan.build.internal.AbstractLoadPlanBuildingAssociationVisitationStrategy 2015-06-20 15:55:06,899 TRACE -  Finished collection element graph : pojos.Roles.users
org.hibernate.loader.plan.build.internal.AbstractLoadPlanBuildingAssociationVisitationStrategy 2015-06-20 15:55:06,899 TRACE - Popped collection reference from stack : org.hibernate.loader.plan.build.internal.returns.CollectionReturnImpl@3143153c
org.hibernate.loader.plan.build.internal.AbstractLoadPlanBuildingAssociationVisitationStrategy 2015-06-20 15:55:06,900 TRACE -  Finished root collection : pojos.Roles.users
org.hibernate.loader.plan.build.internal.FetchStyleLoadPlanBuildingAssociationVisitationStrategy 2015-06-20 15:55:06,900 DEBUG - Building LoadPlan...
org.hibernate.loader.plan.exec.internal.LoadQueryJoinAndFetchProcessor 2015-06-20 15:55:06,901 DEBUG - processing queryspace &lt;gen:0&gt;
org.hibernate.loader.plan.build.spi.LoadPlanTreePrinter 2015-06-20 15:55:06,902 DEBUG - LoadPlan(collection=pojos.Roles.users)
    - Returns
       - CollectionReturnImpl(collection=pojos.Roles.users, querySpaceUid=&lt;gen:0&gt;, path=[pojos.Roles.users])
          - (collection element) CollectionFetchableElementEntityGraph(entity=pojos.Users, querySpaceUid=&lt;gen:1&gt;, path=[pojos.Roles.users].&lt;elements&gt;)
    - QuerySpaces
       - CollectionQuerySpaceImpl(uid=&lt;gen:0&gt;, collection=pojos.Roles.users)
          - SQL table alias mapping - users0_
          - alias suffix - 0_
          - suffixed key columns - {roleId1_3_0_}
          - entity-element alias suffix - 1_
          - 1_entity-element suffixed key columns - userId1_5_1_
          - JOIN (JoinDefinedByMetadata(elements)) : &lt;gen:0&gt; -&gt; &lt;gen:1&gt;
             - EntityQuerySpaceImpl(uid=&lt;gen:1&gt;, entity=pojos.Users)
                - SQL table alias mapping - users1_
                - alias suffix - 1_
                - suffixed key columns - {userId1_5_1_}

org.hibernate.loader.collection.plan.CollectionLoader 2015-06-20 15:55:06,902 DEBUG - Static select for collection pojos.Roles.users: select users0_.roleId as roleId1_3_0_, users0_.userId as userId2_4_0_, users1_.userId as userId1_5_1_, users1_.email as email2_5_1_, users1_.name as name3_5_1_, users1_.pass as pass4_5_1_, users1_.surname as surname5_5_1_ from T_Roles_Users users0_ inner join Users users1_ on users0_.userId=users1_.userId where users0_.roleId=?
org.hibernate.loader.plan.build.internal.AbstractLoadPlanBuildingAssociationVisitationStrategy 2015-06-20 15:55:06,902 TRACE -  Starting root collection : pojos.Category.news
org.hibernate.loader.plan.build.internal.spaces.QuerySpacesImpl 2015-06-20 15:55:06,903 DEBUG - Adding QuerySpace : uid = &lt;gen:0&gt; -&gt; org.hibernate.loader.plan.build.internal.spaces.CollectionQuerySpaceImpl@19996afa]
org.hibernate.loader.plan.build.internal.spaces.QuerySpacesImpl 2015-06-20 15:55:06,903 DEBUG - Adding QuerySpace : uid = &lt;gen:1&gt; -&gt; org.hibernate.loader.plan.build.internal.spaces.EntityQuerySpaceImpl@273e5037]
org.hibernate.loader.plan.build.internal.AbstractLoadPlanBuildingAssociationVisitationStrategy 2015-06-20 15:55:06,903 TRACE - Pushing collection reference to stack : org.hibernate.loader.plan.build.internal.returns.CollectionReturnImpl@6c045f01
org.hibernate.loader.plan.build.internal.AbstractLoadPlanBuildingAssociationVisitationStrategy 2015-06-20 15:55:06,903 TRACE -  Registering AssociationKey : AssociationKey(table=News, columns={category}) -&gt; null
org.hibernate.loader.plan.build.internal.AbstractLoadPlanBuildingAssociationVisitationStrategy 2015-06-20 15:55:06,904 TRACE -  Starting collection element graph : pojos.Category.news
org.hibernate.loader.plan.build.internal.AbstractLoadPlanBuildingAssociationVisitationStrategy 2015-06-20 15:55:06,904 TRACE - Pushing fetch source to stack : org.hibernate.loader.plan.build.internal.returns.CollectionFetchableElementEntityGraph@12f9720e
org.hibernate.loader.plan.build.internal.AbstractLoadPlanBuildingAssociationVisitationStrategy 2015-06-20 15:55:06,904 TRACE - &gt;&gt; Starting entity identifier : pojos.News
org.hibernate.persister.walking.spi.MetamodelGraphWalker 2015-06-20 15:55:06,905 DEBUG - Visiting attribute path : author
org.hibernate.loader.plan.build.internal.AbstractLoadPlanBuildingAssociationVisitationStrategy 2015-06-20 15:55:06,905 TRACE - &gt;&gt; Starting attribute Attribute(name=author, type=string [non-identifier])
org.hibernate.loader.plan.build.internal.AbstractLoadPlanBuildingAssociationVisitationStrategy 2015-06-20 15:55:06,906 TRACE - &lt;&lt; Finishing up attribute : Attribute(name=author, type=string [non-identifier])
org.hibernate.persister.walking.spi.MetamodelGraphWalker 2015-06-20 15:55:06,907 DEBUG - Visiting attribute path : category
org.hibernate.persister.walking.spi.MetamodelGraphWalker 2015-06-20 15:55:06,907 DEBUG - Property path deemed to be circular : category
org.hibernate.persister.walking.spi.MetamodelGraphWalker 2015-06-20 15:55:06,907 DEBUG - Visiting attribute path : mainText
org.hibernate.loader.plan.build.internal.AbstractLoadPlanBuildingAssociationVisitationStrategy 2015-06-20 15:55:06,908 TRACE - &gt;&gt; Starting attribute Attribute(name=mainText, type=text [non-identifier])
org.hibernate.loader.plan.build.internal.AbstractLoadPlanBuildingAssociationVisitationStrategy 2015-06-20 15:55:06,908 TRACE - &lt;&lt; Finishing up attribute : Attribute(name=mainText, type=text [non-identifier])
org.hibernate.persister.walking.spi.MetamodelGraphWalker 2015-06-20 15:55:06,908 DEBUG - Visiting attribute path : postDay
org.hibernate.loader.plan.build.internal.AbstractLoadPlanBuildingAssociationVisitationStrategy 2015-06-20 15:55:06,909 TRACE - &gt;&gt; Starting attribute Attribute(name=postDay, type=string [non-identifier])
org.hibernate.loader.plan.build.internal.AbstractLoadPlanBuildingAssociationVisitationStrategy 2015-06-20 15:55:06,909 TRACE - &lt;&lt; Finishing up attribute : Attribute(name=postDay, type=string [non-identifier])
org.hibernate.persister.walking.spi.MetamodelGraphWalker 2015-06-20 15:55:06,909 DEBUG - Visiting attribute path : title
org.hibernate.loader.plan.build.internal.AbstractLoadPlanBuildingAssociationVisitationStrategy 2015-06-20 15:55:06,910 TRACE - &gt;&gt; Starting attribute Attribute(name=title, type=string [non-identifier])
org.hibernate.loader.plan.build.internal.AbstractLoadPlanBuildingAssociationVisitationStrategy 2015-06-20 15:55:06,910 TRACE - &lt;&lt; Finishing up attribute : Attribute(name=title, type=string [non-identifier])
org.hibernate.persister.walking.spi.MetamodelGraphWalker 2015-06-20 15:55:06,911 DEBUG - Visiting attribute path : title4ann
org.hibernate.loader.plan.build.internal.AbstractLoadPlanBuildingAssociationVisitationStrategy 2015-06-20 15:55:06,911 TRACE - &gt;&gt; Starting attribute Attribute(name=title4ann, type=string [non-identifier])
org.hibernate.loader.plan.build.internal.AbstractLoadPlanBuildingAssociationVisitationStrategy 2015-06-20 15:55:06,912 TRACE - &lt;&lt; Finishing up attribute : Attribute(name=title4ann, type=string [non-identifier])
org.hibernate.persister.walking.spi.MetamodelGraphWalker 2015-06-20 15:55:06,912 DEBUG - Visiting attribute path : user
org.hibernate.loader.plan.build.internal.AbstractLoadPlanBuildingAssociationVisitationStrategy 2015-06-20 15:55:06,913 TRACE - &gt;&gt; Starting attribute Attribute(name=user, type=pojos.Users [non-identifier,association])
org.hibernate.loader.plan.build.internal.spaces.QuerySpacesImpl 2015-06-20 15:55:06,913 DEBUG - Adding QuerySpace : uid = &lt;gen:2&gt; -&gt; org.hibernate.loader.plan.build.internal.spaces.EntityQuerySpaceImpl@36aefedd]
org.hibernate.loader.plan.build.internal.AbstractLoadPlanBuildingAssociationVisitationStrategy 2015-06-20 15:55:06,914 TRACE - Pushing fetch source to stack : org.hibernate.loader.plan.build.internal.returns.EntityAttributeFetchImpl@1ade7b37
org.hibernate.loader.plan.build.internal.AbstractLoadPlanBuildingAssociationVisitationStrategy 2015-06-20 15:55:06,914 TRACE - .... Registering AssociationKey : AssociationKey(table=News, columns={user}) -&gt; org.hibernate.loader.plan.build.internal.returns.EntityAttributeFetchImpl@1ade7b37
org.hibernate.loader.plan.build.internal.AbstractLoadPlanBuildingAssociationVisitationStrategy 2015-06-20 15:55:06,914 TRACE - &gt;&gt;&gt;&gt; Starting entity identifier : pojos.Users
org.hibernate.persister.walking.spi.MetamodelGraphWalker 2015-06-20 15:55:06,914 DEBUG - Visiting attribute path : user.email
org.hibernate.loader.plan.build.internal.AbstractLoadPlanBuildingAssociationVisitationStrategy 2015-06-20 15:55:06,915 TRACE - &gt;&gt;&gt;&gt; Starting attribute Attribute(name=email, type=string [non-identifier])
org.hibernate.loader.plan.build.internal.AbstractLoadPlanBuildingAssociationVisitationStrategy 2015-06-20 15:55:06,915 TRACE - &lt;&lt;&lt;&lt; Finishing up attribute : Attribute(name=email, type=string [non-identifier])
org.hibernate.persister.walking.spi.MetamodelGraphWalker 2015-06-20 15:55:06,915 DEBUG - Visiting attribute path : user.name
org.hibernate.loader.plan.build.internal.AbstractLoadPlanBuildingAssociationVisitationStrategy 2015-06-20 15:55:06,916 TRACE - &gt;&gt;&gt;&gt; Starting attribute Attribute(name=name, type=string [non-identifier])
org.hibernate.loader.plan.build.internal.AbstractLoadPlanBuildingAssociationVisitationStrategy 2015-06-20 15:55:06,916 TRACE - &lt;&lt;&lt;&lt; Finishing up attribute : Attribute(name=name, type=string [non-identifier])
org.hibernate.persister.walking.spi.MetamodelGraphWalker 2015-06-20 15:55:06,916 DEBUG - Visiting attribute path : user.news
org.hibernate.persister.walking.spi.MetamodelGraphWalker 2015-06-20 15:55:06,916 DEBUG - Property path deemed to be circular : user.news
org.hibernate.persister.walking.spi.MetamodelGraphWalker 2015-06-20 15:55:06,917 DEBUG - Visiting attribute path : user.pass
org.hibernate.loader.plan.build.internal.AbstractLoadPlanBuildingAssociationVisitationStrategy 2015-06-20 15:55:06,917 TRACE - &gt;&gt;&gt;&gt; Starting attribute Attribute(name=pass, type=string [non-identifier])
org.hibernate.loader.plan.build.internal.AbstractLoadPlanBuildingAssociationVisitationStrategy 2015-06-20 15:55:06,917 TRACE - &lt;&lt;&lt;&lt; Finishing up attribute : Attribute(name=pass, type=string [non-identifier])
org.hibernate.persister.walking.spi.MetamodelGraphWalker 2015-06-20 15:55:06,917 DEBUG - Visiting attribute path : user.roles
org.hibernate.loader.plan.build.internal.AbstractLoadPlanBuildingAssociationVisitationStrategy 2015-06-20 15:55:06,918 TRACE - &gt;&gt;&gt;&gt; Starting attribute Attribute(name=roles, type=java.util.Set(pojos.Users.roles) [non-identifier,association])
org.hibernate.loader.plan.build.internal.AbstractLoadPlanBuildingAssociationVisitationStrategy 2015-06-20 15:55:06,918 TRACE - &lt;&lt;&lt;&lt; Finishing up attribute : Attribute(name=roles, type=java.util.Set(pojos.Users.roles) [non-identifier,association])
org.hibernate.persister.walking.spi.MetamodelGraphWalker 2015-06-20 15:55:06,918 DEBUG - Visiting attribute path : user.surname
org.hibernate.loader.plan.build.internal.AbstractLoadPlanBuildingAssociationVisitationStrategy 2015-06-20 15:55:06,918 TRACE - &gt;&gt;&gt;&gt; Starting attribute Attribute(name=surname, type=string [non-identifier])
org.hibernate.loader.plan.build.internal.AbstractLoadPlanBuildingAssociationVisitationStrategy 2015-06-20 15:55:06,919 TRACE - &lt;&lt;&lt;&lt; Finishing up attribute : Attribute(name=surname, type=string [non-identifier])
org.hibernate.loader.plan.build.internal.AbstractLoadPlanBuildingAssociationVisitationStrategy 2015-06-20 15:55:06,919 TRACE - Popped fetch owner from stack : org.hibernate.loader.plan.build.internal.returns.EntityAttributeFetchImpl@1ade7b37
org.hibernate.loader.plan.build.internal.AbstractLoadPlanBuildingAssociationVisitationStrategy 2015-06-20 15:55:06,919 TRACE - &lt;&lt; Finishing up attribute : Attribute(name=user, type=pojos.Users [non-identifier,association])
org.hibernate.loader.plan.build.internal.AbstractLoadPlanBuildingAssociationVisitationStrategy 2015-06-20 15:55:06,919 TRACE - Popped fetch owner from stack : org.hibernate.loader.plan.build.internal.returns.CollectionFetchableElementEntityGraph@12f9720e
org.hibernate.loader.plan.build.internal.AbstractLoadPlanBuildingAssociationVisitationStrategy 2015-06-20 15:55:06,920 TRACE -  Finished collection element graph : pojos.Category.news
org.hibernate.loader.plan.build.internal.AbstractLoadPlanBuildingAssociationVisitationStrategy 2015-06-20 15:55:06,920 TRACE - Popped collection reference from stack : org.hibernate.loader.plan.build.internal.returns.CollectionReturnImpl@6c045f01
org.hibernate.loader.plan.build.internal.AbstractLoadPlanBuildingAssociationVisitationStrategy 2015-06-20 15:55:06,920 TRACE -  Finished root collection : pojos.Category.news
org.hibernate.loader.plan.build.internal.FetchStyleLoadPlanBuildingAssociationVisitationStrategy 2015-06-20 15:55:06,921 DEBUG - Building LoadPlan...
org.hibernate.loader.plan.exec.internal.LoadQueryJoinAndFetchProcessor 2015-06-20 15:55:06,921 DEBUG - processing queryspace &lt;gen:0&gt;
org.hibernate.loader.plan.build.spi.LoadPlanTreePrinter 2015-06-20 15:55:06,923 DEBUG - LoadPlan(collection=pojos.Category.news)
    - Returns
       - CollectionReturnImpl(collection=pojos.Category.news, querySpaceUid=&lt;gen:0&gt;, path=[pojos.Category.news])
          - (collection element) CollectionFetchableElementEntityGraph(entity=pojos.News, querySpaceUid=&lt;gen:1&gt;, path=[pojos.Category.news].&lt;elements&gt;)
             - EntityAttributeFetchImpl(entity=pojos.Users, querySpaceUid=&lt;gen:2&gt;, path=[pojos.Category.news].&lt;elements&gt;.user)
    - QuerySpaces
       - CollectionQuerySpaceImpl(uid=&lt;gen:0&gt;, collection=pojos.Category.news)
          - SQL table alias mapping - news0_
          - alias suffix - 0_
          - suffixed key columns - {category7_0_0_}
          - entity-element alias suffix - 1_
          - 1_entity-element suffixed key columns - newsId1_1_1_
          - JOIN (JoinDefinedByMetadata(elements)) : &lt;gen:0&gt; -&gt; &lt;gen:1&gt;
             - EntityQuerySpaceImpl(uid=&lt;gen:1&gt;, entity=pojos.News)
                - SQL table alias mapping - news0_
                - alias suffix - 1_
                - suffixed key columns - {newsId1_1_1_}
                - JOIN (JoinDefinedByMetadata(user)) : &lt;gen:1&gt; -&gt; &lt;gen:2&gt;
                   - EntityQuerySpaceImpl(uid=&lt;gen:2&gt;, entity=pojos.Users)
                      - SQL table alias mapping - users1_
                      - alias suffix - 2_
                      - suffixed key columns - {userId1_5_2_}

org.hibernate.loader.collection.plan.CollectionLoader 2015-06-20 15:55:06,923 DEBUG - Static select for collection pojos.Category.news: select news0_.category as category7_0_0_, news0_.newsId as newsId1_1_0_, news0_.newsId as newsId1_1_1_, news0_.author as author2_1_1_, news0_.category as category7_1_1_, news0_.mainText as mainText3_1_1_, news0_.postDay as postDay4_1_1_, news0_.title as title5_1_1_, news0_.title4ann as title6_1_1_, news0_.user as user8_1_1_, users1_.userId as userId1_5_2_, users1_.email as email2_5_2_, users1_.name as name3_5_2_, users1_.pass as pass4_5_2_, users1_.surname as surname5_5_2_ from News news0_ left outer join Users users1_ on news0_.user=users1_.userId where news0_.category=?
org.hibernate.loader.plan.build.internal.AbstractLoadPlanBuildingAssociationVisitationStrategy 2015-06-20 15:55:06,924 TRACE -  Starting root collection : pojos.Users.news
org.hibernate.loader.plan.build.internal.spaces.QuerySpacesImpl 2015-06-20 15:55:06,932 DEBUG - Adding QuerySpace : uid = &lt;gen:0&gt; -&gt; org.hibernate.loader.plan.build.internal.spaces.CollectionQuerySpaceImpl@46b65a9]
org.hibernate.loader.plan.build.internal.spaces.QuerySpacesImpl 2015-06-20 15:55:06,933 DEBUG - Adding QuerySpace : uid = &lt;gen:1&gt; -&gt; org.hibernate.loader.plan.build.internal.spaces.EntityQuerySpaceImpl@26df3c83]
org.hibernate.loader.plan.build.internal.AbstractLoadPlanBuildingAssociationVisitationStrategy 2015-06-20 15:55:06,933 TRACE - Pushing collection reference to stack : org.hibernate.loader.plan.build.internal.returns.CollectionReturnImpl@9fdd065
org.hibernate.loader.plan.build.internal.AbstractLoadPlanBuildingAssociationVisitationStrategy 2015-06-20 15:55:06,933 TRACE -  Registering AssociationKey : AssociationKey(table=News, columns={user}) -&gt; null
org.hibernate.loader.plan.build.internal.AbstractLoadPlanBuildingAssociationVisitationStrategy 2015-06-20 15:55:06,934 TRACE -  Starting collection element graph : pojos.Users.news
org.hibernate.loader.plan.build.internal.AbstractLoadPlanBuildingAssociationVisitationStrategy 2015-06-20 15:55:06,934 TRACE - Pushing fetch source to stack : org.hibernate.loader.plan.build.internal.returns.CollectionFetchableElementEntityGraph@767c9c02
org.hibernate.loader.plan.build.internal.AbstractLoadPlanBuildingAssociationVisitationStrategy 2015-06-20 15:55:06,934 TRACE - &gt;&gt; Starting entity identifier : pojos.News
org.hibernate.persister.walking.spi.MetamodelGraphWalker 2015-06-20 15:55:06,934 DEBUG - Visiting attribute path : author
org.hibernate.loader.plan.build.internal.AbstractLoadPlanBuildingAssociationVisitationStrategy 2015-06-20 15:55:06,934 TRACE - &gt;&gt; Starting attribute Attribute(name=author, type=string [non-identifier])
org.hibernate.loader.plan.build.internal.AbstractLoadPlanBuildingAssociationVisitationStrategy 2015-06-20 15:55:06,934 TRACE - &lt;&lt; Finishing up attribute : Attribute(name=author, type=string [non-identifier])
org.hibernate.persister.walking.spi.MetamodelGraphWalker 2015-06-20 15:55:06,934 DEBUG - Visiting attribute path : category
org.hibernate.loader.plan.build.internal.AbstractLoadPlanBuildingAssociationVisitationStrategy 2015-06-20 15:55:06,934 TRACE - &gt;&gt; Starting attribute Attribute(name=category, type=pojos.Category [non-identifier,association])
org.hibernate.loader.plan.build.internal.spaces.QuerySpacesImpl 2015-06-20 15:55:06,934 DEBUG - Adding QuerySpace : uid = &lt;gen:2&gt; -&gt; org.hibernate.loader.plan.build.internal.spaces.EntityQuerySpaceImpl@6ee68413]
org.hibernate.loader.plan.build.internal.AbstractLoadPlanBuildingAssociationVisitationStrategy 2015-06-20 15:55:06,934 TRACE - Pushing fetch source to stack : org.hibernate.loader.plan.build.internal.returns.EntityAttributeFetchImpl@5fe93446
org.hibernate.loader.plan.build.internal.AbstractLoadPlanBuildingAssociationVisitationStrategy 2015-06-20 15:55:06,934 TRACE - .... Registering AssociationKey : AssociationKey(table=News, columns={category}) -&gt; org.hibernate.loader.plan.build.internal.returns.EntityAttributeFetchImpl@5fe93446
org.hibernate.loader.plan.build.internal.AbstractLoadPlanBuildingAssociationVisitationStrategy 2015-06-20 15:55:06,934 TRACE - &gt;&gt;&gt;&gt; Starting entity identifier : pojos.Category
org.hibernate.persister.walking.spi.MetamodelGraphWalker 2015-06-20 15:55:06,934 DEBUG - Visiting attribute path : category.categoryName
org.hibernate.loader.plan.build.internal.AbstractLoadPlanBuildingAssociationVisitationStrategy 2015-06-20 15:55:06,934 TRACE - &gt;&gt;&gt;&gt; Starting attribute Attribute(name=categoryName, type=string [non-identifier])
org.hibernate.loader.plan.build.internal.AbstractLoadPlanBuildingAssociationVisitationStrategy 2015-06-20 15:55:06,934 TRACE - &lt;&lt;&lt;&lt; Finishing up attribute : Attribute(name=categoryName, type=string [non-identifier])
org.hibernate.persister.walking.spi.MetamodelGraphWalker 2015-06-20 15:55:06,934 DEBUG - Visiting attribute path : category.news
org.hibernate.persister.walking.spi.MetamodelGraphWalker 2015-06-20 15:55:06,934 DEBUG - Property path deemed to be circular : category.news
org.hibernate.loader.plan.build.internal.AbstractLoadPlanBuildingAssociationVisitationStrategy 2015-06-20 15:55:06,934 TRACE - Popped fetch owner from stack : org.hibernate.loader.plan.build.internal.returns.EntityAttributeFetchImpl@5fe93446
org.hibernate.loader.plan.build.internal.AbstractLoadPlanBuildingAssociationVisitationStrategy 2015-06-20 15:55:06,934 TRACE - &lt;&lt; Finishing up attribute : Attribute(name=category, type=pojos.Category [non-identifier,association])
org.hibernate.persister.walking.spi.MetamodelGraphWalker 2015-06-20 15:55:06,934 DEBUG - Visiting attribute path : mainText
org.hibernate.loader.plan.build.internal.AbstractLoadPlanBuildingAssociationVisitationStrategy 2015-06-20 15:55:06,934 TRACE - &gt;&gt; Starting attribute Attribute(name=mainText, type=text [non-identifier])
org.hibernate.loader.plan.build.internal.AbstractLoadPlanBuildingAssociationVisitationStrategy 2015-06-20 15:55:06,934 TRACE - &lt;&lt; Finishing up attribute : Attribute(name=mainText, type=text [non-identifier])
org.hibernate.persister.walking.spi.MetamodelGraphWalker 2015-06-20 15:55:06,934 DEBUG - Visiting attribute path : postDay
org.hibernate.loader.plan.build.internal.AbstractLoadPlanBuildingAssociationVisitationStrategy 2015-06-20 15:55:06,934 TRACE - &gt;&gt; Starting attribute Attribute(name=postDay, type=string [non-identifier])
org.hibernate.loader.plan.build.internal.AbstractLoadPlanBuildingAssociationVisitationStrategy 2015-06-20 15:55:06,934 TRACE - &lt;&lt; Finishing up attribute : Attribute(name=postDay, type=string [non-identifier])
org.hibernate.persister.walking.spi.MetamodelGraphWalker 2015-06-20 15:55:06,934 DEBUG - Visiting attribute path : title
org.hibernate.loader.plan.build.internal.AbstractLoadPlanBuildingAssociationVisitationStrategy 2015-06-20 15:55:06,934 TRACE - &gt;&gt; Starting attribute Attribute(name=title, type=string [non-identifier])
org.hibernate.loader.plan.build.internal.AbstractLoadPlanBuildingAssociationVisitationStrategy 2015-06-20 15:55:06,934 TRACE - &lt;&lt; Finishing up attribute : Attribute(name=title, type=string [non-identifier])
org.hibernate.persister.walking.spi.MetamodelGraphWalker 2015-06-20 15:55:06,934 DEBUG - Visiting attribute path : title4ann
org.hibernate.loader.plan.build.internal.AbstractLoadPlanBuildingAssociationVisitationStrategy 2015-06-20 15:55:06,934 TRACE - &gt;&gt; Starting attribute Attribute(name=title4ann, type=string [non-identifier])
org.hibernate.loader.plan.build.internal.AbstractLoadPlanBuildingAssociationVisitationStrategy 2015-06-20 15:55:06,934 TRACE - &lt;&lt; Finishing up attribute : Attribute(name=title4ann, type=string [non-identifier])
org.hibernate.persister.walking.spi.MetamodelGraphWalker 2015-06-20 15:55:06,934 DEBUG - Visiting attribute path : user
org.hibernate.persister.walking.spi.MetamodelGraphWalker 2015-06-20 15:55:06,934 DEBUG - Property path deemed to be circular : user
org.hibernate.loader.plan.build.internal.AbstractLoadPlanBuildingAssociationVisitationStrategy 2015-06-20 15:55:06,934 TRACE - Popped fetch owner from stack : org.hibernate.loader.plan.build.internal.returns.CollectionFetchableElementEntityGraph@767c9c02
org.hibernate.loader.plan.build.internal.AbstractLoadPlanBuildingAssociationVisitationStrategy 2015-06-20 15:55:06,934 TRACE -  Finished collection element graph : pojos.Users.news
org.hibernate.loader.plan.build.internal.AbstractLoadPlanBuildingAssociationVisitationStrategy 2015-06-20 15:55:06,934 TRACE - Popped collection reference from stack : org.hibernate.loader.plan.build.internal.returns.CollectionReturnImpl@9fdd065
org.hibernate.loader.plan.build.internal.AbstractLoadPlanBuildingAssociationVisitationStrategy 2015-06-20 15:55:06,944 TRACE -  Finished root collection : pojos.Users.news
org.hibernate.loader.plan.build.internal.FetchStyleLoadPlanBuildingAssociationVisitationStrategy 2015-06-20 15:55:06,944 DEBUG - Building LoadPlan...
org.hibernate.loader.plan.exec.internal.LoadQueryJoinAndFetchProcessor 2015-06-20 15:55:06,944 DEBUG - processing queryspace &lt;gen:0&gt;
org.hibernate.loader.plan.build.spi.LoadPlanTreePrinter 2015-06-20 15:55:06,944 DEBUG - LoadPlan(collection=pojos.Users.news)
    - Returns
       - CollectionReturnImpl(collection=pojos.Users.news, querySpaceUid=&lt;gen:0&gt;, path=[pojos.Users.news])
          - (collection element) CollectionFetchableElementEntityGraph(entity=pojos.News, querySpaceUid=&lt;gen:1&gt;, path=[pojos.Users.news].&lt;elements&gt;)
             - EntityAttributeFetchImpl(entity=pojos.Category, querySpaceUid=&lt;gen:2&gt;, path=[pojos.Users.news].&lt;elements&gt;.category)
    - QuerySpaces
       - CollectionQuerySpaceImpl(uid=&lt;gen:0&gt;, collection=pojos.Users.news)
          - SQL table alias mapping - news0_
          - alias suffix - 0_
          - suffixed key columns - {user8_5_0_}
          - entity-element alias suffix - 1_
          - 1_entity-element suffixed key columns - newsId1_1_1_
          - JOIN (JoinDefinedByMetadata(elements)) : &lt;gen:0&gt; -&gt; &lt;gen:1&gt;
             - EntityQuerySpaceImpl(uid=&lt;gen:1&gt;, entity=pojos.News)
                - SQL table alias mapping - news0_
                - alias suffix - 1_
                - suffixed key columns - {newsId1_1_1_}
                - JOIN (JoinDefinedByMetadata(category)) : &lt;gen:1&gt; -&gt; &lt;gen:2&gt;
                   - EntityQuerySpaceImpl(uid=&lt;gen:2&gt;, entity=pojos.Category)
                      - SQL table alias mapping - category1_
                      - alias suffix - 2_
                      - suffixed key columns - {category1_0_2_}

org.hibernate.loader.collection.plan.CollectionLoader 2015-06-20 15:55:06,944 DEBUG - Static select for collection pojos.Users.news: select news0_.user as user8_5_0_, news0_.newsId as newsId1_1_0_, news0_.newsId as newsId1_1_1_, news0_.author as author2_1_1_, news0_.category as category7_1_1_, news0_.mainText as mainText3_1_1_, news0_.postDay as postDay4_1_1_, news0_.title as title5_1_1_, news0_.title4ann as title6_1_1_, news0_.user as user8_1_1_, category1_.categoryId as category1_0_2_, category1_.categoryName as category2_0_2_ from News news0_ left outer join Category category1_ on news0_.category=category1_.categoryId where news0_.user=?
org.hibernate.internal.SessionFactoryRegistry 2015-06-20 15:55:07,019 DEBUG - Initializing SessionFactoryRegistry : org.hibernate.internal.SessionFactoryRegistry@5e35512c
org.hibernate.internal.SessionFactoryRegistry 2015-06-20 15:55:07,020 DEBUG - Registering SessionFactory: cdd6f392-8b50-404d-accd-ccdd5858c851 (&lt;unnamed&gt;)
org.hibernate.internal.SessionFactoryRegistry 2015-06-20 15:55:07,021 DEBUG - Not binding SessionFactory to JNDI, no JNDI name configured
org.hibernate.internal.SessionFactoryImpl 2015-06-20 15:55:07,021 DEBUG - Instantiated session factory
org.hibernate.tool.hbm2ddl.SchemaValidator 2015-06-20 15:55:07,025 INFO  - HHH000229: Running schema validator
org.hibernate.tool.hbm2ddl.SchemaValidator 2015-06-20 15:55:07,026 INFO  - HHH000102: Fetching database metadata
org.hibernate.tool.hbm2ddl.SchemaValidator 2015-06-20 15:55:07,030 ERROR - HHH000319: Could not get database metadata
org.apache.commons.dbcp.SQLNestedException: Cannot create PoolableConnectionFactory (Unknown database &apos;newspaperhibtest&apos;)
	at org.apache.commons.dbcp.BasicDataSource.createPoolableConnectionFactory(BasicDataSource.java:1549)
	at org.apache.commons.dbcp.BasicDataSource.createDataSource(BasicDataSource.java:1388)
	at org.apache.commons.dbcp.BasicDataSource.getConnection(BasicDataSource.java:1044)
	at org.hibernate.engine.jdbc.connections.internal.DatasourceConnectionProviderImpl.getConnection(DatasourceConnectionProviderImpl.java:139)
	at org.hibernate.tool.hbm2ddl.SuppliedConnectionProviderConnectionHelper.prepare(SuppliedConnectionProviderConnectionHelper.java:51)
	at org.hibernate.tool.hbm2ddl.SchemaValidator.validate(SchemaValidator.java:166)
	at org.hibernate.internal.SessionFactoryImpl.&lt;init&gt;(SessionFactoryImpl.java:525)
	at org.hibernate.cfg.Configuration.buildSessionFactory(Configuration.java:1859)
	at org.hibernate.cfg.Configuration.buildSessionFactory(Configuration.java:1930)
	at org.springframework.orm.hibernate4.LocalSessionFactoryBuilder.buildSessionFactory(LocalSessionFactoryBuilder.java:372)
	at org.springframework.orm.hibernate4.LocalSessionFactoryBean.buildSessionFactory(LocalSessionFactoryBean.java:454)
	at org.springframework.orm.hibernate4.LocalSessionFactoryBean.afterPropertiesSet(LocalSessionFactoryBean.java:439)
	at org.springframework.beans.factory.support.AbstractAutowireCapableBeanFactory.invokeInitMethods(AbstractAutowireCapableBeanFactory.java:1633)
	at org.springframework.beans.factory.support.AbstractAutowireCapableBeanFactory.initializeBean(AbstractAutowireCapableBeanFactory.java:1570)
	at org.springframework.beans.factory.support.AbstractAutowireCapableBeanFactory.doCreateBean(AbstractAutowireCapableBeanFactory.java:539)
	at org.springframework.beans.factory.support.AbstractAutowireCapableBeanFactory.createBean(AbstractAutowireCapableBeanFactory.java:476)
	at org.springframework.beans.factory.support.AbstractBeanFactory$1.getObject(AbstractBeanFactory.java:303)
	at org.springframework.beans.factory.support.DefaultSingletonBeanRegistry.getSingleton(DefaultSingletonBeanRegistry.java:230)
	at org.springframework.beans.factory.support.AbstractBeanFactory.doGetBean(AbstractBeanFactory.java:299)
	at org.springframework.beans.factory.support.AbstractBeanFactory.getBean(AbstractBeanFactory.java:194)
	at org.springframework.beans.factory.support.DefaultListableBeanFactory.preInstantiateSingletons(DefaultListableBeanFactory.java:736)
	at org.springframework.context.support.AbstractApplicationContext.finishBeanFactoryInitialization(AbstractApplicationContext.java:757)
	at org.springframework.context.support.AbstractApplicationContext.refresh(AbstractApplicationContext.java:480)
	at org.springframework.test.context.support.AbstractGenericContextLoader.loadContext(AbstractGenericContextLoader.java:125)
	at org.springframework.test.context.support.AbstractGenericContextLoader.loadContext(AbstractGenericContextLoader.java:60)
	at org.springframework.test.context.support.AbstractDelegatingSmartContextLoader.delegateLoading(AbstractDelegatingSmartContextLoader.java:109)
	at org.springframework.test.context.support.AbstractDelegatingSmartContextLoader.loadContext(AbstractDelegatingSmartContextLoader.java:261)
	at org.springframework.test.context.DefaultCacheAwareContextLoaderDelegate.loadContextInternal(DefaultCacheAwareContextLoaderDelegate.java:68)
	at org.springframework.test.context.DefaultCacheAwareContextLoaderDelegate.loadContext(DefaultCacheAwareContextLoaderDelegate.java:86)
	at org.springframework.test.context.DefaultTestContext.getApplicationContext(DefaultTestContext.java:72)
	at org.springframework.test.context.support.DependencyInjectionTestExecutionListener.injectDependencies(DependencyInjectionTestExecutionListener.java:117)
	at org.springframework.test.context.support.DependencyInjectionTestExecutionListener.prepareTestInstance(DependencyInjectionTestExecutionListener.java:83)
	at org.springframework.test.context.TestContextManager.prepareTestInstance(TestContextManager.java:212)
	at org.springframework.test.context.junit4.SpringJUnit4ClassRunner.createTest(SpringJUnit4ClassRunner.java:200)
	at org.springframework.test.context.junit4.SpringJUnit4ClassRunner$1.runReflectiveCall(SpringJUnit4ClassRunner.java:259)
	at org.junit.internal.runners.model.ReflectiveCallable.run(ReflectiveCallable.java:15)
	at org.springframework.test.context.junit4.SpringJUnit4ClassRunner.methodBlock(SpringJUnit4ClassRunner.java:261)
	at org.springframework.test.context.junit4.SpringJUnit4ClassRunner.runChild(SpringJUnit4ClassRunner.java:219)
	at org.springframework.test.context.junit4.SpringJUnit4ClassRunner.runChild(SpringJUnit4ClassRunner.java:83)
	at org.junit.runners.ParentRunner$3.run(ParentRunner.java:231)
	at org.junit.runners.ParentRunner$1.schedule(ParentRunner.java:60)
	at org.junit.runners.ParentRunner.runChildren(ParentRunner.java:229)
	at org.junit.runners.ParentRunner.access$000(ParentRunner.java:50)
	at org.junit.runners.ParentRunner$2.evaluate(ParentRunner.java:222)
	at org.springframework.test.context.junit4.statements.RunBeforeTestClassCallbacks.evaluate(RunBeforeTestClassCallbacks.java:61)
	at org.springframework.test.context.junit4.statements.RunAfterTestClassCallbacks.evaluate(RunAfterTestClassCallbacks.java:68)
	at org.junit.runners.ParentRunner.run(ParentRunner.java:300)
	at org.springframework.test.context.junit4.SpringJUnit4ClassRunner.run(SpringJUnit4ClassRunner.java:163)
	at org.apache.maven.surefire.junit4.JUnit4TestSet.execute(JUnit4TestSet.java:53)
	at org.apache.maven.surefire.junit4.JUnit4Provider.executeTestSet(JUnit4Provider.java:123)
	at org.apache.maven.surefire.junit4.JUnit4Provider.invoke(JUnit4Provider.java:104)
	at sun.reflect.NativeMethodAccessorImpl.invoke0(Native Method)
	at sun.reflect.NativeMethodAccessorImpl.invoke(NativeMethodAccessorImpl.java:57)
	at sun.reflect.DelegatingMethodAccessorImpl.invoke(DelegatingMethodAccessorImpl.java:43)
	at java.lang.reflect.Method.invoke(Method.java:606)
	at org.apache.maven.surefire.util.ReflectionUtils.invokeMethodWithArray(ReflectionUtils.java:164)
	at org.apache.maven.surefire.booter.ProviderFactory$ProviderProxy.invoke(ProviderFactory.java:110)
	at org.apache.maven.surefire.booter.SurefireStarter.invokeProvider(SurefireStarter.java:175)
	at org.apache.maven.surefire.booter.SurefireStarter.runSuitesInProcessWhenForked(SurefireStarter.java:107)
	at org.apache.maven.surefire.booter.ForkedBooter.main(ForkedBooter.java:68)
Caused by: com.mysql.jdbc.exceptions.jdbc4.MySQLSyntaxErrorException: Unknown database &apos;newspaperhibtest&apos;
	at sun.reflect.NativeConstructorAccessorImpl.newInstance0(Native Method)
	at sun.reflect.NativeConstructorAccessorImpl.newInstance(NativeConstructorAccessorImpl.java:57)
	at sun.reflect.DelegatingConstructorAccessorImpl.newInstance(DelegatingConstructorAccessorImpl.java:45)
	at java.lang.reflect.Constructor.newInstance(Constructor.java:526)
	at com.mysql.jdbc.Util.handleNewInstance(Util.java:389)
	at com.mysql.jdbc.Util.getInstance(Util.java:372)
	at com.mysql.jdbc.SQLError.createSQLException(SQLError.java:980)
	at com.mysql.jdbc.MysqlIO.checkErrorPacket(MysqlIO.java:3835)
	at com.mysql.jdbc.MysqlIO.checkErrorPacket(MysqlIO.java:3771)
	at com.mysql.jdbc.MysqlIO.checkErrorPacket(MysqlIO.java:870)
	at com.mysql.jdbc.MysqlIO.proceedHandshakeWithPluggableAuthentication(MysqlIO.java:1659)
	at com.mysql.jdbc.MysqlIO.doHandshake(MysqlIO.java:1206)
	at com.mysql.jdbc.ConnectionImpl.coreConnect(ConnectionImpl.java:2239)
	at com.mysql.jdbc.ConnectionImpl.connectOneTryOnly(ConnectionImpl.java:2270)
	at com.mysql.jdbc.ConnectionImpl.createNewIO(ConnectionImpl.java:2069)
	at com.mysql.jdbc.ConnectionImpl.&lt;init&gt;(ConnectionImpl.java:794)
	at com.mysql.jdbc.JDBC4Connection.&lt;init&gt;(JDBC4Connection.java:44)
	at sun.reflect.NativeConstructorAccessorImpl.newInstance0(Native Method)
	at sun.reflect.NativeConstructorAccessorImpl.newInstance(NativeConstructorAccessorImpl.java:57)
	at sun.reflect.DelegatingConstructorAccessorImpl.newInstance(DelegatingConstructorAccessorImpl.java:45)
	at java.lang.reflect.Constructor.newInstance(Constructor.java:526)
	at com.mysql.jdbc.Util.handleNewInstance(Util.java:389)
	at com.mysql.jdbc.ConnectionImpl.getInstance(ConnectionImpl.java:399)
	at com.mysql.jdbc.NonRegisteringDriver.connect(NonRegisteringDriver.java:325)
	at org.apache.commons.dbcp.DriverConnectionFactory.createConnection(DriverConnectionFactory.java:38)
	at org.apache.commons.dbcp.PoolableConnectionFactory.makeObject(PoolableConnectionFactory.java:582)
	at org.apache.commons.dbcp.BasicDataSource.validateConnectionFactory(BasicDataSource.java:1556)
	at org.apache.commons.dbcp.BasicDataSource.createPoolableConnectionFactory(BasicDataSource.java:1545)
	... 59 more
org.hibernate.tool.hbm2ddl.SchemaValidator 2015-06-20 15:55:07,034 ERROR - HHH000300: Could not complete schema validation
org.apache.commons.dbcp.SQLNestedException: Cannot create PoolableConnectionFactory (Unknown database &apos;newspaperhibtest&apos;)
	at org.apache.commons.dbcp.BasicDataSource.createPoolableConnectionFactory(BasicDataSource.java:1549)
	at org.apache.commons.dbcp.BasicDataSource.createDataSource(BasicDataSource.java:1388)
	at org.apache.commons.dbcp.BasicDataSource.getConnection(BasicDataSource.java:1044)
	at org.hibernate.engine.jdbc.connections.internal.DatasourceConnectionProviderImpl.getConnection(DatasourceConnectionProviderImpl.java:139)
	at org.hibernate.tool.hbm2ddl.SuppliedConnectionProviderConnectionHelper.prepare(SuppliedConnectionProviderConnectionHelper.java:51)
	at org.hibernate.tool.hbm2ddl.SchemaValidator.validate(SchemaValidator.java:166)
	at org.hibernate.internal.SessionFactoryImpl.&lt;init&gt;(SessionFactoryImpl.java:525)
	at org.hibernate.cfg.Configuration.buildSessionFactory(Configuration.java:1859)
	at org.hibernate.cfg.Configuration.buildSessionFactory(Configuration.java:1930)
	at org.springframework.orm.hibernate4.LocalSessionFactoryBuilder.buildSessionFactory(LocalSessionFactoryBuilder.java:372)
	at org.springframework.orm.hibernate4.LocalSessionFactoryBean.buildSessionFactory(LocalSessionFactoryBean.java:454)
	at org.springframework.orm.hibernate4.LocalSessionFactoryBean.afterPropertiesSet(LocalSessionFactoryBean.java:439)
	at org.springframework.beans.factory.support.AbstractAutowireCapableBeanFactory.invokeInitMethods(AbstractAutowireCapableBeanFactory.java:1633)
	at org.springframework.beans.factory.support.AbstractAutowireCapableBeanFactory.initializeBean(AbstractAutowireCapableBeanFactory.java:1570)
	at org.springframework.beans.factory.support.AbstractAutowireCapableBeanFactory.doCreateBean(AbstractAutowireCapableBeanFactory.java:539)
	at org.springframework.beans.factory.support.AbstractAutowireCapableBeanFactory.createBean(AbstractAutowireCapableBeanFactory.java:476)
	at org.springframework.beans.factory.support.AbstractBeanFactory$1.getObject(AbstractBeanFactory.java:303)
	at org.springframework.beans.factory.support.DefaultSingletonBeanRegistry.getSingleton(DefaultSingletonBeanRegistry.java:230)
	at org.springframework.beans.factory.support.AbstractBeanFactory.doGetBean(AbstractBeanFactory.java:299)
	at org.springframework.beans.factory.support.AbstractBeanFactory.getBean(AbstractBeanFactory.java:194)
	at org.springframework.beans.factory.support.DefaultListableBeanFactory.preInstantiateSingletons(DefaultListableBeanFactory.java:736)
	at org.springframework.context.support.AbstractApplicationContext.finishBeanFactoryInitialization(AbstractApplicationContext.java:757)
	at org.springframework.context.support.AbstractApplicationContext.refresh(AbstractApplicationContext.java:480)
	at org.springframework.test.context.support.AbstractGenericContextLoader.loadContext(AbstractGenericContextLoader.java:125)
	at org.springframework.test.context.support.AbstractGenericContextLoader.loadContext(AbstractGenericContextLoader.java:60)
	at org.springframework.test.context.support.AbstractDelegatingSmartContextLoader.delegateLoading(AbstractDelegatingSmartContextLoader.java:109)
	at org.springframework.test.context.support.AbstractDelegatingSmartContextLoader.loadContext(AbstractDelegatingSmartContextLoader.java:261)
	at org.springframework.test.context.DefaultCacheAwareContextLoaderDelegate.loadContextInternal(DefaultCacheAwareContextLoaderDelegate.java:68)
	at org.springframework.test.context.DefaultCacheAwareContextLoaderDelegate.loadContext(DefaultCacheAwareContextLoaderDelegate.java:86)
	at org.springframework.test.context.DefaultTestContext.getApplicationContext(DefaultTestContext.java:72)
	at org.springframework.test.context.support.DependencyInjectionTestExecutionListener.injectDependencies(DependencyInjectionTestExecutionListener.java:117)
	at org.springframework.test.context.support.DependencyInjectionTestExecutionListener.prepareTestInstance(DependencyInjectionTestExecutionListener.java:83)
	at org.springframework.test.context.TestContextManager.prepareTestInstance(TestContextManager.java:212)
	at org.springframework.test.context.junit4.SpringJUnit4ClassRunner.createTest(SpringJUnit4ClassRunner.java:200)
	at org.springframework.test.context.junit4.SpringJUnit4ClassRunner$1.runReflectiveCall(SpringJUnit4ClassRunner.java:259)
	at org.junit.internal.runners.model.ReflectiveCallable.run(ReflectiveCallable.java:15)
	at org.springframework.test.context.junit4.SpringJUnit4ClassRunner.methodBlock(SpringJUnit4ClassRunner.java:261)
	at org.springframework.test.context.junit4.SpringJUnit4ClassRunner.runChild(SpringJUnit4ClassRunner.java:219)
	at org.springframework.test.context.junit4.SpringJUnit4ClassRunner.runChild(SpringJUnit4ClassRunner.java:83)
	at org.junit.runners.ParentRunner$3.run(ParentRunner.java:231)
	at org.junit.runners.ParentRunner$1.schedule(ParentRunner.java:60)
	at org.junit.runners.ParentRunner.runChildren(ParentRunner.java:229)
	at org.junit.runners.ParentRunner.access$000(ParentRunner.java:50)
	at org.junit.runners.ParentRunner$2.evaluate(ParentRunner.java:222)
	at org.springframework.test.context.junit4.statements.RunBeforeTestClassCallbacks.evaluate(RunBeforeTestClassCallbacks.java:61)
	at org.springframework.test.context.junit4.statements.RunAfterTestClassCallbacks.evaluate(RunAfterTestClassCallbacks.java:68)
	at org.junit.runners.ParentRunner.run(ParentRunner.java:300)
	at org.springframework.test.context.junit4.SpringJUnit4ClassRunner.run(SpringJUnit4ClassRunner.java:163)
	at org.apache.maven.surefire.junit4.JUnit4TestSet.execute(JUnit4TestSet.java:53)
	at org.apache.maven.surefire.junit4.JUnit4Provider.executeTestSet(JUnit4Provider.java:123)
	at org.apache.maven.surefire.junit4.JUnit4Provider.invoke(JUnit4Provider.java:104)
	at sun.reflect.NativeMethodAccessorImpl.invoke0(Native Method)
	at sun.reflect.NativeMethodAccessorImpl.invoke(NativeMethodAccessorImpl.java:57)
	at sun.reflect.DelegatingMethodAccessorImpl.invoke(DelegatingMethodAccessorImpl.java:43)
	at java.lang.reflect.Method.invoke(Method.java:606)
	at org.apache.maven.surefire.util.ReflectionUtils.invokeMethodWithArray(ReflectionUtils.java:164)
	at org.apache.maven.surefire.booter.ProviderFactory$ProviderProxy.invoke(ProviderFactory.java:110)
	at org.apache.maven.surefire.booter.SurefireStarter.invokeProvider(SurefireStarter.java:175)
	at org.apache.maven.surefire.booter.SurefireStarter.runSuitesInProcessWhenForked(SurefireStarter.java:107)
	at org.apache.maven.surefire.booter.ForkedBooter.main(ForkedBooter.java:68)
Caused by: com.mysql.jdbc.exceptions.jdbc4.MySQLSyntaxErrorException: Unknown database &apos;newspaperhibtest&apos;
	at sun.reflect.NativeConstructorAccessorImpl.newInstance0(Native Method)
	at sun.reflect.NativeConstructorAccessorImpl.newInstance(NativeConstructorAccessorImpl.java:57)
	at sun.reflect.DelegatingConstructorAccessorImpl.newInstance(DelegatingConstructorAccessorImpl.java:45)
	at java.lang.reflect.Constructor.newInstance(Constructor.java:526)
	at com.mysql.jdbc.Util.handleNewInstance(Util.java:389)
	at com.mysql.jdbc.Util.getInstance(Util.java:372)
	at com.mysql.jdbc.SQLError.createSQLException(SQLError.java:980)
	at com.mysql.jdbc.MysqlIO.checkErrorPacket(MysqlIO.java:3835)
	at com.mysql.jdbc.MysqlIO.checkErrorPacket(MysqlIO.java:3771)
	at com.mysql.jdbc.MysqlIO.checkErrorPacket(MysqlIO.java:870)
	at com.mysql.jdbc.MysqlIO.proceedHandshakeWithPluggableAuthentication(MysqlIO.java:1659)
	at com.mysql.jdbc.MysqlIO.doHandshake(MysqlIO.java:1206)
	at com.mysql.jdbc.ConnectionImpl.coreConnect(ConnectionImpl.java:2239)
	at com.mysql.jdbc.ConnectionImpl.connectOneTryOnly(ConnectionImpl.java:2270)
	at com.mysql.jdbc.ConnectionImpl.createNewIO(ConnectionImpl.java:2069)
	at com.mysql.jdbc.ConnectionImpl.&lt;init&gt;(ConnectionImpl.java:794)
	at com.mysql.jdbc.JDBC4Connection.&lt;init&gt;(JDBC4Connection.java:44)
	at sun.reflect.NativeConstructorAccessorImpl.newInstance0(Native Method)
	at sun.reflect.NativeConstructorAccessorImpl.newInstance(NativeConstructorAccessorImpl.java:57)
	at sun.reflect.DelegatingConstructorAccessorImpl.newInstance(DelegatingConstructorAccessorImpl.java:45)
	at java.lang.reflect.Constructor.newInstance(Constructor.java:526)
	at com.mysql.jdbc.Util.handleNewInstance(Util.java:389)
	at com.mysql.jdbc.ConnectionImpl.getInstance(ConnectionImpl.java:399)
	at com.mysql.jdbc.NonRegisteringDriver.connect(NonRegisteringDriver.java:325)
	at org.apache.commons.dbcp.DriverConnectionFactory.createConnection(DriverConnectionFactory.java:38)
	at org.apache.commons.dbcp.PoolableConnectionFactory.makeObject(PoolableConnectionFactory.java:582)
	at org.apache.commons.dbcp.BasicDataSource.validateConnectionFactory(BasicDataSource.java:1556)
	at org.apache.commons.dbcp.BasicDataSource.createPoolableConnectionFactory(BasicDataSource.java:1545)
	... 59 more
org.hibernate.internal.NamedQueryRepository 2015-06-20 15:55:07,041 DEBUG - Checking 0 named HQL queries
org.hibernate.internal.NamedQueryRepository 2015-06-20 15:55:07,041 DEBUG - Checking 0 named SQL queries
org.hibernate.service.internal.AbstractServiceRegistryImpl 2015-06-20 15:55:07,042 TRACE - Initializing service [role=org.hibernate.engine.config.spi.ConfigurationService]
org.hibernate.service.internal.AbstractServiceRegistryImpl 2015-06-20 15:55:07,046 TRACE - Initializing service [role=org.hibernate.stat.spi.StatisticsImplementor]
org.hibernate.stat.internal.StatisticsInitiator 2015-06-20 15:55:07,050 DEBUG - Statistics initialized [enabled=false]
org.springframework.beans.factory.support.AbstractBeanFactory 2015-06-20 15:55:07,052 DEBUG - Returning cached instance of singleton bean &apos;org.springframework.transaction.config.internalTransactionAdvisor&apos;
org.springframework.beans.factory.support.AbstractAutowireCapableBeanFactory 2015-06-20 15:55:07,054 DEBUG - Finished creating instance of bean &apos;sessionFactory&apos;
org.springframework.beans.factory.support.DefaultSingletonBeanRegistry 2015-06-20 15:55:07,055 DEBUG - Creating shared instance of singleton bean &apos;newsDao&apos;
org.springframework.beans.factory.support.AbstractAutowireCapableBeanFactory 2015-06-20 15:55:07,055 DEBUG - Creating instance of bean &apos;newsDao&apos;
org.springframework.beans.factory.support.AbstractBeanFactory 2015-06-20 15:55:07,061 DEBUG - Returning cached instance of singleton bean &apos;sessionFactory&apos;
org.springframework.beans.factory.support.AbstractBeanFactory 2015-06-20 15:55:07,062 DEBUG - Returning cached instance of singleton bean &apos;org.springframework.transaction.config.internalTransactionAdvisor&apos;
org.springframework.beans.factory.support.AbstractAutowireCapableBeanFactory 2015-06-20 15:55:07,081 DEBUG - Eagerly caching bean &apos;newsDao&apos; to allow for resolving potential circular references
org.springframework.beans.CachedIntrospectionResults 2015-06-20 15:55:07,082 TRACE - Getting BeanInfo for class [db.NewsDao]
org.springframework.beans.CachedIntrospectionResults 2015-06-20 15:55:07,086 TRACE - Caching PropertyDescriptors for class [db.NewsDao]
org.springframework.beans.CachedIntrospectionResults 2015-06-20 15:55:07,087 TRACE - Found bean property &apos;allNews&apos; of type [java.util.List]
org.springframework.beans.CachedIntrospectionResults 2015-06-20 15:55:07,089 TRACE - Found bean property &apos;class&apos; of type [java.lang.Class]
org.springframework.beans.factory.support.AbstractBeanFactory 2015-06-20 15:55:07,090 DEBUG - Returning cached instance of singleton bean &apos;org.springframework.transaction.config.internalTransactionAdvisor&apos;
org.springframework.beans.factory.support.AbstractAutowireCapableBeanFactory 2015-06-20 15:55:07,094 DEBUG - Finished creating instance of bean &apos;newsDao&apos;
org.springframework.beans.factory.support.DefaultSingletonBeanRegistry 2015-06-20 15:55:07,094 DEBUG - Creating shared instance of singleton bean &apos;transactionManager&apos;
org.springframework.beans.factory.support.AbstractAutowireCapableBeanFactory 2015-06-20 15:55:07,094 DEBUG - Creating instance of bean &apos;transactionManager&apos;
org.springframework.beans.factory.support.AbstractAutowireCapableBeanFactory 2015-06-20 15:55:07,103 DEBUG - Eagerly caching bean &apos;transactionManager&apos; to allow for resolving potential circular references
org.springframework.beans.CachedIntrospectionResults 2015-06-20 15:55:07,103 TRACE - Getting BeanInfo for class [org.springframework.orm.hibernate4.HibernateTransactionManager]
org.springframework.beans.CachedIntrospectionResults 2015-06-20 15:55:07,106 TRACE - Caching PropertyDescriptors for class [org.springframework.orm.hibernate4.HibernateTransactionManager]
org.springframework.beans.CachedIntrospectionResults 2015-06-20 15:55:07,107 TRACE - Found bean property &apos;allowResultAccessAfterCompletion&apos; of type [boolean]
org.springframework.beans.CachedIntrospectionResults 2015-06-20 15:55:07,107 TRACE - Found bean property &apos;autodetectDataSource&apos; of type [boolean]
org.springframework.beans.CachedIntrospectionResults 2015-06-20 15:55:07,107 TRACE - Found bean property &apos;beanFactory&apos; of type [org.springframework.beans.factory.BeanFactory]
org.springframework.beans.CachedIntrospectionResults 2015-06-20 15:55:07,108 TRACE - Found bean property &apos;class&apos; of type [java.lang.Class]
org.springframework.beans.CachedIntrospectionResults 2015-06-20 15:55:07,108 TRACE - Found bean property &apos;dataSource&apos; of type [javax.sql.DataSource]
org.springframework.beans.CachedIntrospectionResults 2015-06-20 15:55:07,109 TRACE - Found bean property &apos;defaultTimeout&apos; of type [int]
org.springframework.beans.CachedIntrospectionResults 2015-06-20 15:55:07,109 TRACE - Found bean property &apos;entityInterceptor&apos; of type [org.hibernate.Interceptor]
org.springframework.beans.CachedIntrospectionResults 2015-06-20 15:55:07,109 TRACE - Found bean property &apos;entityInterceptorBeanName&apos; of type [java.lang.String]
org.springframework.beans.CachedIntrospectionResults 2015-06-20 15:55:07,109 TRACE - Found bean property &apos;failEarlyOnGlobalRollbackOnly&apos; of type [boolean]
org.springframework.beans.CachedIntrospectionResults 2015-06-20 15:55:07,110 TRACE - Found bean property &apos;globalRollbackOnParticipationFailure&apos; of type [boolean]
org.springframework.beans.CachedIntrospectionResults 2015-06-20 15:55:07,110 TRACE - Found bean property &apos;hibernateManagedSession&apos; of type [boolean]
org.springframework.beans.CachedIntrospectionResults 2015-06-20 15:55:07,110 TRACE - Found bean property &apos;nestedTransactionAllowed&apos; of type [boolean]
org.springframework.beans.CachedIntrospectionResults 2015-06-20 15:55:07,110 TRACE - Found bean property &apos;prepareConnection&apos; of type [boolean]
org.springframework.beans.CachedIntrospectionResults 2015-06-20 15:55:07,110 TRACE - Found bean property &apos;resourceFactory&apos; of type [java.lang.Object]
org.springframework.beans.CachedIntrospectionResults 2015-06-20 15:55:07,111 TRACE - Found bean property &apos;rollbackOnCommitFailure&apos; of type [boolean]
org.springframework.beans.CachedIntrospectionResults 2015-06-20 15:55:07,111 TRACE - Found bean property &apos;sessionFactory&apos; of type [org.hibernate.SessionFactory]
org.springframework.beans.CachedIntrospectionResults 2015-06-20 15:55:07,111 TRACE - Found bean property &apos;transactionSynchronization&apos; of type [int]
org.springframework.beans.CachedIntrospectionResults 2015-06-20 15:55:07,111 TRACE - Found bean property &apos;transactionSynchronizationName&apos; of type [java.lang.String]
org.springframework.beans.CachedIntrospectionResults 2015-06-20 15:55:07,111 TRACE - Found bean property &apos;validateExistingTransaction&apos; of type [boolean]
org.springframework.beans.factory.support.AbstractBeanFactory 2015-06-20 15:55:07,112 DEBUG - Returning cached instance of singleton bean &apos;sessionFactory&apos;
org.springframework.beans.factory.support.AbstractAutowireCapableBeanFactory 2015-06-20 15:55:07,113 DEBUG - Invoking afterPropertiesSet() on bean with name &apos;transactionManager&apos;
org.springframework.orm.hibernate4.HibernateTransactionManager 2015-06-20 15:55:07,120 INFO  - Using DataSource [org.apache.commons.dbcp.BasicDataSource@6b7ee3d4] of Hibernate SessionFactory for HibernateTransactionManager
org.springframework.beans.factory.support.AbstractBeanFactory 2015-06-20 15:55:07,122 DEBUG - Returning cached instance of singleton bean &apos;org.springframework.transaction.config.internalTransactionAdvisor&apos;
org.springframework.beans.factory.support.AbstractAutowireCapableBeanFactory 2015-06-20 15:55:07,124 DEBUG - Finished creating instance of bean &apos;transactionManager&apos;
org.springframework.beans.factory.support.AbstractBeanFactory 2015-06-20 15:55:07,124 DEBUG - Returning cached instance of singleton bean &apos;org.springframework.aop.config.internalAutoProxyCreator&apos;
org.springframework.beans.factory.support.AbstractBeanFactory 2015-06-20 15:55:07,124 DEBUG - Returning cached instance of singleton bean &apos;org.springframework.transaction.annotation.AnnotationTransactionAttributeSource#0&apos;
org.springframework.beans.factory.support.DefaultSingletonBeanRegistry 2015-06-20 15:55:07,125 DEBUG - Creating shared instance of singleton bean &apos;org.springframework.transaction.interceptor.TransactionInterceptor#0&apos;
org.springframework.beans.factory.support.AbstractAutowireCapableBeanFactory 2015-06-20 15:55:07,125 DEBUG - Creating instance of bean &apos;org.springframework.transaction.interceptor.TransactionInterceptor#0&apos;
org.springframework.aop.framework.autoproxy.AbstractAutoProxyCreator 2015-06-20 15:55:07,125 TRACE - Did not attempt to auto-proxy infrastructure class [org.springframework.transaction.interceptor.TransactionInterceptor]
org.springframework.beans.factory.support.AbstractAutowireCapableBeanFactory 2015-06-20 15:55:07,128 DEBUG - Eagerly caching bean &apos;org.springframework.transaction.interceptor.TransactionInterceptor#0&apos; to allow for resolving potential circular references
org.springframework.beans.CachedIntrospectionResults 2015-06-20 15:55:07,128 TRACE - Getting BeanInfo for class [org.springframework.transaction.interceptor.TransactionInterceptor]
org.springframework.beans.CachedIntrospectionResults 2015-06-20 15:55:07,130 TRACE - Caching PropertyDescriptors for class [org.springframework.transaction.interceptor.TransactionInterceptor]
org.springframework.beans.CachedIntrospectionResults 2015-06-20 15:55:07,130 TRACE - Found bean property &apos;beanFactory&apos; of type [org.springframework.beans.factory.BeanFactory]
org.springframework.beans.CachedIntrospectionResults 2015-06-20 15:55:07,131 TRACE - Found bean property &apos;class&apos; of type [java.lang.Class]
org.springframework.beans.CachedIntrospectionResults 2015-06-20 15:55:07,131 TRACE - Found bean property &apos;transactionAttributeSource&apos; of type [org.springframework.transaction.interceptor.TransactionAttributeSource]
org.springframework.beans.CachedIntrospectionResults 2015-06-20 15:55:07,131 TRACE - Found bean property &apos;transactionAttributeSources&apos; of type [[Lorg.springframework.transaction.interceptor.TransactionAttributeSource;]
org.springframework.beans.CachedIntrospectionResults 2015-06-20 15:55:07,131 TRACE - Found bean property &apos;transactionAttributes&apos; of type [java.util.Properties]
org.springframework.beans.CachedIntrospectionResults 2015-06-20 15:55:07,131 TRACE - Found bean property &apos;transactionManager&apos; of type [org.springframework.transaction.PlatformTransactionManager]
org.springframework.beans.CachedIntrospectionResults 2015-06-20 15:55:07,132 TRACE - Found bean property &apos;transactionManagerBeanName&apos; of type [java.lang.String]
org.springframework.beans.factory.support.AbstractBeanFactory 2015-06-20 15:55:07,132 DEBUG - Returning cached instance of singleton bean &apos;org.springframework.transaction.annotation.AnnotationTransactionAttributeSource#0&apos;
org.springframework.beans.factory.support.AbstractAutowireCapableBeanFactory 2015-06-20 15:55:07,133 DEBUG - Invoking afterPropertiesSet() on bean with name &apos;org.springframework.transaction.interceptor.TransactionInterceptor#0&apos;
org.springframework.beans.factory.support.AbstractAutowireCapableBeanFactory 2015-06-20 15:55:07,133 DEBUG - Finished creating instance of bean &apos;org.springframework.transaction.interceptor.TransactionInterceptor#0&apos;
org.springframework.beans.factory.support.AbstractBeanFactory 2015-06-20 15:55:07,133 DEBUG - Returning cached instance of singleton bean &apos;org.springframework.transaction.config.internalTransactionAdvisor&apos;
org.springframework.beans.factory.support.AbstractBeanFactory 2015-06-20 15:55:07,134 DEBUG - Returning cached instance of singleton bean &apos;org.springframework.context.annotation.ConfigurationClassPostProcessor.importAwareProcessor&apos;
org.springframework.beans.factory.support.AbstractBeanFactory 2015-06-20 15:55:07,134 DEBUG - Returning cached instance of singleton bean &apos;org.springframework.context.annotation.ConfigurationClassPostProcessor.enhancedConfigurationProcessor&apos;
org.springframework.context.support.AbstractApplicationContext 2015-06-20 15:55:07,136 DEBUG - Unable to locate LifecycleProcessor with name &apos;lifecycleProcessor&apos;: using default [org.springframework.context.support.DefaultLifecycleProcessor@7510a4da]
org.springframework.beans.factory.support.AbstractBeanFactory 2015-06-20 15:55:07,136 DEBUG - Returning cached instance of singleton bean &apos;lifecycleProcessor&apos;
org.springframework.context.support.AbstractApplicationContext 2015-06-20 15:55:07,137 TRACE - Publishing event in org.springframework.context.support.GenericApplicationContext@130ce7fb: org.springframework.context.event.ContextRefreshedEvent[source=org.springframework.context.support.GenericApplicationContext@130ce7fb: startup date [Sat Jun 20 15:55:04 MSK 2015]; root of context hierarchy]
org.springframework.core.env.PropertySourcesPropertyResolver 2015-06-20 15:55:07,139 TRACE - getProperty(&quot;spring.liveBeansView.mbeanDomain&quot;, String)
org.springframework.core.env.PropertySourcesPropertyResolver 2015-06-20 15:55:07,139 DEBUG - Searching for key &apos;spring.liveBeansView.mbeanDomain&apos; in [systemProperties]
org.springframework.core.env.PropertySourcesPropertyResolver 2015-06-20 15:55:07,139 DEBUG - Searching for key &apos;spring.liveBeansView.mbeanDomain&apos; in [systemEnvironment]
org.springframework.core.env.PropertySourcesPropertyResolver 2015-06-20 15:55:07,140 DEBUG - Could not find key &apos;spring.liveBeansView.mbeanDomain&apos; in any property source. Returning [null]
org.springframework.test.context.DefaultCacheAwareContextLoaderDelegate 2015-06-20 15:55:07,141 DEBUG - Storing ApplicationContext in cache under key [[MergedContextConfiguration@6bc4fa9d testClass = NewsDaoTest, locations = &apos;{classpath:/entities-hib-test.xml}&apos;, classes = &apos;{}&apos;, contextInitializerClasses = &apos;[]&apos;, activeProfiles = &apos;{}&apos;, propertySourceLocations = &apos;{}&apos;, propertySourceProperties = &apos;{}&apos;, contextLoader = &apos;org.springframework.test.context.support.DelegatingSmartContextLoader&apos;, parent = [null]]]
org.springframework.test.context.DefaultCacheAwareContextLoaderDelegate 2015-06-20 15:55:07,141 DEBUG - Spring test ApplicationContext cache statistics: [ContextCache@3f8c26ff size = 1, hitCount = 0, missCount = 1, parentContextCount = 0]
org.springframework.beans.CachedIntrospectionResults 2015-06-20 15:55:07,141 TRACE - Getting BeanInfo for class [NewsDaoTest]
org.springframework.beans.CachedIntrospectionResults 2015-06-20 15:55:07,142 TRACE - Caching PropertyDescriptors for class [NewsDaoTest]
org.springframework.beans.CachedIntrospectionResults 2015-06-20 15:55:07,143 TRACE - Found bean property &apos;class&apos; of type [java.lang.Class]
org.springframework.beans.factory.annotation.InjectionMetadata 2015-06-20 15:55:07,145 DEBUG - Processing injected element of bean &apos;NewsDaoTest&apos;: AutowiredFieldElement for private db.NewsDao NewsDaoTest.newsDao
org.springframework.beans.factory.support.AbstractBeanFactory 2015-06-20 15:55:07,147 DEBUG - Returning cached instance of singleton bean &apos;newsDao&apos;
org.springframework.beans.factory.annotation.AutowiredAnnotationBeanPostProcessor 2015-06-20 15:55:07,147 DEBUG - Autowiring by type from bean name &apos;NewsDaoTest&apos; to bean named &apos;newsDao&apos;
org.springframework.beans.factory.support.AbstractBeanFactory 2015-06-20 15:55:07,148 DEBUG - Returning cached instance of singleton bean &apos;org.springframework.transaction.config.internalTransactionAdvisor&apos;
org.springframework.transaction.interceptor.AbstractFallbackTransactionAttributeSource 2015-06-20 15:55:07,149 DEBUG - Adding transactional method &apos;NewsDaoTest.saveOrUpdateAndGetNews&apos; with attribute: PROPAGATION_REQUIRED,ISOLATION_DEFAULT; &apos;&apos;
org.springframework.aop.framework.autoproxy.AbstractAutoProxyCreator 2015-06-20 15:55:07,153 DEBUG - Creating implicit proxy for bean &apos;NewsDaoTest&apos; with 0 common interceptors and 1 specific interceptors
org.springframework.aop.framework.CglibAopProxy 2015-06-20 15:55:07,159 DEBUG - Creating CGLIB proxy: target source is SingletonTargetSource for target object [NewsDaoTest@6d0e6c33]
org.springframework.beans.factory.support.AbstractBeanFactory 2015-06-20 15:55:07,206 DEBUG - Returning cached instance of singleton bean &apos;org.springframework.transaction.interceptor.TransactionInterceptor#0&apos;
org.springframework.aop.framework.CglibAopProxy$ProxyCallbackFilter 2015-06-20 15:55:07,209 DEBUG - Unable to apply any optimisations to advised method: public void NewsDaoTest.saveOrUpdateAndGetNews()
org.springframework.transaction.interceptor.AbstractFallbackTransactionAttributeSource 2015-06-20 15:55:07,210 DEBUG - Adding transactional method &apos;NewsDaoTest.deleteNews&apos; with attribute: PROPAGATION_REQUIRED,ISOLATION_DEFAULT; &apos;&apos;
org.springframework.aop.framework.CglibAopProxy$ProxyCallbackFilter 2015-06-20 15:55:07,210 DEBUG - Unable to apply any optimisations to advised method: public void NewsDaoTest.deleteNews()
org.springframework.aop.framework.CglibAopProxy$ProxyCallbackFilter 2015-06-20 15:55:07,210 DEBUG - Found finalize() method - using NO_OVERRIDE
org.springframework.aop.framework.CglibAopProxy$ProxyCallbackFilter 2015-06-20 15:55:07,210 DEBUG - Found &apos;equals&apos; method: public boolean java.lang.Object.equals(java.lang.Object)
org.springframework.aop.framework.CglibAopProxy$ProxyCallbackFilter 2015-06-20 15:55:07,210 DEBUG - Unable to apply any optimisations to advised method: public java.lang.String java.lang.Object.toString()
org.springframework.aop.framework.CglibAopProxy$ProxyCallbackFilter 2015-06-20 15:55:07,211 DEBUG - Found &apos;hashCode&apos; method: public native int java.lang.Object.hashCode()
org.springframework.aop.framework.CglibAopProxy$ProxyCallbackFilter 2015-06-20 15:55:07,211 DEBUG - Unable to apply any optimisations to advised method: protected native java.lang.Object java.lang.Object.clone() throws java.lang.CloneNotSupportedException
org.springframework.aop.framework.CglibAopProxy$ProxyCallbackFilter 2015-06-20 15:55:07,211 DEBUG - Method is declared on Advised interface: public abstract int org.springframework.aop.framework.Advised.indexOf(org.aopalliance.aop.Advice)
org.springframework.aop.framework.CglibAopProxy$ProxyCallbackFilter 2015-06-20 15:55:07,211 DEBUG - Method is declared on Advised interface: public abstract int org.springframework.aop.framework.Advised.indexOf(org.springframework.aop.Advisor)
org.springframework.aop.framework.CglibAopProxy$ProxyCallbackFilter 2015-06-20 15:55:07,211 DEBUG - Method is declared on Advised interface: public abstract boolean org.springframework.aop.framework.Advised.isFrozen()
org.springframework.aop.framework.CglibAopProxy$ProxyCallbackFilter 2015-06-20 15:55:07,211 DEBUG - Method is declared on Advised interface: public abstract org.springframework.aop.TargetSource org.springframework.aop.framework.Advised.getTargetSource()
org.springframework.aop.framework.CglibAopProxy$ProxyCallbackFilter 2015-06-20 15:55:07,212 DEBUG - Method is declared on Advised interface: public abstract boolean org.springframework.aop.framework.Advised.isProxyTargetClass()
org.springframework.aop.framework.CglibAopProxy$ProxyCallbackFilter 2015-06-20 15:55:07,212 DEBUG - Method is declared on Advised interface: public abstract void org.springframework.aop.framework.Advised.setPreFiltered(boolean)
org.springframework.aop.framework.CglibAopProxy$ProxyCallbackFilter 2015-06-20 15:55:07,212 DEBUG - Method is declared on Advised interface: public abstract void org.springframework.aop.framework.Advised.setExposeProxy(boolean)
org.springframework.aop.framework.CglibAopProxy$ProxyCallbackFilter 2015-06-20 15:55:07,212 DEBUG - Method is declared on Advised interface: public abstract void org.springframework.aop.framework.Advised.addAdvice(org.aopalliance.aop.Advice) throws org.springframework.aop.framework.AopConfigException
org.springframework.aop.framework.CglibAopProxy$ProxyCallbackFilter 2015-06-20 15:55:07,212 DEBUG - Method is declared on Advised interface: public abstract void org.springframework.aop.framework.Advised.addAdvice(int,org.aopalliance.aop.Advice) throws org.springframework.aop.framework.AopConfigException
org.springframework.aop.framework.CglibAopProxy$ProxyCallbackFilter 2015-06-20 15:55:07,213 DEBUG - Method is declared on Advised interface: public abstract boolean org.springframework.aop.framework.Advised.isPreFiltered()
org.springframework.aop.framework.CglibAopProxy$ProxyCallbackFilter 2015-06-20 15:55:07,213 DEBUG - Method is declared on Advised interface: public abstract org.springframework.aop.Advisor[] org.springframework.aop.framework.Advised.getAdvisors()
org.springframework.aop.framework.CglibAopProxy$ProxyCallbackFilter 2015-06-20 15:55:07,213 DEBUG - Method is declared on Advised interface: public abstract void org.springframework.aop.framework.Advised.removeAdvisor(int) throws org.springframework.aop.framework.AopConfigException
org.springframework.aop.framework.CglibAopProxy$ProxyCallbackFilter 2015-06-20 15:55:07,213 DEBUG - Method is declared on Advised interface: public abstract boolean org.springframework.aop.framework.Advised.removeAdvisor(org.springframework.aop.Advisor)
org.springframework.aop.framework.CglibAopProxy$ProxyCallbackFilter 2015-06-20 15:55:07,213 DEBUG - Method is declared on Advised interface: public abstract boolean org.springframework.aop.framework.Advised.removeAdvice(org.aopalliance.aop.Advice)
org.springframework.aop.framework.CglibAopProxy$ProxyCallbackFilter 2015-06-20 15:55:07,214 DEBUG - Method is declared on Advised interface: public abstract void org.springframework.aop.framework.Advised.addAdvisor(int,org.springframework.aop.Advisor) throws org.springframework.aop.framework.AopConfigException
org.springframework.aop.framework.CglibAopProxy$ProxyCallbackFilter 2015-06-20 15:55:07,214 DEBUG - Method is declared on Advised interface: public abstract void org.springframework.aop.framework.Advised.addAdvisor(org.springframework.aop.Advisor) throws org.springframework.aop.framework.AopConfigException
org.springframework.aop.framework.CglibAopProxy$ProxyCallbackFilter 2015-06-20 15:55:07,214 DEBUG - Method is declared on Advised interface: public abstract boolean org.springframework.aop.framework.Advised.isExposeProxy()
org.springframework.aop.framework.CglibAopProxy$ProxyCallbackFilter 2015-06-20 15:55:07,214 DEBUG - Method is declared on Advised interface: public abstract void org.springframework.aop.framework.Advised.setTargetSource(org.springframework.aop.TargetSource)
org.springframework.aop.framework.CglibAopProxy$ProxyCallbackFilter 2015-06-20 15:55:07,214 DEBUG - Method is declared on Advised interface: public abstract java.lang.Class[] org.springframework.aop.framework.Advised.getProxiedInterfaces()
org.springframework.aop.framework.CglibAopProxy$ProxyCallbackFilter 2015-06-20 15:55:07,214 DEBUG - Method is declared on Advised interface: public abstract boolean org.springframework.aop.framework.Advised.isInterfaceProxied(java.lang.Class)
org.springframework.aop.framework.CglibAopProxy$ProxyCallbackFilter 2015-06-20 15:55:07,215 DEBUG - Method is declared on Advised interface: public abstract boolean org.springframework.aop.framework.Advised.replaceAdvisor(org.springframework.aop.Advisor,org.springframework.aop.Advisor) throws org.springframework.aop.framework.AopConfigException
org.springframework.aop.framework.CglibAopProxy$ProxyCallbackFilter 2015-06-20 15:55:07,215 DEBUG - Method is declared on Advised interface: public abstract java.lang.String org.springframework.aop.framework.Advised.toProxyConfigString()
org.springframework.aop.framework.CglibAopProxy$ProxyCallbackFilter 2015-06-20 15:55:07,215 DEBUG - Method is declared on Advised interface: public abstract java.lang.Class org.springframework.aop.TargetClassAware.getTargetClass()
org.springframework.test.context.TestContextManager 2015-06-20 15:55:07,241 TRACE - beforeTestMethod(): instance [NewsDaoTest@6d0e6c33], method [public void NewsDaoTest.saveOrUpdateAndGetNews()]
org.springframework.transaction.interceptor.AbstractFallbackTransactionAttributeSource 2015-06-20 15:55:07,244 DEBUG - Adding transactional method &apos;NewsDaoTest.saveOrUpdateAndGetNews&apos; with attribute: PROPAGATION_REQUIRED,ISOLATION_DEFAULT; &apos;&apos;
org.springframework.test.context.transaction.TransactionalTestExecutionListener 2015-06-20 15:55:07,247 DEBUG - Explicit transaction definition [PROPAGATION_REQUIRED,ISOLATION_DEFAULT; &apos;&apos;] found for test context [DefaultTestContext@584ffe5e testClass = NewsDaoTest, testInstance = NewsDaoTest@6d0e6c33, testMethod = saveOrUpdateAndGetNews@NewsDaoTest, testException = [null], mergedContextConfiguration = [MergedContextConfiguration@6bc4fa9d testClass = NewsDaoTest, locations = &apos;{classpath:/entities-hib-test.xml}&apos;, classes = &apos;{}&apos;, contextInitializerClasses = &apos;[]&apos;, activeProfiles = &apos;{}&apos;, propertySourceLocations = &apos;{}&apos;, propertySourceProperties = &apos;{}&apos;, contextLoader = &apos;org.springframework.test.context.support.DelegatingSmartContextLoader&apos;, parent = [null]]]
org.springframework.test.context.transaction.TransactionalTestExecutionListener 2015-06-20 15:55:07,248 DEBUG - Retrieved @TransactionConfiguration attributes [{transactionManager=transactionManager, defaultRollback=false}] for test class [class NewsDaoTest].
org.springframework.test.context.transaction.TransactionalTestExecutionListener 2015-06-20 15:55:07,249 DEBUG - Retrieved TransactionConfigurationAttributes [TransactionConfigurationAttributes@1f2e99f0 transactionManagerName = &apos;transactionManager&apos;, defaultRollback = false] for class [class NewsDaoTest].
org.springframework.test.context.DefaultCacheAwareContextLoaderDelegate 2015-06-20 15:55:07,249 DEBUG - Retrieved ApplicationContext from cache with key [[MergedContextConfiguration@6bc4fa9d testClass = NewsDaoTest, locations = &apos;{classpath:/entities-hib-test.xml}&apos;, classes = &apos;{}&apos;, contextInitializerClasses = &apos;[]&apos;, activeProfiles = &apos;{}&apos;, propertySourceLocations = &apos;{}&apos;, propertySourceProperties = &apos;{}&apos;, contextLoader = &apos;org.springframework.test.context.support.DelegatingSmartContextLoader&apos;, parent = [null]]]
org.springframework.test.context.DefaultCacheAwareContextLoaderDelegate 2015-06-20 15:55:07,249 DEBUG - Spring test ApplicationContext cache statistics: [ContextCache@3f8c26ff size = 1, hitCount = 1, missCount = 1, parentContextCount = 0]
org.springframework.beans.factory.support.AbstractBeanFactory 2015-06-20 15:55:07,250 DEBUG - Returning cached instance of singleton bean &apos;transactionManager&apos;
org.springframework.test.context.transaction.TransactionalTestExecutionListener 2015-06-20 15:55:07,251 DEBUG - No method-level @Rollback override: using default rollback [false] for test context [DefaultTestContext@584ffe5e testClass = NewsDaoTest, testInstance = NewsDaoTest@6d0e6c33, testMethod = saveOrUpdateAndGetNews@NewsDaoTest, testException = [null], mergedContextConfiguration = [MergedContextConfiguration@6bc4fa9d testClass = NewsDaoTest, locations = &apos;{classpath:/entities-hib-test.xml}&apos;, classes = &apos;{}&apos;, contextInitializerClasses = &apos;[]&apos;, activeProfiles = &apos;{}&apos;, propertySourceLocations = &apos;{}&apos;, propertySourceProperties = &apos;{}&apos;, contextLoader = &apos;org.springframework.test.context.support.DelegatingSmartContextLoader&apos;, parent = [null]]].
org.springframework.transaction.support.AbstractPlatformTransactionManager 2015-06-20 15:55:07,255 DEBUG - Creating new transaction with name [NewsDaoTest.saveOrUpdateAndGetNews]: PROPAGATION_REQUIRED,ISOLATION_DEFAULT; &apos;&apos;
org.hibernate.internal.SessionFactoryImpl$SessionBuilderImpl 2015-06-20 15:55:07,256 TRACE - Opening Hibernate Session.  tenant=null, owner=null
org.hibernate.internal.SessionImpl 2015-06-20 15:55:07,301 TRACE - Opened session at timestamp: 14348049072
org.springframework.orm.hibernate4.HibernateTransactionManager 2015-06-20 15:55:07,302 DEBUG - Opened new Session [SessionImpl(PersistenceContext[entityKeys=[],collectionKeys=[]];ActionQueue[insertions=org.hibernate.engine.spi.ExecutableList@3110bf99 updates=org.hibernate.engine.spi.ExecutableList@4292eef9 deletions=org.hibernate.engine.spi.ExecutableList@3c873f94 orphanRemovals=org.hibernate.engine.spi.ExecutableList@535f2c97 collectionCreations=org.hibernate.engine.spi.ExecutableList@d689844 collectionRemovals=org.hibernate.engine.spi.ExecutableList@4de49f3c collectionUpdates=org.hibernate.engine.spi.ExecutableList@5c924417 collectionQueuedOps=org.hibernate.engine.spi.ExecutableList@6b4717c unresolvedInsertDependencies=UnresolvedEntityInsertActions[]])] for Hibernate transaction
org.springframework.orm.hibernate4.HibernateTransactionManager 2015-06-20 15:55:07,303 DEBUG - Preparing JDBC Connection of Hibernate Session [SessionImpl(PersistenceContext[entityKeys=[],collectionKeys=[]];ActionQueue[insertions=org.hibernate.engine.spi.ExecutableList@3110bf99 updates=org.hibernate.engine.spi.ExecutableList@4292eef9 deletions=org.hibernate.engine.spi.ExecutableList@3c873f94 orphanRemovals=org.hibernate.engine.spi.ExecutableList@535f2c97 collectionCreations=org.hibernate.engine.spi.ExecutableList@d689844 collectionRemovals=org.hibernate.engine.spi.ExecutableList@4de49f3c collectionUpdates=org.hibernate.engine.spi.ExecutableList@5c924417 collectionQueuedOps=org.hibernate.engine.spi.ExecutableList@6b4717c unresolvedInsertDependencies=UnresolvedEntityInsertActions[]])]
org.hibernate.engine.jdbc.internal.LogicalConnectionImpl 2015-06-20 15:55:07,303 DEBUG - Obtaining JDBC connection
org.hibernate.engine.jdbc.spi.SqlExceptionHelper 2015-06-20 15:55:07,307 DEBUG - Could not open connection [n/a]
org.apache.commons.dbcp.SQLNestedException: Cannot create PoolableConnectionFactory (Unknown database &apos;newspaperhibtest&apos;)
	at org.apache.commons.dbcp.BasicDataSource.createPoolableConnectionFactory(BasicDataSource.java:1549)
	at org.apache.commons.dbcp.BasicDataSource.createDataSource(BasicDataSource.java:1388)
	at org.apache.commons.dbcp.BasicDataSource.getConnection(BasicDataSource.java:1044)
	at org.hibernate.engine.jdbc.connections.internal.DatasourceConnectionProviderImpl.getConnection(DatasourceConnectionProviderImpl.java:139)
	at org.hibernate.internal.AbstractSessionImpl$NonContextualJdbcConnectionAccess.obtainConnection(AbstractSessionImpl.java:380)
	at org.hibernate.engine.jdbc.internal.LogicalConnectionImpl.obtainConnection(LogicalConnectionImpl.java:228)
	at org.hibernate.engine.jdbc.internal.LogicalConnectionImpl.getConnection(LogicalConnectionImpl.java:171)
	at org.hibernate.internal.SessionImpl.connection(SessionImpl.java:450)
	at org.springframework.orm.hibernate4.HibernateTransactionManager.doBegin(HibernateTransactionManager.java:450)
	at org.springframework.transaction.support.AbstractPlatformTransactionManager.getTransaction(AbstractPlatformTransactionManager.java:373)
	at org.springframework.test.context.transaction.TransactionContext.startTransaction(TransactionContext.java:98)
	at org.springframework.test.context.transaction.TransactionalTestExecutionListener.beforeTestMethod(TransactionalTestExecutionListener.java:200)
	at org.springframework.test.context.TestContextManager.beforeTestMethod(TestContextManager.java:249)
	at org.springframework.test.context.junit4.statements.RunBeforeTestMethodCallbacks.evaluate(RunBeforeTestMethodCallbacks.java:72)
	at org.springframework.test.context.junit4.statements.RunAfterTestMethodCallbacks.evaluate(RunAfterTestMethodCallbacks.java:82)
	at org.springframework.test.context.junit4.statements.SpringRepeat.evaluate(SpringRepeat.java:73)
	at org.junit.runners.ParentRunner.runLeaf(ParentRunner.java:263)
	at org.springframework.test.context.junit4.SpringJUnit4ClassRunner.runChild(SpringJUnit4ClassRunner.java:224)
	at org.springframework.test.context.junit4.SpringJUnit4ClassRunner.runChild(SpringJUnit4ClassRunner.java:83)
	at org.junit.runners.ParentRunner$3.run(ParentRunner.java:231)
	at org.junit.runners.ParentRunner$1.schedule(ParentRunner.java:60)
	at org.junit.runners.ParentRunner.runChildren(ParentRunner.java:229)
	at org.junit.runners.ParentRunner.access$000(ParentRunner.java:50)
	at org.junit.runners.ParentRunner$2.evaluate(ParentRunner.java:222)
	at org.springframework.test.context.junit4.statements.RunBeforeTestClassCallbacks.evaluate(RunBeforeTestClassCallbacks.java:61)
	at org.springframework.test.context.junit4.statements.RunAfterTestClassCallbacks.evaluate(RunAfterTestClassCallbacks.java:68)
	at org.junit.runners.ParentRunner.run(ParentRunner.java:300)
	at org.springframework.test.context.junit4.SpringJUnit4ClassRunner.run(SpringJUnit4ClassRunner.java:163)
	at org.apache.maven.surefire.junit4.JUnit4TestSet.execute(JUnit4TestSet.java:53)
	at org.apache.maven.surefire.junit4.JUnit4Provider.executeTestSet(JUnit4Provider.java:123)
	at org.apache.maven.surefire.junit4.JUnit4Provider.invoke(JUnit4Provider.java:104)
	at sun.reflect.NativeMethodAccessorImpl.invoke0(Native Method)
	at sun.reflect.NativeMethodAccessorImpl.invoke(NativeMethodAccessorImpl.java:57)
	at sun.reflect.DelegatingMethodAccessorImpl.invoke(DelegatingMethodAccessorImpl.java:43)
	at java.lang.reflect.Method.invoke(Method.java:606)
	at org.apache.maven.surefire.util.ReflectionUtils.invokeMethodWithArray(ReflectionUtils.java:164)
	at org.apache.maven.surefire.booter.ProviderFactory$ProviderProxy.invoke(ProviderFactory.java:110)
	at org.apache.maven.surefire.booter.SurefireStarter.invokeProvider(SurefireStarter.java:175)
	at org.apache.maven.surefire.booter.SurefireStarter.runSuitesInProcessWhenForked(SurefireStarter.java:107)
	at org.apache.maven.surefire.booter.ForkedBooter.main(ForkedBooter.java:68)
Caused by: com.mysql.jdbc.exceptions.jdbc4.MySQLSyntaxErrorException: Unknown database &apos;newspaperhibtest&apos;
	at sun.reflect.NativeConstructorAccessorImpl.newInstance0(Native Method)
	at sun.reflect.NativeConstructorAccessorImpl.newInstance(NativeConstructorAccessorImpl.java:57)
	at sun.reflect.DelegatingConstructorAccessorImpl.newInstance(DelegatingConstructorAccessorImpl.java:45)
	at java.lang.reflect.Constructor.newInstance(Constructor.java:526)
	at com.mysql.jdbc.Util.handleNewInstance(Util.java:389)
	at com.mysql.jdbc.Util.getInstance(Util.java:372)
	at com.mysql.jdbc.SQLError.createSQLException(SQLError.java:980)
	at com.mysql.jdbc.MysqlIO.checkErrorPacket(MysqlIO.java:3835)
	at com.mysql.jdbc.MysqlIO.checkErrorPacket(MysqlIO.java:3771)
	at com.mysql.jdbc.MysqlIO.checkErrorPacket(MysqlIO.java:870)
	at com.mysql.jdbc.MysqlIO.proceedHandshakeWithPluggableAuthentication(MysqlIO.java:1659)
	at com.mysql.jdbc.MysqlIO.doHandshake(MysqlIO.java:1206)
	at com.mysql.jdbc.ConnectionImpl.coreConnect(ConnectionImpl.java:2239)
	at com.mysql.jdbc.ConnectionImpl.connectOneTryOnly(ConnectionImpl.java:2270)
	at com.mysql.jdbc.ConnectionImpl.createNewIO(ConnectionImpl.java:2069)
	at com.mysql.jdbc.ConnectionImpl.&lt;init&gt;(ConnectionImpl.java:794)
	at com.mysql.jdbc.JDBC4Connection.&lt;init&gt;(JDBC4Connection.java:44)
	at sun.reflect.NativeConstructorAccessorImpl.newInstance0(Native Method)
	at sun.reflect.NativeConstructorAccessorImpl.newInstance(NativeConstructorAccessorImpl.java:57)
	at sun.reflect.DelegatingConstructorAccessorImpl.newInstance(DelegatingConstructorAccessorImpl.java:45)
	at java.lang.reflect.Constructor.newInstance(Constructor.java:526)
	at com.mysql.jdbc.Util.handleNewInstance(Util.java:389)
	at com.mysql.jdbc.ConnectionImpl.getInstance(ConnectionImpl.java:399)
	at com.mysql.jdbc.NonRegisteringDriver.connect(NonRegisteringDriver.java:325)
	at org.apache.commons.dbcp.DriverConnectionFactory.createConnection(DriverConnectionFactory.java:38)
	at org.apache.commons.dbcp.PoolableConnectionFactory.makeObject(PoolableConnectionFactory.java:582)
	at org.apache.commons.dbcp.BasicDataSource.validateConnectionFactory(BasicDataSource.java:1556)
	at org.apache.commons.dbcp.BasicDataSource.createPoolableConnectionFactory(BasicDataSource.java:1545)
	... 39 more
org.hibernate.engine.jdbc.spi.SqlExceptionHelper 2015-06-20 15:55:07,310 WARN  - SQL Error: 0, SQLState: null
org.hibernate.engine.jdbc.spi.SqlExceptionHelper 2015-06-20 15:55:07,310 ERROR - Cannot create PoolableConnectionFactory (Unknown database &apos;newspaperhibtest&apos;)
org.hibernate.internal.SessionImpl 2015-06-20 15:55:07,313 TRACE - Closing session
org.hibernate.engine.jdbc.internal.JdbcCoordinatorImpl 2015-06-20 15:55:07,313 TRACE - Closing JDBC container [org.hibernate.engine.jdbc.internal.JdbcCoordinatorImpl@1cba556e]
org.hibernate.engine.jdbc.internal.LogicalConnectionImpl 2015-06-20 15:55:07,313 TRACE - Closing logical connection
org.hibernate.engine.jdbc.internal.LogicalConnectionImpl 2015-06-20 15:55:07,314 TRACE - Logical connection closed
org.springframework.test.context.TestContextManager 2015-06-20 15:55:07,316 WARN  - Caught exception while allowing TestExecutionListener [org.springframework.test.context.transaction.TransactionalTestExecutionListener@67b0eb2c] to process &apos;before&apos; execution of test method [public void NewsDaoTest.saveOrUpdateAndGetNews()] for test instance [NewsDaoTest@6d0e6c33]
org.springframework.transaction.CannotCreateTransactionException: Could not open Hibernate Session for transaction; nested exception is org.hibernate.exception.GenericJDBCException: Could not open connection
	at org.springframework.orm.hibernate4.HibernateTransactionManager.doBegin(HibernateTransactionManager.java:544)
	at org.springframework.transaction.support.AbstractPlatformTransactionManager.getTransaction(AbstractPlatformTransactionManager.java:373)
	at org.springframework.test.context.transaction.TransactionContext.startTransaction(TransactionContext.java:98)
	at org.springframework.test.context.transaction.TransactionalTestExecutionListener.beforeTestMethod(TransactionalTestExecutionListener.java:200)
	at org.springframework.test.context.TestContextManager.beforeTestMethod(TestContextManager.java:249)
	at org.springframework.test.context.junit4.statements.RunBeforeTestMethodCallbacks.evaluate(RunBeforeTestMethodCallbacks.java:72)
	at org.springframework.test.context.junit4.statements.RunAfterTestMethodCallbacks.evaluate(RunAfterTestMethodCallbacks.java:82)
	at org.springframework.test.context.junit4.statements.SpringRepeat.evaluate(SpringRepeat.java:73)
	at org.junit.runners.ParentRunner.runLeaf(ParentRunner.java:263)
	at org.springframework.test.context.junit4.SpringJUnit4ClassRunner.runChild(SpringJUnit4ClassRunner.java:224)
	at org.springframework.test.context.junit4.SpringJUnit4ClassRunner.runChild(SpringJUnit4ClassRunner.java:83)
	at org.junit.runners.ParentRunner$3.run(ParentRunner.java:231)
	at org.junit.runners.ParentRunner$1.schedule(ParentRunner.java:60)
	at org.junit.runners.ParentRunner.runChildren(ParentRunner.java:229)
	at org.junit.runners.ParentRunner.access$000(ParentRunner.java:50)
	at org.junit.runners.ParentRunner$2.evaluate(ParentRunner.java:222)
	at org.springframework.test.context.junit4.statements.RunBeforeTestClassCallbacks.evaluate(RunBeforeTestClassCallbacks.java:61)
	at org.springframework.test.context.junit4.statements.RunAfterTestClassCallbacks.evaluate(RunAfterTestClassCallbacks.java:68)
	at org.junit.runners.ParentRunner.run(ParentRunner.java:300)
	at org.springframework.test.context.junit4.SpringJUnit4ClassRunner.run(SpringJUnit4ClassRunner.java:163)
	at org.apache.maven.surefire.junit4.JUnit4TestSet.execute(JUnit4TestSet.java:53)
	at org.apache.maven.surefire.junit4.JUnit4Provider.executeTestSet(JUnit4Provider.java:123)
	at org.apache.maven.surefire.junit4.JUnit4Provider.invoke(JUnit4Provider.java:104)
	at sun.reflect.NativeMethodAccessorImpl.invoke0(Native Method)
	at sun.reflect.NativeMethodAccessorImpl.invoke(NativeMethodAccessorImpl.java:57)
	at sun.reflect.DelegatingMethodAccessorImpl.invoke(DelegatingMethodAccessorImpl.java:43)
	at java.lang.reflect.Method.invoke(Method.java:606)
	at org.apache.maven.surefire.util.ReflectionUtils.invokeMethodWithArray(ReflectionUtils.java:164)
	at org.apache.maven.surefire.booter.ProviderFactory$ProviderProxy.invoke(ProviderFactory.java:110)
	at org.apache.maven.surefire.booter.SurefireStarter.invokeProvider(SurefireStarter.java:175)
	at org.apache.maven.surefire.booter.SurefireStarter.runSuitesInProcessWhenForked(SurefireStarter.java:107)
	at org.apache.maven.surefire.booter.ForkedBooter.main(ForkedBooter.java:68)
Caused by: org.hibernate.exception.GenericJDBCException: Could not open connection
	at org.hibernate.exception.internal.StandardSQLExceptionConverter.convert(StandardSQLExceptionConverter.java:54)
	at org.hibernate.engine.jdbc.spi.SqlExceptionHelper.convert(SqlExceptionHelper.java:126)
	at org.hibernate.engine.jdbc.spi.SqlExceptionHelper.convert(SqlExceptionHelper.java:112)
	at org.hibernate.engine.jdbc.internal.LogicalConnectionImpl.obtainConnection(LogicalConnectionImpl.java:235)
	at org.hibernate.engine.jdbc.internal.LogicalConnectionImpl.getConnection(LogicalConnectionImpl.java:171)
	at org.hibernate.internal.SessionImpl.connection(SessionImpl.java:450)
	at org.springframework.orm.hibernate4.HibernateTransactionManager.doBegin(HibernateTransactionManager.java:450)
	... 31 more
Caused by: org.apache.commons.dbcp.SQLNestedException: Cannot create PoolableConnectionFactory (Unknown database &apos;newspaperhibtest&apos;)
	at org.apache.commons.dbcp.BasicDataSource.createPoolableConnectionFactory(BasicDataSource.java:1549)
	at org.apache.commons.dbcp.BasicDataSource.createDataSource(BasicDataSource.java:1388)
	at org.apache.commons.dbcp.BasicDataSource.getConnection(BasicDataSource.java:1044)
	at org.hibernate.engine.jdbc.connections.internal.DatasourceConnectionProviderImpl.getConnection(DatasourceConnectionProviderImpl.java:139)
	at org.hibernate.internal.AbstractSessionImpl$NonContextualJdbcConnectionAccess.obtainConnection(AbstractSessionImpl.java:380)
	at org.hibernate.engine.jdbc.internal.LogicalConnectionImpl.obtainConnection(LogicalConnectionImpl.java:228)
	... 34 more
Caused by: com.mysql.jdbc.exceptions.jdbc4.MySQLSyntaxErrorException: Unknown database &apos;newspaperhibtest&apos;
	at sun.reflect.NativeConstructorAccessorImpl.newInstance0(Native Method)
	at sun.reflect.NativeConstructorAccessorImpl.newInstance(NativeConstructorAccessorImpl.java:57)
	at sun.reflect.DelegatingConstructorAccessorImpl.newInstance(DelegatingConstructorAccessorImpl.java:45)
	at java.lang.reflect.Constructor.newInstance(Constructor.java:526)
	at com.mysql.jdbc.Util.handleNewInstance(Util.java:389)
	at com.mysql.jdbc.Util.getInstance(Util.java:372)
	at com.mysql.jdbc.SQLError.createSQLException(SQLError.java:980)
	at com.mysql.jdbc.MysqlIO.checkErrorPacket(MysqlIO.java:3835)
	at com.mysql.jdbc.MysqlIO.checkErrorPacket(MysqlIO.java:3771)
	at com.mysql.jdbc.MysqlIO.checkErrorPacket(MysqlIO.java:870)
	at com.mysql.jdbc.MysqlIO.proceedHandshakeWithPluggableAuthentication(MysqlIO.java:1659)
	at com.mysql.jdbc.MysqlIO.doHandshake(MysqlIO.java:1206)
	at com.mysql.jdbc.ConnectionImpl.coreConnect(ConnectionImpl.java:2239)
	at com.mysql.jdbc.ConnectionImpl.connectOneTryOnly(ConnectionImpl.java:2270)
	at com.mysql.jdbc.ConnectionImpl.createNewIO(ConnectionImpl.java:2069)
	at com.mysql.jdbc.ConnectionImpl.&lt;init&gt;(ConnectionImpl.java:794)
	at com.mysql.jdbc.JDBC4Connection.&lt;init&gt;(JDBC4Connection.java:44)
	at sun.reflect.NativeConstructorAccessorImpl.newInstance0(Native Method)
	at sun.reflect.NativeConstructorAccessorImpl.newInstance(NativeConstructorAccessorImpl.java:57)
	at sun.reflect.DelegatingConstructorAccessorImpl.newInstance(DelegatingConstructorAccessorImpl.java:45)
	at java.lang.reflect.Constructor.newInstance(Constructor.java:526)
	at com.mysql.jdbc.Util.handleNewInstance(Util.java:389)
	at com.mysql.jdbc.ConnectionImpl.getInstance(ConnectionImpl.java:399)
	at com.mysql.jdbc.NonRegisteringDriver.connect(NonRegisteringDriver.java:325)
	at org.apache.commons.dbcp.DriverConnectionFactory.createConnection(DriverConnectionFactory.java:38)
	at org.apache.commons.dbcp.PoolableConnectionFactory.makeObject(PoolableConnectionFactory.java:582)
	at org.apache.commons.dbcp.BasicDataSource.validateConnectionFactory(BasicDataSource.java:1556)
	at org.apache.commons.dbcp.BasicDataSource.createPoolableConnectionFactory(BasicDataSource.java:1545)
	... 39 more
org.springframework.test.context.TestContextManager 2015-06-20 15:55:07,317 TRACE - afterTestMethod(): instance [NewsDaoTest@6d0e6c33], method [public void NewsDaoTest.saveOrUpdateAndGetNews()], exception [org.springframework.transaction.CannotCreateTransactionException: Could not open Hibernate Session for transaction; nested exception is org.hibernate.exception.GenericJDBCException: Could not open connection]
org.springframework.test.context.support.DirtiesContextTestExecutionListener 2015-06-20 15:55:07,322 DEBUG - After test method: context [DefaultTestContext@584ffe5e testClass = NewsDaoTest, testInstance = NewsDaoTest@6d0e6c33, testMethod = saveOrUpdateAndGetNews@NewsDaoTest, testException = org.springframework.transaction.CannotCreateTransactionException: Could not open Hibernate Session for transaction; nested exception is org.hibernate.exception.GenericJDBCException: Could not open connection, mergedContextConfiguration = [MergedContextConfiguration@6bc4fa9d testClass = NewsDaoTest, locations = &apos;{classpath:/entities-hib-test.xml}&apos;, classes = &apos;{}&apos;, contextInitializerClasses = &apos;[]&apos;, activeProfiles = &apos;{}&apos;, propertySourceLocations = &apos;{}&apos;, propertySourceProperties = &apos;{}&apos;, contextLoader = &apos;org.springframework.test.context.support.DelegatingSmartContextLoader&apos;, parent = [null]]], class dirties context [false], class mode [null], method dirties context [false].
</system-err>
  </testcase>
  <testcase time="0.005" classname="NewsDaoTest" name="deleteNews">
    <error message="Could not open Hibernate Session for transaction; nested exception is org.hibernate.exception.GenericJDBCException: Could not open connection" type="org.springframework.transaction.CannotCreateTransactionException">org.springframework.transaction.CannotCreateTransactionException: Could not open Hibernate Session for transaction; nested exception is org.hibernate.exception.GenericJDBCException: Could not open connection
	at org.springframework.orm.hibernate4.HibernateTransactionManager.doBegin(HibernateTransactionManager.java:544)
	at org.springframework.transaction.support.AbstractPlatformTransactionManager.getTransaction(AbstractPlatformTransactionManager.java:373)
	at org.springframework.test.context.transaction.TransactionContext.startTransaction(TransactionContext.java:98)
	at org.springframework.test.context.transaction.TransactionalTestExecutionListener.beforeTestMethod(TransactionalTestExecutionListener.java:200)
	at org.springframework.test.context.TestContextManager.beforeTestMethod(TestContextManager.java:249)
	at org.springframework.test.context.junit4.statements.RunBeforeTestMethodCallbacks.evaluate(RunBeforeTestMethodCallbacks.java:72)
	at org.springframework.test.context.junit4.statements.RunAfterTestMethodCallbacks.evaluate(RunAfterTestMethodCallbacks.java:82)
	at org.springframework.test.context.junit4.statements.SpringRepeat.evaluate(SpringRepeat.java:73)
	at org.junit.runners.ParentRunner.runLeaf(ParentRunner.java:263)
	at org.springframework.test.context.junit4.SpringJUnit4ClassRunner.runChild(SpringJUnit4ClassRunner.java:224)
	at org.springframework.test.context.junit4.SpringJUnit4ClassRunner.runChild(SpringJUnit4ClassRunner.java:83)
	at org.junit.runners.ParentRunner$3.run(ParentRunner.java:231)
	at org.junit.runners.ParentRunner$1.schedule(ParentRunner.java:60)
	at org.junit.runners.ParentRunner.runChildren(ParentRunner.java:229)
	at org.junit.runners.ParentRunner.access$000(ParentRunner.java:50)
	at org.junit.runners.ParentRunner$2.evaluate(ParentRunner.java:222)
	at org.springframework.test.context.junit4.statements.RunBeforeTestClassCallbacks.evaluate(RunBeforeTestClassCallbacks.java:61)
	at org.springframework.test.context.junit4.statements.RunAfterTestClassCallbacks.evaluate(RunAfterTestClassCallbacks.java:68)
	at org.junit.runners.ParentRunner.run(ParentRunner.java:300)
	at org.springframework.test.context.junit4.SpringJUnit4ClassRunner.run(SpringJUnit4ClassRunner.java:163)
	at org.apache.maven.surefire.junit4.JUnit4TestSet.execute(JUnit4TestSet.java:53)
	at org.apache.maven.surefire.junit4.JUnit4Provider.executeTestSet(JUnit4Provider.java:123)
	at org.apache.maven.surefire.junit4.JUnit4Provider.invoke(JUnit4Provider.java:104)
	at sun.reflect.NativeMethodAccessorImpl.invoke0(Native Method)
	at sun.reflect.NativeMethodAccessorImpl.invoke(NativeMethodAccessorImpl.java:57)
	at sun.reflect.DelegatingMethodAccessorImpl.invoke(DelegatingMethodAccessorImpl.java:43)
	at java.lang.reflect.Method.invoke(Method.java:606)
	at org.apache.maven.surefire.util.ReflectionUtils.invokeMethodWithArray(ReflectionUtils.java:164)
	at org.apache.maven.surefire.booter.ProviderFactory$ProviderProxy.invoke(ProviderFactory.java:110)
	at org.apache.maven.surefire.booter.SurefireStarter.invokeProvider(SurefireStarter.java:175)
	at org.apache.maven.surefire.booter.SurefireStarter.runSuitesInProcessWhenForked(SurefireStarter.java:107)
	at org.apache.maven.surefire.booter.ForkedBooter.main(ForkedBooter.java:68)
Caused by: org.hibernate.exception.GenericJDBCException: Could not open connection
	at org.hibernate.exception.internal.StandardSQLExceptionConverter.convert(StandardSQLExceptionConverter.java:54)
	at org.hibernate.engine.jdbc.spi.SqlExceptionHelper.convert(SqlExceptionHelper.java:126)
	at org.hibernate.engine.jdbc.spi.SqlExceptionHelper.convert(SqlExceptionHelper.java:112)
	at org.hibernate.engine.jdbc.internal.LogicalConnectionImpl.obtainConnection(LogicalConnectionImpl.java:235)
	at org.hibernate.engine.jdbc.internal.LogicalConnectionImpl.getConnection(LogicalConnectionImpl.java:171)
	at org.hibernate.internal.SessionImpl.connection(SessionImpl.java:450)
	at org.springframework.orm.hibernate4.HibernateTransactionManager.doBegin(HibernateTransactionManager.java:450)
	... 31 more
Caused by: org.apache.commons.dbcp.SQLNestedException: Cannot create PoolableConnectionFactory (Unknown database &apos;newspaperhibtest&apos;)
	at org.apache.commons.dbcp.BasicDataSource.createPoolableConnectionFactory(BasicDataSource.java:1549)
	at org.apache.commons.dbcp.BasicDataSource.createDataSource(BasicDataSource.java:1388)
	at org.apache.commons.dbcp.BasicDataSource.getConnection(BasicDataSource.java:1044)
	at org.hibernate.engine.jdbc.connections.internal.DatasourceConnectionProviderImpl.getConnection(DatasourceConnectionProviderImpl.java:139)
	at org.hibernate.internal.AbstractSessionImpl$NonContextualJdbcConnectionAccess.obtainConnection(AbstractSessionImpl.java:380)
	at org.hibernate.engine.jdbc.internal.LogicalConnectionImpl.obtainConnection(LogicalConnectionImpl.java:228)
	... 34 more
Caused by: com.mysql.jdbc.exceptions.jdbc4.MySQLSyntaxErrorException: Unknown database &apos;newspaperhibtest&apos;
	at sun.reflect.NativeConstructorAccessorImpl.newInstance0(Native Method)
	at sun.reflect.NativeConstructorAccessorImpl.newInstance(NativeConstructorAccessorImpl.java:57)
	at sun.reflect.DelegatingConstructorAccessorImpl.newInstance(DelegatingConstructorAccessorImpl.java:45)
	at java.lang.reflect.Constructor.newInstance(Constructor.java:526)
	at com.mysql.jdbc.Util.handleNewInstance(Util.java:389)
	at com.mysql.jdbc.Util.getInstance(Util.java:372)
	at com.mysql.jdbc.SQLError.createSQLException(SQLError.java:980)
	at com.mysql.jdbc.MysqlIO.checkErrorPacket(MysqlIO.java:3835)
	at com.mysql.jdbc.MysqlIO.checkErrorPacket(MysqlIO.java:3771)
	at com.mysql.jdbc.MysqlIO.checkErrorPacket(MysqlIO.java:870)
	at com.mysql.jdbc.MysqlIO.proceedHandshakeWithPluggableAuthentication(MysqlIO.java:1659)
	at com.mysql.jdbc.MysqlIO.doHandshake(MysqlIO.java:1206)
	at com.mysql.jdbc.ConnectionImpl.coreConnect(ConnectionImpl.java:2239)
	at com.mysql.jdbc.ConnectionImpl.connectOneTryOnly(ConnectionImpl.java:2270)
	at com.mysql.jdbc.ConnectionImpl.createNewIO(ConnectionImpl.java:2069)
	at com.mysql.jdbc.ConnectionImpl.&lt;init&gt;(ConnectionImpl.java:794)
	at com.mysql.jdbc.JDBC4Connection.&lt;init&gt;(JDBC4Connection.java:44)
	at sun.reflect.NativeConstructorAccessorImpl.newInstance0(Native Method)
	at sun.reflect.NativeConstructorAccessorImpl.newInstance(NativeConstructorAccessorImpl.java:57)
	at sun.reflect.DelegatingConstructorAccessorImpl.newInstance(DelegatingConstructorAccessorImpl.java:45)
	at java.lang.reflect.Constructor.newInstance(Constructor.java:526)
	at com.mysql.jdbc.Util.handleNewInstance(Util.java:389)
	at com.mysql.jdbc.ConnectionImpl.getInstance(ConnectionImpl.java:399)
	at com.mysql.jdbc.NonRegisteringDriver.connect(NonRegisteringDriver.java:325)
	at org.apache.commons.dbcp.DriverConnectionFactory.createConnection(DriverConnectionFactory.java:38)
	at org.apache.commons.dbcp.PoolableConnectionFactory.makeObject(PoolableConnectionFactory.java:582)
	at org.apache.commons.dbcp.BasicDataSource.validateConnectionFactory(BasicDataSource.java:1556)
	at org.apache.commons.dbcp.BasicDataSource.createPoolableConnectionFactory(BasicDataSource.java:1545)
	... 39 more
</error>
    <system-err>org.springframework.test.annotation.ProfileValueUtils 2015-06-20 15:55:07,328 DEBUG - Retrieved @ProfileValueSourceConfiguration [null] for test class [NewsDaoTest]
org.springframework.test.annotation.ProfileValueUtils 2015-06-20 15:55:07,328 DEBUG - Retrieved ProfileValueSource type [class org.springframework.test.annotation.SystemProfileValueSource] for class [NewsDaoTest]
org.springframework.test.context.TestContextManager 2015-06-20 15:55:07,328 TRACE - prepareTestInstance(): instance [NewsDaoTest@511a1546]
org.springframework.test.context.support.DependencyInjectionTestExecutionListener 2015-06-20 15:55:07,329 DEBUG - Performing dependency injection for test context [[DefaultTestContext@584ffe5e testClass = NewsDaoTest, testInstance = NewsDaoTest@511a1546, testMethod = [null], testException = [null], mergedContextConfiguration = [MergedContextConfiguration@6bc4fa9d testClass = NewsDaoTest, locations = &apos;{classpath:/entities-hib-test.xml}&apos;, classes = &apos;{}&apos;, contextInitializerClasses = &apos;[]&apos;, activeProfiles = &apos;{}&apos;, propertySourceLocations = &apos;{}&apos;, propertySourceProperties = &apos;{}&apos;, contextLoader = &apos;org.springframework.test.context.support.DelegatingSmartContextLoader&apos;, parent = [null]]]].
org.springframework.test.context.DefaultCacheAwareContextLoaderDelegate 2015-06-20 15:55:07,329 DEBUG - Retrieved ApplicationContext from cache with key [[MergedContextConfiguration@6bc4fa9d testClass = NewsDaoTest, locations = &apos;{classpath:/entities-hib-test.xml}&apos;, classes = &apos;{}&apos;, contextInitializerClasses = &apos;[]&apos;, activeProfiles = &apos;{}&apos;, propertySourceLocations = &apos;{}&apos;, propertySourceProperties = &apos;{}&apos;, contextLoader = &apos;org.springframework.test.context.support.DelegatingSmartContextLoader&apos;, parent = [null]]]
org.springframework.test.context.DefaultCacheAwareContextLoaderDelegate 2015-06-20 15:55:07,329 DEBUG - Spring test ApplicationContext cache statistics: [ContextCache@3f8c26ff size = 1, hitCount = 2, missCount = 1, parentContextCount = 0]
org.springframework.beans.factory.annotation.InjectionMetadata 2015-06-20 15:55:07,329 DEBUG - Processing injected element of bean &apos;NewsDaoTest&apos;: AutowiredFieldElement for private db.NewsDao NewsDaoTest.newsDao
org.springframework.beans.factory.support.AbstractBeanFactory 2015-06-20 15:55:07,330 DEBUG - Returning cached instance of singleton bean &apos;newsDao&apos;
org.springframework.beans.factory.support.AbstractBeanFactory 2015-06-20 15:55:07,330 DEBUG - Returning cached instance of singleton bean &apos;org.springframework.transaction.config.internalTransactionAdvisor&apos;
org.springframework.aop.framework.autoproxy.AbstractAutoProxyCreator 2015-06-20 15:55:07,330 DEBUG - Creating implicit proxy for bean &apos;NewsDaoTest&apos; with 0 common interceptors and 1 specific interceptors
org.springframework.aop.framework.CglibAopProxy 2015-06-20 15:55:07,330 DEBUG - Creating CGLIB proxy: target source is SingletonTargetSource for target object [NewsDaoTest@511a1546]
org.springframework.test.context.TestContextManager 2015-06-20 15:55:07,334 TRACE - beforeTestMethod(): instance [NewsDaoTest@511a1546], method [public void NewsDaoTest.deleteNews()]
org.springframework.transaction.interceptor.AbstractFallbackTransactionAttributeSource 2015-06-20 15:55:07,336 DEBUG - Adding transactional method &apos;NewsDaoTest.deleteNews&apos; with attribute: PROPAGATION_REQUIRED,ISOLATION_DEFAULT; &apos;&apos;
org.springframework.test.context.transaction.TransactionalTestExecutionListener 2015-06-20 15:55:07,336 DEBUG - Explicit transaction definition [PROPAGATION_REQUIRED,ISOLATION_DEFAULT; &apos;&apos;] found for test context [DefaultTestContext@584ffe5e testClass = NewsDaoTest, testInstance = NewsDaoTest@511a1546, testMethod = deleteNews@NewsDaoTest, testException = [null], mergedContextConfiguration = [MergedContextConfiguration@6bc4fa9d testClass = NewsDaoTest, locations = &apos;{classpath:/entities-hib-test.xml}&apos;, classes = &apos;{}&apos;, contextInitializerClasses = &apos;[]&apos;, activeProfiles = &apos;{}&apos;, propertySourceLocations = &apos;{}&apos;, propertySourceProperties = &apos;{}&apos;, contextLoader = &apos;org.springframework.test.context.support.DelegatingSmartContextLoader&apos;, parent = [null]]]
org.springframework.test.context.DefaultCacheAwareContextLoaderDelegate 2015-06-20 15:55:07,336 DEBUG - Retrieved ApplicationContext from cache with key [[MergedContextConfiguration@6bc4fa9d testClass = NewsDaoTest, locations = &apos;{classpath:/entities-hib-test.xml}&apos;, classes = &apos;{}&apos;, contextInitializerClasses = &apos;[]&apos;, activeProfiles = &apos;{}&apos;, propertySourceLocations = &apos;{}&apos;, propertySourceProperties = &apos;{}&apos;, contextLoader = &apos;org.springframework.test.context.support.DelegatingSmartContextLoader&apos;, parent = [null]]]
org.springframework.test.context.DefaultCacheAwareContextLoaderDelegate 2015-06-20 15:55:07,337 DEBUG - Spring test ApplicationContext cache statistics: [ContextCache@3f8c26ff size = 1, hitCount = 3, missCount = 1, parentContextCount = 0]
org.springframework.beans.factory.support.AbstractBeanFactory 2015-06-20 15:55:07,337 DEBUG - Returning cached instance of singleton bean &apos;transactionManager&apos;
org.springframework.test.context.transaction.TransactionalTestExecutionListener 2015-06-20 15:55:07,344 DEBUG - No method-level @Rollback override: using default rollback [false] for test context [DefaultTestContext@584ffe5e testClass = NewsDaoTest, testInstance = NewsDaoTest@511a1546, testMethod = deleteNews@NewsDaoTest, testException = [null], mergedContextConfiguration = [MergedContextConfiguration@6bc4fa9d testClass = NewsDaoTest, locations = &apos;{classpath:/entities-hib-test.xml}&apos;, classes = &apos;{}&apos;, contextInitializerClasses = &apos;[]&apos;, activeProfiles = &apos;{}&apos;, propertySourceLocations = &apos;{}&apos;, propertySourceProperties = &apos;{}&apos;, contextLoader = &apos;org.springframework.test.context.support.DelegatingSmartContextLoader&apos;, parent = [null]]].
org.springframework.transaction.support.AbstractPlatformTransactionManager 2015-06-20 15:55:07,345 DEBUG - Creating new transaction with name [NewsDaoTest.deleteNews]: PROPAGATION_REQUIRED,ISOLATION_DEFAULT; &apos;&apos;
org.hibernate.internal.SessionFactoryImpl$SessionBuilderImpl 2015-06-20 15:55:07,346 TRACE - Opening Hibernate Session.  tenant=null, owner=null
org.hibernate.internal.SessionImpl 2015-06-20 15:55:07,347 TRACE - Opened session at timestamp: 14348049073
org.springframework.orm.hibernate4.HibernateTransactionManager 2015-06-20 15:55:07,347 DEBUG - Opened new Session [SessionImpl(PersistenceContext[entityKeys=[],collectionKeys=[]];ActionQueue[insertions=org.hibernate.engine.spi.ExecutableList@2a0f331b updates=org.hibernate.engine.spi.ExecutableList@4be4472f deletions=org.hibernate.engine.spi.ExecutableList@77fd8595 orphanRemovals=org.hibernate.engine.spi.ExecutableList@254d36be collectionCreations=org.hibernate.engine.spi.ExecutableList@70450713 collectionRemovals=org.hibernate.engine.spi.ExecutableList@43d3a9fa collectionUpdates=org.hibernate.engine.spi.ExecutableList@7d3c7edf collectionQueuedOps=org.hibernate.engine.spi.ExecutableList@eada2b5 unresolvedInsertDependencies=UnresolvedEntityInsertActions[]])] for Hibernate transaction
org.springframework.orm.hibernate4.HibernateTransactionManager 2015-06-20 15:55:07,348 DEBUG - Preparing JDBC Connection of Hibernate Session [SessionImpl(PersistenceContext[entityKeys=[],collectionKeys=[]];ActionQueue[insertions=org.hibernate.engine.spi.ExecutableList@2a0f331b updates=org.hibernate.engine.spi.ExecutableList@4be4472f deletions=org.hibernate.engine.spi.ExecutableList@77fd8595 orphanRemovals=org.hibernate.engine.spi.ExecutableList@254d36be collectionCreations=org.hibernate.engine.spi.ExecutableList@70450713 collectionRemovals=org.hibernate.engine.spi.ExecutableList@43d3a9fa collectionUpdates=org.hibernate.engine.spi.ExecutableList@7d3c7edf collectionQueuedOps=org.hibernate.engine.spi.ExecutableList@eada2b5 unresolvedInsertDependencies=UnresolvedEntityInsertActions[]])]
org.hibernate.engine.jdbc.internal.LogicalConnectionImpl 2015-06-20 15:55:07,348 DEBUG - Obtaining JDBC connection
org.hibernate.engine.jdbc.spi.SqlExceptionHelper 2015-06-20 15:55:07,353 DEBUG - Could not open connection [n/a]
org.apache.commons.dbcp.SQLNestedException: Cannot create PoolableConnectionFactory (Unknown database &apos;newspaperhibtest&apos;)
	at org.apache.commons.dbcp.BasicDataSource.createPoolableConnectionFactory(BasicDataSource.java:1549)
	at org.apache.commons.dbcp.BasicDataSource.createDataSource(BasicDataSource.java:1388)
	at org.apache.commons.dbcp.BasicDataSource.getConnection(BasicDataSource.java:1044)
	at org.hibernate.engine.jdbc.connections.internal.DatasourceConnectionProviderImpl.getConnection(DatasourceConnectionProviderImpl.java:139)
	at org.hibernate.internal.AbstractSessionImpl$NonContextualJdbcConnectionAccess.obtainConnection(AbstractSessionImpl.java:380)
	at org.hibernate.engine.jdbc.internal.LogicalConnectionImpl.obtainConnection(LogicalConnectionImpl.java:228)
	at org.hibernate.engine.jdbc.internal.LogicalConnectionImpl.getConnection(LogicalConnectionImpl.java:171)
	at org.hibernate.internal.SessionImpl.connection(SessionImpl.java:450)
	at org.springframework.orm.hibernate4.HibernateTransactionManager.doBegin(HibernateTransactionManager.java:450)
	at org.springframework.transaction.support.AbstractPlatformTransactionManager.getTransaction(AbstractPlatformTransactionManager.java:373)
	at org.springframework.test.context.transaction.TransactionContext.startTransaction(TransactionContext.java:98)
	at org.springframework.test.context.transaction.TransactionalTestExecutionListener.beforeTestMethod(TransactionalTestExecutionListener.java:200)
	at org.springframework.test.context.TestContextManager.beforeTestMethod(TestContextManager.java:249)
	at org.springframework.test.context.junit4.statements.RunBeforeTestMethodCallbacks.evaluate(RunBeforeTestMethodCallbacks.java:72)
	at org.springframework.test.context.junit4.statements.RunAfterTestMethodCallbacks.evaluate(RunAfterTestMethodCallbacks.java:82)
	at org.springframework.test.context.junit4.statements.SpringRepeat.evaluate(SpringRepeat.java:73)
	at org.junit.runners.ParentRunner.runLeaf(ParentRunner.java:263)
	at org.springframework.test.context.junit4.SpringJUnit4ClassRunner.runChild(SpringJUnit4ClassRunner.java:224)
	at org.springframework.test.context.junit4.SpringJUnit4ClassRunner.runChild(SpringJUnit4ClassRunner.java:83)
	at org.junit.runners.ParentRunner$3.run(ParentRunner.java:231)
	at org.junit.runners.ParentRunner$1.schedule(ParentRunner.java:60)
	at org.junit.runners.ParentRunner.runChildren(ParentRunner.java:229)
	at org.junit.runners.ParentRunner.access$000(ParentRunner.java:50)
	at org.junit.runners.ParentRunner$2.evaluate(ParentRunner.java:222)
	at org.springframework.test.context.junit4.statements.RunBeforeTestClassCallbacks.evaluate(RunBeforeTestClassCallbacks.java:61)
	at org.springframework.test.context.junit4.statements.RunAfterTestClassCallbacks.evaluate(RunAfterTestClassCallbacks.java:68)
	at org.junit.runners.ParentRunner.run(ParentRunner.java:300)
	at org.springframework.test.context.junit4.SpringJUnit4ClassRunner.run(SpringJUnit4ClassRunner.java:163)
	at org.apache.maven.surefire.junit4.JUnit4TestSet.execute(JUnit4TestSet.java:53)
	at org.apache.maven.surefire.junit4.JUnit4Provider.executeTestSet(JUnit4Provider.java:123)
	at org.apache.maven.surefire.junit4.JUnit4Provider.invoke(JUnit4Provider.java:104)
	at sun.reflect.NativeMethodAccessorImpl.invoke0(Native Method)
	at sun.reflect.NativeMethodAccessorImpl.invoke(NativeMethodAccessorImpl.java:57)
	at sun.reflect.DelegatingMethodAccessorImpl.invoke(DelegatingMethodAccessorImpl.java:43)
	at java.lang.reflect.Method.invoke(Method.java:606)
	at org.apache.maven.surefire.util.ReflectionUtils.invokeMethodWithArray(ReflectionUtils.java:164)
	at org.apache.maven.surefire.booter.ProviderFactory$ProviderProxy.invoke(ProviderFactory.java:110)
	at org.apache.maven.surefire.booter.SurefireStarter.invokeProvider(SurefireStarter.java:175)
	at org.apache.maven.surefire.booter.SurefireStarter.runSuitesInProcessWhenForked(SurefireStarter.java:107)
	at org.apache.maven.surefire.booter.ForkedBooter.main(ForkedBooter.java:68)
Caused by: com.mysql.jdbc.exceptions.jdbc4.MySQLSyntaxErrorException: Unknown database &apos;newspaperhibtest&apos;
	at sun.reflect.NativeConstructorAccessorImpl.newInstance0(Native Method)
	at sun.reflect.NativeConstructorAccessorImpl.newInstance(NativeConstructorAccessorImpl.java:57)
	at sun.reflect.DelegatingConstructorAccessorImpl.newInstance(DelegatingConstructorAccessorImpl.java:45)
	at java.lang.reflect.Constructor.newInstance(Constructor.java:526)
	at com.mysql.jdbc.Util.handleNewInstance(Util.java:389)
	at com.mysql.jdbc.Util.getInstance(Util.java:372)
	at com.mysql.jdbc.SQLError.createSQLException(SQLError.java:980)
	at com.mysql.jdbc.MysqlIO.checkErrorPacket(MysqlIO.java:3835)
	at com.mysql.jdbc.MysqlIO.checkErrorPacket(MysqlIO.java:3771)
	at com.mysql.jdbc.MysqlIO.checkErrorPacket(MysqlIO.java:870)
	at com.mysql.jdbc.MysqlIO.proceedHandshakeWithPluggableAuthentication(MysqlIO.java:1659)
	at com.mysql.jdbc.MysqlIO.doHandshake(MysqlIO.java:1206)
	at com.mysql.jdbc.ConnectionImpl.coreConnect(ConnectionImpl.java:2239)
	at com.mysql.jdbc.ConnectionImpl.connectOneTryOnly(ConnectionImpl.java:2270)
	at com.mysql.jdbc.ConnectionImpl.createNewIO(ConnectionImpl.java:2069)
	at com.mysql.jdbc.ConnectionImpl.&lt;init&gt;(ConnectionImpl.java:794)
	at com.mysql.jdbc.JDBC4Connection.&lt;init&gt;(JDBC4Connection.java:44)
	at sun.reflect.NativeConstructorAccessorImpl.newInstance0(Native Method)
	at sun.reflect.NativeConstructorAccessorImpl.newInstance(NativeConstructorAccessorImpl.java:57)
	at sun.reflect.DelegatingConstructorAccessorImpl.newInstance(DelegatingConstructorAccessorImpl.java:45)
	at java.lang.reflect.Constructor.newInstance(Constructor.java:526)
	at com.mysql.jdbc.Util.handleNewInstance(Util.java:389)
	at com.mysql.jdbc.ConnectionImpl.getInstance(ConnectionImpl.java:399)
	at com.mysql.jdbc.NonRegisteringDriver.connect(NonRegisteringDriver.java:325)
	at org.apache.commons.dbcp.DriverConnectionFactory.createConnection(DriverConnectionFactory.java:38)
	at org.apache.commons.dbcp.PoolableConnectionFactory.makeObject(PoolableConnectionFactory.java:582)
	at org.apache.commons.dbcp.BasicDataSource.validateConnectionFactory(BasicDataSource.java:1556)
	at org.apache.commons.dbcp.BasicDataSource.createPoolableConnectionFactory(BasicDataSource.java:1545)
	... 39 more
org.hibernate.engine.jdbc.spi.SqlExceptionHelper 2015-06-20 15:55:07,355 WARN  - SQL Error: 0, SQLState: null
org.hibernate.engine.jdbc.spi.SqlExceptionHelper 2015-06-20 15:55:07,355 ERROR - Cannot create PoolableConnectionFactory (Unknown database &apos;newspaperhibtest&apos;)
org.hibernate.internal.SessionImpl 2015-06-20 15:55:07,356 TRACE - Closing session
org.hibernate.engine.jdbc.internal.JdbcCoordinatorImpl 2015-06-20 15:55:07,356 TRACE - Closing JDBC container [org.hibernate.engine.jdbc.internal.JdbcCoordinatorImpl@54fad185]
org.hibernate.engine.jdbc.internal.LogicalConnectionImpl 2015-06-20 15:55:07,356 TRACE - Closing logical connection
org.hibernate.engine.jdbc.internal.LogicalConnectionImpl 2015-06-20 15:55:07,357 TRACE - Logical connection closed
org.springframework.test.context.TestContextManager 2015-06-20 15:55:07,357 WARN  - Caught exception while allowing TestExecutionListener [org.springframework.test.context.transaction.TransactionalTestExecutionListener@67b0eb2c] to process &apos;before&apos; execution of test method [public void NewsDaoTest.deleteNews()] for test instance [NewsDaoTest@511a1546]
org.springframework.transaction.CannotCreateTransactionException: Could not open Hibernate Session for transaction; nested exception is org.hibernate.exception.GenericJDBCException: Could not open connection
	at org.springframework.orm.hibernate4.HibernateTransactionManager.doBegin(HibernateTransactionManager.java:544)
	at org.springframework.transaction.support.AbstractPlatformTransactionManager.getTransaction(AbstractPlatformTransactionManager.java:373)
	at org.springframework.test.context.transaction.TransactionContext.startTransaction(TransactionContext.java:98)
	at org.springframework.test.context.transaction.TransactionalTestExecutionListener.beforeTestMethod(TransactionalTestExecutionListener.java:200)
	at org.springframework.test.context.TestContextManager.beforeTestMethod(TestContextManager.java:249)
	at org.springframework.test.context.junit4.statements.RunBeforeTestMethodCallbacks.evaluate(RunBeforeTestMethodCallbacks.java:72)
	at org.springframework.test.context.junit4.statements.RunAfterTestMethodCallbacks.evaluate(RunAfterTestMethodCallbacks.java:82)
	at org.springframework.test.context.junit4.statements.SpringRepeat.evaluate(SpringRepeat.java:73)
	at org.junit.runners.ParentRunner.runLeaf(ParentRunner.java:263)
	at org.springframework.test.context.junit4.SpringJUnit4ClassRunner.runChild(SpringJUnit4ClassRunner.java:224)
	at org.springframework.test.context.junit4.SpringJUnit4ClassRunner.runChild(SpringJUnit4ClassRunner.java:83)
	at org.junit.runners.ParentRunner$3.run(ParentRunner.java:231)
	at org.junit.runners.ParentRunner$1.schedule(ParentRunner.java:60)
	at org.junit.runners.ParentRunner.runChildren(ParentRunner.java:229)
	at org.junit.runners.ParentRunner.access$000(ParentRunner.java:50)
	at org.junit.runners.ParentRunner$2.evaluate(ParentRunner.java:222)
	at org.springframework.test.context.junit4.statements.RunBeforeTestClassCallbacks.evaluate(RunBeforeTestClassCallbacks.java:61)
	at org.springframework.test.context.junit4.statements.RunAfterTestClassCallbacks.evaluate(RunAfterTestClassCallbacks.java:68)
	at org.junit.runners.ParentRunner.run(ParentRunner.java:300)
	at org.springframework.test.context.junit4.SpringJUnit4ClassRunner.run(SpringJUnit4ClassRunner.java:163)
	at org.apache.maven.surefire.junit4.JUnit4TestSet.execute(JUnit4TestSet.java:53)
	at org.apache.maven.surefire.junit4.JUnit4Provider.executeTestSet(JUnit4Provider.java:123)
	at org.apache.maven.surefire.junit4.JUnit4Provider.invoke(JUnit4Provider.java:104)
	at sun.reflect.NativeMethodAccessorImpl.invoke0(Native Method)
	at sun.reflect.NativeMethodAccessorImpl.invoke(NativeMethodAccessorImpl.java:57)
	at sun.reflect.DelegatingMethodAccessorImpl.invoke(DelegatingMethodAccessorImpl.java:43)
	at java.lang.reflect.Method.invoke(Method.java:606)
	at org.apache.maven.surefire.util.ReflectionUtils.invokeMethodWithArray(ReflectionUtils.java:164)
	at org.apache.maven.surefire.booter.ProviderFactory$ProviderProxy.invoke(ProviderFactory.java:110)
	at org.apache.maven.surefire.booter.SurefireStarter.invokeProvider(SurefireStarter.java:175)
	at org.apache.maven.surefire.booter.SurefireStarter.runSuitesInProcessWhenForked(SurefireStarter.java:107)
	at org.apache.maven.surefire.booter.ForkedBooter.main(ForkedBooter.java:68)
Caused by: org.hibernate.exception.GenericJDBCException: Could not open connection
	at org.hibernate.exception.internal.StandardSQLExceptionConverter.convert(StandardSQLExceptionConverter.java:54)
	at org.hibernate.engine.jdbc.spi.SqlExceptionHelper.convert(SqlExceptionHelper.java:126)
	at org.hibernate.engine.jdbc.spi.SqlExceptionHelper.convert(SqlExceptionHelper.java:112)
	at org.hibernate.engine.jdbc.internal.LogicalConnectionImpl.obtainConnection(LogicalConnectionImpl.java:235)
	at org.hibernate.engine.jdbc.internal.LogicalConnectionImpl.getConnection(LogicalConnectionImpl.java:171)
	at org.hibernate.internal.SessionImpl.connection(SessionImpl.java:450)
	at org.springframework.orm.hibernate4.HibernateTransactionManager.doBegin(HibernateTransactionManager.java:450)
	... 31 more
Caused by: org.apache.commons.dbcp.SQLNestedException: Cannot create PoolableConnectionFactory (Unknown database &apos;newspaperhibtest&apos;)
	at org.apache.commons.dbcp.BasicDataSource.createPoolableConnectionFactory(BasicDataSource.java:1549)
	at org.apache.commons.dbcp.BasicDataSource.createDataSource(BasicDataSource.java:1388)
	at org.apache.commons.dbcp.BasicDataSource.getConnection(BasicDataSource.java:1044)
	at org.hibernate.engine.jdbc.connections.internal.DatasourceConnectionProviderImpl.getConnection(DatasourceConnectionProviderImpl.java:139)
	at org.hibernate.internal.AbstractSessionImpl$NonContextualJdbcConnectionAccess.obtainConnection(AbstractSessionImpl.java:380)
	at org.hibernate.engine.jdbc.internal.LogicalConnectionImpl.obtainConnection(LogicalConnectionImpl.java:228)
	... 34 more
Caused by: com.mysql.jdbc.exceptions.jdbc4.MySQLSyntaxErrorException: Unknown database &apos;newspaperhibtest&apos;
	at sun.reflect.NativeConstructorAccessorImpl.newInstance0(Native Method)
	at sun.reflect.NativeConstructorAccessorImpl.newInstance(NativeConstructorAccessorImpl.java:57)
	at sun.reflect.DelegatingConstructorAccessorImpl.newInstance(DelegatingConstructorAccessorImpl.java:45)
	at java.lang.reflect.Constructor.newInstance(Constructor.java:526)
	at com.mysql.jdbc.Util.handleNewInstance(Util.java:389)
	at com.mysql.jdbc.Util.getInstance(Util.java:372)
	at com.mysql.jdbc.SQLError.createSQLException(SQLError.java:980)
	at com.mysql.jdbc.MysqlIO.checkErrorPacket(MysqlIO.java:3835)
	at com.mysql.jdbc.MysqlIO.checkErrorPacket(MysqlIO.java:3771)
	at com.mysql.jdbc.MysqlIO.checkErrorPacket(MysqlIO.java:870)
	at com.mysql.jdbc.MysqlIO.proceedHandshakeWithPluggableAuthentication(MysqlIO.java:1659)
	at com.mysql.jdbc.MysqlIO.doHandshake(MysqlIO.java:1206)
	at com.mysql.jdbc.ConnectionImpl.coreConnect(ConnectionImpl.java:2239)
	at com.mysql.jdbc.ConnectionImpl.connectOneTryOnly(ConnectionImpl.java:2270)
	at com.mysql.jdbc.ConnectionImpl.createNewIO(ConnectionImpl.java:2069)
	at com.mysql.jdbc.ConnectionImpl.&lt;init&gt;(ConnectionImpl.java:794)
	at com.mysql.jdbc.JDBC4Connection.&lt;init&gt;(JDBC4Connection.java:44)
	at sun.reflect.NativeConstructorAccessorImpl.newInstance0(Native Method)
	at sun.reflect.NativeConstructorAccessorImpl.newInstance(NativeConstructorAccessorImpl.java:57)
	at sun.reflect.DelegatingConstructorAccessorImpl.newInstance(DelegatingConstructorAccessorImpl.java:45)
	at java.lang.reflect.Constructor.newInstance(Constructor.java:526)
	at com.mysql.jdbc.Util.handleNewInstance(Util.java:389)
	at com.mysql.jdbc.ConnectionImpl.getInstance(ConnectionImpl.java:399)
	at com.mysql.jdbc.NonRegisteringDriver.connect(NonRegisteringDriver.java:325)
	at org.apache.commons.dbcp.DriverConnectionFactory.createConnection(DriverConnectionFactory.java:38)
	at org.apache.commons.dbcp.PoolableConnectionFactory.makeObject(PoolableConnectionFactory.java:582)
	at org.apache.commons.dbcp.BasicDataSource.validateConnectionFactory(BasicDataSource.java:1556)
	at org.apache.commons.dbcp.BasicDataSource.createPoolableConnectionFactory(BasicDataSource.java:1545)
	... 39 more
org.springframework.test.context.TestContextManager 2015-06-20 15:55:07,359 TRACE - afterTestMethod(): instance [NewsDaoTest@511a1546], method [public void NewsDaoTest.deleteNews()], exception [org.springframework.transaction.CannotCreateTransactionException: Could not open Hibernate Session for transaction; nested exception is org.hibernate.exception.GenericJDBCException: Could not open connection]
org.springframework.test.context.support.DirtiesContextTestExecutionListener 2015-06-20 15:55:07,359 DEBUG - After test method: context [DefaultTestContext@584ffe5e testClass = NewsDaoTest, testInstance = NewsDaoTest@511a1546, testMethod = deleteNews@NewsDaoTest, testException = org.springframework.transaction.CannotCreateTransactionException: Could not open Hibernate Session for transaction; nested exception is org.hibernate.exception.GenericJDBCException: Could not open connection, mergedContextConfiguration = [MergedContextConfiguration@6bc4fa9d testClass = NewsDaoTest, locations = &apos;{classpath:/entities-hib-test.xml}&apos;, classes = &apos;{}&apos;, contextInitializerClasses = &apos;[]&apos;, activeProfiles = &apos;{}&apos;, propertySourceLocations = &apos;{}&apos;, propertySourceProperties = &apos;{}&apos;, contextLoader = &apos;org.springframework.test.context.support.DelegatingSmartContextLoader&apos;, parent = [null]]], class dirties context [false], class mode [null], method dirties context [false].
</system-err>
  </testcase>
</testsuite>